Namespace(bs=1024, cp_dir='./checkpoints/mnist/amsgd_0.1_0.9_1024_0.0/run0', data_dir='./data/mnist', dir='.', dtype='mnist', ep=200, lr=0.1, m=0.9, ms=5, n='mnist/amsgd_0.1_0.9_1024_0.0', num_classes=10, opt='amsgd', print_freq=50, use_cuda=True, wd=0.0)
Epoch: [0 | 200]
Phase:train -- LR: 0.0308 -- MU:0.2769 -- Batch_idx:50/59-- 19497.82 samples/sec-- Loss:1.71 -- Error1:48.68
Train_Loss = 1.6154498935699464, Train_Err = 45.586666672770185
Phase:val -- LR: 0.0376 -- MU:0.3385 -- Batch_idx:50/79-- 8710.00 samples/sec-- Loss:1.39 -- Error1:44.89
Val_Loss = 1.3430557024002074, Val_Err = 43.5
Epoch: [1 | 200]
Phase:train -- LR: 0.0769 -- MU:0.6919 -- Batch_idx:50/59-- 25565.49 samples/sec-- Loss:0.85 -- Error1:25.04
Train_Loss = 0.7863280869960785, Train_Err = 23.23
Phase:val -- LR: 0.0734 -- MU:0.6608 -- Batch_idx:50/79-- 8862.66 samples/sec-- Loss:0.33 -- Error1:9.77
Val_Loss = 0.28805810980796814, Val_Err = 8.51
Epoch: [2 | 200]
Phase:train -- LR: 0.0565 -- MU:0.5088 -- Batch_idx:50/59-- 21534.47 samples/sec-- Loss:0.30 -- Error1:8.69
Train_Loss = 0.2806142109711965, Train_Err = 8.19833330891927
Phase:val -- LR: 0.0492 -- MU:0.4431 -- Batch_idx:50/79-- 9254.87 samples/sec-- Loss:0.18 -- Error1:5.80
Val_Loss = 0.15520010664463044, Val_Err = 4.8
Epoch: [3 | 200]
Phase:train -- LR: 0.0350 -- MU:0.3152 -- Batch_idx:50/59-- 25341.83 samples/sec-- Loss:0.15 -- Error1:4.51
Train_Loss = 0.1486232394059499, Train_Err = 4.414999983723958
Phase:val -- LR: 0.0451 -- MU:0.4063 -- Batch_idx:50/79-- 9181.08 samples/sec-- Loss:0.14 -- Error1:4.56
Val_Loss = 0.11568445146083832, Val_Err = 3.64
Epoch: [4 | 200]
Phase:train -- LR: 0.0583 -- MU:0.5247 -- Batch_idx:50/59-- 24149.92 samples/sec-- Loss:0.12 -- Error1:3.60
Train_Loss = 0.11862436788876851, Train_Err = 3.543333369954427
Phase:val -- LR: 0.0378 -- MU:0.3404 -- Batch_idx:50/79-- 8131.41 samples/sec-- Loss:0.12 -- Error1:3.66
Val_Loss = 0.0972435650587082, Val_Err = 2.91
Epoch: [5 | 200]
Phase:train -- LR: 0.0463 -- MU:0.4170 -- Batch_idx:50/59-- 25469.84 samples/sec-- Loss:0.10 -- Error1:3.11
Train_Loss = 0.10093310481707254, Train_Err = 3.026666642252604
Phase:val -- LR: 0.0691 -- MU:0.6220 -- Batch_idx:50/79-- 8655.05 samples/sec-- Loss:0.11 -- Error1:3.27
Val_Loss = 0.08703205347061158, Val_Err = 2.61
Epoch: [6 | 200]
Phase:train -- LR: 0.0552 -- MU:0.4971 -- Batch_idx:50/59-- 21827.50 samples/sec-- Loss:0.09 -- Error1:2.68
Train_Loss = 0.08881900250911713, Train_Err = 2.676666650390625
Phase:val -- LR: 0.0439 -- MU:0.3950 -- Batch_idx:50/79-- 8637.69 samples/sec-- Loss:0.09 -- Error1:2.75
Val_Loss = 0.07343927412033081, Val_Err = 2.25
Epoch: [7 | 200]
Phase:train -- LR: 0.0387 -- MU:0.3483 -- Batch_idx:50/59-- 24126.89 samples/sec-- Loss:0.08 -- Error1:2.45
Train_Loss = 0.08070887211561203, Train_Err = 2.410000036621094
Phase:val -- LR: 0.0342 -- MU:0.3081 -- Batch_idx:50/79-- 8921.31 samples/sec-- Loss:0.08 -- Error1:2.52
Val_Loss = 0.06659352464675904, Val_Err = 2.01
Epoch: [8 | 200]
Phase:train -- LR: 0.0358 -- MU:0.3218 -- Batch_idx:50/59-- 22745.13 samples/sec-- Loss:0.08 -- Error1:2.34
Train_Loss = 0.073659248650074, Train_Err = 2.2766666544596355
Phase:val -- LR: 0.0333 -- MU:0.2999 -- Batch_idx:50/79-- 8988.88 samples/sec-- Loss:0.08 -- Error1:2.44
Val_Loss = 0.06414325544834137, Val_Err = 1.9
Epoch: [9 | 200]
Phase:train -- LR: 0.0653 -- MU:0.5878 -- Batch_idx:50/59-- 21585.60 samples/sec-- Loss:0.21 -- Error1:4.99
Train_Loss = 0.1969344176610311, Train_Err = 4.773333304850261
Phase:val -- LR: 0.0620 -- MU:0.5580 -- Batch_idx:50/79-- 8651.27 samples/sec-- Loss:0.11 -- Error1:3.39
Val_Loss = 0.09239909944534301, Val_Err = 2.74
Epoch: [10 | 200]
Phase:train -- LR: 0.0406 -- MU:0.3658 -- Batch_idx:50/59-- 25341.42 samples/sec-- Loss:0.09 -- Error1:2.68
Train_Loss = 0.08717184708913167, Train_Err = 2.644999983723958
Phase:val -- LR: 0.0526 -- MU:0.4738 -- Batch_idx:50/79-- 9010.71 samples/sec-- Loss:0.09 -- Error1:2.70
Val_Loss = 0.06923106172084809, Val_Err = 2.09
Epoch: [11 | 200]
Phase:train -- LR: 0.0499 -- MU:0.4495 -- Batch_idx:50/59-- 21989.30 samples/sec-- Loss:0.07 -- Error1:2.28
Train_Loss = 0.07243976041475932, Train_Err = 2.2500000447591146
Phase:val -- LR: 0.0455 -- MU:0.4091 -- Batch_idx:50/79-- 7839.32 samples/sec-- Loss:0.07 -- Error1:2.27
Val_Loss = 0.05928975381851196, Val_Err = 1.79
Epoch: [12 | 200]
Phase:train -- LR: 0.0391 -- MU:0.3518 -- Batch_idx:50/59-- 23144.71 samples/sec-- Loss:0.07 -- Error1:2.00
Train_Loss = 0.06447261693676312, Train_Err = 1.9833333374023439
Phase:val -- LR: 0.0409 -- MU:0.3680 -- Batch_idx:50/79-- 8817.02 samples/sec-- Loss:0.07 -- Error1:2.22
Val_Loss = 0.055020333576202396, Val_Err = 1.74
Epoch: [13 | 200]
Phase:train -- LR: 0.0293 -- MU:0.2641 -- Batch_idx:50/59-- 22732.34 samples/sec-- Loss:0.06 -- Error1:1.84
Train_Loss = 0.059198750591278076, Train_Err = 1.7866667032877603
Phase:val -- LR: 0.0505 -- MU:0.4545 -- Batch_idx:50/79-- 8630.16 samples/sec-- Loss:0.06 -- Error1:2.16
Val_Loss = 0.05152123985290527, Val_Err = 1.7
Epoch: [14 | 200]
Phase:train -- LR: 0.0513 -- MU:0.4616 -- Batch_idx:50/59-- 22353.59 samples/sec-- Loss:0.06 -- Error1:1.71
Train_Loss = 0.05504379761219025, Train_Err = 1.6666666625976563
Phase:val -- LR: 0.0571 -- MU:0.5142 -- Batch_idx:50/79-- 8693.13 samples/sec-- Loss:0.06 -- Error1:2.03
Val_Loss = 0.047451120257377626, Val_Err = 1.57
Epoch: [15 | 200]
Phase:train -- LR: 0.0703 -- MU:0.6329 -- Batch_idx:50/59-- 21585.47 samples/sec-- Loss:0.05 -- Error1:1.59
Train_Loss = 0.05203948050340017, Train_Err = 1.6166666544596353
Phase:val -- LR: 0.0405 -- MU:0.3646 -- Batch_idx:50/79-- 9046.87 samples/sec-- Loss:0.06 -- Error1:1.91
Val_Loss = 0.0454526282787323, Val_Err = 1.47
Epoch: [16 | 200]
Phase:train -- LR: 0.0398 -- MU:0.3585 -- Batch_idx:50/59-- 24660.77 samples/sec-- Loss:0.05 -- Error1:1.48
Train_Loss = 0.04905259921948115, Train_Err = 1.5050000040690104
Phase:val -- LR: 0.0305 -- MU:0.2748 -- Batch_idx:50/79-- 8177.86 samples/sec-- Loss:0.05 -- Error1:1.92
Val_Loss = 0.04341353631019592, Val_Err = 1.48
Epoch: [17 | 200]
Phase:train -- LR: 0.0328 -- MU:0.2951 -- Batch_idx:50/59-- 29817.76 samples/sec-- Loss:0.05 -- Error1:1.44
Train_Loss = 0.046342831873893736, Train_Err = 1.4133333292643229
Phase:val -- LR: 0.0414 -- MU:0.3724 -- Batch_idx:50/79-- 8878.19 samples/sec-- Loss:0.06 -- Error1:1.88
Val_Loss = 0.04469733910560608, Val_Err = 1.47
Epoch: [18 | 200]
Phase:train -- LR: 0.0361 -- MU:0.3251 -- Batch_idx:50/59-- 20697.39 samples/sec-- Loss:0.04 -- Error1:1.34
Train_Loss = 0.044207475723822914, Train_Err = 1.3366666788736978
Phase:val -- LR: 0.0747 -- MU:0.6719 -- Batch_idx:50/79-- 9029.89 samples/sec-- Loss:0.07 -- Error1:2.16
Val_Loss = 0.053546495819091794, Val_Err = 1.67
Epoch: [19 | 200]
Phase:train -- LR: 0.0736 -- MU:0.6624 -- Batch_idx:50/59-- 23759.45 samples/sec-- Loss:0.04 -- Error1:1.31
Train_Loss = 0.04322683165272077, Train_Err = 1.2999999959309896
Phase:val -- LR: 0.0438 -- MU:0.3938 -- Batch_idx:50/79-- 9145.57 samples/sec-- Loss:0.05 -- Error1:1.77
Val_Loss = 0.04111995794773102, Val_Err = 1.35
Epoch: [20 | 200]
Phase:train -- LR: 0.0511 -- MU:0.4599 -- Batch_idx:50/59-- 23188.88 samples/sec-- Loss:0.04 -- Error1:1.25
Train_Loss = 0.040232894943157835, Train_Err = 1.2416666707356772
Phase:val -- LR: 0.0513 -- MU:0.4616 -- Batch_idx:50/79-- 9207.23 samples/sec-- Loss:0.05 -- Error1:1.78
Val_Loss = 0.041891542339324954, Val_Err = 1.4
Epoch: [21 | 200]
Phase:train -- LR: 0.0651 -- MU:0.5856 -- Batch_idx:50/59-- 21828.02 samples/sec-- Loss:0.04 -- Error1:1.24
Train_Loss = 0.03935419514874617, Train_Err = 1.2183333658854167
Phase:val -- LR: 0.0469 -- MU:0.4218 -- Batch_idx:50/79-- 8766.46 samples/sec-- Loss:0.05 -- Error1:1.75
Val_Loss = 0.03966787679195404, Val_Err = 1.35
Epoch: [22 | 200]
Phase:train -- LR: 0.0460 -- MU:0.4140 -- Batch_idx:50/59-- 21816.98 samples/sec-- Loss:0.04 -- Error1:1.11
Train_Loss = 0.03697649864355723, Train_Err = 1.1183333658854167
Phase:val -- LR: 0.0408 -- MU:0.3670 -- Batch_idx:50/79-- 8575.65 samples/sec-- Loss:0.05 -- Error1:1.67
Val_Loss = 0.03817855234146118, Val_Err = 1.27
Epoch: [23 | 200]
Phase:train -- LR: 0.0553 -- MU:0.4981 -- Batch_idx:50/59-- 25946.44 samples/sec-- Loss:0.03 -- Error1:1.06
Train_Loss = 0.03550994234283765, Train_Err = 1.0766666707356771
Phase:val -- LR: 0.0379 -- MU:0.3415 -- Batch_idx:50/79-- 9048.11 samples/sec-- Loss:0.05 -- Error1:1.69
Val_Loss = 0.03731105446815491, Val_Err = 1.28
Epoch: [24 | 200]
Phase:train -- LR: 0.0381 -- MU:0.3430 -- Batch_idx:50/59-- 30366.36 samples/sec-- Loss:0.03 -- Error1:1.04
Train_Loss = 0.03438304977615674, Train_Err = 1.0366666544596355
Phase:val -- LR: 0.0546 -- MU:0.4915 -- Batch_idx:50/79-- 8851.29 samples/sec-- Loss:0.05 -- Error1:1.73
Val_Loss = 0.03976421794891358, Val_Err = 1.35
Epoch: [25 | 200]
Phase:train -- LR: 0.0363 -- MU:0.3270 -- Batch_idx:50/59-- 21070.47 samples/sec-- Loss:0.03 -- Error1:0.99
Train_Loss = 0.03305908569097519, Train_Err = 0.9966666625976562
Phase:val -- LR: 0.0482 -- MU:0.4337 -- Batch_idx:50/79-- 7662.72 samples/sec-- Loss:0.05 -- Error1:1.55
Val_Loss = 0.0367569887638092, Val_Err = 1.2
Epoch: [26 | 200]
Phase:train -- LR: 0.0335 -- MU:0.3018 -- Batch_idx:50/59-- 21917.78 samples/sec-- Loss:0.03 -- Error1:0.96
Train_Loss = 0.03206935206651688, Train_Err = 0.9500000406901041
Phase:val -- LR: 0.0545 -- MU:0.4906 -- Batch_idx:50/79-- 8220.11 samples/sec-- Loss:0.05 -- Error1:1.53
Val_Loss = 0.036104178667068484, Val_Err = 1.19
Epoch: [27 | 200]
Phase:train -- LR: 0.0357 -- MU:0.3213 -- Batch_idx:50/59-- 29479.56 samples/sec-- Loss:0.03 -- Error1:0.94
Train_Loss = 0.030987370012203853, Train_Err = 0.9450000406901041
Phase:val -- LR: 0.0387 -- MU:0.3481 -- Batch_idx:50/79-- 9003.96 samples/sec-- Loss:0.05 -- Error1:1.59
Val_Loss = 0.03606999866962433, Val_Err = 1.22
Epoch: [28 | 200]
Phase:train -- LR: 0.0385 -- MU:0.3466 -- Batch_idx:50/59-- 21249.00 samples/sec-- Loss:0.03 -- Error1:0.92
Train_Loss = 0.029684744210044543, Train_Err = 0.9250000406901042
Phase:val -- LR: 0.0406 -- MU:0.3656 -- Batch_idx:50/79-- 8600.56 samples/sec-- Loss:0.05 -- Error1:1.55
Val_Loss = 0.03681441297531128, Val_Err = 1.19
Epoch: [29 | 200]
Phase:train -- LR: 0.0588 -- MU:0.5293 -- Batch_idx:50/59-- 20942.63 samples/sec-- Loss:0.03 -- Error1:0.87
Train_Loss = 0.02864535407324632, Train_Err = 0.85666669921875
Phase:val -- LR: 0.0446 -- MU:0.4015 -- Batch_idx:50/79-- 8553.71 samples/sec-- Loss:0.05 -- Error1:1.52
Val_Loss = 0.035760757446289065, Val_Err = 1.18
Epoch: [30 | 200]
Phase:train -- LR: 0.0364 -- MU:0.3274 -- Batch_idx:50/59-- 24296.50 samples/sec-- Loss:0.03 -- Error1:0.82
Train_Loss = 0.027689424828688303, Train_Err = 0.8266666463216146
Phase:val -- LR: 0.0458 -- MU:0.4124 -- Batch_idx:50/79-- 9677.88 samples/sec-- Loss:0.05 -- Error1:1.52
Val_Loss = 0.03642151296138763, Val_Err = 1.14
Epoch: [31 | 200]
Phase:train -- LR: 0.0299 -- MU:0.2693 -- Batch_idx:50/59-- 23308.27 samples/sec-- Loss:0.03 -- Error1:0.79
Train_Loss = 0.027129116076231002, Train_Err = 0.798333349609375
Phase:val -- LR: 0.0253 -- MU:0.2274 -- Batch_idx:50/79-- 8969.11 samples/sec-- Loss:0.05 -- Error1:1.56
Val_Loss = 0.03562551956176758, Val_Err = 1.19
Epoch: [32 | 200]
Phase:train -- LR: 0.0581 -- MU:0.5228 -- Batch_idx:50/59-- 21809.58 samples/sec-- Loss:0.03 -- Error1:0.79
Train_Loss = 0.026096608607967694, Train_Err = 0.7766667073567708
Phase:val -- LR: 0.0432 -- MU:0.3885 -- Batch_idx:50/79-- 9038.00 samples/sec-- Loss:0.05 -- Error1:1.59
Val_Loss = 0.03529090268611908, Val_Err = 1.22
Epoch: [33 | 200]
Phase:train -- LR: 0.0496 -- MU:0.4465 -- Batch_idx:50/59-- 21024.40 samples/sec-- Loss:0.03 -- Error1:0.74
Train_Loss = 0.025710031107564767, Train_Err = 0.7583333414713541
Phase:val -- LR: 0.0421 -- MU:0.3785 -- Batch_idx:50/79-- 8856.52 samples/sec-- Loss:0.05 -- Error1:1.55
Val_Loss = 0.03680383107662201, Val_Err = 1.2
Epoch: [34 | 200]
Phase:train -- LR: 0.0600 -- MU:0.5403 -- Batch_idx:50/59-- 32189.67 samples/sec-- Loss:0.03 -- Error1:0.74
Train_Loss = 0.02529270745317141, Train_Err = 0.7416666463216146
Phase:val -- LR: 0.0487 -- MU:0.4379 -- Batch_idx:50/79-- 9522.53 samples/sec-- Loss:0.05 -- Error1:1.39
Val_Loss = 0.03510651175975799, Val_Err = 1.07
Epoch: [35 | 200]
Phase:train -- LR: 0.0553 -- MU:0.4973 -- Batch_idx:50/59-- 20689.46 samples/sec-- Loss:0.02 -- Error1:0.73
Train_Loss = 0.024639532540241878, Train_Err = 0.7283333658854166
Phase:val -- LR: 0.0259 -- MU:0.2329 -- Batch_idx:50/79-- 7918.08 samples/sec-- Loss:0.05 -- Error1:1.42
Val_Loss = 0.035255406498908994, Val_Err = 1.11
Epoch: [36 | 200]
Phase:train -- LR: 0.0325 -- MU:0.2928 -- Batch_idx:50/59-- 21885.78 samples/sec-- Loss:0.02 -- Error1:0.70
Train_Loss = 0.023949307094017665, Train_Err = 0.699999971516927
Phase:val -- LR: 0.0500 -- MU:0.4497 -- Batch_idx:50/79-- 8363.47 samples/sec-- Loss:0.05 -- Error1:1.47
Val_Loss = 0.03517490088939667, Val_Err = 1.16
Epoch: [37 | 200]
Phase:train -- LR: 0.0460 -- MU:0.4142 -- Batch_idx:50/59-- 22933.67 samples/sec-- Loss:0.02 -- Error1:0.68
Train_Loss = 0.023100468921661378, Train_Err = 0.6800000406901041
Phase:val -- LR: 0.0504 -- MU:0.4535 -- Batch_idx:50/79-- 8778.97 samples/sec-- Loss:0.05 -- Error1:1.41
Val_Loss = 0.035407788562774656, Val_Err = 1.08
Epoch: [38 | 200]
Phase:train -- LR: 0.0368 -- MU:0.3314 -- Batch_idx:50/59-- 29868.85 samples/sec-- Loss:0.02 -- Error1:0.66
Train_Loss = 0.021841889242331186, Train_Err = 0.6633333577473959
Phase:val -- LR: 0.0479 -- MU:0.4315 -- Batch_idx:50/79-- 8517.63 samples/sec-- Loss:0.04 -- Error1:1.48
Val_Loss = 0.03391367883682251, Val_Err = 1.14
Epoch: [39 | 200]
Phase:train -- LR: 0.0455 -- MU:0.4099 -- Batch_idx:50/59-- 20765.35 samples/sec-- Loss:0.02 -- Error1:0.63
Train_Loss = 0.02148403528134028, Train_Err = 0.6416666748046875
Phase:val -- LR: 0.0497 -- MU:0.4475 -- Batch_idx:50/79-- 8488.45 samples/sec-- Loss:0.04 -- Error1:1.44
Val_Loss = 0.03366659848690033, Val_Err = 1.09
Epoch: [40 | 200]
Phase:train -- LR: 0.0374 -- MU:0.3369 -- Batch_idx:50/59-- 20679.36 samples/sec-- Loss:0.02 -- Error1:0.63
Train_Loss = 0.02116125857035319, Train_Err = 0.628333349609375
Phase:val -- LR: 0.0453 -- MU:0.4073 -- Batch_idx:50/79-- 8326.48 samples/sec-- Loss:0.05 -- Error1:1.36
Val_Loss = 0.034470536398887634, Val_Err = 1.03
Epoch: [41 | 200]
Phase:train -- LR: 0.0381 -- MU:0.3428 -- Batch_idx:50/59-- 29727.15 samples/sec-- Loss:0.02 -- Error1:0.62
Train_Loss = 0.02025538556575775, Train_Err = 0.6016667073567709
Phase:val -- LR: 0.0339 -- MU:0.3054 -- Batch_idx:50/79-- 10544.74 samples/sec-- Loss:0.05 -- Error1:1.59
Val_Loss = 0.0357352637052536, Val_Err = 1.2
Epoch: [42 | 200]
Phase:train -- LR: 0.0649 -- MU:0.5837 -- Batch_idx:50/59-- 20928.45 samples/sec-- Loss:0.02 -- Error1:0.59
Train_Loss = 0.01968031073709329, Train_Err = 0.5899999715169271
Phase:val -- LR: 0.0459 -- MU:0.4130 -- Batch_idx:50/79-- 8622.31 samples/sec-- Loss:0.05 -- Error1:1.66
Val_Loss = 0.035036368656158445, Val_Err = 1.23
Epoch: [43 | 200]
Phase:train -- LR: 0.0326 -- MU:0.2937 -- Batch_idx:50/59-- 20247.47 samples/sec-- Loss:0.02 -- Error1:0.59
Train_Loss = 0.01934564461906751, Train_Err = 0.5983333577473958
Phase:val -- LR: 0.0362 -- MU:0.3257 -- Batch_idx:50/79-- 8527.77 samples/sec-- Loss:0.05 -- Error1:1.44
Val_Loss = 0.03531344707012177, Val_Err = 1.1
Epoch: [44 | 200]
Phase:train -- LR: 0.0416 -- MU:0.3748 -- Batch_idx:50/59-- 24830.96 samples/sec-- Loss:0.02 -- Error1:0.54
Train_Loss = 0.018785448212424914, Train_Err = 0.5483333740234375
Phase:val -- LR: 0.0503 -- MU:0.4527 -- Batch_idx:50/79-- 8774.29 samples/sec-- Loss:0.04 -- Error1:1.39
Val_Loss = 0.03308550221920013, Val_Err = 1.07
Epoch: [45 | 200]
Phase:train -- LR: 0.0605 -- MU:0.5441 -- Batch_idx:50/59-- 29006.74 samples/sec-- Loss:0.02 -- Error1:0.50
Train_Loss = 0.018038632186253865, Train_Err = 0.5166666463216146
Phase:val -- LR: 0.0458 -- MU:0.4118 -- Batch_idx:50/79-- 8627.35 samples/sec-- Loss:0.04 -- Error1:1.25
Val_Loss = 0.03300565626621246, Val_Err = 0.97
Epoch: [46 | 200]
Phase:train -- LR: 0.0723 -- MU:0.6503 -- Batch_idx:50/59-- 22173.06 samples/sec-- Loss:0.02 -- Error1:0.51
Train_Loss = 0.018067806674043337, Train_Err = 0.5200000244140625
Phase:val -- LR: 0.0672 -- MU:0.6048 -- Batch_idx:50/79-- 8904.77 samples/sec-- Loss:0.05 -- Error1:1.48
Val_Loss = 0.03663106062412262, Val_Err = 1.13
Epoch: [47 | 200]
Phase:train -- LR: 0.0432 -- MU:0.3891 -- Batch_idx:50/59-- 21796.31 samples/sec-- Loss:0.02 -- Error1:0.50
Train_Loss = 0.017249786297480266, Train_Err = 0.49166663818359374
Phase:val -- LR: 0.0409 -- MU:0.3678 -- Batch_idx:50/79-- 9055.60 samples/sec-- Loss:0.04 -- Error1:1.59
Val_Loss = 0.03411497066020966, Val_Err = 1.24
Epoch: [48 | 200]
Phase:train -- LR: 0.0312 -- MU:0.2806 -- Batch_idx:50/59-- 28086.58 samples/sec-- Loss:0.02 -- Error1:0.51
Train_Loss = 0.016688256279627483, Train_Err = 0.5066666910807291
Phase:val -- LR: 0.0425 -- MU:0.3822 -- Batch_idx:50/79-- 8001.30 samples/sec-- Loss:0.04 -- Error1:1.33
Val_Loss = 0.03382509586811066, Val_Err = 1.03
Epoch: [49 | 200]
Phase:train -- LR: 0.0497 -- MU:0.4474 -- Batch_idx:50/59-- 21707.91 samples/sec-- Loss:0.02 -- Error1:0.48
Train_Loss = 0.016412198464075725, Train_Err = 0.4816666910807292
Phase:val -- LR: 0.0493 -- MU:0.4438 -- Batch_idx:50/79-- 8584.86 samples/sec-- Loss:0.05 -- Error1:1.47
Val_Loss = 0.03399506163597107, Val_Err = 1.13
Epoch: [50 | 200]
Phase:train -- LR: 0.0505 -- MU:0.4543 -- Batch_idx:50/59-- 23148.89 samples/sec-- Loss:0.02 -- Error1:0.48
Train_Loss = 0.016882190265258154, Train_Err = 0.5100000366210937
Phase:val -- LR: 0.0059 -- MU:0.0528 -- Batch_idx:50/79-- 9171.04 samples/sec-- Loss:0.06 -- Error1:1.95
Val_Loss = 0.048960048604011534, Val_Err = 1.59
Epoch: [51 | 200]
Phase:train -- LR: 0.0458 -- MU:0.4122 -- Batch_idx:50/59-- 22801.65 samples/sec-- Loss:0.82 -- Error1:15.03
Train_Loss = 0.7219100403547287, Train_Err = 13.43
Phase:val -- LR: 0.0620 -- MU:0.5579 -- Batch_idx:50/79-- 8895.44 samples/sec-- Loss:0.14 -- Error1:4.34
Val_Loss = 0.11841810283660889, Val_Err = 3.67
Epoch: [52 | 200]
Phase:train -- LR: 0.0670 -- MU:0.6029 -- Batch_idx:50/59-- 25765.26 samples/sec-- Loss:0.10 -- Error1:3.20
Train_Loss = 0.10186309404373169, Train_Err = 3.1350000447591144
Phase:val -- LR: 0.0490 -- MU:0.4407 -- Batch_idx:50/79-- 7114.89 samples/sec-- Loss:0.10 -- Error1:3.19
Val_Loss = 0.08205119304656983, Val_Err = 2.59
Epoch: [53 | 200]
Phase:train -- LR: 0.0385 -- MU:0.3464 -- Batch_idx:50/59-- 22546.88 samples/sec-- Loss:0.08 -- Error1:2.46
Train_Loss = 0.07789533454974493, Train_Err = 2.421666658528646
Phase:val -- LR: 0.0536 -- MU:0.4823 -- Batch_idx:50/79-- 8838.09 samples/sec-- Loss:0.09 -- Error1:2.86
Val_Loss = 0.07072175765037536, Val_Err = 2.3
Epoch: [54 | 200]
Phase:train -- LR: 0.0417 -- MU:0.3752 -- Batch_idx:50/59-- 24572.27 samples/sec-- Loss:0.07 -- Error1:2.09
Train_Loss = 0.06670551841656366, Train_Err = 2.0550000040690106
Phase:val -- LR: 0.0363 -- MU:0.3269 -- Batch_idx:50/79-- 9161.44 samples/sec-- Loss:0.08 -- Error1:2.55
Val_Loss = 0.06317054524421692, Val_Err = 2.04
Epoch: [55 | 200]
Phase:train -- LR: 0.0550 -- MU:0.4946 -- Batch_idx:50/59-- 25657.99 samples/sec-- Loss:0.06 -- Error1:1.86
Train_Loss = 0.05879606872797012, Train_Err = 1.8516666544596354
Phase:val -- LR: 0.0418 -- MU:0.3765 -- Batch_idx:50/79-- 8729.33 samples/sec-- Loss:0.07 -- Error1:2.23
Val_Loss = 0.05791339921951294, Val_Err = 1.8
Epoch: [56 | 200]
Phase:train -- LR: 0.0478 -- MU:0.4299 -- Batch_idx:50/59-- 23146.24 samples/sec-- Loss:0.05 -- Error1:1.68
Train_Loss = 0.05439451393286387, Train_Err = 1.660000040690104
Phase:val -- LR: 0.0470 -- MU:0.4230 -- Batch_idx:50/79-- 8858.34 samples/sec-- Loss:0.07 -- Error1:2.12
Val_Loss = 0.05413337416648865, Val_Err = 1.69
Epoch: [57 | 200]
Phase:train -- LR: 0.0357 -- MU:0.3216 -- Batch_idx:50/59-- 26137.40 samples/sec-- Loss:0.05 -- Error1:1.55
Train_Loss = 0.049415166246891025, Train_Err = 1.5433333048502604
Phase:val -- LR: 0.0453 -- MU:0.4074 -- Batch_idx:50/79-- 9270.00 samples/sec-- Loss:0.06 -- Error1:1.98
Val_Loss = 0.051267577600479126, Val_Err = 1.61
Epoch: [58 | 200]
Phase:train -- LR: 0.0641 -- MU:0.5767 -- Batch_idx:50/59-- 26533.04 samples/sec-- Loss:0.05 -- Error1:1.41
Train_Loss = 0.046149944225947065, Train_Err = 1.4200000325520834
Phase:val -- LR: 0.0577 -- MU:0.5196 -- Batch_idx:50/79-- 9565.26 samples/sec-- Loss:0.07 -- Error1:2.08
Val_Loss = 0.05167752935886383, Val_Err = 1.61
Epoch: [59 | 200]
Phase:train -- LR: 0.0434 -- MU:0.3903 -- Batch_idx:50/59-- 24021.28 samples/sec-- Loss:0.04 -- Error1:1.23
Train_Loss = 0.042936855806907016, Train_Err = 1.2966666951497396
Phase:val -- LR: 0.0627 -- MU:0.5643 -- Batch_idx:50/79-- 9186.41 samples/sec-- Loss:0.07 -- Error1:2.19
Val_Loss = 0.051752744269371036, Val_Err = 1.7
Epoch: [60 | 200]
Phase:train -- LR: 0.0487 -- MU:0.4384 -- Batch_idx:50/59-- 26229.71 samples/sec-- Loss:0.04 -- Error1:1.25
Train_Loss = 0.04083141542673111, Train_Err = 1.258333369954427
Phase:val -- LR: 0.0354 -- MU:0.3190 -- Batch_idx:50/79-- 9345.11 samples/sec-- Loss:0.06 -- Error1:1.80
Val_Loss = 0.04570934154987335, Val_Err = 1.43
Epoch: [61 | 200]
Phase:train -- LR: 0.0406 -- MU:0.3657 -- Batch_idx:50/59-- 25563.92 samples/sec-- Loss:0.04 -- Error1:1.12
Train_Loss = 0.03824375555316607, Train_Err = 1.1416666463216145
Phase:val -- LR: 0.0575 -- MU:0.5175 -- Batch_idx:50/79-- 8785.77 samples/sec-- Loss:0.06 -- Error1:1.88
Val_Loss = 0.04670809001922607, Val_Err = 1.47
Epoch: [62 | 200]
Phase:train -- LR: 0.0411 -- MU:0.3698 -- Batch_idx:50/59-- 23465.13 samples/sec-- Loss:0.04 -- Error1:1.11
Train_Loss = 0.03703299879630407, Train_Err = 1.098333329264323
Phase:val -- LR: 0.0496 -- MU:0.4466 -- Batch_idx:50/79-- 8613.75 samples/sec-- Loss:0.06 -- Error1:1.75
Val_Loss = 0.04576772255897522, Val_Err = 1.4
Epoch: [63 | 200]
Phase:train -- LR: 0.0625 -- MU:0.5623 -- Batch_idx:50/59-- 26021.62 samples/sec-- Loss:0.04 -- Error1:1.06
Train_Loss = 0.03531741859118144, Train_Err = 1.0616666381835937
Phase:val -- LR: 0.0415 -- MU:0.3738 -- Batch_idx:50/79-- 9596.80 samples/sec-- Loss:0.06 -- Error1:1.92
Val_Loss = 0.04704128031730652, Val_Err = 1.51
Epoch: [64 | 200]
Phase:train -- LR: 0.0519 -- MU:0.4668 -- Batch_idx:50/59-- 24774.22 samples/sec-- Loss:0.03 -- Error1:0.96
Train_Loss = 0.033628360839684804, Train_Err = 0.9949999877929687
Phase:val -- LR: 0.0674 -- MU:0.6068 -- Batch_idx:50/79-- 9134.69 samples/sec-- Loss:0.06 -- Error1:1.94
Val_Loss = 0.04910944147109985, Val_Err = 1.51
Epoch: [65 | 200]
Phase:train -- LR: 0.0385 -- MU:0.3462 -- Batch_idx:50/59-- 27448.19 samples/sec-- Loss:0.03 -- Error1:0.99
Train_Loss = 0.032150105792284014, Train_Err = 0.9699999715169271
Phase:val -- LR: 0.0360 -- MU:0.3244 -- Batch_idx:50/79-- 9064.44 samples/sec-- Loss:0.05 -- Error1:1.58
Val_Loss = 0.04215980956554413, Val_Err = 1.25
Epoch: [66 | 200]
Phase:train -- LR: 0.0445 -- MU:0.4006 -- Batch_idx:50/59-- 26363.69 samples/sec-- Loss:0.03 -- Error1:0.96
Train_Loss = 0.030777269785602888, Train_Err = 0.9649999796549479
Phase:val -- LR: 0.0634 -- MU:0.5705 -- Batch_idx:50/79-- 9389.91 samples/sec-- Loss:0.06 -- Error1:1.86
Val_Loss = 0.04611090180873871, Val_Err = 1.45
Epoch: [67 | 200]
Phase:train -- LR: 0.0685 -- MU:0.6166 -- Batch_idx:50/59-- 23147.61 samples/sec-- Loss:0.03 -- Error1:0.89
Train_Loss = 0.02993394700785478, Train_Err = 0.8933333048502604
Phase:val -- LR: 0.0618 -- MU:0.5563 -- Batch_idx:50/79-- 8982.10 samples/sec-- Loss:0.06 -- Error1:1.70
Val_Loss = 0.04277328541278839, Val_Err = 1.31
Epoch: [68 | 200]
Phase:train -- LR: 0.0445 -- MU:0.4008 -- Batch_idx:50/59-- 28883.49 samples/sec-- Loss:0.03 -- Error1:0.87
Train_Loss = 0.02862870864669482, Train_Err = 0.8649999877929687
Phase:val -- LR: 0.0480 -- MU:0.4317 -- Batch_idx:50/79-- 8919.35 samples/sec-- Loss:0.05 -- Error1:1.67
Val_Loss = 0.04155286636352539, Val_Err = 1.27
Epoch: [69 | 200]
Phase:train -- LR: 0.0677 -- MU:0.6094 -- Batch_idx:50/59-- 26293.80 samples/sec-- Loss:0.03 -- Error1:0.85
Train_Loss = 0.02760616018474102, Train_Err = 0.84666669921875
Phase:val -- LR: 0.0519 -- MU:0.4671 -- Batch_idx:50/79-- 9482.05 samples/sec-- Loss:0.05 -- Error1:1.59
Val_Loss = 0.03886728463172913, Val_Err = 1.3
Epoch: [70 | 200]
Phase:train -- LR: 0.0674 -- MU:0.6064 -- Batch_idx:50/59-- 22290.85 samples/sec-- Loss:0.33 -- Error1:5.30
Train_Loss = 0.2997760234236717, Train_Err = 4.9883333089192705
Phase:val -- LR: 0.0505 -- MU:0.4546 -- Batch_idx:50/79-- 8834.51 samples/sec-- Loss:0.13 -- Error1:3.80
Val_Loss = 0.10758618092536926, Val_Err = 3.24
Epoch: [71 | 200]
Phase:train -- LR: 0.0593 -- MU:0.5339 -- Batch_idx:50/59-- 29874.83 samples/sec-- Loss:0.09 -- Error1:2.60
Train_Loss = 0.08510866204102834, Train_Err = 2.5333333536783855
Phase:val -- LR: 0.0489 -- MU:0.4404 -- Batch_idx:50/79-- 9260.28 samples/sec-- Loss:0.08 -- Error1:2.66
Val_Loss = 0.07101221585273743, Val_Err = 2.14
Epoch: [72 | 200]
Phase:train -- LR: 0.0460 -- MU:0.4144 -- Batch_idx:50/59-- 26600.84 samples/sec-- Loss:0.06 -- Error1:1.92
Train_Loss = 0.062825173107783, Train_Err = 1.908333321126302
Phase:val -- LR: 0.0498 -- MU:0.4481 -- Batch_idx:50/79-- 9314.87 samples/sec-- Loss:0.07 -- Error1:2.23
Val_Loss = 0.05994267427921295, Val_Err = 1.77
Epoch: [73 | 200]
Phase:train -- LR: 0.0369 -- MU:0.3319 -- Batch_idx:50/59-- 21778.07 samples/sec-- Loss:0.05 -- Error1:1.60
Train_Loss = 0.05294690283338229, Train_Err = 1.6083333536783855
Phase:val -- LR: 0.0620 -- MU:0.5582 -- Batch_idx:50/79-- 9107.90 samples/sec-- Loss:0.07 -- Error1:2.05
Val_Loss = 0.054134770154953, Val_Err = 1.65
Epoch: [74 | 200]
Phase:train -- LR: 0.0656 -- MU:0.5905 -- Batch_idx:50/59-- 25341.61 samples/sec-- Loss:0.05 -- Error1:1.49
Train_Loss = 0.046590434099237125, Train_Err = 1.453333357747396
Phase:val -- LR: 0.0502 -- MU:0.4521 -- Batch_idx:50/79-- 9527.33 samples/sec-- Loss:0.06 -- Error1:1.86
Val_Loss = 0.050038989472389224, Val_Err = 1.52
Epoch: [75 | 200]
Phase:train -- LR: 0.0458 -- MU:0.4121 -- Batch_idx:50/59-- 27751.51 samples/sec-- Loss:0.04 -- Error1:1.32
Train_Loss = 0.04189218640724818, Train_Err = 1.2949999796549478
Phase:val -- LR: 0.0442 -- MU:0.3974 -- Batch_idx:50/79-- 9411.70 samples/sec-- Loss:0.06 -- Error1:1.84
Val_Loss = 0.04698595311641693, Val_Err = 1.48
Epoch: [76 | 200]
Phase:train -- LR: 0.0530 -- MU:0.4772 -- Batch_idx:50/59-- 22940.56 samples/sec-- Loss:0.04 -- Error1:1.19
Train_Loss = 0.03906174646218618, Train_Err = 1.2216666625976562
Phase:val -- LR: 0.0493 -- MU:0.4435 -- Batch_idx:50/79-- 8960.40 samples/sec-- Loss:0.06 -- Error1:1.89
Val_Loss = 0.046539672374725345, Val_Err = 1.5
Epoch: [77 | 200]
Phase:train -- LR: 0.0327 -- MU:0.2943 -- Batch_idx:50/59-- 25569.22 samples/sec-- Loss:0.04 -- Error1:1.11
Train_Loss = 0.03612792374889056, Train_Err = 1.1033333658854168
Phase:val -- LR: 0.0511 -- MU:0.4596 -- Batch_idx:50/79-- 9954.63 samples/sec-- Loss:0.05 -- Error1:1.64
Val_Loss = 0.04438074953556061, Val_Err = 1.35
Epoch: [78 | 200]
Phase:train -- LR: 0.0571 -- MU:0.5137 -- Batch_idx:50/59-- 32090.90 samples/sec-- Loss:0.03 -- Error1:1.06
Train_Loss = 0.033816327945391335, Train_Err = 1.0533333658854167
Phase:val -- LR: 0.0437 -- MU:0.3936 -- Batch_idx:50/79-- 9257.55 samples/sec-- Loss:0.05 -- Error1:1.64
Val_Loss = 0.043629140949249266, Val_Err = 1.34
Epoch: [79 | 200]
Phase:train -- LR: 0.0414 -- MU:0.3728 -- Batch_idx:50/59-- 23059.19 samples/sec-- Loss:0.03 -- Error1:0.96
Train_Loss = 0.03167769444584846, Train_Err = 0.9900000040690105
Phase:val -- LR: 0.0285 -- MU:0.2562 -- Batch_idx:50/79-- 8906.94 samples/sec-- Loss:0.05 -- Error1:1.66
Val_Loss = 0.041823130321502686, Val_Err = 1.35
Epoch: [80 | 200]
Phase:train -- LR: 0.0414 -- MU:0.3728 -- Batch_idx:50/59-- 22954.62 samples/sec-- Loss:0.03 -- Error1:0.93
Train_Loss = 0.03037722217440605, Train_Err = 0.9316666625976563
Phase:val -- LR: 0.0494 -- MU:0.4443 -- Batch_idx:50/79-- 9157.48 samples/sec-- Loss:0.05 -- Error1:1.59
Val_Loss = 0.04117331554889679, Val_Err = 1.3
Epoch: [81 | 200]
Phase:train -- LR: 0.0636 -- MU:0.5726 -- Batch_idx:50/59-- 37379.08 samples/sec-- Loss:0.03 -- Error1:0.88
Train_Loss = 0.028704409004251162, Train_Err = 0.9000000325520834
Phase:val -- LR: 0.0617 -- MU:0.5556 -- Batch_idx:50/79-- 8890.19 samples/sec-- Loss:0.05 -- Error1:1.50
Val_Loss = 0.041536599683761596, Val_Err = 1.23
Epoch: [82 | 200]
Phase:train -- LR: 0.0425 -- MU:0.3821 -- Batch_idx:50/59-- 22462.26 samples/sec-- Loss:0.03 -- Error1:0.83
Train_Loss = 0.027171454970041913, Train_Err = 0.8383333129882813
Phase:val -- LR: 0.0326 -- MU:0.2937 -- Batch_idx:50/79-- 8842.67 samples/sec-- Loss:0.05 -- Error1:1.47
Val_Loss = 0.040718267273902896, Val_Err = 1.2
Epoch: [83 | 200]
Phase:train -- LR: 0.0418 -- MU:0.3759 -- Batch_idx:50/59-- 22016.71 samples/sec-- Loss:0.03 -- Error1:0.83
Train_Loss = 0.026019826689362525, Train_Err = 0.8116667073567708
Phase:val -- LR: 0.0441 -- MU:0.3966 -- Batch_idx:50/79-- 9088.63 samples/sec-- Loss:0.05 -- Error1:1.59
Val_Loss = 0.03975910534858704, Val_Err = 1.27
Epoch: [84 | 200]
Phase:train -- LR: 0.0392 -- MU:0.3524 -- Batch_idx:50/59-- 36182.63 samples/sec-- Loss:0.03 -- Error1:0.76
Train_Loss = 0.024709770956635475, Train_Err = 0.7433333577473958
Phase:val -- LR: 0.0399 -- MU:0.3591 -- Batch_idx:50/79-- 9644.85 samples/sec-- Loss:0.05 -- Error1:1.48
Val_Loss = 0.03995852987766266, Val_Err = 1.18
Epoch: [85 | 200]
Phase:train -- LR: 0.0350 -- MU:0.3153 -- Batch_idx:50/59-- 23511.92 samples/sec-- Loss:0.02 -- Error1:0.74
Train_Loss = 0.023978753378987312, Train_Err = 0.7266667073567709
Phase:val -- LR: 0.0518 -- MU:0.4659 -- Batch_idx:50/79-- 8767.67 samples/sec-- Loss:0.05 -- Error1:1.45
Val_Loss = 0.03935175831317902, Val_Err = 1.17
Epoch: [86 | 200]
Phase:train -- LR: 0.0379 -- MU:0.3410 -- Batch_idx:50/59-- 23116.95 samples/sec-- Loss:0.02 -- Error1:0.70
Train_Loss = 0.023240489690502485, Train_Err = 0.6983333577473958
Phase:val -- LR: 0.0502 -- MU:0.4521 -- Batch_idx:50/79-- 8814.13 samples/sec-- Loss:0.05 -- Error1:1.45
Val_Loss = 0.039032217478752136, Val_Err = 1.17
Epoch: [87 | 200]
Phase:train -- LR: 0.0529 -- MU:0.4759 -- Batch_idx:50/59-- 29403.98 samples/sec-- Loss:0.02 -- Error1:0.67
Train_Loss = 0.022109020215272904, Train_Err = 0.6750000325520833
Phase:val -- LR: 0.0413 -- MU:0.3720 -- Batch_idx:50/79-- 9754.09 samples/sec-- Loss:0.05 -- Error1:1.47
Val_Loss = 0.03895151572227478, Val_Err = 1.17
Epoch: [88 | 200]
Phase:train -- LR: 0.0293 -- MU:0.2640 -- Batch_idx:50/59-- 30594.15 samples/sec-- Loss:0.02 -- Error1:0.67
Train_Loss = 0.021362028987705707, Train_Err = 0.64166669921875
Phase:val -- LR: 0.0544 -- MU:0.4900 -- Batch_idx:50/79-- 8595.42 samples/sec-- Loss:0.05 -- Error1:1.44
Val_Loss = 0.03922308552265167, Val_Err = 1.15
Epoch: [89 | 200]
Phase:train -- LR: 0.0390 -- MU:0.3511 -- Batch_idx:50/59-- 23315.83 samples/sec-- Loss:0.02 -- Error1:0.62
Train_Loss = 0.020731105452775955, Train_Err = 0.6133333577473958
Phase:val -- LR: 0.0564 -- MU:0.5079 -- Batch_idx:50/79-- 8461.17 samples/sec-- Loss:0.05 -- Error1:1.41
Val_Loss = 0.038980969858169554, Val_Err = 1.14
Epoch: [90 | 200]
Phase:train -- LR: 0.0406 -- MU:0.3655 -- Batch_idx:50/59-- 27821.19 samples/sec-- Loss:0.02 -- Error1:0.56
Train_Loss = 0.019743186454971633, Train_Err = 0.6049999715169271
Phase:val -- LR: 0.0478 -- MU:0.4298 -- Batch_idx:50/79-- 8910.17 samples/sec-- Loss:0.05 -- Error1:1.48
Val_Loss = 0.03853737874031067, Val_Err = 1.18
Epoch: [91 | 200]
Phase:train -- LR: 0.0477 -- MU:0.4294 -- Batch_idx:50/59-- 36289.59 samples/sec-- Loss:0.02 -- Error1:0.60
Train_Loss = 0.018926974075535934, Train_Err = 0.5966666910807291
Phase:val -- LR: 0.0559 -- MU:0.5031 -- Batch_idx:50/79-- 9085.02 samples/sec-- Loss:0.05 -- Error1:1.50
Val_Loss = 0.038021181511878964, Val_Err = 1.2
Epoch: [92 | 200]
Phase:train -- LR: 0.0458 -- MU:0.4118 -- Batch_idx:50/59-- 22926.43 samples/sec-- Loss:0.02 -- Error1:0.52
Train_Loss = 0.018094214608271916, Train_Err = 0.5533333740234375
Phase:val -- LR: 0.0543 -- MU:0.4883 -- Batch_idx:50/79-- 8946.79 samples/sec-- Loss:0.05 -- Error1:1.45
Val_Loss = 0.038278879022598265, Val_Err = 1.16
Epoch: [93 | 200]
Phase:train -- LR: 0.0403 -- MU:0.3628 -- Batch_idx:50/59-- 23841.84 samples/sec-- Loss:0.02 -- Error1:0.50
Train_Loss = 0.017764547582467396, Train_Err = 0.51166669921875
Phase:val -- LR: 0.0740 -- MU:0.6659 -- Batch_idx:50/79-- 8791.47 samples/sec-- Loss:0.05 -- Error1:1.53
Val_Loss = 0.04018579761981964, Val_Err = 1.22
Epoch: [94 | 200]
Phase:train -- LR: 0.0302 -- MU:0.2722 -- Batch_idx:50/59-- 32547.60 samples/sec-- Loss:0.02 -- Error1:0.50
Train_Loss = 0.017139953861633937, Train_Err = 0.5166666748046875
Phase:val -- LR: 0.0403 -- MU:0.3631 -- Batch_idx:50/79-- 9877.91 samples/sec-- Loss:0.05 -- Error1:1.44
Val_Loss = 0.03796330986022949, Val_Err = 1.19
Epoch: [95 | 200]
Phase:train -- LR: 0.0413 -- MU:0.3716 -- Batch_idx:50/59-- 24098.84 samples/sec-- Loss:0.02 -- Error1:0.51
Train_Loss = 0.016690981715917586, Train_Err = 0.5083333129882812
Phase:val -- LR: 0.0440 -- MU:0.3961 -- Batch_idx:50/79-- 9421.74 samples/sec-- Loss:0.05 -- Error1:1.45
Val_Loss = 0.03834684550762177, Val_Err = 1.16
Epoch: [96 | 200]
Phase:train -- LR: 0.0498 -- MU:0.4485 -- Batch_idx:50/59-- 22107.45 samples/sec-- Loss:0.02 -- Error1:0.46
Train_Loss = 0.015956104318300884, Train_Err = 0.46166670735677084
Phase:val -- LR: 0.0443 -- MU:0.3990 -- Batch_idx:50/79-- 8899.84 samples/sec-- Loss:0.05 -- Error1:1.50
Val_Loss = 0.03855158002376556, Val_Err = 1.16
Epoch: [97 | 200]
Phase:train -- LR: 0.0571 -- MU:0.5137 -- Batch_idx:50/59-- 28421.43 samples/sec-- Loss:0.02 -- Error1:0.44
Train_Loss = 0.01553512175778548, Train_Err = 0.4533333129882812
Phase:val -- LR: 0.0532 -- MU:0.4789 -- Batch_idx:50/79-- 10405.95 samples/sec-- Loss:0.05 -- Error1:1.48
Val_Loss = 0.03933394181728363, Val_Err = 1.19
Epoch: [98 | 200]
Phase:train -- LR: 0.0500 -- MU:0.4504 -- Batch_idx:50/59-- 27272.43 samples/sec-- Loss:0.02 -- Error1:0.41
Train_Loss = 0.015276782351732254, Train_Err = 0.4350000162760417
Phase:val -- LR: 0.0612 -- MU:0.5508 -- Batch_idx:50/79-- 9356.74 samples/sec-- Loss:0.05 -- Error1:1.45
Val_Loss = 0.03911164708137512, Val_Err = 1.18
Epoch: [99 | 200]
Phase:train -- LR: 0.0484 -- MU:0.4360 -- Batch_idx:50/59-- 21511.39 samples/sec-- Loss:0.01 -- Error1:0.42
Train_Loss = 0.014487958850959937, Train_Err = 0.418333349609375
Phase:val -- LR: 0.0421 -- MU:0.3785 -- Batch_idx:50/79-- 8838.20 samples/sec-- Loss:0.05 -- Error1:1.39
Val_Loss = 0.03752518773078919, Val_Err = 1.1
Epoch: [100 | 200]
Phase:train -- LR: 0.0482 -- MU:0.4342 -- Batch_idx:50/59-- 25023.10 samples/sec-- Loss:0.01 -- Error1:0.39
Train_Loss = 0.013997598532835642, Train_Err = 0.39666669108072916
Phase:val -- LR: 0.0340 -- MU:0.3062 -- Batch_idx:50/79-- 9419.45 samples/sec-- Loss:0.05 -- Error1:1.41
Val_Loss = 0.03822411835193634, Val_Err = 1.15
Epoch: [101 | 200]
Phase:train -- LR: 0.0398 -- MU:0.3579 -- Batch_idx:50/59-- 36948.40 samples/sec-- Loss:0.01 -- Error1:0.35
Train_Loss = 0.013547010419766109, Train_Err = 0.3733333740234375
Phase:val -- LR: 0.0450 -- MU:0.4046 -- Batch_idx:50/79-- 9929.01 samples/sec-- Loss:0.05 -- Error1:1.41
Val_Loss = 0.03895700373649597, Val_Err = 1.13
Epoch: [102 | 200]
Phase:train -- LR: 0.0399 -- MU:0.3590 -- Batch_idx:50/59-- 22639.28 samples/sec-- Loss:0.01 -- Error1:0.36
Train_Loss = 0.013309399992227555, Train_Err = 0.3683333740234375
Phase:val -- LR: 0.0334 -- MU:0.3008 -- Batch_idx:50/79-- 8971.95 samples/sec-- Loss:0.05 -- Error1:1.44
Val_Loss = 0.037159662795066835, Val_Err = 1.14
Epoch: [103 | 200]
Phase:train -- LR: 0.0370 -- MU:0.3327 -- Batch_idx:50/59-- 23483.12 samples/sec-- Loss:0.01 -- Error1:0.37
Train_Loss = 0.013215490711232026, Train_Err = 0.37333334147135416
Phase:val -- LR: 0.0516 -- MU:0.4642 -- Batch_idx:50/79-- 8705.36 samples/sec-- Loss:0.05 -- Error1:1.36
Val_Loss = 0.03778557322025299, Val_Err = 1.1
Epoch: [104 | 200]
Phase:train -- LR: 0.0441 -- MU:0.3971 -- Batch_idx:50/59-- 34770.85 samples/sec-- Loss:0.01 -- Error1:0.34
Train_Loss = 0.012440795329213142, Train_Err = 0.328333349609375
Phase:val -- LR: 0.0364 -- MU:0.3272 -- Batch_idx:50/79-- 10301.21 samples/sec-- Loss:0.05 -- Error1:1.42
Val_Loss = 0.03895228390693665, Val_Err = 1.14
Epoch: [105 | 200]
Phase:train -- LR: 0.0517 -- MU:0.4654 -- Batch_idx:50/59-- 22534.95 samples/sec-- Loss:0.01 -- Error1:0.33
Train_Loss = 0.012359964993596076, Train_Err = 0.33500001627604165
Phase:val -- LR: 0.0342 -- MU:0.3075 -- Batch_idx:50/79-- 8585.14 samples/sec-- Loss:0.05 -- Error1:1.44
Val_Loss = 0.03939479146003723, Val_Err = 1.14
Epoch: [106 | 200]
Phase:train -- LR: 0.0376 -- MU:0.3387 -- Batch_idx:50/59-- 23229.49 samples/sec-- Loss:0.01 -- Error1:0.33
Train_Loss = 0.011961968044936657, Train_Err = 0.3150000081380208
Phase:val -- LR: 0.0352 -- MU:0.3164 -- Batch_idx:50/79-- 9048.78 samples/sec-- Loss:0.05 -- Error1:1.41
Val_Loss = 0.038920139336586, Val_Err = 1.13
Epoch: [107 | 200]
Phase:train -- LR: 0.0507 -- MU:0.4564 -- Batch_idx:50/59-- 31866.79 samples/sec-- Loss:0.01 -- Error1:0.28
Train_Loss = 0.011331565702954929, Train_Err = 0.29000004069010415
Phase:val -- LR: 0.0374 -- MU:0.3366 -- Batch_idx:50/79-- 10842.57 samples/sec-- Loss:0.05 -- Error1:1.41
Val_Loss = 0.03846802716255188, Val_Err = 1.14
Epoch: [108 | 200]
Phase:train -- LR: 0.0359 -- MU:0.3227 -- Batch_idx:50/59-- 26635.71 samples/sec-- Loss:0.01 -- Error1:0.29
Train_Loss = 0.011274322677155335, Train_Err = 0.29500000813802085
Phase:val -- LR: 0.0441 -- MU:0.3967 -- Batch_idx:50/79-- 9120.85 samples/sec-- Loss:0.05 -- Error1:1.38
Val_Loss = 0.03821876513957977, Val_Err = 1.09
Epoch: [109 | 200]
Phase:train -- LR: 0.0465 -- MU:0.4189 -- Batch_idx:50/59-- 22560.41 samples/sec-- Loss:0.01 -- Error1:0.27
Train_Loss = 0.010723232770959537, Train_Err = 0.278333349609375
Phase:val -- LR: 0.0437 -- MU:0.3933 -- Batch_idx:50/79-- 8772.87 samples/sec-- Loss:0.05 -- Error1:1.38
Val_Loss = 0.037983695721626284, Val_Err = 1.1
Epoch: [110 | 200]
Phase:train -- LR: 0.0333 -- MU:0.3000 -- Batch_idx:50/59-- 28608.45 samples/sec-- Loss:0.01 -- Error1:0.27
Train_Loss = 0.0104211106022199, Train_Err = 0.2600000162760417
Phase:val -- LR: 0.0439 -- MU:0.3950 -- Batch_idx:50/79-- 10687.16 samples/sec-- Loss:0.05 -- Error1:1.48
Val_Loss = 0.037676902532577515, Val_Err = 1.16
Epoch: [111 | 200]
Phase:train -- LR: 0.0517 -- MU:0.4650 -- Batch_idx:50/59-- 34231.60 samples/sec-- Loss:0.01 -- Error1:0.26
Train_Loss = 0.010056931715210278, Train_Err = 0.258333349609375
Phase:val -- LR: 0.0468 -- MU:0.4216 -- Batch_idx:50/79-- 9106.05 samples/sec-- Loss:0.05 -- Error1:1.36
Val_Loss = 0.040068546080589296, Val_Err = 1.09
Epoch: [112 | 200]
Phase:train -- LR: 0.0488 -- MU:0.4393 -- Batch_idx:50/59-- 22738.68 samples/sec-- Loss:0.01 -- Error1:0.24
Train_Loss = 0.010046993989745776, Train_Err = 0.248333349609375
Phase:val -- LR: 0.0404 -- MU:0.3637 -- Batch_idx:50/79-- 8862.96 samples/sec-- Loss:0.05 -- Error1:1.33
Val_Loss = 0.037935903573036195, Val_Err = 1.09
Epoch: [113 | 200]
Phase:train -- LR: 0.0319 -- MU:0.2875 -- Batch_idx:50/59-- 24846.02 samples/sec-- Loss:0.01 -- Error1:0.21
Train_Loss = 0.009848444359501203, Train_Err = 0.21833334147135416
Phase:val -- LR: 0.0523 -- MU:0.4707 -- Batch_idx:50/79-- 9299.93 samples/sec-- Loss:0.05 -- Error1:1.44
Val_Loss = 0.0398321496963501, Val_Err = 1.15
Epoch: [114 | 200]
Phase:train -- LR: 0.0493 -- MU:0.4435 -- Batch_idx:50/59-- 36446.43 samples/sec-- Loss:0.01 -- Error1:0.23
Train_Loss = 0.009227372086544831, Train_Err = 0.2366666748046875
Phase:val -- LR: 0.0611 -- MU:0.5499 -- Batch_idx:50/79-- 9136.45 samples/sec-- Loss:0.05 -- Error1:1.41
Val_Loss = 0.03976165995597839, Val_Err = 1.16
Epoch: [115 | 200]
Phase:train -- LR: 0.0584 -- MU:0.5252 -- Batch_idx:50/59-- 22913.73 samples/sec-- Loss:0.01 -- Error1:0.23
Train_Loss = 0.009304149261986215, Train_Err = 0.23833333333333334
Phase:val -- LR: 0.0423 -- MU:0.3803 -- Batch_idx:50/79-- 8941.84 samples/sec-- Loss:0.05 -- Error1:1.42
Val_Loss = 0.03959518582820892, Val_Err = 1.16
Epoch: [116 | 200]
Phase:train -- LR: 0.0440 -- MU:0.3957 -- Batch_idx:50/59-- 24774.32 samples/sec-- Loss:0.01 -- Error1:0.22
Train_Loss = 0.008915364050865173, Train_Err = 0.2166666748046875
Phase:val -- LR: 0.0398 -- MU:0.3578 -- Batch_idx:50/79-- 9807.85 samples/sec-- Loss:0.05 -- Error1:1.41
Val_Loss = 0.03913076839447022, Val_Err = 1.12
Epoch: [117 | 200]
Phase:train -- LR: 0.0523 -- MU:0.4705 -- Batch_idx:50/59-- 34177.20 samples/sec-- Loss:0.01 -- Error1:0.21
Train_Loss = 0.00842953515201807, Train_Err = 0.208333349609375
Phase:val -- LR: 0.0453 -- MU:0.4081 -- Batch_idx:50/79-- 9095.92 samples/sec-- Loss:0.05 -- Error1:1.31
Val_Loss = 0.0388305447101593, Val_Err = 1.06
Epoch: [118 | 200]
Phase:train -- LR: 0.0423 -- MU:0.3804 -- Batch_idx:50/59-- 23971.99 samples/sec-- Loss:0.01 -- Error1:0.19
Train_Loss = 0.00838071474308769, Train_Err = 0.19333333333333333
Phase:val -- LR: 0.0510 -- MU:0.4587 -- Batch_idx:50/79-- 8817.60 samples/sec-- Loss:0.05 -- Error1:1.41
Val_Loss = 0.03858588173389435, Val_Err = 1.13
Epoch: [119 | 200]
Phase:train -- LR: 0.0615 -- MU:0.5537 -- Batch_idx:50/59-- 26281.17 samples/sec-- Loss:0.01 -- Error1:0.17
Train_Loss = 0.008035843646526337, Train_Err = 0.1800000244140625
Phase:val -- LR: 0.0419 -- MU:0.3771 -- Batch_idx:50/79-- 9018.31 samples/sec-- Loss:0.05 -- Error1:1.41
Val_Loss = 0.04005636320114136, Val_Err = 1.13
Epoch: [120 | 200]
Phase:train -- LR: 0.0450 -- MU:0.4050 -- Batch_idx:50/59-- 34789.34 samples/sec-- Loss:0.01 -- Error1:0.16
Train_Loss = 0.007712497035165628, Train_Err = 0.17500000813802083
Phase:val -- LR: 0.0542 -- MU:0.4879 -- Batch_idx:50/79-- 9238.38 samples/sec-- Loss:0.05 -- Error1:1.42
Val_Loss = 0.0396853639125824, Val_Err = 1.11
Epoch: [121 | 200]
Phase:train -- LR: 0.0571 -- MU:0.5137 -- Batch_idx:50/59-- 24099.60 samples/sec-- Loss:0.01 -- Error1:0.18
Train_Loss = 0.007512347705910603, Train_Err = 0.16833333333333333
Phase:val -- LR: 0.0452 -- MU:0.4066 -- Batch_idx:50/79-- 8828.41 samples/sec-- Loss:0.05 -- Error1:1.42
Val_Loss = 0.03935640008449554, Val_Err = 1.11
Epoch: [122 | 200]
Phase:train -- LR: 0.0423 -- MU:0.3808 -- Batch_idx:50/59-- 26292.90 samples/sec-- Loss:0.01 -- Error1:0.13
Train_Loss = 0.007224118716766437, Train_Err = 0.14333333333333334
Phase:val -- LR: 0.0420 -- MU:0.3780 -- Batch_idx:50/79-- 9142.81 samples/sec-- Loss:0.05 -- Error1:1.41
Val_Loss = 0.03981562492847442, Val_Err = 1.12
Epoch: [123 | 200]
Phase:train -- LR: 0.0520 -- MU:0.4679 -- Batch_idx:50/59-- 37231.61 samples/sec-- Loss:0.01 -- Error1:0.14
Train_Loss = 0.007085171024377147, Train_Err = 0.15
Phase:val -- LR: 0.0423 -- MU:0.3810 -- Batch_idx:50/79-- 8534.99 samples/sec-- Loss:0.05 -- Error1:1.39
Val_Loss = 0.0399441025018692, Val_Err = 1.11
Epoch: [124 | 200]
Phase:train -- LR: 0.0394 -- MU:0.3545 -- Batch_idx:50/59-- 25777.99 samples/sec-- Loss:0.01 -- Error1:0.14
Train_Loss = 0.006851393839220206, Train_Err = 0.13500000813802082
Phase:val -- LR: 0.0589 -- MU:0.5303 -- Batch_idx:50/79-- 8897.75 samples/sec-- Loss:0.05 -- Error1:1.41
Val_Loss = 0.04024786984920502, Val_Err = 1.11
Epoch: [125 | 200]
Phase:train -- LR: 0.0423 -- MU:0.3806 -- Batch_idx:50/59-- 24319.30 samples/sec-- Loss:0.01 -- Error1:0.13
Train_Loss = 0.00662289419186612, Train_Err = 0.12833333333333333
Phase:val -- LR: 0.0372 -- MU:0.3348 -- Batch_idx:50/79-- 8547.52 samples/sec-- Loss:0.05 -- Error1:1.45
Val_Loss = 0.039426342344284056, Val_Err = 1.14
Epoch: [126 | 200]
Phase:train -- LR: 0.0356 -- MU:0.3205 -- Batch_idx:50/59-- 35896.25 samples/sec-- Loss:0.01 -- Error1:0.14
Train_Loss = 0.006757735069344441, Train_Err = 0.14166668294270834
Phase:val -- LR: 0.0522 -- MU:0.4695 -- Batch_idx:50/79-- 9369.82 samples/sec-- Loss:0.05 -- Error1:1.42
Val_Loss = 0.041048715448379514, Val_Err = 1.14
Epoch: [127 | 200]
Phase:train -- LR: 0.0384 -- MU:0.3455 -- Batch_idx:50/59-- 27818.25 samples/sec-- Loss:0.01 -- Error1:0.12
Train_Loss = 0.006315730319917202, Train_Err = 0.12500001627604165
Phase:val -- LR: 0.0357 -- MU:0.3211 -- Batch_idx:50/79-- 8830.43 samples/sec-- Loss:0.05 -- Error1:1.42
Val_Loss = 0.04032364411354065, Val_Err = 1.11
Epoch: [128 | 200]
Phase:train -- LR: 0.0644 -- MU:0.5792 -- Batch_idx:50/59-- 22823.13 samples/sec-- Loss:0.01 -- Error1:0.12
Train_Loss = 0.006252575842787822, Train_Err = 0.12
Phase:val -- LR: 0.0435 -- MU:0.3915 -- Batch_idx:50/79-- 7948.72 samples/sec-- Loss:0.05 -- Error1:1.36
Val_Loss = 0.040953233528137206, Val_Err = 1.1
Epoch: [129 | 200]
Phase:train -- LR: 0.0357 -- MU:0.3209 -- Batch_idx:50/59-- 38684.29 samples/sec-- Loss:0.01 -- Error1:0.11
Train_Loss = 0.005945507168521484, Train_Err = 0.10666666666666667
Phase:val -- LR: 0.0519 -- MU:0.4667 -- Batch_idx:50/79-- 10181.41 samples/sec-- Loss:0.05 -- Error1:1.47
Val_Loss = 0.04138010149002075, Val_Err = 1.14
Epoch: [130 | 200]
Phase:train -- LR: 0.0294 -- MU:0.2642 -- Batch_idx:50/59-- 27613.54 samples/sec-- Loss:0.01 -- Error1:0.12
Train_Loss = 0.005857728583365679, Train_Err = 0.11500000813802083
Phase:val -- LR: 0.0404 -- MU:0.3640 -- Batch_idx:50/79-- 8895.54 samples/sec-- Loss:0.05 -- Error1:1.33
Val_Loss = 0.04075472707748413, Val_Err = 1.06
Epoch: [131 | 200]
Phase:train -- LR: 0.0481 -- MU:0.4325 -- Batch_idx:50/59-- 22675.87 samples/sec-- Loss:0.01 -- Error1:0.10
Train_Loss = 0.0056334578345219296, Train_Err = 0.10333334147135417
Phase:val -- LR: 0.0368 -- MU:0.3308 -- Batch_idx:50/79-- 8435.40 samples/sec-- Loss:0.05 -- Error1:1.53
Val_Loss = 0.042333932614326476, Val_Err = 1.21
Epoch: [132 | 200]
Phase:train -- LR: 0.0463 -- MU:0.4164 -- Batch_idx:50/59-- 35174.81 samples/sec-- Loss:0.01 -- Error1:0.09
Train_Loss = 0.005566804046308001, Train_Err = 0.09
Phase:val -- LR: 0.0431 -- MU:0.3881 -- Batch_idx:50/79-- 9334.68 samples/sec-- Loss:0.05 -- Error1:1.55
Val_Loss = 0.04197024564743042, Val_Err = 1.19
Epoch: [133 | 200]
Phase:train -- LR: 0.0518 -- MU:0.4659 -- Batch_idx:50/59-- 28005.94 samples/sec-- Loss:0.01 -- Error1:0.11
Train_Loss = 0.00550489949285984, Train_Err = 0.11
Phase:val -- LR: 0.0440 -- MU:0.3964 -- Batch_idx:50/79-- 8919.33 samples/sec-- Loss:0.06 -- Error1:1.41
Val_Loss = 0.04289436867237091, Val_Err = 1.1
Epoch: [134 | 200]
Phase:train -- LR: 0.0503 -- MU:0.4528 -- Batch_idx:50/59-- 22652.90 samples/sec-- Loss:0.01 -- Error1:0.10
Train_Loss = 0.0052029717455307645, Train_Err = 0.09166666666666666
Phase:val -- LR: 0.0513 -- MU:0.4618 -- Batch_idx:50/79-- 8520.62 samples/sec-- Loss:0.05 -- Error1:1.38
Val_Loss = 0.04128794205188751, Val_Err = 1.08
Epoch: [135 | 200]
Phase:train -- LR: 0.0311 -- MU:0.2797 -- Batch_idx:50/59-- 34692.78 samples/sec-- Loss:0.00 -- Error1:0.08
Train_Loss = 0.005047382187222441, Train_Err = 0.09333333333333334
Phase:val -- LR: 0.0524 -- MU:0.4719 -- Batch_idx:50/79-- 9293.16 samples/sec-- Loss:0.06 -- Error1:1.42
Val_Loss = 0.042173495650291444, Val_Err = 1.12
Epoch: [136 | 200]
Phase:train -- LR: 0.0480 -- MU:0.4323 -- Batch_idx:50/59-- 28488.39 samples/sec-- Loss:0.00 -- Error1:0.09
Train_Loss = 0.005012558112541835, Train_Err = 0.08833334147135416
Phase:val -- LR: 0.0354 -- MU:0.3188 -- Batch_idx:50/79-- 9117.14 samples/sec-- Loss:0.06 -- Error1:1.38
Val_Loss = 0.04257162818908691, Val_Err = 1.08
Epoch: [137 | 200]
Phase:train -- LR: 0.0444 -- MU:0.3993 -- Batch_idx:50/59-- 24049.10 samples/sec-- Loss:0.00 -- Error1:0.08
Train_Loss = 0.004953630288007359, Train_Err = 0.08666666666666667
Phase:val -- LR: 0.0442 -- MU:0.3978 -- Batch_idx:50/79-- 8906.50 samples/sec-- Loss:0.06 -- Error1:1.39
Val_Loss = 0.04243118348121643, Val_Err = 1.1
Epoch: [138 | 200]
Phase:train -- LR: 0.0405 -- MU:0.3649 -- Batch_idx:50/59-- 32735.92 samples/sec-- Loss:0.00 -- Error1:0.07
Train_Loss = 0.004606224855035543, Train_Err = 0.075
Phase:val -- LR: 0.0466 -- MU:0.4192 -- Batch_idx:50/79-- 10021.73 samples/sec-- Loss:0.06 -- Error1:1.47
Val_Loss = 0.04272321574687958, Val_Err = 1.16
Epoch: [139 | 200]
Phase:train -- LR: 0.0479 -- MU:0.4309 -- Batch_idx:50/59-- 27948.43 samples/sec-- Loss:0.00 -- Error1:0.06
Train_Loss = 0.004525795333832502, Train_Err = 0.065
Phase:val -- LR: 0.0576 -- MU:0.5186 -- Batch_idx:50/79-- 9178.08 samples/sec-- Loss:0.06 -- Error1:1.38
Val_Loss = 0.042450756907463076, Val_Err = 1.1
Epoch: [140 | 200]
Phase:train -- LR: 0.0453 -- MU:0.4076 -- Batch_idx:50/59-- 24962.32 samples/sec-- Loss:0.00 -- Error1:0.07
Train_Loss = 0.004411865590016047, Train_Err = 0.07500001627604166
Phase:val -- LR: 0.0542 -- MU:0.4876 -- Batch_idx:50/79-- 9084.09 samples/sec-- Loss:0.06 -- Error1:1.42
Val_Loss = 0.04376660938262939, Val_Err = 1.12
Epoch: [141 | 200]
Phase:train -- LR: 0.0445 -- MU:0.4005 -- Batch_idx:50/59-- 28838.63 samples/sec-- Loss:0.00 -- Error1:0.07
Train_Loss = 0.004420942353457212, Train_Err = 0.07166666666666667
Phase:val -- LR: 0.0381 -- MU:0.3425 -- Batch_idx:50/79-- 8602.45 samples/sec-- Loss:0.06 -- Error1:1.38
Val_Loss = 0.04344412462711334, Val_Err = 1.09
Epoch: [142 | 200]
Phase:train -- LR: 0.0581 -- MU:0.5231 -- Batch_idx:50/59-- 28568.14 samples/sec-- Loss:0.00 -- Error1:0.06
Train_Loss = 0.004151067081963023, Train_Err = 0.0616666748046875
Phase:val -- LR: 0.0598 -- MU:0.5382 -- Batch_idx:50/79-- 8770.17 samples/sec-- Loss:0.06 -- Error1:1.39
Val_Loss = 0.043527473282814026, Val_Err = 1.12
Epoch: [143 | 200]
Phase:train -- LR: 0.0501 -- MU:0.4508 -- Batch_idx:50/59-- 27918.81 samples/sec-- Loss:0.00 -- Error1:0.05
Train_Loss = 0.004047340527673563, Train_Err = 0.051666666666666666
Phase:val -- LR: 0.0516 -- MU:0.4648 -- Batch_idx:50/79-- 9608.21 samples/sec-- Loss:0.06 -- Error1:1.52
Val_Loss = 0.04483330719470978, Val_Err = 1.16
Epoch: [144 | 200]
Phase:train -- LR: 0.0400 -- MU:0.3604 -- Batch_idx:50/59-- 28625.76 samples/sec-- Loss:0.00 -- Error1:0.06
Train_Loss = 0.0038876956310123206, Train_Err = 0.056666666666666664
Phase:val -- LR: 0.0428 -- MU:0.3855 -- Batch_idx:50/79-- 9246.58 samples/sec-- Loss:0.06 -- Error1:1.39
Val_Loss = 0.04335315179824829, Val_Err = 1.1
Epoch: [145 | 200]
Phase:train -- LR: 0.0462 -- MU:0.4160 -- Batch_idx:50/59-- 27355.88 samples/sec-- Loss:0.00 -- Error1:0.05
Train_Loss = 0.0037766716013352074, Train_Err = 0.05333333333333334
Phase:val -- LR: 0.0611 -- MU:0.5501 -- Batch_idx:50/79-- 8926.45 samples/sec-- Loss:0.06 -- Error1:1.44
Val_Loss = 0.044905562376976016, Val_Err = 1.13
Epoch: [146 | 200]
Phase:train -- LR: 0.0748 -- MU:0.6731 -- Batch_idx:50/59-- 29117.36 samples/sec-- Loss:0.00 -- Error1:0.05
Train_Loss = 0.0037381192356348036, Train_Err = 0.043333333333333335
Phase:val -- LR: 0.0447 -- MU:0.4021 -- Batch_idx:50/79-- 9131.00 samples/sec-- Loss:0.06 -- Error1:1.34
Val_Loss = 0.0437894544839859, Val_Err = 1.08
Epoch: [147 | 200]
Phase:train -- LR: 0.0538 -- MU:0.4842 -- Batch_idx:50/59-- 28735.22 samples/sec-- Loss:0.00 -- Error1:0.04
Train_Loss = 0.0035702679234246412, Train_Err = 0.0516666748046875
Phase:val -- LR: 0.0502 -- MU:0.4522 -- Batch_idx:50/79-- 8442.94 samples/sec-- Loss:0.06 -- Error1:1.44
Val_Loss = 0.044166219830513, Val_Err = 1.13
Epoch: [148 | 200]
Phase:train -- LR: 0.0325 -- MU:0.2921 -- Batch_idx:50/59-- 28486.82 samples/sec-- Loss:0.00 -- Error1:0.05
Train_Loss = 0.0034848671515782673, Train_Err = 0.04833333333333333
Phase:val -- LR: 0.0501 -- MU:0.4511 -- Batch_idx:50/79-- 9402.46 samples/sec-- Loss:0.06 -- Error1:1.41
Val_Loss = 0.04470180044174194, Val_Err = 1.08
Epoch: [149 | 200]
Phase:train -- LR: 0.0376 -- MU:0.3384 -- Batch_idx:50/59-- 29954.71 samples/sec-- Loss:0.00 -- Error1:0.04
Train_Loss = 0.003439798283825318, Train_Err = 0.04333334147135417
Phase:val -- LR: 0.0475 -- MU:0.4277 -- Batch_idx:50/79-- 9231.31 samples/sec-- Loss:0.06 -- Error1:1.41
Val_Loss = 0.044464770817756655, Val_Err = 1.1
Epoch: [150 | 200]
Phase:train -- LR: 0.0339 -- MU:0.3051 -- Batch_idx:50/59-- 27358.64 samples/sec-- Loss:0.00 -- Error1:0.04
Train_Loss = 0.0033617660120750467, Train_Err = 0.041666666666666664
Phase:val -- LR: 0.0459 -- MU:0.4131 -- Batch_idx:50/79-- 8693.28 samples/sec-- Loss:0.06 -- Error1:1.44
Val_Loss = 0.04610958290100098, Val_Err = 1.14
Epoch: [151 | 200]
Phase:train -- LR: 0.0268 -- MU:0.2413 -- Batch_idx:50/59-- 30699.51 samples/sec-- Loss:0.00 -- Error1:0.04
Train_Loss = 0.0032595840460310378, Train_Err = 0.03666666666666667
Phase:val -- LR: 0.0436 -- MU:0.3922 -- Batch_idx:50/79-- 9861.18 samples/sec-- Loss:0.06 -- Error1:1.38
Val_Loss = 0.044428681445121763, Val_Err = 1.1
Epoch: [152 | 200]
Phase:train -- LR: 0.0393 -- MU:0.3539 -- Batch_idx:50/59-- 29220.16 samples/sec-- Loss:0.00 -- Error1:0.04
Train_Loss = 0.003205372182900707, Train_Err = 0.035
Phase:val -- LR: 0.0577 -- MU:0.5196 -- Batch_idx:50/79-- 9527.25 samples/sec-- Loss:0.06 -- Error1:1.48
Val_Loss = 0.04581278791427612, Val_Err = 1.15
Epoch: [153 | 200]
Phase:train -- LR: 0.0506 -- MU:0.4553 -- Batch_idx:50/59-- 21833.52 samples/sec-- Loss:0.00 -- Error1:0.04
Train_Loss = 0.0031399804829309384, Train_Err = 0.041666666666666664
Phase:val -- LR: 0.0540 -- MU:0.4864 -- Batch_idx:50/79-- 8811.87 samples/sec-- Loss:0.06 -- Error1:1.44
Val_Loss = 0.044884013128280636, Val_Err = 1.13
Epoch: [154 | 200]
Phase:train -- LR: 0.0457 -- MU:0.4110 -- Batch_idx:50/59-- 33061.87 samples/sec-- Loss:0.00 -- Error1:0.03
Train_Loss = 0.0029738447200506925, Train_Err = 0.03
Phase:val -- LR: 0.0487 -- MU:0.4380 -- Batch_idx:50/79-- 10711.09 samples/sec-- Loss:0.06 -- Error1:1.36
Val_Loss = 0.04504381155967713, Val_Err = 1.09
Epoch: [155 | 200]
Phase:train -- LR: 0.0311 -- MU:0.2798 -- Batch_idx:50/59-- 27625.40 samples/sec-- Loss:0.00 -- Error1:0.03
Train_Loss = 0.002927024967347582, Train_Err = 0.03833333333333333
Phase:val -- LR: 0.0428 -- MU:0.3849 -- Batch_idx:50/79-- 9255.63 samples/sec-- Loss:0.06 -- Error1:1.45
Val_Loss = 0.046201413345336916, Val_Err = 1.14
Epoch: [156 | 200]
Phase:train -- LR: 0.0480 -- MU:0.4323 -- Batch_idx:50/59-- 22269.55 samples/sec-- Loss:0.00 -- Error1:0.04
Train_Loss = 0.002808458701893687, Train_Err = 0.035
Phase:val -- LR: 0.0416 -- MU:0.3743 -- Batch_idx:50/79-- 8566.56 samples/sec-- Loss:0.06 -- Error1:1.42
Val_Loss = 0.04627392282485962, Val_Err = 1.12
Epoch: [157 | 200]
Phase:train -- LR: 0.0480 -- MU:0.4318 -- Batch_idx:50/59-- 33368.27 samples/sec-- Loss:0.00 -- Error1:0.03
Train_Loss = 0.0028507368893673024, Train_Err = 0.03166666666666667
Phase:val -- LR: 0.0678 -- MU:0.6103 -- Batch_idx:50/79-- 10121.33 samples/sec-- Loss:0.06 -- Error1:1.44
Val_Loss = 0.04636454453468323, Val_Err = 1.13
Epoch: [158 | 200]
Phase:train -- LR: 0.0427 -- MU:0.3843 -- Batch_idx:50/59-- 28100.09 samples/sec-- Loss:0.00 -- Error1:0.02
Train_Loss = 0.0027224146363635858, Train_Err = 0.0266666748046875
Phase:val -- LR: 0.0345 -- MU:0.3109 -- Batch_idx:50/79-- 9561.94 samples/sec-- Loss:0.06 -- Error1:1.52
Val_Loss = 0.04766575272083282, Val_Err = 1.16
Epoch: [159 | 200]
Phase:train -- LR: 0.0525 -- MU:0.4728 -- Batch_idx:50/59-- 23070.58 samples/sec-- Loss:0.00 -- Error1:0.03
Train_Loss = 0.0026508261604855456, Train_Err = 0.028333333333333332
Phase:val -- LR: 0.0581 -- MU:0.5225 -- Batch_idx:50/79-- 9092.50 samples/sec-- Loss:0.06 -- Error1:1.36
Val_Loss = 0.046004403495788576, Val_Err = 1.08
Epoch: [160 | 200]
Phase:train -- LR: 0.0560 -- MU:0.5036 -- Batch_idx:50/59-- 31475.30 samples/sec-- Loss:0.00 -- Error1:0.04
Train_Loss = 0.0025636581771075724, Train_Err = 0.03166666666666667
Phase:val -- LR: 0.0521 -- MU:0.4685 -- Batch_idx:50/79-- 9964.54 samples/sec-- Loss:0.06 -- Error1:1.39
Val_Loss = 0.04643868525028229, Val_Err = 1.1
Epoch: [161 | 200]
Phase:train -- LR: 0.0452 -- MU:0.4066 -- Batch_idx:50/59-- 28167.61 samples/sec-- Loss:0.00 -- Error1:0.03
Train_Loss = 0.002535002668729673, Train_Err = 0.03
Phase:val -- LR: 0.0347 -- MU:0.3123 -- Batch_idx:50/79-- 9180.79 samples/sec-- Loss:0.06 -- Error1:1.44
Val_Loss = 0.04712153642177582, Val_Err = 1.13
Epoch: [162 | 200]
Phase:train -- LR: 0.0463 -- MU:0.4169 -- Batch_idx:50/59-- 23016.77 samples/sec-- Loss:0.00 -- Error1:0.02
Train_Loss = 0.002513279293725888, Train_Err = 0.025000008138020835
Phase:val -- LR: 0.0454 -- MU:0.4083 -- Batch_idx:50/79-- 9103.98 samples/sec-- Loss:0.06 -- Error1:1.33
Val_Loss = 0.04724884121417999, Val_Err = 1.07
Epoch: [163 | 200]
Phase:train -- LR: 0.0483 -- MU:0.4350 -- Batch_idx:50/59-- 30087.61 samples/sec-- Loss:0.00 -- Error1:0.03
Train_Loss = 0.0024182679741332927, Train_Err = 0.023333333333333334
Phase:val -- LR: 0.0622 -- MU:0.5600 -- Batch_idx:50/79-- 10216.34 samples/sec-- Loss:0.06 -- Error1:1.41
Val_Loss = 0.04776575567722321, Val_Err = 1.12
Epoch: [164 | 200]
Phase:train -- LR: 0.0382 -- MU:0.3438 -- Batch_idx:50/59-- 33106.27 samples/sec-- Loss:0.00 -- Error1:0.03
Train_Loss = 0.002293058625111977, Train_Err = 0.028333333333333332
Phase:val -- LR: 0.0456 -- MU:0.4102 -- Batch_idx:50/79-- 9217.35 samples/sec-- Loss:0.06 -- Error1:1.42
Val_Loss = 0.047762340259552005, Val_Err = 1.12
Epoch: [165 | 200]
Phase:train -- LR: 0.0723 -- MU:0.6506 -- Batch_idx:50/59-- 22698.81 samples/sec-- Loss:0.00 -- Error1:0.03
Train_Loss = 0.0023500170315305393, Train_Err = 0.03
Phase:val -- LR: 0.0380 -- MU:0.3416 -- Batch_idx:50/79-- 8813.65 samples/sec-- Loss:0.06 -- Error1:1.33
Val_Loss = 0.04707760763168335, Val_Err = 1.07
Epoch: [166 | 200]
Phase:train -- LR: 0.0432 -- MU:0.3885 -- Batch_idx:50/59-- 29491.54 samples/sec-- Loss:0.00 -- Error1:0.02
Train_Loss = 0.002243924916225175, Train_Err = 0.023333333333333334
Phase:val -- LR: 0.0483 -- MU:0.4343 -- Batch_idx:50/79-- 9785.23 samples/sec-- Loss:0.06 -- Error1:1.36
Val_Loss = 0.0480969699382782, Val_Err = 1.09
Epoch: [167 | 200]
Phase:train -- LR: 0.0543 -- MU:0.4886 -- Batch_idx:50/59-- 33068.95 samples/sec-- Loss:0.00 -- Error1:0.01
Train_Loss = 0.0022007044510294993, Train_Err = 0.02
Phase:val -- LR: 0.0453 -- MU:0.4078 -- Batch_idx:50/79-- 9263.87 samples/sec-- Loss:0.06 -- Error1:1.44
Val_Loss = 0.048230919241905215, Val_Err = 1.13
Epoch: [168 | 200]
Phase:train -- LR: 0.0471 -- MU:0.4241 -- Batch_idx:50/59-- 23144.77 samples/sec-- Loss:0.00 -- Error1:0.03
Train_Loss = 0.0021356010995805265, Train_Err = 0.02666666666666667
Phase:val -- LR: 0.0446 -- MU:0.4015 -- Batch_idx:50/79-- 8667.74 samples/sec-- Loss:0.06 -- Error1:1.36
Val_Loss = 0.04858626167774201, Val_Err = 1.09
Epoch: [169 | 200]
Phase:train -- LR: 0.0480 -- MU:0.4319 -- Batch_idx:50/59-- 31293.85 samples/sec-- Loss:0.00 -- Error1:0.03
Train_Loss = 0.002073172759761413, Train_Err = 0.025
Phase:val -- LR: 0.0313 -- MU:0.2814 -- Batch_idx:50/79-- 10089.89 samples/sec-- Loss:0.06 -- Error1:1.42
Val_Loss = 0.0480373140335083, Val_Err = 1.14
Epoch: [170 | 200]
Phase:train -- LR: 0.0345 -- MU:0.3106 -- Batch_idx:50/59-- 34347.48 samples/sec-- Loss:0.00 -- Error1:0.03
Train_Loss = 0.002107896868015329, Train_Err = 0.025
Phase:val -- LR: 0.0672 -- MU:0.6052 -- Batch_idx:50/79-- 9059.36 samples/sec-- Loss:0.07 -- Error1:1.44
Val_Loss = 0.04941681060791016, Val_Err = 1.11
Epoch: [171 | 200]
Phase:train -- LR: 0.0396 -- MU:0.3568 -- Batch_idx:50/59-- 22634.16 samples/sec-- Loss:0.00 -- Error1:0.03
Train_Loss = 0.00198374308757484, Train_Err = 0.023333341471354168
Phase:val -- LR: 0.0670 -- MU:0.6028 -- Batch_idx:50/79-- 8755.91 samples/sec-- Loss:0.06 -- Error1:1.39
Val_Loss = 0.04897523293495178, Val_Err = 1.12
Epoch: [172 | 200]
Phase:train -- LR: 0.0571 -- MU:0.5137 -- Batch_idx:50/59-- 29889.82 samples/sec-- Loss:0.00 -- Error1:0.03
Train_Loss = 0.001963662966651221, Train_Err = 0.028333333333333332
Phase:val -- LR: 0.0479 -- MU:0.4314 -- Batch_idx:50/79-- 9702.41 samples/sec-- Loss:0.06 -- Error1:1.42
Val_Loss = 0.048336965847015384, Val_Err = 1.12
Epoch: [173 | 200]
Phase:train -- LR: 0.0409 -- MU:0.3679 -- Batch_idx:50/59-- 33972.34 samples/sec-- Loss:0.00 -- Error1:0.02
Train_Loss = 0.0018721287975708644, Train_Err = 0.020000016276041668
Phase:val -- LR: 0.0502 -- MU:0.4520 -- Batch_idx:50/79-- 9124.27 samples/sec-- Loss:0.07 -- Error1:1.52
Val_Loss = 0.05063400495052338, Val_Err = 1.19
Epoch: [174 | 200]
Phase:train -- LR: 0.0435 -- MU:0.3912 -- Batch_idx:50/59-- 27248.60 samples/sec-- Loss:0.00 -- Error1:0.02
Train_Loss = 0.0018780637015899022, Train_Err = 0.0216666748046875
Phase:val -- LR: 0.0450 -- MU:0.4051 -- Batch_idx:50/79-- 9079.92 samples/sec-- Loss:0.07 -- Error1:1.41
Val_Loss = 0.049370162296295164, Val_Err = 1.11
Epoch: [175 | 200]
Phase:train -- LR: 0.0551 -- MU:0.4958 -- Batch_idx:50/59-- 29519.21 samples/sec-- Loss:0.00 -- Error1:0.03
Train_Loss = 0.0018130391990145048, Train_Err = 0.021666666666666667
Phase:val -- LR: 0.0598 -- MU:0.5386 -- Batch_idx:50/79-- 10030.08 samples/sec-- Loss:0.07 -- Error1:1.39
Val_Loss = 0.04942100009918213, Val_Err = 1.09
Epoch: [176 | 200]
Phase:train -- LR: 0.0561 -- MU:0.5045 -- Batch_idx:50/59-- 30632.68 samples/sec-- Loss:0.00 -- Error1:0.02
Train_Loss = 0.0017900359627480308, Train_Err = 0.02
Phase:val -- LR: 0.0411 -- MU:0.3698 -- Batch_idx:50/79-- 8952.11 samples/sec-- Loss:0.07 -- Error1:1.41
Val_Loss = 0.049386975479125975, Val_Err = 1.12
Epoch: [177 | 200]
Phase:train -- LR: 0.0625 -- MU:0.5621 -- Batch_idx:50/59-- 27959.91 samples/sec-- Loss:0.00 -- Error1:0.03
Train_Loss = 0.001770908021988968, Train_Err = 0.02666666666666667
Phase:val -- LR: 0.0413 -- MU:0.3720 -- Batch_idx:50/79-- 9225.17 samples/sec-- Loss:0.07 -- Error1:1.39
Val_Loss = 0.04960607419013977, Val_Err = 1.08
Epoch: [178 | 200]
Phase:train -- LR: 0.0452 -- MU:0.4069 -- Batch_idx:50/59-- 28228.02 samples/sec-- Loss:0.00 -- Error1:0.02
Train_Loss = 0.0017085996949424346, Train_Err = 0.015
Phase:val -- LR: 0.0397 -- MU:0.3571 -- Batch_idx:50/79-- 9767.12 samples/sec-- Loss:0.06 -- Error1:1.41
Val_Loss = 0.049292084789276124, Val_Err = 1.1
Epoch: [179 | 200]
Phase:train -- LR: 0.0646 -- MU:0.5810 -- Batch_idx:50/59-- 32857.66 samples/sec-- Loss:0.00 -- Error1:0.01
Train_Loss = 0.001566663638378183, Train_Err = 0.015
Phase:val -- LR: 0.0549 -- MU:0.4941 -- Batch_idx:50/79-- 8923.43 samples/sec-- Loss:0.07 -- Error1:1.42
Val_Loss = 0.05010310983657837, Val_Err = 1.12
Epoch: [180 | 200]
Phase:train -- LR: 0.0538 -- MU:0.4844 -- Batch_idx:50/59-- 26027.13 samples/sec-- Loss:0.00 -- Error1:0.02
Train_Loss = 0.0015973297592252493, Train_Err = 0.021666666666666667
Phase:val -- LR: 0.0436 -- MU:0.3921 -- Batch_idx:50/79-- 8916.26 samples/sec-- Loss:0.07 -- Error1:1.44
Val_Loss = 0.049938033246994015, Val_Err = 1.13
Epoch: [181 | 200]
Phase:train -- LR: 0.0581 -- MU:0.5231 -- Batch_idx:50/59-- 28114.54 samples/sec-- Loss:0.00 -- Error1:0.02
Train_Loss = 0.0015541308242206773, Train_Err = 0.015
Phase:val -- LR: 0.0701 -- MU:0.6313 -- Batch_idx:50/79-- 10020.43 samples/sec-- Loss:0.07 -- Error1:1.42
Val_Loss = 0.0501573246717453, Val_Err = 1.12
Epoch: [182 | 200]
Phase:train -- LR: 0.0317 -- MU:0.2850 -- Batch_idx:50/59-- 38084.61 samples/sec-- Loss:0.00 -- Error1:0.02
Train_Loss = 0.0015275746667136748, Train_Err = 0.016666666666666666
Phase:val -- LR: 0.0431 -- MU:0.3878 -- Batch_idx:50/79-- 9132.43 samples/sec-- Loss:0.07 -- Error1:1.45
Val_Loss = 0.0501146942615509, Val_Err = 1.16
Epoch: [183 | 200]
Phase:train -- LR: 0.0302 -- MU:0.2722 -- Batch_idx:50/59-- 21792.53 samples/sec-- Loss:0.00 -- Error1:0.02
Train_Loss = 0.0014852183182102938, Train_Err = 0.016666666666666666
Phase:val -- LR: 0.0360 -- MU:0.3237 -- Batch_idx:50/79-- 8905.32 samples/sec-- Loss:0.07 -- Error1:1.45
Val_Loss = 0.051504594039916994, Val_Err = 1.17
Epoch: [184 | 200]
Phase:train -- LR: 0.0417 -- MU:0.3753 -- Batch_idx:50/59-- 28697.92 samples/sec-- Loss:0.00 -- Error1:0.01
Train_Loss = 0.0014367944557219744, Train_Err = 0.013333333333333334
Phase:val -- LR: 0.0482 -- MU:0.4334 -- Batch_idx:50/79-- 9982.29 samples/sec-- Loss:0.07 -- Error1:1.41
Val_Loss = 0.0504531578540802, Val_Err = 1.11
Epoch: [185 | 200]
Phase:train -- LR: 0.0538 -- MU:0.4839 -- Batch_idx:50/59-- 39725.64 samples/sec-- Loss:0.00 -- Error1:0.02
Train_Loss = 0.0014284500438719989, Train_Err = 0.016666666666666666
Phase:val -- LR: 0.0609 -- MU:0.5478 -- Batch_idx:50/79-- 9154.50 samples/sec-- Loss:0.07 -- Error1:1.38
Val_Loss = 0.05065870547294617, Val_Err = 1.11
Epoch: [186 | 200]
Phase:train -- LR: 0.0454 -- MU:0.4090 -- Batch_idx:50/59-- 22213.64 samples/sec-- Loss:0.00 -- Error1:0.01
Train_Loss = 0.0013812432921802005, Train_Err = 0.015
Phase:val -- LR: 0.0480 -- MU:0.4320 -- Batch_idx:50/79-- 8368.78 samples/sec-- Loss:0.07 -- Error1:1.47
Val_Loss = 0.051022932481765745, Val_Err = 1.17
Epoch: [187 | 200]
Phase:train -- LR: 0.0512 -- MU:0.4605 -- Batch_idx:50/59-- 27161.89 samples/sec-- Loss:0.00 -- Error1:0.01
Train_Loss = 0.0013830616397162278, Train_Err = 0.013333333333333334
Phase:val -- LR: 0.0587 -- MU:0.5285 -- Batch_idx:50/79-- 10729.02 samples/sec-- Loss:0.07 -- Error1:1.48
Val_Loss = 0.05144668254852295, Val_Err = 1.17
Epoch: [188 | 200]
Phase:train -- LR: 0.0428 -- MU:0.3856 -- Batch_idx:50/59-- 40234.42 samples/sec-- Loss:0.00 -- Error1:0.02
Train_Loss = 0.001363214151157687, Train_Err = 0.015
Phase:val -- LR: 0.0486 -- MU:0.4373 -- Batch_idx:50/79-- 9752.09 samples/sec-- Loss:0.07 -- Error1:1.39
Val_Loss = 0.0513602644443512, Val_Err = 1.09
Epoch: [189 | 200]
Phase:train -- LR: 0.0577 -- MU:0.5189 -- Batch_idx:50/59-- 23685.34 samples/sec-- Loss:0.00 -- Error1:0.01
Train_Loss = 0.0012862305325455963, Train_Err = 0.011666666666666667
Phase:val -- LR: 0.0636 -- MU:0.5721 -- Batch_idx:50/79-- 8351.98 samples/sec-- Loss:0.07 -- Error1:1.36
Val_Loss = 0.05133529744148255, Val_Err = 1.1
Epoch: [190 | 200]
Phase:train -- LR: 0.0454 -- MU:0.4087 -- Batch_idx:50/59-- 28107.91 samples/sec-- Loss:0.00 -- Error1:0.01
Train_Loss = 0.0012953852499524752, Train_Err = 0.008333333333333333
Phase:val -- LR: 0.0624 -- MU:0.5620 -- Batch_idx:50/79-- 9678.93 samples/sec-- Loss:0.07 -- Error1:1.38
Val_Loss = 0.05176912779808045, Val_Err = 1.11
Epoch: [191 | 200]
Phase:train -- LR: 0.0379 -- MU:0.3414 -- Batch_idx:50/59-- 35969.26 samples/sec-- Loss:0.00 -- Error1:0.01
Train_Loss = 0.0012564144927076995, Train_Err = 0.016666666666666666
Phase:val -- LR: 0.0414 -- MU:0.3725 -- Batch_idx:50/79-- 10162.27 samples/sec-- Loss:0.07 -- Error1:1.45
Val_Loss = 0.051542364025115965, Val_Err = 1.15
Epoch: [192 | 200]
Phase:train -- LR: 0.0378 -- MU:0.3403 -- Batch_idx:50/59-- 22359.22 samples/sec-- Loss:0.00 -- Error1:0.01
Train_Loss = 0.0012045135103166103, Train_Err = 0.011666666666666667
Phase:val -- LR: 0.0656 -- MU:0.5900 -- Batch_idx:50/79-- 9070.56 samples/sec-- Loss:0.07 -- Error1:1.39
Val_Loss = 0.052412427854537966, Val_Err = 1.12
Epoch: [193 | 200]
Phase:train -- LR: 0.0333 -- MU:0.2999 -- Batch_idx:50/59-- 26342.67 samples/sec-- Loss:0.00 -- Error1:0.01
Train_Loss = 0.0011407478175436457, Train_Err = 0.01
Phase:val -- LR: 0.0646 -- MU:0.5815 -- Batch_idx:50/79-- 9358.49 samples/sec-- Loss:0.07 -- Error1:1.41
Val_Loss = 0.05275013308525085, Val_Err = 1.11
Epoch: [194 | 200]
Phase:train -- LR: 0.0462 -- MU:0.4155 -- Batch_idx:50/59-- 34622.70 samples/sec-- Loss:0.00 -- Error1:0.01
Train_Loss = 0.001146939865561823, Train_Err = 0.008333333333333333
Phase:val -- LR: 0.0504 -- MU:0.4532 -- Batch_idx:50/79-- 9875.50 samples/sec-- Loss:0.07 -- Error1:1.42
Val_Loss = 0.05266538662910462, Val_Err = 1.12
Epoch: [195 | 200]
Phase:train -- LR: 0.0602 -- MU:0.5419 -- Batch_idx:50/59-- 22752.18 samples/sec-- Loss:0.00 -- Error1:0.00
Train_Loss = 0.0011020789463073014, Train_Err = 0.006666666666666667
Phase:val -- LR: 0.0600 -- MU:0.5401 -- Batch_idx:50/79-- 9115.46 samples/sec-- Loss:0.07 -- Error1:1.33
Val_Loss = 0.05255610189437866, Val_Err = 1.06
Epoch: [196 | 200]
Phase:train -- LR: 0.0426 -- MU:0.3832 -- Batch_idx:50/59-- 28403.20 samples/sec-- Loss:0.00 -- Error1:0.01
Train_Loss = 0.0011329198440847297, Train_Err = 0.006666666666666667
Phase:val -- LR: 0.0431 -- MU:0.3882 -- Batch_idx:50/79-- 9055.34 samples/sec-- Loss:0.07 -- Error1:1.38
Val_Loss = 0.05245602998733521, Val_Err = 1.07
Epoch: [197 | 200]
Phase:train -- LR: 0.0459 -- MU:0.4134 -- Batch_idx:50/59-- 32660.00 samples/sec-- Loss:0.00 -- Error1:0.01
Train_Loss = 0.0010987630768989523, Train_Err = 0.01
Phase:val -- LR: 0.0554 -- MU:0.4986 -- Batch_idx:50/79-- 10090.15 samples/sec-- Loss:0.07 -- Error1:1.47
Val_Loss = 0.05323690209388733, Val_Err = 1.16
Epoch: [198 | 200]
Phase:train -- LR: 0.0469 -- MU:0.4225 -- Batch_idx:50/59-- 23520.28 samples/sec-- Loss:0.00 -- Error1:0.01
Train_Loss = 0.0011060588603218396, Train_Err = 0.011666666666666667
Phase:val -- LR: 0.0441 -- MU:0.3972 -- Batch_idx:50/79-- 8543.03 samples/sec-- Loss:0.07 -- Error1:1.41
Val_Loss = 0.05318329076766968, Val_Err = 1.11
Epoch: [199 | 200]
Phase:train -- LR: 0.0660 -- MU:0.5936 -- Batch_idx:50/59-- 27953.35 samples/sec-- Loss:0.00 -- Error1:0.01
Train_Loss = 0.0010471031750862796, Train_Err = 0.008333333333333333
Phase:val -- LR: 0.0538 -- MU:0.4842 -- Batch_idx:50/79-- 8532.39 samples/sec-- Loss:0.07 -- Error1:1.47
Val_Loss = 0.0536493293762207, Val_Err = 1.14
