Namespace(bs=1024, cp_dir='./checkpoints/mnist/amsgd_0.1_0.995_1024_0.0/run0', data_dir='./data/mnist', dir='.', dtype='mnist', ep=200, lr=0.1, m=0.995, ms=5, n='mnist/amsgd_0.1_0.995_1024_0.0', num_classes=10, opt='amsgd', print_freq=50, use_cuda=True, wd=0.0)
Epoch: [0 | 200]
Phase:train -- LR: 0.0392 -- MU:0.3901 -- Batch_idx:50/59-- 34507.55 samples/sec-- Loss:1.63 -- Error1:49.35
Train_Loss = 1.452289648914337, Train_Err = 44.02833337809245
Phase:val -- LR: 0.0510 -- MU:0.5078 -- Batch_idx:50/79-- 12858.64 samples/sec-- Loss:0.49 -- Error1:15.62
Val_Loss = 0.45422962198257444, Val_Err = 14.24
Epoch: [1 | 200]
Phase:train -- LR: 0.0448 -- MU:0.4462 -- Batch_idx:50/59-- 37966.60 samples/sec-- Loss:0.92 -- Error1:24.99
Train_Loss = 0.8776932949066162, Train_Err = 24.198333345540366
Phase:val -- LR: 0.0758 -- MU:0.7537 -- Batch_idx:50/79-- 10952.62 samples/sec-- Loss:0.38 -- Error1:11.08
Val_Loss = 0.3287372299194336, Val_Err = 9.72
Epoch: [2 | 200]
Phase:train -- LR: 0.0561 -- MU:0.5579 -- Batch_idx:50/59-- 30204.61 samples/sec-- Loss:0.23 -- Error1:7.03
Train_Loss = 0.22461459251244864, Train_Err = 6.88
Phase:val -- LR: 0.0270 -- MU:0.2682 -- Batch_idx:50/79-- 11428.81 samples/sec-- Loss:0.20 -- Error1:6.14
Val_Loss = 0.17010326890945435, Val_Err = 5.12
Epoch: [3 | 200]
Phase:train -- LR: 0.0388 -- MU:0.3860 -- Batch_idx:50/59-- 26295.00 samples/sec-- Loss:0.16 -- Error1:4.96
Train_Loss = 0.15919437866210936, Train_Err = 4.888333304850261
Phase:val -- LR: 0.0442 -- MU:0.4393 -- Batch_idx:50/79-- 10378.61 samples/sec-- Loss:0.16 -- Error1:5.16
Val_Loss = 0.12886837289333344, Val_Err = 4.16
Epoch: [4 | 200]
Phase:train -- LR: 0.0647 -- MU:0.6443 -- Batch_idx:50/59-- 28547.83 samples/sec-- Loss:0.24 -- Error1:6.87
Train_Loss = 0.2447773120800654, Train_Err = 6.941666678873698
Phase:val -- LR: 0.0633 -- MU:0.6300 -- Batch_idx:50/79-- 10819.66 samples/sec-- Loss:0.21 -- Error1:6.28
Val_Loss = 0.17264286971092224, Val_Err = 5.04
Epoch: [5 | 200]
Phase:train -- LR: 0.0543 -- MU:0.5406 -- Batch_idx:50/59-- 35582.42 samples/sec-- Loss:0.15 -- Error1:4.42
Train_Loss = 0.14204580771923064, Train_Err = 4.289999979654948
Phase:val -- LR: 0.0621 -- MU:0.6179 -- Batch_idx:50/79-- 11353.15 samples/sec-- Loss:0.13 -- Error1:4.16
Val_Loss = 0.10581750655174256, Val_Err = 3.28
Epoch: [6 | 200]
Phase:train -- LR: 0.0531 -- MU:0.5281 -- Batch_idx:50/59-- 40188.54 samples/sec-- Loss:0.11 -- Error1:3.37
Train_Loss = 0.10853276850382487, Train_Err = 3.3500000162760415
Phase:val -- LR: 0.0432 -- MU:0.4303 -- Batch_idx:50/79-- 13154.58 samples/sec-- Loss:0.11 -- Error1:3.36
Val_Loss = 0.0885197453737259, Val_Err = 2.71
Epoch: [7 | 200]
Phase:train -- LR: 0.0601 -- MU:0.5977 -- Batch_idx:50/59-- 36335.16 samples/sec-- Loss:0.18 -- Error1:4.94
Train_Loss = 0.1951010588645935, Train_Err = 5.4716666910807294
Phase:val -- LR: 0.0677 -- MU:0.6741 -- Batch_idx:50/79-- 11057.47 samples/sec-- Loss:0.16 -- Error1:4.95
Val_Loss = 0.1301166750431061, Val_Err = 3.99
Epoch: [8 | 200]
Phase:train -- LR: 0.0513 -- MU:0.5106 -- Batch_idx:50/59-- 30401.25 samples/sec-- Loss:0.11 -- Error1:3.39
Train_Loss = 0.10499366782506307, Train_Err = 3.271666711425781
Phase:val -- LR: 0.0467 -- MU:0.4645 -- Batch_idx:50/79-- 10152.45 samples/sec-- Loss:0.10 -- Error1:3.17
Val_Loss = 0.07918017482757568, Val_Err = 2.51
Epoch: [9 | 200]
Phase:train -- LR: 0.0518 -- MU:0.5159 -- Batch_idx:50/59-- 24071.18 samples/sec-- Loss:0.08 -- Error1:2.65
Train_Loss = 0.0839616730650266, Train_Err = 2.6366666422526044
Phase:val -- LR: 0.0585 -- MU:0.5816 -- Batch_idx:50/79-- 10855.43 samples/sec-- Loss:0.09 -- Error1:2.67
Val_Loss = 0.07008704912662506, Val_Err = 2.13
Epoch: [10 | 200]
Phase:train -- LR: 0.0419 -- MU:0.4169 -- Batch_idx:50/59-- 27114.04 samples/sec-- Loss:0.07 -- Error1:2.30
Train_Loss = 0.07495740727980932, Train_Err = 2.318333378092448
Phase:val -- LR: 0.0441 -- MU:0.4386 -- Batch_idx:50/79-- 10646.26 samples/sec-- Loss:0.08 -- Error1:2.58
Val_Loss = 0.06413897106647491, Val_Err = 2.0
Epoch: [11 | 200]
Phase:train -- LR: 0.0371 -- MU:0.3689 -- Batch_idx:50/59-- 36284.23 samples/sec-- Loss:0.07 -- Error1:2.17
Train_Loss = 0.06909034502506256, Train_Err = 2.158333308919271
Phase:val -- LR: 0.0446 -- MU:0.4440 -- Batch_idx:50/79-- 11874.14 samples/sec-- Loss:0.07 -- Error1:2.33
Val_Loss = 0.05798600633144379, Val_Err = 1.84
Epoch: [12 | 200]
Phase:train -- LR: 0.0540 -- MU:0.5376 -- Batch_idx:50/59-- 41976.90 samples/sec-- Loss:0.06 -- Error1:1.96
Train_Loss = 0.06340170457959175, Train_Err = 1.9650000122070312
Phase:val -- LR: 0.0389 -- MU:0.3871 -- Batch_idx:50/79-- 12697.36 samples/sec-- Loss:0.07 -- Error1:2.20
Val_Loss = 0.0553717098236084, Val_Err = 1.79
Epoch: [13 | 200]
Phase:train -- LR: 0.0199 -- MU:0.1978 -- Batch_idx:50/59-- 40147.55 samples/sec-- Loss:0.06 -- Error1:1.87
Train_Loss = 0.05923835543394089, Train_Err = 1.8533333089192707
Phase:val -- LR: 0.0421 -- MU:0.4193 -- Batch_idx:50/79-- 10740.57 samples/sec-- Loss:0.07 -- Error1:2.09
Val_Loss = 0.05328928947448731, Val_Err = 1.63
Epoch: [14 | 200]
Phase:train -- LR: 0.0557 -- MU:0.5546 -- Batch_idx:50/59-- 29770.78 samples/sec-- Loss:0.06 -- Error1:1.75
Train_Loss = 0.05580193564494451, Train_Err = 1.7333333374023439
Phase:val -- LR: 0.0473 -- MU:0.4711 -- Batch_idx:50/79-- 10823.40 samples/sec-- Loss:0.06 -- Error1:2.09
Val_Loss = 0.050545106649398805, Val_Err = 1.63
Epoch: [15 | 200]
Phase:train -- LR: 0.0516 -- MU:0.5139 -- Batch_idx:50/59-- 23549.83 samples/sec-- Loss:0.05 -- Error1:1.63
Train_Loss = 0.052892050874233244, Train_Err = 1.6433333374023438
Phase:val -- LR: 0.0381 -- MU:0.3794 -- Batch_idx:50/79-- 10795.27 samples/sec-- Loss:0.06 -- Error1:2.06
Val_Loss = 0.04914074375629425, Val_Err = 1.63
Epoch: [16 | 200]
Phase:train -- LR: 0.0291 -- MU:0.2900 -- Batch_idx:50/59-- 28082.97 samples/sec-- Loss:0.05 -- Error1:1.49
Train_Loss = 0.04995157855351766, Train_Err = 1.5133333374023437
Phase:val -- LR: 0.0521 -- MU:0.5179 -- Batch_idx:50/79-- 10655.85 samples/sec-- Loss:0.06 -- Error1:1.91
Val_Loss = 0.046935857367515564, Val_Err = 1.48
Epoch: [17 | 200]
Phase:train -- LR: 0.0433 -- MU:0.4313 -- Batch_idx:50/59-- 37785.90 samples/sec-- Loss:0.05 -- Error1:1.48
Train_Loss = 0.047418660281101865, Train_Err = 1.483333321126302
Phase:val -- LR: 0.0492 -- MU:0.4895 -- Batch_idx:50/79-- 12039.80 samples/sec-- Loss:0.06 -- Error1:2.02
Val_Loss = 0.04786369407176971, Val_Err = 1.58
Epoch: [18 | 200]
Phase:train -- LR: 0.0357 -- MU:0.3551 -- Batch_idx:50/59-- 42587.11 samples/sec-- Loss:0.05 -- Error1:1.39
Train_Loss = 0.04561299042701721, Train_Err = 1.406666678873698
Phase:val -- LR: 0.0630 -- MU:0.6268 -- Batch_idx:50/79-- 12858.69 samples/sec-- Loss:0.06 -- Error1:2.09
Val_Loss = 0.047767053985595706, Val_Err = 1.62
Epoch: [19 | 200]
Phase:train -- LR: 0.0725 -- MU:0.7211 -- Batch_idx:50/59-- 41186.89 samples/sec-- Loss:0.04 -- Error1:1.38
Train_Loss = 0.04403724004427592, Train_Err = 1.3799999877929687
Phase:val -- LR: 0.0544 -- MU:0.5415 -- Batch_idx:50/79-- 10799.89 samples/sec-- Loss:0.06 -- Error1:1.83
Val_Loss = 0.044575115728378294, Val_Err = 1.46
Epoch: [20 | 200]
Phase:train -- LR: 0.0486 -- MU:0.4831 -- Batch_idx:50/59-- 29853.47 samples/sec-- Loss:0.04 -- Error1:1.28
Train_Loss = 0.041617379303773246, Train_Err = 1.2699999959309896
Phase:val -- LR: 0.0504 -- MU:0.5017 -- Batch_idx:50/79-- 9606.75 samples/sec-- Loss:0.06 -- Error1:1.97
Val_Loss = 0.04929054548740387, Val_Err = 1.51
Epoch: [21 | 200]
Phase:train -- LR: 0.0556 -- MU:0.5537 -- Batch_idx:50/59-- 24890.92 samples/sec-- Loss:0.04 -- Error1:1.26
Train_Loss = 0.04028671127359072, Train_Err = 1.24166669921875
Phase:val -- LR: 0.0498 -- MU:0.4954 -- Batch_idx:50/79-- 10374.41 samples/sec-- Loss:0.05 -- Error1:1.80
Val_Loss = 0.04276889224052429, Val_Err = 1.44
Epoch: [22 | 200]
Phase:train -- LR: 0.0439 -- MU:0.4364 -- Batch_idx:50/59-- 28340.31 samples/sec-- Loss:0.04 -- Error1:1.16
Train_Loss = 0.03838262616097927, Train_Err = 1.1700000325520834
Phase:val -- LR: 0.0355 -- MU:0.3530 -- Batch_idx:50/79-- 11544.34 samples/sec-- Loss:0.05 -- Error1:1.75
Val_Loss = 0.04191035952568054, Val_Err = 1.36
Epoch: [23 | 200]
Phase:train -- LR: 0.0502 -- MU:0.4995 -- Batch_idx:50/59-- 37850.87 samples/sec-- Loss:0.04 -- Error1:1.10
Train_Loss = 0.03644779920180639, Train_Err = 1.1366666707356772
Phase:val -- LR: 0.0371 -- MU:0.3691 -- Batch_idx:50/79-- 11935.17 samples/sec-- Loss:0.05 -- Error1:1.73
Val_Loss = 0.04129162673950195, Val_Err = 1.4
Epoch: [24 | 200]
Phase:train -- LR: 0.0372 -- MU:0.3700 -- Batch_idx:50/59-- 44209.00 samples/sec-- Loss:0.04 -- Error1:1.09
Train_Loss = 0.035450788336992264, Train_Err = 1.0733333740234374
Phase:val -- LR: 0.0366 -- MU:0.3645 -- Batch_idx:50/79-- 12709.27 samples/sec-- Loss:0.06 -- Error1:1.78
Val_Loss = 0.04495327560901642, Val_Err = 1.51
Epoch: [25 | 200]
Phase:train -- LR: 0.0502 -- MU:0.4991 -- Batch_idx:50/59-- 38280.66 samples/sec-- Loss:0.03 -- Error1:1.02
Train_Loss = 0.03419695855577787, Train_Err = 1.0316666544596353
Phase:val -- LR: 0.0492 -- MU:0.4898 -- Batch_idx:50/79-- 10720.21 samples/sec-- Loss:0.05 -- Error1:1.61
Val_Loss = 0.04095872573852539, Val_Err = 1.28
Epoch: [26 | 200]
Phase:train -- LR: 0.0407 -- MU:0.4053 -- Batch_idx:50/59-- 28657.44 samples/sec-- Loss:0.03 -- Error1:1.02
Train_Loss = 0.033084741272528966, Train_Err = 1.0149999877929687
Phase:val -- LR: 0.0454 -- MU:0.4514 -- Batch_idx:50/79-- 10272.19 samples/sec-- Loss:0.05 -- Error1:1.56
Val_Loss = 0.03904865596294403, Val_Err = 1.24
Epoch: [27 | 200]
Phase:train -- LR: 0.0338 -- MU:0.3360 -- Batch_idx:50/59-- 24798.53 samples/sec-- Loss:0.03 -- Error1:0.94
Train_Loss = 0.03202074210246404, Train_Err = 0.9566666463216146
Phase:val -- LR: 0.0540 -- MU:0.5370 -- Batch_idx:50/79-- 10584.56 samples/sec-- Loss:0.05 -- Error1:1.52
Val_Loss = 0.03806859579086304, Val_Err = 1.21
Epoch: [28 | 200]
Phase:train -- LR: 0.0233 -- MU:0.2315 -- Batch_idx:50/59-- 27237.52 samples/sec-- Loss:0.03 -- Error1:0.91
Train_Loss = 0.03063936226864656, Train_Err = 0.9250000406901042
Phase:val -- LR: 0.0362 -- MU:0.3599 -- Batch_idx:50/79-- 11055.84 samples/sec-- Loss:0.05 -- Error1:1.56
Val_Loss = 0.03823715772628784, Val_Err = 1.21
Epoch: [29 | 200]
Phase:train -- LR: 0.0432 -- MU:0.4301 -- Batch_idx:50/59-- 37801.44 samples/sec-- Loss:0.03 -- Error1:0.91
Train_Loss = 0.02973842347760995, Train_Err = 0.9083333658854167
Phase:val -- LR: 0.0417 -- MU:0.4145 -- Batch_idx:50/79-- 13110.92 samples/sec-- Loss:0.05 -- Error1:1.52
Val_Loss = 0.03776731295585632, Val_Err = 1.21
Epoch: [30 | 200]
Phase:train -- LR: 0.0335 -- MU:0.3337 -- Batch_idx:50/59-- 43267.24 samples/sec-- Loss:0.03 -- Error1:0.87
Train_Loss = 0.028490996913115185, Train_Err = 0.8833333374023438
Phase:val -- LR: 0.0408 -- MU:0.4055 -- Batch_idx:50/79-- 13139.23 samples/sec-- Loss:0.05 -- Error1:1.50
Val_Loss = 0.03866995358467102, Val_Err = 1.22
Epoch: [31 | 200]
Phase:train -- LR: 0.0419 -- MU:0.4168 -- Batch_idx:50/59-- 31556.66 samples/sec-- Loss:0.03 -- Error1:0.79
Train_Loss = 0.027839129732052485, Train_Err = 0.8200000325520833
Phase:val -- LR: 0.0353 -- MU:0.3511 -- Batch_idx:50/79-- 10585.47 samples/sec-- Loss:0.05 -- Error1:1.42
Val_Loss = 0.03709638521671295, Val_Err = 1.14
Epoch: [32 | 200]
Phase:train -- LR: 0.0443 -- MU:0.4412 -- Batch_idx:50/59-- 23913.09 samples/sec-- Loss:0.03 -- Error1:0.80
Train_Loss = 0.026826762230197587, Train_Err = 0.7800000244140625
Phase:val -- LR: 0.0410 -- MU:0.4082 -- Batch_idx:50/79-- 9804.18 samples/sec-- Loss:0.05 -- Error1:1.53
Val_Loss = 0.037675729846954345, Val_Err = 1.25
Epoch: [33 | 200]
Phase:train -- LR: 0.0571 -- MU:0.5680 -- Batch_idx:50/59-- 23079.15 samples/sec-- Loss:0.03 -- Error1:0.75
Train_Loss = 0.025871853083868822, Train_Err = 0.7816666748046875
Phase:val -- LR: 0.0508 -- MU:0.5054 -- Batch_idx:50/79-- 10377.60 samples/sec-- Loss:0.05 -- Error1:1.38
Val_Loss = 0.03572327618598938, Val_Err = 1.1
Epoch: [34 | 200]
Phase:train -- LR: 0.0822 -- MU:0.8184 -- Batch_idx:50/59-- 28739.42 samples/sec-- Loss:0.03 -- Error1:0.80
Train_Loss = 0.02624237914979458, Train_Err = 0.8166667073567708
Phase:val -- LR: 0.0648 -- MU:0.6451 -- Batch_idx:50/79-- 11787.67 samples/sec-- Loss:0.05 -- Error1:1.44
Val_Loss = 0.03691426341533661, Val_Err = 1.16
Epoch: [35 | 200]
Phase:train -- LR: 0.0459 -- MU:0.4565 -- Batch_idx:50/59-- 39445.14 samples/sec-- Loss:0.02 -- Error1:0.72
Train_Loss = 0.024965632556875547, Train_Err = 0.7333333658854166
Phase:val -- LR: 0.0209 -- MU:0.2077 -- Batch_idx:50/79-- 12897.04 samples/sec-- Loss:0.05 -- Error1:1.48
Val_Loss = 0.03675730702877045, Val_Err = 1.19
Epoch: [36 | 200]
Phase:train -- LR: 0.0568 -- MU:0.5650 -- Batch_idx:50/59-- 44159.81 samples/sec-- Loss:0.26 -- Error1:4.66
Train_Loss = 0.22915068465272587, Train_Err = 4.2333333211263025
Phase:val -- LR: 0.0491 -- MU:0.4882 -- Batch_idx:50/79-- 12660.10 samples/sec-- Loss:0.08 -- Error1:2.48
Val_Loss = 0.065833336353302, Val_Err = 2.03
Epoch: [37 | 200]
Phase:train -- LR: 0.0506 -- MU:0.5038 -- Batch_idx:50/59-- 30453.22 samples/sec-- Loss:0.05 -- Error1:1.71
Train_Loss = 0.052236074844996136, Train_Err = 1.666666678873698
Phase:val -- LR: 0.0430 -- MU:0.4281 -- Batch_idx:50/79-- 10463.80 samples/sec-- Loss:0.06 -- Error1:1.94
Val_Loss = 0.04947370574474335, Val_Err = 1.59
Epoch: [38 | 200]
Phase:train -- LR: 0.0341 -- MU:0.3390 -- Batch_idx:50/59-- 23737.02 samples/sec-- Loss:0.04 -- Error1:1.30
Train_Loss = 0.041492884478966395, Train_Err = 1.2949999877929688
Phase:val -- LR: 0.0568 -- MU:0.5648 -- Batch_idx:50/79-- 10679.87 samples/sec-- Loss:0.06 -- Error1:1.75
Val_Loss = 0.04467216489315033, Val_Err = 1.4
Epoch: [39 | 200]
Phase:train -- LR: 0.0586 -- MU:0.5833 -- Batch_idx:50/59-- 23713.87 samples/sec-- Loss:0.04 -- Error1:1.14
Train_Loss = 0.036105488180120784, Train_Err = 1.1383333658854167
Phase:val -- LR: 0.0437 -- MU:0.4352 -- Batch_idx:50/79-- 10466.92 samples/sec-- Loss:0.05 -- Error1:1.53
Val_Loss = 0.0409600971698761, Val_Err = 1.25
Epoch: [40 | 200]
Phase:train -- LR: 0.0463 -- MU:0.4608 -- Batch_idx:50/59-- 29860.16 samples/sec-- Loss:0.03 -- Error1:0.99
Train_Loss = 0.03263011876742045, Train_Err = 0.9783333129882813
Phase:val -- LR: 0.0529 -- MU:0.5262 -- Batch_idx:50/79-- 11690.68 samples/sec-- Loss:0.05 -- Error1:1.64
Val_Loss = 0.04139887971878052, Val_Err = 1.3
Epoch: [41 | 200]
Phase:train -- LR: 0.0384 -- MU:0.3817 -- Batch_idx:50/59-- 43849.96 samples/sec-- Loss:0.03 -- Error1:0.90
Train_Loss = 0.03005443573196729, Train_Err = 0.8800000325520834
Phase:val -- LR: 0.0494 -- MU:0.4917 -- Batch_idx:50/79-- 12480.98 samples/sec-- Loss:0.05 -- Error1:1.58
Val_Loss = 0.03988762745857239, Val_Err = 1.23
Epoch: [42 | 200]
Phase:train -- LR: 0.0460 -- MU:0.4577 -- Batch_idx:50/59-- 45098.89 samples/sec-- Loss:0.03 -- Error1:0.80
Train_Loss = 0.027775404953956605, Train_Err = 0.810000020345052
Phase:val -- LR: 0.0520 -- MU:0.5176 -- Batch_idx:50/79-- 12806.30 samples/sec-- Loss:0.05 -- Error1:1.61
Val_Loss = 0.038451358699798585, Val_Err = 1.25
Epoch: [43 | 200]
Phase:train -- LR: 0.0407 -- MU:0.4053 -- Batch_idx:50/59-- 31855.55 samples/sec-- Loss:0.03 -- Error1:0.78
Train_Loss = 0.026198240093390147, Train_Err = 0.7766666544596355
Phase:val -- LR: 0.0679 -- MU:0.6751 -- Batch_idx:50/79-- 10143.93 samples/sec-- Loss:0.05 -- Error1:1.73
Val_Loss = 0.03958913328647613, Val_Err = 1.35
Epoch: [44 | 200]
Phase:train -- LR: 0.0448 -- MU:0.4457 -- Batch_idx:50/59-- 23213.49 samples/sec-- Loss:0.03 -- Error1:0.74
Train_Loss = 0.025122704215844473, Train_Err = 0.7416666381835938
Phase:val -- LR: 0.0400 -- MU:0.3976 -- Batch_idx:50/79-- 9887.33 samples/sec-- Loss:0.05 -- Error1:1.48
Val_Loss = 0.035909776377677914, Val_Err = 1.18
Epoch: [45 | 200]
Phase:train -- LR: 0.0689 -- MU:0.6854 -- Batch_idx:50/59-- 23274.28 samples/sec-- Loss:0.02 -- Error1:0.66
Train_Loss = 0.023270555275678634, Train_Err = 0.6733333211263021
Phase:val -- LR: 0.0524 -- MU:0.5212 -- Batch_idx:50/79-- 9844.88 samples/sec-- Loss:0.05 -- Error1:1.48
Val_Loss = 0.03664449279308319, Val_Err = 1.15
Epoch: [46 | 200]
Phase:train -- LR: 0.0541 -- MU:0.5387 -- Batch_idx:50/59-- 31583.74 samples/sec-- Loss:0.02 -- Error1:0.68
Train_Loss = 0.02273871472279231, Train_Err = 0.6716666829427084
Phase:val -- LR: 0.0588 -- MU:0.5849 -- Batch_idx:50/79-- 11604.59 samples/sec-- Loss:0.05 -- Error1:1.41
Val_Loss = 0.03506891419887543, Val_Err = 1.13
Epoch: [47 | 200]
Phase:train -- LR: 0.0395 -- MU:0.3931 -- Batch_idx:50/59-- 43801.43 samples/sec-- Loss:0.02 -- Error1:0.63
Train_Loss = 0.021548756245772044, Train_Err = 0.6316666381835937
Phase:val -- LR: 0.0413 -- MU:0.4109 -- Batch_idx:50/79-- 12528.46 samples/sec-- Loss:0.05 -- Error1:1.42
Val_Loss = 0.03596566834449768, Val_Err = 1.09
Epoch: [48 | 200]
Phase:train -- LR: 0.0397 -- MU:0.3947 -- Batch_idx:50/59-- 42952.10 samples/sec-- Loss:0.02 -- Error1:0.59
Train_Loss = 0.020499477835496268, Train_Err = 0.6000000406901042
Phase:val -- LR: 0.0393 -- MU:0.3907 -- Batch_idx:50/79-- 11884.85 samples/sec-- Loss:0.05 -- Error1:1.55
Val_Loss = 0.03604514358043671, Val_Err = 1.21
Epoch: [49 | 200]
Phase:train -- LR: 0.0554 -- MU:0.5516 -- Batch_idx:50/59-- 28433.64 samples/sec-- Loss:0.02 -- Error1:0.58
Train_Loss = 0.01966579464773337, Train_Err = 0.5700000406901041
Phase:val -- LR: 0.0467 -- MU:0.4643 -- Batch_idx:50/79-- 10452.40 samples/sec-- Loss:0.05 -- Error1:1.47
Val_Loss = 0.03601303825378418, Val_Err = 1.16
Epoch: [50 | 200]
Phase:train -- LR: 0.0507 -- MU:0.5042 -- Batch_idx:50/59-- 24762.12 samples/sec-- Loss:0.02 -- Error1:0.57
Train_Loss = 0.01901484824816386, Train_Err = 0.5583333658854167
Phase:val -- LR: 0.0424 -- MU:0.4220 -- Batch_idx:50/79-- 9833.01 samples/sec-- Loss:0.05 -- Error1:1.48
Val_Loss = 0.03465346908569336, Val_Err = 1.13
Epoch: [51 | 200]
Phase:train -- LR: 0.0474 -- MU:0.4715 -- Batch_idx:50/59-- 25761.79 samples/sec-- Loss:0.02 -- Error1:0.51
Train_Loss = 0.018201597906152406, Train_Err = 0.5183333048502604
Phase:val -- LR: 0.0505 -- MU:0.5023 -- Batch_idx:50/79-- 9786.72 samples/sec-- Loss:0.05 -- Error1:1.48
Val_Loss = 0.034999561977386476, Val_Err = 1.16
Epoch: [52 | 200]
Phase:train -- LR: 0.0445 -- MU:0.4432 -- Batch_idx:50/59-- 31892.40 samples/sec-- Loss:0.02 -- Error1:0.52
Train_Loss = 0.01771049995472034, Train_Err = 0.5216666829427083
Phase:val -- LR: 0.0364 -- MU:0.3620 -- Batch_idx:50/79-- 12794.09 samples/sec-- Loss:0.05 -- Error1:1.45
Val_Loss = 0.034592763471603394, Val_Err = 1.16
Epoch: [53 | 200]
Phase:train -- LR: 0.0461 -- MU:0.4586 -- Batch_idx:50/59-- 43998.10 samples/sec-- Loss:0.02 -- Error1:0.51
Train_Loss = 0.016991769968469937, Train_Err = 0.5049999959309895
Phase:val -- LR: 0.0446 -- MU:0.4434 -- Batch_idx:50/79-- 12389.21 samples/sec-- Loss:0.05 -- Error1:1.55
Val_Loss = 0.0360142858505249, Val_Err = 1.2
Epoch: [54 | 200]
Phase:train -- LR: 0.0324 -- MU:0.3227 -- Batch_idx:50/59-- 44672.75 samples/sec-- Loss:0.02 -- Error1:0.47
Train_Loss = 0.016466648517052332, Train_Err = 0.46666669108072917
Phase:val -- LR: 0.0499 -- MU:0.4965 -- Batch_idx:50/79-- 11670.50 samples/sec-- Loss:0.04 -- Error1:1.44
Val_Loss = 0.033966779232025145, Val_Err = 1.13
Epoch: [55 | 200]
Phase:train -- LR: 0.0437 -- MU:0.4351 -- Batch_idx:50/59-- 24687.83 samples/sec-- Loss:0.02 -- Error1:0.44
Train_Loss = 0.015859105988343558, Train_Err = 0.4466666748046875
Phase:val -- LR: 0.0458 -- MU:0.4559 -- Batch_idx:50/79-- 9876.11 samples/sec-- Loss:0.05 -- Error1:1.47
Val_Loss = 0.03481742625236511, Val_Err = 1.16
Epoch: [56 | 200]
Phase:train -- LR: 0.0369 -- MU:0.3676 -- Batch_idx:50/59-- 23226.26 samples/sec-- Loss:0.01 -- Error1:0.44
Train_Loss = 0.015335887304693461, Train_Err = 0.43833334147135417
Phase:val -- LR: 0.0515 -- MU:0.5120 -- Batch_idx:50/79-- 10326.75 samples/sec-- Loss:0.05 -- Error1:1.53
Val_Loss = 0.035168122243881224, Val_Err = 1.22
Epoch: [57 | 200]
Phase:train -- LR: 0.0575 -- MU:0.5721 -- Batch_idx:50/59-- 28022.45 samples/sec-- Loss:0.01 -- Error1:0.41
Train_Loss = 0.014722059677789608, Train_Err = 0.40166666666666667
Phase:val -- LR: 0.0489 -- MU:0.4869 -- Batch_idx:50/79-- 11009.55 samples/sec-- Loss:0.04 -- Error1:1.38
Val_Loss = 0.034164944505691526, Val_Err = 1.08
Epoch: [58 | 200]
Phase:train -- LR: 0.0595 -- MU:0.5916 -- Batch_idx:50/59-- 39619.09 samples/sec-- Loss:0.01 -- Error1:0.38
Train_Loss = 0.014200229648252329, Train_Err = 0.388333349609375
Phase:val -- LR: 0.0443 -- MU:0.4409 -- Batch_idx:50/79-- 12539.97 samples/sec-- Loss:0.04 -- Error1:1.41
Val_Loss = 0.0338126959323883, Val_Err = 1.13
Epoch: [59 | 200]
Phase:train -- LR: 0.0577 -- MU:0.5743 -- Batch_idx:50/59-- 45098.73 samples/sec-- Loss:0.01 -- Error1:0.37
Train_Loss = 0.013632391944527627, Train_Err = 0.39166669108072916
Phase:val -- LR: 0.0610 -- MU:0.6066 -- Batch_idx:50/79-- 11853.37 samples/sec-- Loss:0.05 -- Error1:1.44
Val_Loss = 0.034949309921264646, Val_Err = 1.16
Epoch: [60 | 200]
Phase:train -- LR: 0.0442 -- MU:0.4401 -- Batch_idx:50/59-- 36875.59 samples/sec-- Loss:0.01 -- Error1:0.35
Train_Loss = 0.013291449382901192, Train_Err = 0.35500004069010416
Phase:val -- LR: 0.0524 -- MU:0.5214 -- Batch_idx:50/79-- 11494.28 samples/sec-- Loss:0.05 -- Error1:1.38
Val_Loss = 0.03551717178821564, Val_Err = 1.1
Epoch: [61 | 200]
Phase:train -- LR: 0.0484 -- MU:0.4819 -- Batch_idx:50/59-- 23367.11 samples/sec-- Loss:0.01 -- Error1:0.33
Train_Loss = 0.012875630669295788, Train_Err = 0.333333349609375
Phase:val -- LR: 0.0545 -- MU:0.5428 -- Batch_idx:50/79-- 10130.74 samples/sec-- Loss:0.05 -- Error1:1.52
Val_Loss = 0.035550398921966556, Val_Err = 1.16
Epoch: [62 | 200]
Phase:train -- LR: 0.0527 -- MU:0.5246 -- Batch_idx:50/59-- 26021.15 samples/sec-- Loss:0.01 -- Error1:0.34
Train_Loss = 0.012615517615278562, Train_Err = 0.33500004069010414
Phase:val -- LR: 0.0419 -- MU:0.4172 -- Batch_idx:50/79-- 10491.07 samples/sec-- Loss:0.05 -- Error1:1.36
Val_Loss = 0.035781965804100035, Val_Err = 1.1
Epoch: [63 | 200]
Phase:train -- LR: 0.0561 -- MU:0.5584 -- Batch_idx:50/59-- 31408.91 samples/sec-- Loss:0.01 -- Error1:0.32
Train_Loss = 0.01222096061607202, Train_Err = 0.32333336588541667
Phase:val -- LR: 0.0612 -- MU:0.6091 -- Batch_idx:50/79-- 11989.43 samples/sec-- Loss:0.05 -- Error1:1.34
Val_Loss = 0.034871804642677307, Val_Err = 1.08
Epoch: [64 | 200]
Phase:train -- LR: 0.0507 -- MU:0.5043 -- Batch_idx:50/59-- 44022.37 samples/sec-- Loss:0.01 -- Error1:0.28
Train_Loss = 0.011688786751776934, Train_Err = 0.29500000813802085
Phase:val -- LR: 0.0523 -- MU:0.5199 -- Batch_idx:50/79-- 12565.59 samples/sec-- Loss:0.05 -- Error1:1.47
Val_Loss = 0.03512593686580658, Val_Err = 1.14
Epoch: [65 | 200]
Phase:train -- LR: 0.0536 -- MU:0.5329 -- Batch_idx:50/59-- 36779.46 samples/sec-- Loss:0.01 -- Error1:0.26
Train_Loss = 0.011128188860913117, Train_Err = 0.2550000081380208
Phase:val -- LR: 0.0359 -- MU:0.3570 -- Batch_idx:50/79-- 11789.62 samples/sec-- Loss:0.04 -- Error1:1.31
Val_Loss = 0.033867134094238284, Val_Err = 1.05
Epoch: [66 | 200]
Phase:train -- LR: 0.0517 -- MU:0.5146 -- Batch_idx:50/59-- 31601.49 samples/sec-- Loss:0.01 -- Error1:0.23
Train_Loss = 0.010728140003979206, Train_Err = 0.23333335774739583
Phase:val -- LR: 0.0594 -- MU:0.5913 -- Batch_idx:50/79-- 9947.95 samples/sec-- Loss:0.05 -- Error1:1.36
Val_Loss = 0.034812512421607975, Val_Err = 1.06
Epoch: [67 | 200]
Phase:train -- LR: 0.0566 -- MU:0.5629 -- Batch_idx:50/59-- 28688.67 samples/sec-- Loss:0.01 -- Error1:0.24
Train_Loss = 0.010609229709456365, Train_Err = 0.25333334147135417
Phase:val -- LR: 0.0641 -- MU:0.6383 -- Batch_idx:50/79-- 10687.40 samples/sec-- Loss:0.05 -- Error1:1.38
Val_Loss = 0.03539080774784088, Val_Err = 1.08
Epoch: [68 | 200]
Phase:train -- LR: 0.0512 -- MU:0.5096 -- Batch_idx:50/59-- 29356.68 samples/sec-- Loss:0.01 -- Error1:0.23
Train_Loss = 0.010139151254296304, Train_Err = 0.233333349609375
Phase:val -- LR: 0.0445 -- MU:0.4428 -- Batch_idx:50/79-- 11236.25 samples/sec-- Loss:0.05 -- Error1:1.38
Val_Loss = 0.035185513472557065, Val_Err = 1.1
Epoch: [69 | 200]
Phase:train -- LR: 0.0479 -- MU:0.4769 -- Batch_idx:50/59-- 40994.31 samples/sec-- Loss:0.01 -- Error1:0.24
Train_Loss = 0.00985485786596934, Train_Err = 0.2266666748046875
Phase:val -- LR: 0.0463 -- MU:0.4611 -- Batch_idx:50/79-- 11855.76 samples/sec-- Loss:0.05 -- Error1:1.38
Val_Loss = 0.03499020712375641, Val_Err = 1.06
Epoch: [70 | 200]
Phase:train -- LR: 0.0397 -- MU:0.3950 -- Batch_idx:50/59-- 35773.45 samples/sec-- Loss:0.01 -- Error1:0.24
Train_Loss = 0.009517285608003537, Train_Err = 0.22333333333333333
Phase:val -- LR: 0.0484 -- MU:0.4818 -- Batch_idx:50/79-- 12153.34 samples/sec-- Loss:0.04 -- Error1:1.36
Val_Loss = 0.03420563018321991, Val_Err = 1.11
Epoch: [71 | 200]
Phase:train -- LR: 0.0400 -- MU:0.3979 -- Batch_idx:50/59-- 35918.28 samples/sec-- Loss:0.01 -- Error1:0.19
Train_Loss = 0.009134850086768469, Train_Err = 0.20166669921875
Phase:val -- LR: 0.0418 -- MU:0.4158 -- Batch_idx:50/79-- 11745.49 samples/sec-- Loss:0.05 -- Error1:1.33
Val_Loss = 0.035081417632102964, Val_Err = 1.02
Epoch: [72 | 200]
Phase:train -- LR: 0.0507 -- MU:0.5049 -- Batch_idx:50/59-- 29175.53 samples/sec-- Loss:0.01 -- Error1:0.21
Train_Loss = 0.008994932409624259, Train_Err = 0.203333349609375
Phase:val -- LR: 0.0504 -- MU:0.5012 -- Batch_idx:50/79-- 11100.64 samples/sec-- Loss:0.05 -- Error1:1.33
Val_Loss = 0.035539314460754395, Val_Err = 1.04
Epoch: [73 | 200]
Phase:train -- LR: 0.0293 -- MU:0.2916 -- Batch_idx:50/59-- 29753.33 samples/sec-- Loss:0.01 -- Error1:0.16
Train_Loss = 0.008503833073874315, Train_Err = 0.17333336588541667
Phase:val -- LR: 0.0472 -- MU:0.4692 -- Batch_idx:50/79-- 10681.30 samples/sec-- Loss:0.05 -- Error1:1.30
Val_Loss = 0.03581943128108978, Val_Err = 1.0
Epoch: [74 | 200]
Phase:train -- LR: 0.0268 -- MU:0.2665 -- Batch_idx:50/59-- 31799.85 samples/sec-- Loss:0.01 -- Error1:0.19
Train_Loss = 0.00846114343603452, Train_Err = 0.185
Phase:val -- LR: 0.0421 -- MU:0.4187 -- Batch_idx:50/79-- 12178.05 samples/sec-- Loss:0.05 -- Error1:1.28
Val_Loss = 0.036149074411392215, Val_Err = 1.0
Epoch: [75 | 200]
Phase:train -- LR: 0.0519 -- MU:0.5162 -- Batch_idx:50/59-- 37042.88 samples/sec-- Loss:0.01 -- Error1:0.15
Train_Loss = 0.008016828375061354, Train_Err = 0.1466666748046875
Phase:val -- LR: 0.0394 -- MU:0.3923 -- Batch_idx:50/79-- 11909.28 samples/sec-- Loss:0.05 -- Error1:1.31
Val_Loss = 0.03544891769886017, Val_Err = 1.03
Epoch: [76 | 200]
Phase:train -- LR: 0.0417 -- MU:0.4148 -- Batch_idx:50/59-- 37321.57 samples/sec-- Loss:0.01 -- Error1:0.17
Train_Loss = 0.008152940669159095, Train_Err = 0.16500001627604166
Phase:val -- LR: 0.0508 -- MU:0.5056 -- Batch_idx:50/79-- 12563.33 samples/sec-- Loss:0.05 -- Error1:1.34
Val_Loss = 0.03522860174179077, Val_Err = 1.05
Epoch: [77 | 200]
Phase:train -- LR: 0.0536 -- MU:0.5328 -- Batch_idx:50/59-- 29249.27 samples/sec-- Loss:0.01 -- Error1:0.14
Train_Loss = 0.007656449214617412, Train_Err = 0.13833333333333334
Phase:val -- LR: 0.0579 -- MU:0.5758 -- Batch_idx:50/79-- 10650.02 samples/sec-- Loss:0.05 -- Error1:1.33
Val_Loss = 0.03484060492515564, Val_Err = 1.01
Epoch: [78 | 200]
Phase:train -- LR: 0.0411 -- MU:0.4092 -- Batch_idx:50/59-- 29195.83 samples/sec-- Loss:0.01 -- Error1:0.16
Train_Loss = 0.007447877345482508, Train_Err = 0.15500000813802084
Phase:val -- LR: 0.0505 -- MU:0.5022 -- Batch_idx:50/79-- 10671.89 samples/sec-- Loss:0.05 -- Error1:1.34
Val_Loss = 0.03523820595741272, Val_Err = 1.03
Epoch: [79 | 200]
Phase:train -- LR: 0.0603 -- MU:0.6005 -- Batch_idx:50/59-- 30368.17 samples/sec-- Loss:0.01 -- Error1:0.11
Train_Loss = 0.0070944611370563505, Train_Err = 0.118333349609375
Phase:val -- LR: 0.0376 -- MU:0.3746 -- Batch_idx:50/79-- 10595.84 samples/sec-- Loss:0.05 -- Error1:1.34
Val_Loss = 0.03717987551689148, Val_Err = 1.02
Epoch: [80 | 200]
Phase:train -- LR: 0.0544 -- MU:0.5413 -- Batch_idx:50/59-- 36129.37 samples/sec-- Loss:0.01 -- Error1:0.13
Train_Loss = 0.007044940125445525, Train_Err = 0.13333334147135417
Phase:val -- LR: 0.0421 -- MU:0.4188 -- Batch_idx:50/79-- 11110.38 samples/sec-- Loss:0.05 -- Error1:1.23
Val_Loss = 0.035473485374450685, Val_Err = 0.99
Epoch: [81 | 200]
Phase:train -- LR: 0.0463 -- MU:0.4609 -- Batch_idx:50/59-- 39121.96 samples/sec-- Loss:0.01 -- Error1:0.14
Train_Loss = 0.006836105025808017, Train_Err = 0.13333334147135417
Phase:val -- LR: 0.0508 -- MU:0.5050 -- Batch_idx:50/79-- 12635.41 samples/sec-- Loss:0.05 -- Error1:1.30
Val_Loss = 0.035441888856887815, Val_Err = 0.98
Epoch: [82 | 200]
Phase:train -- LR: 0.0518 -- MU:0.5150 -- Batch_idx:50/59-- 34727.35 samples/sec-- Loss:0.01 -- Error1:0.10
Train_Loss = 0.006517799939463536, Train_Err = 0.10833334147135416
Phase:val -- LR: 0.0456 -- MU:0.4540 -- Batch_idx:50/79-- 10788.80 samples/sec-- Loss:0.05 -- Error1:1.28
Val_Loss = 0.03541801896095276, Val_Err = 1.03
Epoch: [83 | 200]
Phase:train -- LR: 0.0597 -- MU:0.5935 -- Batch_idx:50/59-- 27965.79 samples/sec-- Loss:0.01 -- Error1:0.13
Train_Loss = 0.006348440637687842, Train_Err = 0.11833333333333333
Phase:val -- LR: 0.0542 -- MU:0.5393 -- Batch_idx:50/79-- 10187.06 samples/sec-- Loss:0.05 -- Error1:1.25
Val_Loss = 0.03580574321746826, Val_Err = 0.98
Epoch: [84 | 200]
Phase:train -- LR: 0.0397 -- MU:0.3947 -- Batch_idx:50/59-- 25543.15 samples/sec-- Loss:0.01 -- Error1:0.10
Train_Loss = 0.006172952626645565, Train_Err = 0.10000000813802083
Phase:val -- LR: 0.0424 -- MU:0.4218 -- Batch_idx:50/79-- 10733.28 samples/sec-- Loss:0.05 -- Error1:1.27
Val_Loss = 0.0358649071931839, Val_Err = 0.99
Epoch: [85 | 200]
Phase:train -- LR: 0.0442 -- MU:0.4397 -- Batch_idx:50/59-- 33228.81 samples/sec-- Loss:0.01 -- Error1:0.10
Train_Loss = 0.006016197480012973, Train_Err = 0.1016666748046875
Phase:val -- LR: 0.0563 -- MU:0.5606 -- Batch_idx:50/79-- 11047.57 samples/sec-- Loss:0.05 -- Error1:1.36
Val_Loss = 0.036604693698883056, Val_Err = 1.05
Epoch: [86 | 200]
Phase:train -- LR: 0.0443 -- MU:0.4405 -- Batch_idx:50/59-- 42941.20 samples/sec-- Loss:0.01 -- Error1:0.09
Train_Loss = 0.005728605947022637, Train_Err = 0.08166666666666667
Phase:val -- LR: 0.0437 -- MU:0.4346 -- Batch_idx:50/79-- 12321.02 samples/sec-- Loss:0.05 -- Error1:1.23
Val_Loss = 0.03615600702762604, Val_Err = 0.96
Epoch: [87 | 200]
Phase:train -- LR: 0.0487 -- MU:0.4845 -- Batch_idx:50/59-- 35418.35 samples/sec-- Loss:0.01 -- Error1:0.09
Train_Loss = 0.005637938173487783, Train_Err = 0.095
Phase:val -- LR: 0.0483 -- MU:0.4811 -- Batch_idx:50/79-- 11491.92 samples/sec-- Loss:0.05 -- Error1:1.27
Val_Loss = 0.035742663812637326, Val_Err = 1.0
Epoch: [88 | 200]
Phase:train -- LR: 0.0440 -- MU:0.4380 -- Batch_idx:50/59-- 28066.12 samples/sec-- Loss:0.01 -- Error1:0.09
Train_Loss = 0.005358906174326937, Train_Err = 0.09333333333333334
Phase:val -- LR: 0.0533 -- MU:0.5300 -- Batch_idx:50/79-- 10407.60 samples/sec-- Loss:0.05 -- Error1:1.36
Val_Loss = 0.03715396256446838, Val_Err = 1.03
Epoch: [89 | 200]
Phase:train -- LR: 0.0314 -- MU:0.3125 -- Batch_idx:50/59-- 26293.63 samples/sec-- Loss:0.01 -- Error1:0.10
Train_Loss = 0.005307112324237823, Train_Err = 0.10000000813802083
Phase:val -- LR: 0.0478 -- MU:0.4761 -- Batch_idx:50/79-- 10329.05 samples/sec-- Loss:0.05 -- Error1:1.28
Val_Loss = 0.0376443704366684, Val_Err = 0.99
Epoch: [90 | 200]
Phase:train -- LR: 0.0488 -- MU:0.4855 -- Batch_idx:50/59-- 28601.71 samples/sec-- Loss:0.00 -- Error1:0.08
Train_Loss = 0.005190069717168808, Train_Err = 0.0916666748046875
Phase:val -- LR: 0.0498 -- MU:0.4954 -- Batch_idx:50/79-- 11933.85 samples/sec-- Loss:0.05 -- Error1:1.28
Val_Loss = 0.0364139152765274, Val_Err = 0.98
Epoch: [91 | 200]
Phase:train -- LR: 0.0438 -- MU:0.4359 -- Batch_idx:50/59-- 40415.90 samples/sec-- Loss:0.01 -- Error1:0.08
Train_Loss = 0.005049517608185609, Train_Err = 0.0816666748046875
Phase:val -- LR: 0.0500 -- MU:0.4971 -- Batch_idx:50/79-- 12592.63 samples/sec-- Loss:0.05 -- Error1:1.27
Val_Loss = 0.0366342805147171, Val_Err = 1.01
Epoch: [92 | 200]
Phase:train -- LR: 0.0417 -- MU:0.4148 -- Batch_idx:50/59-- 32850.75 samples/sec-- Loss:0.00 -- Error1:0.07
Train_Loss = 0.004808206213017305, Train_Err = 0.078333349609375
Phase:val -- LR: 0.0508 -- MU:0.5050 -- Batch_idx:50/79-- 12374.00 samples/sec-- Loss:0.05 -- Error1:1.30
Val_Loss = 0.03701390173435211, Val_Err = 1.03
Epoch: [93 | 200]
Phase:train -- LR: 0.0361 -- MU:0.3589 -- Batch_idx:50/59-- 25551.66 samples/sec-- Loss:0.00 -- Error1:0.06
Train_Loss = 0.004604856844743093, Train_Err = 0.07166668294270834
Phase:val -- LR: 0.0601 -- MU:0.5978 -- Batch_idx:50/79-- 10329.54 samples/sec-- Loss:0.05 -- Error1:1.28
Val_Loss = 0.03729537377357483, Val_Err = 1.0
Epoch: [94 | 200]
Phase:train -- LR: 0.0426 -- MU:0.4235 -- Batch_idx:50/59-- 25922.90 samples/sec-- Loss:0.00 -- Error1:0.06
Train_Loss = 0.00464627904544274, Train_Err = 0.0766666748046875
Phase:val -- LR: 0.0417 -- MU:0.4153 -- Batch_idx:50/79-- 10741.93 samples/sec-- Loss:0.05 -- Error1:1.31
Val_Loss = 0.038768320035934445, Val_Err = 1.01
Epoch: [95 | 200]
Phase:train -- LR: 0.0615 -- MU:0.6115 -- Batch_idx:50/59-- 29684.85 samples/sec-- Loss:0.00 -- Error1:0.08
Train_Loss = 0.004489110073447228, Train_Err = 0.08000000813802083
Phase:val -- LR: 0.0327 -- MU:0.3249 -- Batch_idx:50/79-- 11351.89 samples/sec-- Loss:0.05 -- Error1:1.25
Val_Loss = 0.03671752188205719, Val_Err = 0.99
Epoch: [96 | 200]
Phase:train -- LR: 0.0416 -- MU:0.4142 -- Batch_idx:50/59-- 43259.31 samples/sec-- Loss:0.00 -- Error1:0.07
Train_Loss = 0.004300628344466289, Train_Err = 0.06833333333333333
Phase:val -- LR: 0.0429 -- MU:0.4265 -- Batch_idx:50/79-- 12501.84 samples/sec-- Loss:0.05 -- Error1:1.36
Val_Loss = 0.03851843361854553, Val_Err = 1.04
Epoch: [97 | 200]
Phase:train -- LR: 0.0559 -- MU:0.5567 -- Batch_idx:50/59-- 35232.48 samples/sec-- Loss:0.00 -- Error1:0.07
Train_Loss = 0.004234306725238761, Train_Err = 0.075
Phase:val -- LR: 0.0535 -- MU:0.5325 -- Batch_idx:50/79-- 11468.28 samples/sec-- Loss:0.05 -- Error1:1.25
Val_Loss = 0.03808327474594116, Val_Err = 0.96
Epoch: [98 | 200]
Phase:train -- LR: 0.0469 -- MU:0.4665 -- Batch_idx:50/59-- 35210.53 samples/sec-- Loss:0.00 -- Error1:0.07
Train_Loss = 0.00401994503736496, Train_Err = 0.06833334147135417
Phase:val -- LR: 0.0599 -- MU:0.5960 -- Batch_idx:50/79-- 10293.25 samples/sec-- Loss:0.05 -- Error1:1.27
Val_Loss = 0.037991102790832516, Val_Err = 0.98
Epoch: [99 | 200]
Phase:train -- LR: 0.0493 -- MU:0.4907 -- Batch_idx:50/59-- 28813.28 samples/sec-- Loss:0.00 -- Error1:0.08
Train_Loss = 0.00398060623096923, Train_Err = 0.07166666666666667
Phase:val -- LR: 0.0497 -- MU:0.4946 -- Batch_idx:50/79-- 10393.00 samples/sec-- Loss:0.05 -- Error1:1.30
Val_Loss = 0.03744744427204132, Val_Err = 0.99
Epoch: [100 | 200]
Phase:train -- LR: 0.0564 -- MU:0.5609 -- Batch_idx:50/59-- 29681.19 samples/sec-- Loss:0.00 -- Error1:0.06
Train_Loss = 0.003749952920774619, Train_Err = 0.065
Phase:val -- LR: 0.0407 -- MU:0.4050 -- Batch_idx:50/79-- 10388.11 samples/sec-- Loss:0.05 -- Error1:1.20
Val_Loss = 0.037921126461029055, Val_Err = 0.95
Epoch: [101 | 200]
Phase:train -- LR: 0.0557 -- MU:0.5539 -- Batch_idx:50/59-- 35450.33 samples/sec-- Loss:0.00 -- Error1:0.06
Train_Loss = 0.0036140492583314576, Train_Err = 0.06000000813802083
Phase:val -- LR: 0.0635 -- MU:0.6322 -- Batch_idx:50/79-- 12153.65 samples/sec-- Loss:0.05 -- Error1:1.23
Val_Loss = 0.038655262756347654, Val_Err = 0.95
Epoch: [102 | 200]
Phase:train -- LR: 0.0326 -- MU:0.3245 -- Batch_idx:50/59-- 34153.50 samples/sec-- Loss:0.00 -- Error1:0.06
Train_Loss = 0.003692715428272883, Train_Err = 0.06000000813802083
Phase:val -- LR: 0.0380 -- MU:0.3783 -- Batch_idx:50/79-- 11010.53 samples/sec-- Loss:0.05 -- Error1:1.27
Val_Loss = 0.03823102686405182, Val_Err = 0.97
Epoch: [103 | 200]
Phase:train -- LR: 0.0496 -- MU:0.4936 -- Batch_idx:50/59-- 36029.82 samples/sec-- Loss:0.00 -- Error1:0.06
Train_Loss = 0.0035143922720725336, Train_Err = 0.06166666666666667
Phase:val -- LR: 0.0496 -- MU:0.4933 -- Batch_idx:50/79-- 11824.25 samples/sec-- Loss:0.05 -- Error1:1.23
Val_Loss = 0.03825513479709625, Val_Err = 1.01
Epoch: [104 | 200]
Phase:train -- LR: 0.0496 -- MU:0.4935 -- Batch_idx:50/59-- 27945.03 samples/sec-- Loss:0.00 -- Error1:0.06
Train_Loss = 0.0034332076232880355, Train_Err = 0.05833334147135417
Phase:val -- LR: 0.0440 -- MU:0.4383 -- Batch_idx:50/79-- 10560.18 samples/sec-- Loss:0.05 -- Error1:1.28
Val_Loss = 0.03887241711616516, Val_Err = 0.98
Epoch: [105 | 200]
Phase:train -- LR: 0.0462 -- MU:0.4599 -- Batch_idx:50/59-- 29849.64 samples/sec-- Loss:0.00 -- Error1:0.05
Train_Loss = 0.003301570805410544, Train_Err = 0.051666666666666666
Phase:val -- LR: 0.0420 -- MU:0.4175 -- Batch_idx:50/79-- 10337.95 samples/sec-- Loss:0.06 -- Error1:1.31
Val_Loss = 0.041522038221359255, Val_Err = 1.01
Epoch: [106 | 200]
Phase:train -- LR: 0.0444 -- MU:0.4416 -- Batch_idx:50/59-- 32903.82 samples/sec-- Loss:0.00 -- Error1:0.06
Train_Loss = 0.0032684565546611945, Train_Err = 0.0566666748046875
Phase:val -- LR: 0.0448 -- MU:0.4458 -- Batch_idx:50/79-- 11429.98 samples/sec-- Loss:0.05 -- Error1:1.28
Val_Loss = 0.03857437777519226, Val_Err = 0.99
Epoch: [107 | 200]
Phase:train -- LR: 0.0577 -- MU:0.5740 -- Batch_idx:50/59-- 34974.67 samples/sec-- Loss:0.00 -- Error1:0.05
Train_Loss = 0.0031243695800503095, Train_Err = 0.0516666748046875
Phase:val -- LR: 0.0455 -- MU:0.4528 -- Batch_idx:50/79-- 11880.60 samples/sec-- Loss:0.05 -- Error1:1.30
Val_Loss = 0.03885130367279053, Val_Err = 1.01
Epoch: [108 | 200]
Phase:train -- LR: 0.0306 -- MU:0.3044 -- Batch_idx:50/59-- 40236.26 samples/sec-- Loss:0.00 -- Error1:0.04
Train_Loss = 0.0029788526294132075, Train_Err = 0.04666666666666667
Phase:val -- LR: 0.0476 -- MU:0.4734 -- Batch_idx:50/79-- 10962.63 samples/sec-- Loss:0.05 -- Error1:1.31
Val_Loss = 0.038730975914001466, Val_Err = 1.02
Epoch: [109 | 200]
Phase:train -- LR: 0.0575 -- MU:0.5723 -- Batch_idx:50/59-- 28081.98 samples/sec-- Loss:0.00 -- Error1:0.05
Train_Loss = 0.0028879444445172944, Train_Err = 0.04333334147135417
Phase:val -- LR: 0.0613 -- MU:0.6102 -- Batch_idx:50/79-- 10468.55 samples/sec-- Loss:0.05 -- Error1:1.30
Val_Loss = 0.039004352045059205, Val_Err = 1.0
Epoch: [110 | 200]
Phase:train -- LR: 0.0314 -- MU:0.3125 -- Batch_idx:50/59-- 23896.13 samples/sec-- Loss:0.00 -- Error1:0.04
Train_Loss = 0.0028405507568269968, Train_Err = 0.043333333333333335
Phase:val -- LR: 0.0502 -- MU:0.4999 -- Batch_idx:50/79-- 10493.95 samples/sec-- Loss:0.05 -- Error1:1.33
Val_Loss = 0.03943288435935974, Val_Err = 1.0
Epoch: [111 | 200]
Phase:train -- LR: 0.0438 -- MU:0.4357 -- Batch_idx:50/59-- 33878.81 samples/sec-- Loss:0.00 -- Error1:0.04
Train_Loss = 0.0027500475257635115, Train_Err = 0.043333333333333335
Phase:val -- LR: 0.0505 -- MU:0.5026 -- Batch_idx:50/79-- 11064.42 samples/sec-- Loss:0.05 -- Error1:1.30
Val_Loss = 0.03969855427742004, Val_Err = 1.0
Epoch: [112 | 200]
Phase:train -- LR: 0.0344 -- MU:0.3426 -- Batch_idx:50/59-- 37992.18 samples/sec-- Loss:0.00 -- Error1:0.04
Train_Loss = 0.0026640060986702642, Train_Err = 0.03833333333333333
Phase:val -- LR: 0.0580 -- MU:0.5768 -- Batch_idx:50/79-- 12483.63 samples/sec-- Loss:0.06 -- Error1:1.31
Val_Loss = 0.040517949390411374, Val_Err = 1.01
Epoch: [113 | 200]
Phase:train -- LR: 0.0531 -- MU:0.5281 -- Batch_idx:50/59-- 35296.84 samples/sec-- Loss:0.00 -- Error1:0.03
Train_Loss = 0.0025736221184333163, Train_Err = 0.03500000813802083
Phase:val -- LR: 0.0460 -- MU:0.4581 -- Batch_idx:50/79-- 11888.86 samples/sec-- Loss:0.05 -- Error1:1.33
Val_Loss = 0.04058784866333008, Val_Err = 1.02
Epoch: [114 | 200]
Phase:train -- LR: 0.0500 -- MU:0.4979 -- Batch_idx:50/59-- 29389.55 samples/sec-- Loss:0.00 -- Error1:0.04
Train_Loss = 0.0024743772106866043, Train_Err = 0.0366666748046875
Phase:val -- LR: 0.0357 -- MU:0.3551 -- Batch_idx:50/79-- 10781.49 samples/sec-- Loss:0.05 -- Error1:1.34
Val_Loss = 0.040786713695526125, Val_Err = 1.03
Epoch: [115 | 200]
Phase:train -- LR: 0.0631 -- MU:0.6275 -- Batch_idx:50/59-- 27667.92 samples/sec-- Loss:0.00 -- Error1:0.04
Train_Loss = 0.0025529340426127117, Train_Err = 0.04
Phase:val -- LR: 0.0375 -- MU:0.3732 -- Batch_idx:50/79-- 10590.14 samples/sec-- Loss:0.05 -- Error1:1.31
Val_Loss = 0.04019474472999573, Val_Err = 1.01
Epoch: [116 | 200]
Phase:train -- LR: 0.0368 -- MU:0.3660 -- Batch_idx:50/59-- 34018.18 samples/sec-- Loss:0.00 -- Error1:0.04
Train_Loss = 0.002429377819597721, Train_Err = 0.0366666748046875
Phase:val -- LR: 0.0581 -- MU:0.5786 -- Batch_idx:50/79-- 11771.39 samples/sec-- Loss:0.05 -- Error1:1.28
Val_Loss = 0.04028608160018921, Val_Err = 0.98
Epoch: [117 | 200]
Phase:train -- LR: 0.0582 -- MU:0.5788 -- Batch_idx:50/59-- 39370.49 samples/sec-- Loss:0.00 -- Error1:0.03
Train_Loss = 0.0023400620530049008, Train_Err = 0.035
Phase:val -- LR: 0.0456 -- MU:0.4538 -- Batch_idx:50/79-- 11756.83 samples/sec-- Loss:0.06 -- Error1:1.28
Val_Loss = 0.04118309516906738, Val_Err = 0.97
Epoch: [118 | 200]
Phase:train -- LR: 0.0471 -- MU:0.4688 -- Batch_idx:50/59-- 34096.58 samples/sec-- Loss:0.00 -- Error1:0.04
Train_Loss = 0.0021904023324449858, Train_Err = 0.03333333333333333
Phase:val -- LR: 0.0519 -- MU:0.5164 -- Batch_idx:50/79-- 11233.27 samples/sec-- Loss:0.06 -- Error1:1.30
Val_Loss = 0.04059373025894165, Val_Err = 1.0
Epoch: [119 | 200]
Phase:train -- LR: 0.0523 -- MU:0.5204 -- Batch_idx:50/59-- 31083.56 samples/sec-- Loss:0.00 -- Error1:0.03
Train_Loss = 0.0021389261196057, Train_Err = 0.030000016276041666
Phase:val -- LR: 0.0426 -- MU:0.4235 -- Batch_idx:50/79-- 10346.55 samples/sec-- Loss:0.06 -- Error1:1.34
Val_Loss = 0.04178277468681336, Val_Err = 1.04
Epoch: [120 | 200]
Phase:train -- LR: 0.0458 -- MU:0.4552 -- Batch_idx:50/59-- 29205.84 samples/sec-- Loss:0.00 -- Error1:0.03
Train_Loss = 0.0020955547489225866, Train_Err = 0.033333341471354166
Phase:val -- LR: 0.0719 -- MU:0.7158 -- Batch_idx:50/79-- 9882.78 samples/sec-- Loss:0.06 -- Error1:1.36
Val_Loss = 0.04182314357757568, Val_Err = 1.06
Epoch: [121 | 200]
Phase:train -- LR: 0.0519 -- MU:0.5169 -- Batch_idx:50/59-- 33802.30 samples/sec-- Loss:0.00 -- Error1:0.03
Train_Loss = 0.002187558364557723, Train_Err = 0.03
Phase:val -- LR: 0.0845 -- MU:0.8409 -- Batch_idx:50/79-- 12321.95 samples/sec-- Loss:0.06 -- Error1:1.31
Val_Loss = 0.041255465030670166, Val_Err = 1.03
Epoch: [122 | 200]
Phase:train -- LR: 0.0523 -- MU:0.5204 -- Batch_idx:50/59-- 35596.65 samples/sec-- Loss:0.00 -- Error1:0.02
Train_Loss = 0.0020497214078903196, Train_Err = 0.02666666666666667
Phase:val -- LR: 0.0446 -- MU:0.4442 -- Batch_idx:50/79-- 11545.15 samples/sec-- Loss:0.06 -- Error1:1.33
Val_Loss = 0.04148477568626404, Val_Err = 1.02
Epoch: [123 | 200]
Phase:train -- LR: 0.0586 -- MU:0.5827 -- Batch_idx:50/59-- 35462.15 samples/sec-- Loss:0.00 -- Error1:0.01
Train_Loss = 0.0019186353763565422, Train_Err = 0.025
Phase:val -- LR: 0.0479 -- MU:0.4770 -- Batch_idx:50/79-- 11568.84 samples/sec-- Loss:0.06 -- Error1:1.31
Val_Loss = 0.04141642899513245, Val_Err = 1.01
Epoch: [124 | 200]
Phase:train -- LR: 0.0651 -- MU:0.6481 -- Batch_idx:50/59-- 32380.02 samples/sec-- Loss:0.00 -- Error1:0.02
Train_Loss = 0.0018616316792865594, Train_Err = 0.0216666748046875
Phase:val -- LR: 0.0343 -- MU:0.3414 -- Batch_idx:50/79-- 10259.48 samples/sec-- Loss:0.06 -- Error1:1.30
Val_Loss = 0.041882411766052244, Val_Err = 0.99
Epoch: [125 | 200]
Phase:train -- LR: 0.0421 -- MU:0.4190 -- Batch_idx:50/59-- 28690.70 samples/sec-- Loss:0.00 -- Error1:0.03
Train_Loss = 0.0018494167088220516, Train_Err = 0.025
Phase:val -- LR: 0.0403 -- MU:0.4007 -- Batch_idx:50/79-- 10450.29 samples/sec-- Loss:0.06 -- Error1:1.31
Val_Loss = 0.04131313714981079, Val_Err = 1.01
Epoch: [126 | 200]
Phase:train -- LR: 0.0407 -- MU:0.4050 -- Batch_idx:50/59-- 33995.26 samples/sec-- Loss:0.00 -- Error1:0.03
Train_Loss = 0.001822139835730195, Train_Err = 0.028333341471354166
Phase:val -- LR: 0.0502 -- MU:0.4991 -- Batch_idx:50/79-- 11504.80 samples/sec-- Loss:0.06 -- Error1:1.30
Val_Loss = 0.0423964524269104, Val_Err = 1.01
Epoch: [127 | 200]
Phase:train -- LR: 0.0496 -- MU:0.4937 -- Batch_idx:50/59-- 34168.58 samples/sec-- Loss:0.00 -- Error1:0.02
Train_Loss = 0.001715538581336538, Train_Err = 0.02
Phase:val -- LR: 0.0375 -- MU:0.3733 -- Batch_idx:50/79-- 11751.49 samples/sec-- Loss:0.06 -- Error1:1.33
Val_Loss = 0.04268818588256836, Val_Err = 1.04
Epoch: [128 | 200]
Phase:train -- LR: 0.0443 -- MU:0.4409 -- Batch_idx:50/59-- 38761.07 samples/sec-- Loss:0.00 -- Error1:0.02
Train_Loss = 0.0017156038681355615, Train_Err = 0.018333333333333333
Phase:val -- LR: 0.0524 -- MU:0.5214 -- Batch_idx:50/79-- 12727.12 samples/sec-- Loss:0.06 -- Error1:1.34
Val_Loss = 0.041965544509887695, Val_Err = 1.01
Epoch: [129 | 200]
Phase:train -- LR: 0.0541 -- MU:0.5381 -- Batch_idx:50/59-- 29308.38 samples/sec-- Loss:0.00 -- Error1:0.02
Train_Loss = 0.001632929341122508, Train_Err = 0.02
Phase:val -- LR: 0.0636 -- MU:0.6330 -- Batch_idx:50/79-- 10401.20 samples/sec-- Loss:0.06 -- Error1:1.28
Val_Loss = 0.042912994861602785, Val_Err = 1.0
Epoch: [130 | 200]
Phase:train -- LR: 0.0312 -- MU:0.3106 -- Batch_idx:50/59-- 29639.27 samples/sec-- Loss:0.00 -- Error1:0.02
Train_Loss = 0.0015572983584056298, Train_Err = 0.018333333333333333
Phase:val -- LR: 0.0346 -- MU:0.3441 -- Batch_idx:50/79-- 10272.53 samples/sec-- Loss:0.06 -- Error1:1.34
Val_Loss = 0.042523011541366576, Val_Err = 1.02
Epoch: [131 | 200]
Phase:train -- LR: 0.0362 -- MU:0.3603 -- Batch_idx:50/59-- 33772.60 samples/sec-- Loss:0.00 -- Error1:0.02
Train_Loss = 0.0015644756638755401, Train_Err = 0.018333333333333333
Phase:val -- LR: 0.0459 -- MU:0.4564 -- Batch_idx:50/79-- 11839.79 samples/sec-- Loss:0.06 -- Error1:1.30
Val_Loss = 0.042507310152053834, Val_Err = 0.98
Epoch: [132 | 200]
Phase:train -- LR: 0.0456 -- MU:0.4535 -- Batch_idx:50/59-- 35865.89 samples/sec-- Loss:0.00 -- Error1:0.02
Train_Loss = 0.0014492177091228464, Train_Err = 0.018333333333333333
Phase:val -- LR: 0.0542 -- MU:0.5396 -- Batch_idx:50/79-- 11299.67 samples/sec-- Loss:0.06 -- Error1:1.31
Val_Loss = 0.04311772537231445, Val_Err = 1.0
Epoch: [133 | 200]
Phase:train -- LR: 0.0477 -- MU:0.4744 -- Batch_idx:50/59-- 42250.68 samples/sec-- Loss:0.00 -- Error1:0.02
Train_Loss = 0.0014948584398875634, Train_Err = 0.016666666666666666
Phase:val -- LR: 0.0535 -- MU:0.5322 -- Batch_idx:50/79-- 11547.79 samples/sec-- Loss:0.06 -- Error1:1.28
Val_Loss = 0.04258796305656433, Val_Err = 0.99
Epoch: [134 | 200]
Phase:train -- LR: 0.0397 -- MU:0.3952 -- Batch_idx:50/59-- 27945.75 samples/sec-- Loss:0.00 -- Error1:0.02
Train_Loss = 0.0014742482896894216, Train_Err = 0.015
Phase:val -- LR: 0.0492 -- MU:0.4897 -- Batch_idx:50/79-- 10549.35 samples/sec-- Loss:0.06 -- Error1:1.36
Val_Loss = 0.044098371982574464, Val_Err = 1.03
Epoch: [135 | 200]
Phase:train -- LR: 0.0378 -- MU:0.3762 -- Batch_idx:50/59-- 25777.76 samples/sec-- Loss:0.00 -- Error1:0.01
Train_Loss = 0.0013861436768745382, Train_Err = 0.018333333333333333
Phase:val -- LR: 0.0558 -- MU:0.5548 -- Batch_idx:50/79-- 10654.49 samples/sec-- Loss:0.06 -- Error1:1.36
Val_Loss = 0.043300018405914305, Val_Err = 1.04
Epoch: [136 | 200]
Phase:train -- LR: 0.0464 -- MU:0.4614 -- Batch_idx:50/59-- 33609.73 samples/sec-- Loss:0.00 -- Error1:0.01
Train_Loss = 0.001312084269275268, Train_Err = 0.013333333333333334
Phase:val -- LR: 0.0368 -- MU:0.3660 -- Batch_idx:50/79-- 11512.95 samples/sec-- Loss:0.06 -- Error1:1.34
Val_Loss = 0.043517728090286256, Val_Err = 1.03
Epoch: [137 | 200]
Phase:train -- LR: 0.0455 -- MU:0.4526 -- Batch_idx:50/59-- 38252.43 samples/sec-- Loss:0.00 -- Error1:0.01
Train_Loss = 0.0013063351628370583, Train_Err = 0.01
Phase:val -- LR: 0.0496 -- MU:0.4931 -- Batch_idx:50/79-- 12479.76 samples/sec-- Loss:0.06 -- Error1:1.33
Val_Loss = 0.04385606198310852, Val_Err = 1.02
Epoch: [138 | 200]
Phase:train -- LR: 0.0340 -- MU:0.3379 -- Batch_idx:50/59-- 33527.71 samples/sec-- Loss:0.00 -- Error1:0.01
Train_Loss = 0.0012800863342980545, Train_Err = 0.013333333333333334
Phase:val -- LR: 0.0634 -- MU:0.6312 -- Batch_idx:50/79-- 9977.86 samples/sec-- Loss:0.06 -- Error1:1.31
Val_Loss = 0.043534068584442136, Val_Err = 1.0
Epoch: [139 | 200]
Phase:train -- LR: 0.0475 -- MU:0.4722 -- Batch_idx:50/59-- 27150.97 samples/sec-- Loss:0.00 -- Error1:0.01
Train_Loss = 0.0012281160833624502, Train_Err = 0.013333333333333334
Phase:val -- LR: 0.0577 -- MU:0.5745 -- Batch_idx:50/79-- 9749.40 samples/sec-- Loss:0.06 -- Error1:1.33
Val_Loss = 0.04400824432373047, Val_Err = 1.01
Epoch: [140 | 200]
Phase:train -- LR: 0.0462 -- MU:0.4599 -- Batch_idx:50/59-- 23108.30 samples/sec-- Loss:0.00 -- Error1:0.01
Train_Loss = 0.0011902668720732133, Train_Err = 0.015
Phase:val -- LR: 0.0398 -- MU:0.3963 -- Batch_idx:50/79-- 10681.95 samples/sec-- Loss:0.06 -- Error1:1.31
Val_Loss = 0.04404944643974304, Val_Err = 1.02
Epoch: [141 | 200]
Phase:train -- LR: 0.0438 -- MU:0.4358 -- Batch_idx:50/59-- 33711.78 samples/sec-- Loss:0.00 -- Error1:0.01
Train_Loss = 0.001174389425913493, Train_Err = 0.013333333333333334
Phase:val -- LR: 0.0494 -- MU:0.4913 -- Batch_idx:50/79-- 10625.13 samples/sec-- Loss:0.06 -- Error1:1.28
Val_Loss = 0.04444676766395569, Val_Err = 0.98
Epoch: [142 | 200]
Phase:train -- LR: 0.0612 -- MU:0.6092 -- Batch_idx:50/59-- 38018.94 samples/sec-- Loss:0.00 -- Error1:0.01
Train_Loss = 0.0011288141649837295, Train_Err = 0.006666666666666667
Phase:val -- LR: 0.0474 -- MU:0.4713 -- Batch_idx:50/79-- 11006.37 samples/sec-- Loss:0.06 -- Error1:1.30
Val_Loss = 0.04454330577850342, Val_Err = 0.99
Epoch: [143 | 200]
Phase:train -- LR: 0.0528 -- MU:0.5250 -- Batch_idx:50/59-- 30091.47 samples/sec-- Loss:0.00 -- Error1:0.01
Train_Loss = 0.0010636598429332176, Train_Err = 0.01
Phase:val -- LR: 0.0476 -- MU:0.4737 -- Batch_idx:50/79-- 9938.90 samples/sec-- Loss:0.06 -- Error1:1.33
Val_Loss = 0.04483019680976868, Val_Err = 1.02
Epoch: [144 | 200]
Phase:train -- LR: 0.0419 -- MU:0.4169 -- Batch_idx:50/59-- 21116.33 samples/sec-- Loss:0.00 -- Error1:0.01
Train_Loss = 0.0010687044701849422, Train_Err = 0.011666666666666667
Phase:val -- LR: 0.0645 -- MU:0.6415 -- Batch_idx:50/79-- 9800.10 samples/sec-- Loss:0.06 -- Error1:1.36
Val_Loss = 0.04530750441551208, Val_Err = 1.04
Epoch: [145 | 200]
Phase:train -- LR: 0.0457 -- MU:0.4551 -- Batch_idx:50/59-- 29148.27 samples/sec-- Loss:0.00 -- Error1:0.01
Train_Loss = 0.0010685134490951895, Train_Err = 0.011666666666666667
Phase:val -- LR: 0.0590 -- MU:0.5875 -- Batch_idx:50/79-- 10994.05 samples/sec-- Loss:0.06 -- Error1:1.38
Val_Loss = 0.04586832938194275, Val_Err = 1.06
Epoch: [146 | 200]
Phase:train -- LR: 0.0514 -- MU:0.5111 -- Batch_idx:50/59-- 38280.97 samples/sec-- Loss:0.00 -- Error1:0.01
Train_Loss = 0.0010380547679650287, Train_Err = 0.011666666666666667
Phase:val -- LR: 0.0503 -- MU:0.5006 -- Batch_idx:50/79-- 11401.50 samples/sec-- Loss:0.06 -- Error1:1.34
Val_Loss = 0.045043856525421144, Val_Err = 1.01
Epoch: [147 | 200]
Phase:train -- LR: 0.0249 -- MU:0.2477 -- Batch_idx:50/59-- 35199.24 samples/sec-- Loss:0.00 -- Error1:0.00
Train_Loss = 0.0009823096911112468, Train_Err = 0.006666666666666667
Phase:val -- LR: 0.0151 -- MU:0.1501 -- Batch_idx:50/79-- 10923.12 samples/sec-- Loss:0.06 -- Error1:1.36
Val_Loss = 0.0456314600944519, Val_Err = 1.04
Epoch: [148 | 200]
Phase:train -- LR: 0.0297 -- MU:0.2955 -- Batch_idx:50/59-- 25505.82 samples/sec-- Loss:0.00 -- Error1:0.01
Train_Loss = 0.0009439345916112264, Train_Err = 0.005
Phase:val -- LR: 0.0570 -- MU:0.5675 -- Batch_idx:50/79-- 10029.31 samples/sec-- Loss:0.06 -- Error1:1.34
Val_Loss = 0.04518546886444092, Val_Err = 1.02
Epoch: [149 | 200]
Phase:train -- LR: 0.0412 -- MU:0.4101 -- Batch_idx:50/59-- 25475.59 samples/sec-- Loss:0.00 -- Error1:0.01
Train_Loss = 0.0009447358212123315, Train_Err = 0.006666666666666667
Phase:val -- LR: 0.0517 -- MU:0.5148 -- Batch_idx:50/79-- 10210.57 samples/sec-- Loss:0.06 -- Error1:1.28
Val_Loss = 0.04555244741439819, Val_Err = 0.97
Epoch: [150 | 200]
Phase:train -- LR: 0.0587 -- MU:0.5841 -- Batch_idx:50/59-- 29459.76 samples/sec-- Loss:0.00 -- Error1:0.01
Train_Loss = 0.0009170973298450311, Train_Err = 0.008333333333333333
Phase:val -- LR: 0.0463 -- MU:0.4604 -- Batch_idx:50/79-- 11469.43 samples/sec-- Loss:0.06 -- Error1:1.34
Val_Loss = 0.04569082021713257, Val_Err = 1.02
Epoch: [151 | 200]
Phase:train -- LR: 0.0460 -- MU:0.4576 -- Batch_idx:50/59-- 40520.90 samples/sec-- Loss:0.00 -- Error1:0.01
Train_Loss = 0.0009242010357789696, Train_Err = 0.006666666666666667
Phase:val -- LR: 0.0513 -- MU:0.5109 -- Batch_idx:50/79-- 12296.84 samples/sec-- Loss:0.06 -- Error1:1.30
Val_Loss = 0.04536835641860962, Val_Err = 0.99
Epoch: [152 | 200]
Phase:train -- LR: 0.0473 -- MU:0.4701 -- Batch_idx:50/59-- 33656.98 samples/sec-- Loss:0.00 -- Error1:0.01
Train_Loss = 0.0008600949763630828, Train_Err = 0.006666666666666667
Phase:val -- LR: 0.0459 -- MU:0.4571 -- Batch_idx:50/79-- 10178.13 samples/sec-- Loss:0.06 -- Error1:1.30
Val_Loss = 0.04565360493659973, Val_Err = 1.0
Epoch: [153 | 200]
Phase:train -- LR: 0.0386 -- MU:0.3842 -- Batch_idx:50/59-- 23111.77 samples/sec-- Loss:0.00 -- Error1:0.01
Train_Loss = 0.0008693949857105812, Train_Err = 0.005
Phase:val -- LR: 0.0571 -- MU:0.5679 -- Batch_idx:50/79-- 10049.28 samples/sec-- Loss:0.06 -- Error1:1.33
Val_Loss = 0.045163869857788086, Val_Err = 1.02
Epoch: [154 | 200]
Phase:train -- LR: 0.0593 -- MU:0.5896 -- Batch_idx:50/59-- 26237.29 samples/sec-- Loss:0.00 -- Error1:0.00
Train_Loss = 0.0008450680177658796, Train_Err = 0.0033333333333333335
Phase:val -- LR: 0.0292 -- MU:0.2910 -- Batch_idx:50/79-- 10137.34 samples/sec-- Loss:0.06 -- Error1:1.34
Val_Loss = 0.04574603657722473, Val_Err = 1.02
Epoch: [155 | 200]
Phase:train -- LR: 0.0488 -- MU:0.4852 -- Batch_idx:50/59-- 35486.14 samples/sec-- Loss:0.00 -- Error1:0.00
Train_Loss = 0.0008310740714892745, Train_Err = 0.006666666666666667
Phase:val -- LR: 0.0497 -- MU:0.4949 -- Batch_idx:50/79-- 12404.85 samples/sec-- Loss:0.06 -- Error1:1.31
Val_Loss = 0.04621695461273193, Val_Err = 0.99
Epoch: [156 | 200]
Phase:train -- LR: 0.0383 -- MU:0.3806 -- Batch_idx:50/59-- 41521.23 samples/sec-- Loss:0.00 -- Error1:0.01
Train_Loss = 0.000793532554153353, Train_Err = 0.006666666666666667
Phase:val -- LR: 0.0463 -- MU:0.4605 -- Batch_idx:50/79-- 11434.14 samples/sec-- Loss:0.06 -- Error1:1.34
Val_Loss = 0.04597248501777649, Val_Err = 1.04
Epoch: [157 | 200]
Phase:train -- LR: 0.0565 -- MU:0.5618 -- Batch_idx:50/59-- 34050.90 samples/sec-- Loss:0.00 -- Error1:0.01
Train_Loss = 0.0007759452027268708, Train_Err = 0.005
Phase:val -- LR: 0.0722 -- MU:0.7179 -- Batch_idx:50/79-- 10496.50 samples/sec-- Loss:0.06 -- Error1:1.36
Val_Loss = 0.04653844695091248, Val_Err = 1.03
Epoch: [158 | 200]
Phase:train -- LR: 0.0460 -- MU:0.4581 -- Batch_idx:50/59-- 22167.09 samples/sec-- Loss:0.00 -- Error1:0.00
Train_Loss = 0.0007879684929425518, Train_Err = 0.005
Phase:val -- LR: 0.0264 -- MU:0.2625 -- Batch_idx:50/79-- 8599.36 samples/sec-- Loss:0.06 -- Error1:1.33
Val_Loss = 0.046594736671447756, Val_Err = 1.01
Epoch: [159 | 200]
Phase:train -- LR: 0.0513 -- MU:0.5106 -- Batch_idx:50/59-- 27955.35 samples/sec-- Loss:0.00 -- Error1:0.00
Train_Loss = 0.0007625630697856347, Train_Err = 0.0033333333333333335
Phase:val -- LR: 0.0520 -- MU:0.5176 -- Batch_idx:50/79-- 10512.92 samples/sec-- Loss:0.06 -- Error1:1.36
Val_Loss = 0.046736945724487305, Val_Err = 1.03
Epoch: [160 | 200]
Phase:train -- LR: 0.0438 -- MU:0.4360 -- Batch_idx:50/59-- 41023.78 samples/sec-- Loss:0.00 -- Error1:0.00
Train_Loss = 0.0007156948884328206, Train_Err = 0.0016666666666666668
Phase:val -- LR: 0.0423 -- MU:0.4211 -- Batch_idx:50/79-- 12160.88 samples/sec-- Loss:0.06 -- Error1:1.30
Val_Loss = 0.04654202928543091, Val_Err = 0.99
Epoch: [161 | 200]
Phase:train -- LR: 0.0677 -- MU:0.6741 -- Batch_idx:50/59-- 33776.84 samples/sec-- Loss:0.00 -- Error1:0.00
Train_Loss = 0.0007024474144680426, Train_Err = 0.0033333333333333335
Phase:val -- LR: 0.0423 -- MU:0.4208 -- Batch_idx:50/79-- 10796.36 samples/sec-- Loss:0.06 -- Error1:1.36
Val_Loss = 0.04697021355628967, Val_Err = 1.03
Epoch: [162 | 200]
Phase:train -- LR: 0.0540 -- MU:0.5370 -- Batch_idx:50/59-- 25456.90 samples/sec-- Loss:0.00 -- Error1:0.00
Train_Loss = 0.0007344387367367745, Train_Err = 0.005
Phase:val -- LR: 0.0485 -- MU:0.4829 -- Batch_idx:50/79-- 9377.71 samples/sec-- Loss:0.06 -- Error1:1.38
Val_Loss = 0.04750580415725708, Val_Err = 1.04
Epoch: [163 | 200]
Phase:train -- LR: 0.0473 -- MU:0.4704 -- Batch_idx:50/59-- 27317.66 samples/sec-- Loss:0.00 -- Error1:0.00
Train_Loss = 0.0007019053302084406, Train_Err = 0.0033333333333333335
Phase:val -- LR: 0.0565 -- MU:0.5624 -- Batch_idx:50/79-- 10278.46 samples/sec-- Loss:0.06 -- Error1:1.31
Val_Loss = 0.04659428100585938, Val_Err = 1.0
Epoch: [164 | 200]
Phase:train -- LR: 0.0248 -- MU:0.2468 -- Batch_idx:50/59-- 31509.38 samples/sec-- Loss:0.00 -- Error1:0.00
Train_Loss = 0.0006753132821060717, Train_Err = 0.0016666666666666668
Phase:val -- LR: 0.0343 -- MU:0.3409 -- Batch_idx:50/79-- 11377.87 samples/sec-- Loss:0.06 -- Error1:1.33
Val_Loss = 0.047127980470657346, Val_Err = 1.02
Epoch: [165 | 200]
Phase:train -- LR: 0.0440 -- MU:0.4375 -- Batch_idx:50/59-- 41212.46 samples/sec-- Loss:0.00 -- Error1:0.00
Train_Loss = 0.0006844764234032482, Train_Err = 0.0033333333333333335
Phase:val -- LR: 0.0399 -- MU:0.3968 -- Batch_idx:50/79-- 11764.96 samples/sec-- Loss:0.06 -- Error1:1.36
Val_Loss = 0.047489132499694824, Val_Err = 1.03
Epoch: [166 | 200]
Phase:train -- LR: 0.0514 -- MU:0.5118 -- Batch_idx:50/59-- 31771.13 samples/sec-- Loss:0.00 -- Error1:0.00
Train_Loss = 0.0006548576672871908, Train_Err = 0.005
Phase:val -- LR: 0.0554 -- MU:0.5509 -- Batch_idx:50/79-- 11703.81 samples/sec-- Loss:0.07 -- Error1:1.34
Val_Loss = 0.047941343402862546, Val_Err = 1.02
Epoch: [167 | 200]
Phase:train -- LR: 0.0543 -- MU:0.5402 -- Batch_idx:50/59-- 24314.61 samples/sec-- Loss:0.00 -- Error1:0.00
Train_Loss = 0.0006359440646134317, Train_Err = 0.0033333333333333335
Phase:val -- LR: 0.0377 -- MU:0.3747 -- Batch_idx:50/79-- 9127.46 samples/sec-- Loss:0.07 -- Error1:1.33
Val_Loss = 0.047821346139907836, Val_Err = 1.02
Epoch: [168 | 200]
Phase:train -- LR: 0.0532 -- MU:0.5297 -- Batch_idx:50/59-- 27222.50 samples/sec-- Loss:0.00 -- Error1:0.00
Train_Loss = 0.000623009665745, Train_Err = 0.0016666666666666668
Phase:val -- LR: 0.0456 -- MU:0.4536 -- Batch_idx:50/79-- 10352.55 samples/sec-- Loss:0.07 -- Error1:1.34
Val_Loss = 0.048243501996994016, Val_Err = 1.02
Epoch: [169 | 200]
Phase:train -- LR: 0.0503 -- MU:0.5003 -- Batch_idx:50/59-- 36910.46 samples/sec-- Loss:0.00 -- Error1:0.00
Train_Loss = 0.0006079193752103795, Train_Err = 0.0016666666666666668
Phase:val -- LR: 0.0406 -- MU:0.4039 -- Batch_idx:50/79-- 12382.00 samples/sec-- Loss:0.07 -- Error1:1.30
Val_Loss = 0.0477800509929657, Val_Err = 0.99
Epoch: [170 | 200]
Phase:train -- LR: 0.0391 -- MU:0.3890 -- Batch_idx:50/59-- 37533.74 samples/sec-- Loss:0.00 -- Error1:0.00
Train_Loss = 0.0006007795414887368, Train_Err = 0.0
Phase:val -- LR: 0.0393 -- MU:0.3910 -- Batch_idx:50/79-- 11552.36 samples/sec-- Loss:0.07 -- Error1:1.33
Val_Loss = 0.047718446016311644, Val_Err = 1.02
Epoch: [171 | 200]
Phase:train -- LR: 0.0357 -- MU:0.3548 -- Batch_idx:50/59-- 29207.49 samples/sec-- Loss:0.00 -- Error1:0.00
Train_Loss = 0.0005806849798808496, Train_Err = 0.0
Phase:val -- LR: 0.0689 -- MU:0.6855 -- Batch_idx:50/79-- 9915.65 samples/sec-- Loss:0.07 -- Error1:1.33
Val_Loss = 0.04821944713592529, Val_Err = 1.02
Epoch: [172 | 200]
Phase:train -- LR: 0.0447 -- MU:0.4449 -- Batch_idx:50/59-- 24640.54 samples/sec-- Loss:0.00 -- Error1:0.00
Train_Loss = 0.0005763511577621102, Train_Err = 0.0
Phase:val -- LR: 0.0637 -- MU:0.6333 -- Batch_idx:50/79-- 10199.62 samples/sec-- Loss:0.07 -- Error1:1.33
Val_Loss = 0.04802716517448425, Val_Err = 1.03
Epoch: [173 | 200]
Phase:train -- LR: 0.0425 -- MU:0.4229 -- Batch_idx:50/59-- 29334.84 samples/sec-- Loss:0.00 -- Error1:0.00
Train_Loss = 0.0005638207675889135, Train_Err = 0.0016666666666666668
Phase:val -- LR: 0.0462 -- MU:0.4596 -- Batch_idx:50/79-- 11483.64 samples/sec-- Loss:0.07 -- Error1:1.34
Val_Loss = 0.04799889187812805, Val_Err = 1.02
Epoch: [174 | 200]
Phase:train -- LR: 0.0394 -- MU:0.3916 -- Batch_idx:50/59-- 39941.04 samples/sec-- Loss:0.00 -- Error1:0.00
Train_Loss = 0.0005577276943251491, Train_Err = 0.0016666666666666668
Phase:val -- LR: 0.0473 -- MU:0.4702 -- Batch_idx:50/79-- 11611.69 samples/sec-- Loss:0.07 -- Error1:1.33
Val_Loss = 0.048239148664474485, Val_Err = 1.01
Epoch: [175 | 200]
Phase:train -- LR: 0.0623 -- MU:0.6198 -- Batch_idx:50/59-- 33198.74 samples/sec-- Loss:0.00 -- Error1:0.00
Train_Loss = 0.0005484834590616326, Train_Err = 0.0016666666666666668
Phase:val -- LR: 0.0540 -- MU:0.5369 -- Batch_idx:50/79-- 11472.69 samples/sec-- Loss:0.07 -- Error1:1.28
Val_Loss = 0.04870790476799011, Val_Err = 0.98
Epoch: [176 | 200]
Phase:train -- LR: 0.0533 -- MU:0.5306 -- Batch_idx:50/59-- 26583.57 samples/sec-- Loss:0.00 -- Error1:0.00
Train_Loss = 0.0005315877756724755, Train_Err = 0.0
Phase:val -- LR: 0.0417 -- MU:0.4154 -- Batch_idx:50/79-- 10187.44 samples/sec-- Loss:0.07 -- Error1:1.34
Val_Loss = 0.04809257917404175, Val_Err = 1.02
Epoch: [177 | 200]
Phase:train -- LR: 0.0665 -- MU:0.6620 -- Batch_idx:50/59-- 27322.17 samples/sec-- Loss:0.00 -- Error1:0.00
Train_Loss = 0.0005389186063005279, Train_Err = 0.0016666666666666668
Phase:val -- LR: 0.0500 -- MU:0.4977 -- Batch_idx:50/79-- 10268.36 samples/sec-- Loss:0.07 -- Error1:1.31
Val_Loss = 0.048890255069732665, Val_Err = 1.01
Epoch: [178 | 200]
Phase:train -- LR: 0.0416 -- MU:0.4144 -- Batch_idx:50/59-- 35591.29 samples/sec-- Loss:0.00 -- Error1:0.00
Train_Loss = 0.0005222069661288211, Train_Err = 0.0016666666666666668
Phase:val -- LR: 0.0353 -- MU:0.3515 -- Batch_idx:50/79-- 11473.38 samples/sec-- Loss:0.07 -- Error1:1.30
Val_Loss = 0.048627380132675174, Val_Err = 0.99
Epoch: [179 | 200]
Phase:train -- LR: 0.0665 -- MU:0.6615 -- Batch_idx:50/59-- 32911.76 samples/sec-- Loss:0.00 -- Error1:0.00
Train_Loss = 0.0005116831460501999, Train_Err = 0.0
Phase:val -- LR: 0.0469 -- MU:0.4668 -- Batch_idx:50/79-- 10808.37 samples/sec-- Loss:0.07 -- Error1:1.31
Val_Loss = 0.048825059652328494, Val_Err = 1.01
Epoch: [180 | 200]
Phase:train -- LR: 0.0484 -- MU:0.4814 -- Batch_idx:50/59-- 32419.93 samples/sec-- Loss:0.00 -- Error1:0.00
Train_Loss = 0.0005071205376802633, Train_Err = 0.0033333333333333335
Phase:val -- LR: 0.0416 -- MU:0.4139 -- Batch_idx:50/79-- 9631.82 samples/sec-- Loss:0.07 -- Error1:1.36
Val_Loss = 0.049233185625076295, Val_Err = 1.03
Epoch: [181 | 200]
Phase:train -- LR: 0.0476 -- MU:0.4740 -- Batch_idx:50/59-- 27273.69 samples/sec-- Loss:0.00 -- Error1:0.00
Train_Loss = 0.00049716587071307, Train_Err = 0.0016666666666666668
Phase:val -- LR: 0.0470 -- MU:0.4675 -- Batch_idx:50/79-- 10457.87 samples/sec-- Loss:0.07 -- Error1:1.34
Val_Loss = 0.04885431408882141, Val_Err = 1.02
Epoch: [182 | 200]
Phase:train -- LR: 0.0476 -- MU:0.4733 -- Batch_idx:50/59-- 30571.92 samples/sec-- Loss:0.00 -- Error1:0.00
Train_Loss = 0.0004942773659092685, Train_Err = 0.0016666666666666668
Phase:val -- LR: 0.0472 -- MU:0.4700 -- Batch_idx:50/79-- 11334.52 samples/sec-- Loss:0.07 -- Error1:1.31
Val_Loss = 0.049290855836868284, Val_Err = 1.0
Epoch: [183 | 200]
Phase:train -- LR: 0.0278 -- MU:0.2770 -- Batch_idx:50/59-- 33625.88 samples/sec-- Loss:0.00 -- Error1:0.00
Train_Loss = 0.000490808399564897, Train_Err = 0.0016666666666666668
Phase:val -- LR: 0.0408 -- MU:0.4062 -- Batch_idx:50/79-- 11133.45 samples/sec-- Loss:0.07 -- Error1:1.38
Val_Loss = 0.049619301319122316, Val_Err = 1.05
Epoch: [184 | 200]
Phase:train -- LR: 0.0562 -- MU:0.5595 -- Batch_idx:50/59-- 32571.35 samples/sec-- Loss:0.00 -- Error1:0.00
Train_Loss = 0.0004712455670038859, Train_Err = 0.0
Phase:val -- LR: 0.0633 -- MU:0.6295 -- Batch_idx:50/79-- 11081.58 samples/sec-- Loss:0.07 -- Error1:1.34
Val_Loss = 0.04921138916015625, Val_Err = 1.03
Epoch: [185 | 200]
Phase:train -- LR: 0.0584 -- MU:0.5808 -- Batch_idx:50/59-- 27761.16 samples/sec-- Loss:0.00 -- Error1:0.00
Train_Loss = 0.0004751702149398625, Train_Err = 0.0016666666666666668
Phase:val -- LR: 0.0505 -- MU:0.5028 -- Batch_idx:50/79-- 10448.44 samples/sec-- Loss:0.07 -- Error1:1.33
Val_Loss = 0.04913363451957703, Val_Err = 1.01
Epoch: [186 | 200]
Phase:train -- LR: 0.0471 -- MU:0.4684 -- Batch_idx:50/59-- 27694.65 samples/sec-- Loss:0.00 -- Error1:0.00
Train_Loss = 0.0004599020400394996, Train_Err = 0.0016666666666666668
Phase:val -- LR: 0.0457 -- MU:0.4551 -- Batch_idx:50/79-- 10384.87 samples/sec-- Loss:0.07 -- Error1:1.34
Val_Loss = 0.04983258309364319, Val_Err = 1.03
Epoch: [187 | 200]
Phase:train -- LR: 0.0551 -- MU:0.5480 -- Batch_idx:50/59-- 35552.16 samples/sec-- Loss:0.00 -- Error1:0.00
Train_Loss = 0.000460262902538913, Train_Err = 0.0
Phase:val -- LR: 0.0611 -- MU:0.6075 -- Batch_idx:50/79-- 11088.44 samples/sec-- Loss:0.07 -- Error1:1.41
Val_Loss = 0.05016648106575012, Val_Err = 1.07
Epoch: [188 | 200]
Phase:train -- LR: 0.0435 -- MU:0.4326 -- Batch_idx:50/59-- 32860.44 samples/sec-- Loss:0.00 -- Error1:0.00
Train_Loss = 0.00045239090121661625, Train_Err = 0.0
Phase:val -- LR: 0.0459 -- MU:0.4568 -- Batch_idx:50/79-- 9756.90 samples/sec-- Loss:0.07 -- Error1:1.28
Val_Loss = 0.04960979080200195, Val_Err = 0.99
Epoch: [189 | 200]
Phase:train -- LR: 0.0553 -- MU:0.5506 -- Batch_idx:50/59-- 28728.92 samples/sec-- Loss:0.00 -- Error1:0.00
Train_Loss = 0.00042946421311547357, Train_Err = 0.0
Phase:val -- LR: 0.0561 -- MU:0.5584 -- Batch_idx:50/79-- 10008.45 samples/sec-- Loss:0.07 -- Error1:1.31
Val_Loss = 0.049697286319732664, Val_Err = 1.0
Epoch: [190 | 200]
Phase:train -- LR: 0.0422 -- MU:0.4195 -- Batch_idx:50/59-- 31502.61 samples/sec-- Loss:0.00 -- Error1:0.00
Train_Loss = 0.0004317498761850099, Train_Err = 0.0
Phase:val -- LR: 0.0509 -- MU:0.5063 -- Batch_idx:50/79-- 10432.11 samples/sec-- Loss:0.07 -- Error1:1.34
Val_Loss = 0.04991862244606018, Val_Err = 1.03
Epoch: [191 | 200]
Phase:train -- LR: 0.0452 -- MU:0.4495 -- Batch_idx:50/59-- 36271.94 samples/sec-- Loss:0.00 -- Error1:0.00
Train_Loss = 0.00042016669909935444, Train_Err = 0.0
Phase:val -- LR: 0.0356 -- MU:0.3538 -- Batch_idx:50/79-- 11904.12 samples/sec-- Loss:0.07 -- Error1:1.36
Val_Loss = 0.049749406147003176, Val_Err = 1.03
Epoch: [192 | 200]
Phase:train -- LR: 0.0391 -- MU:0.3889 -- Batch_idx:50/59-- 35626.63 samples/sec-- Loss:0.00 -- Error1:0.00
Train_Loss = 0.0004164981842506677, Train_Err = 0.0
Phase:val -- LR: 0.0461 -- MU:0.4591 -- Batch_idx:50/79-- 12182.83 samples/sec-- Loss:0.07 -- Error1:1.38
Val_Loss = 0.05052171449661255, Val_Err = 1.05
Epoch: [193 | 200]
Phase:train -- LR: 0.0291 -- MU:0.2898 -- Batch_idx:50/59-- 33826.91 samples/sec-- Loss:0.00 -- Error1:0.00
Train_Loss = 0.0004112469592752556, Train_Err = 0.0
Phase:val -- LR: 0.0691 -- MU:0.6873 -- Batch_idx:50/79-- 10115.10 samples/sec-- Loss:0.07 -- Error1:1.28
Val_Loss = 0.04972259621620178, Val_Err = 0.98
Epoch: [194 | 200]
Phase:train -- LR: 0.0413 -- MU:0.4108 -- Batch_idx:50/59-- 25290.02 samples/sec-- Loss:0.00 -- Error1:0.00
Train_Loss = 0.00041395382871851325, Train_Err = 0.0
Phase:val -- LR: 0.0422 -- MU:0.4204 -- Batch_idx:50/79-- 10535.28 samples/sec-- Loss:0.07 -- Error1:1.36
Val_Loss = 0.05036460204124451, Val_Err = 1.03
Epoch: [195 | 200]
Phase:train -- LR: 0.0407 -- MU:0.4045 -- Batch_idx:50/59-- 33344.09 samples/sec-- Loss:0.00 -- Error1:0.00
Train_Loss = 0.00040162658700719473, Train_Err = 0.0016666666666666668
Phase:val -- LR: 0.0540 -- MU:0.5375 -- Batch_idx:50/79-- 11150.07 samples/sec-- Loss:0.07 -- Error1:1.33
Val_Loss = 0.05046571283340454, Val_Err = 1.03
Epoch: [196 | 200]
Phase:train -- LR: 0.0321 -- MU:0.3193 -- Batch_idx:50/59-- 33306.90 samples/sec-- Loss:0.00 -- Error1:0.00
Train_Loss = 0.00040089681949466465, Train_Err = 0.0
Phase:val -- LR: 0.0380 -- MU:0.3786 -- Batch_idx:50/79-- 11112.53 samples/sec-- Loss:0.07 -- Error1:1.33
Val_Loss = 0.05038128724098206, Val_Err = 1.02
Epoch: [197 | 200]
Phase:train -- LR: 0.0486 -- MU:0.4836 -- Batch_idx:50/59-- 36972.87 samples/sec-- Loss:0.00 -- Error1:0.00
Train_Loss = 0.0003914008062488089, Train_Err = 0.0016666666666666668
Phase:val -- LR: 0.0518 -- MU:0.5152 -- Batch_idx:50/79-- 10668.98 samples/sec-- Loss:0.07 -- Error1:1.33
Val_Loss = 0.05047302994728088, Val_Err = 1.01
Epoch: [198 | 200]
Phase:train -- LR: 0.0383 -- MU:0.3811 -- Batch_idx:50/59-- 27681.83 samples/sec-- Loss:0.00 -- Error1:0.00
Train_Loss = 0.00038447684451627237, Train_Err = 0.0
Phase:val -- LR: 0.0459 -- MU:0.4568 -- Batch_idx:50/79-- 9764.42 samples/sec-- Loss:0.07 -- Error1:1.34
Val_Loss = 0.0505591513633728, Val_Err = 1.02
Epoch: [199 | 200]
Phase:train -- LR: 0.0523 -- MU:0.5207 -- Batch_idx:50/59-- 29320.44 samples/sec-- Loss:0.00 -- Error1:0.00
Train_Loss = 0.00039078322250861675, Train_Err = 0.0
Phase:val -- LR: 0.0529 -- MU:0.5265 -- Batch_idx:50/79-- 10216.64 samples/sec-- Loss:0.07 -- Error1:1.36
Val_Loss = 0.051267366886138914, Val_Err = 1.05
