Namespace(bs=1024, cp_dir='./checkpoints/mnist/amsgd_0.01_0.9_1024_0.0/run0', data_dir='./data/mnist', dir='.', dtype='mnist', ep=200, lr=0.01, m=0.9, ms=5, n='mnist/amsgd_0.01_0.9_1024_0.0', num_classes=10, opt='amsgd', print_freq=50, use_cuda=True, wd=0.0)
Epoch: [0 | 200]
Phase:train -- LR: 0.0096 -- MU:0.8660 -- Batch_idx:50/59-- 33166.55 samples/sec-- Loss:2.29 -- Error1:79.96
Train_Loss = 2.2866583582560223, Train_Err = 76.43833332926432
Phase:val -- LR: 0.0097 -- MU:0.8704 -- Batch_idx:50/79-- 12767.43 samples/sec-- Loss:2.24 -- Error1:51.47
Val_Loss = 2.241460859680176, Val_Err = 49.82
Epoch: [1 | 200]
Phase:train -- LR: 0.0042 -- MU:0.3807 -- Batch_idx:50/59-- 36960.88 samples/sec-- Loss:1.70 -- Error1:38.38
Train_Loss = 1.5653122286160788, Train_Err = 35.8433333211263
Phase:val -- LR: 0.0092 -- MU:0.8248 -- Batch_idx:50/79-- 13614.58 samples/sec-- Loss:0.76 -- Error1:21.67
Val_Loss = 0.7052066135406494, Val_Err = 19.59
Epoch: [2 | 200]
Phase:train -- LR: 0.0099 -- MU:0.8896 -- Batch_idx:50/59-- 33610.27 samples/sec-- Loss:0.60 -- Error1:16.85
Train_Loss = 0.7380705934842428, Train_Err = 20.696666678873697
Phase:val -- LR: 0.0031 -- MU:0.2795 -- Batch_idx:50/79-- 13357.88 samples/sec-- Loss:0.80 -- Error1:24.48
Val_Loss = 0.7397989789962769, Val_Err = 22.57
Epoch: [3 | 200]
Phase:train -- LR: 0.0058 -- MU:0.5176 -- Batch_idx:50/59-- 33622.69 samples/sec-- Loss:0.49 -- Error1:13.75
Train_Loss = 0.4781976655165354, Train_Err = 13.586666674804688
Phase:val -- LR: 0.0048 -- MU:0.4324 -- Batch_idx:50/79-- 12992.85 samples/sec-- Loss:0.45 -- Error1:12.98
Val_Loss = 0.39695503721237185, Val_Err = 11.35
Epoch: [4 | 200]
Phase:train -- LR: 0.0001 -- MU:0.0131 -- Batch_idx:50/59-- 36338.11 samples/sec-- Loss:0.41 -- Error1:12.28
Train_Loss = 0.4549712768872579, Train_Err = 13.903333369954428
Phase:val -- LR: 0.0098 -- MU:0.8844 -- Batch_idx:50/79-- 14347.99 samples/sec-- Loss:0.53 -- Error1:17.94
Val_Loss = 0.46599948434829713, Val_Err = 15.48
Epoch: [5 | 200]
Phase:train -- LR: 0.0055 -- MU:0.4973 -- Batch_idx:50/59-- 35239.86 samples/sec-- Loss:0.37 -- Error1:10.96
Train_Loss = 0.37085177631378174, Train_Err = 10.893333321126303
Phase:val -- LR: 0.0077 -- MU:0.6923 -- Batch_idx:50/79-- 13322.59 samples/sec-- Loss:0.38 -- Error1:10.84
Val_Loss = 0.33184169759750365, Val_Err = 9.41
Epoch: [6 | 200]
Phase:train -- LR: 0.0045 -- MU:0.4051 -- Batch_idx:50/59-- 33548.53 samples/sec-- Loss:0.34 -- Error1:9.99
Train_Loss = 0.3363128923257192, Train_Err = 9.934999983723959
Phase:val -- LR: 0.0060 -- MU:0.5387 -- Batch_idx:50/79-- 12861.10 samples/sec-- Loss:0.36 -- Error1:10.62
Val_Loss = 0.3106707694530487, Val_Err = 9.16
Epoch: [7 | 200]
Phase:train -- LR: 0.0034 -- MU:0.3033 -- Batch_idx:50/59-- 33348.01 samples/sec-- Loss:0.32 -- Error1:9.50
Train_Loss = 0.3167208807468414, Train_Err = 9.385000016276042
Phase:val -- LR: 0.0053 -- MU:0.4784 -- Batch_idx:50/79-- 13396.39 samples/sec-- Loss:0.34 -- Error1:9.98
Val_Loss = 0.2931460900783539, Val_Err = 8.57
Epoch: [8 | 200]
Phase:train -- LR: 0.0031 -- MU:0.2775 -- Batch_idx:50/59-- 36637.10 samples/sec-- Loss:0.30 -- Error1:8.99
Train_Loss = 0.2991877309322357, Train_Err = 8.89500000406901
Phase:val -- LR: 0.0064 -- MU:0.5781 -- Batch_idx:50/79-- 13131.73 samples/sec-- Loss:0.32 -- Error1:9.58
Val_Loss = 0.27570576701164246, Val_Err = 8.03
Epoch: [9 | 200]
Phase:train -- LR: 0.0051 -- MU:0.4567 -- Batch_idx:50/59-- 39036.09 samples/sec-- Loss:0.28 -- Error1:8.42
Train_Loss = 0.28366649923324583, Train_Err = 8.426666678873698
Phase:val -- LR: 0.0060 -- MU:0.5368 -- Batch_idx:50/79-- 12841.42 samples/sec-- Loss:0.31 -- Error1:9.14
Val_Loss = 0.26420981602668764, Val_Err = 7.76
Epoch: [10 | 200]
Phase:train -- LR: 0.0018 -- MU:0.1642 -- Batch_idx:50/59-- 33022.69 samples/sec-- Loss:0.27 -- Error1:8.03
Train_Loss = 0.27070235056877134, Train_Err = 8.019999975585938
Phase:val -- LR: 0.0051 -- MU:0.4552 -- Batch_idx:50/79-- 12677.67 samples/sec-- Loss:0.29 -- Error1:8.86
Val_Loss = 0.25211173176765445, Val_Err = 7.47
Epoch: [11 | 200]
Phase:train -- LR: 0.0010 -- MU:0.0872 -- Batch_idx:50/59-- 36517.96 samples/sec-- Loss:0.26 -- Error1:7.83
Train_Loss = 0.26200509656270343, Train_Err = 7.856666687011718
Phase:val -- LR: 0.0095 -- MU:0.8581 -- Batch_idx:50/79-- 14126.32 samples/sec-- Loss:0.33 -- Error1:9.92
Val_Loss = 0.2779700340747833, Val_Err = 8.47
Epoch: [12 | 200]
Phase:train -- LR: 0.0070 -- MU:0.6308 -- Batch_idx:50/59-- 32943.19 samples/sec-- Loss:0.46 -- Error1:12.41
Train_Loss = 0.4321421523888906, Train_Err = 11.70166669514974
Phase:val -- LR: 0.0065 -- MU:0.5813 -- Batch_idx:50/79-- 12459.88 samples/sec-- Loss:0.27 -- Error1:8.09
Val_Loss = 0.23290334291458129, Val_Err = 6.72
Epoch: [13 | 200]
Phase:train -- LR: 0.0035 -- MU:0.3188 -- Batch_idx:50/59-- 35301.20 samples/sec-- Loss:0.24 -- Error1:7.04
Train_Loss = 0.23867649633089702, Train_Err = 7.015000028483073
Phase:val -- LR: 0.0036 -- MU:0.3215 -- Batch_idx:50/79-- 11977.19 samples/sec-- Loss:0.26 -- Error1:7.67
Val_Loss = 0.2162213501930237, Val_Err = 6.29
Epoch: [14 | 200]
Phase:train -- LR: 0.0063 -- MU:0.5677 -- Batch_idx:50/59-- 24603.92 samples/sec-- Loss:0.23 -- Error1:6.67
Train_Loss = 0.22458540771007537, Train_Err = 6.5883333740234375
Phase:val -- LR: 0.0065 -- MU:0.5835 -- Batch_idx:50/79-- 10945.23 samples/sec-- Loss:0.24 -- Error1:7.31
Val_Loss = 0.2060017346382141, Val_Err = 6.14
Epoch: [15 | 200]
Phase:train -- LR: 0.0071 -- MU:0.6352 -- Batch_idx:50/59-- 30006.63 samples/sec-- Loss:0.21 -- Error1:6.29
Train_Loss = 0.21354894003073374, Train_Err = 6.25499999593099
Phase:val -- LR: 0.0041 -- MU:0.3718 -- Batch_idx:50/79-- 10564.48 samples/sec-- Loss:0.23 -- Error1:6.89
Val_Loss = 0.19607193169593812, Val_Err = 5.71
Epoch: [16 | 200]
Phase:train -- LR: 0.0065 -- MU:0.5818 -- Batch_idx:50/59-- 26003.18 samples/sec-- Loss:0.20 -- Error1:5.98
Train_Loss = 0.20460661697387694, Train_Err = 5.985000008138021
Phase:val -- LR: 0.0032 -- MU:0.2900 -- Batch_idx:50/79-- 12586.08 samples/sec-- Loss:0.22 -- Error1:6.77
Val_Loss = 0.1875227852344513, Val_Err = 5.56
Epoch: [17 | 200]
Phase:train -- LR: 0.0035 -- MU:0.3115 -- Batch_idx:50/59-- 23992.09 samples/sec-- Loss:0.20 -- Error1:5.80
Train_Loss = 0.19672038962046307, Train_Err = 5.771666682942708
Phase:val -- LR: 0.0057 -- MU:0.5090 -- Batch_idx:50/79-- 12687.29 samples/sec-- Loss:0.22 -- Error1:6.52
Val_Loss = 0.18240982041358947, Val_Err = 5.26
Epoch: [18 | 200]
Phase:train -- LR: 0.0065 -- MU:0.5845 -- Batch_idx:50/59-- 22157.91 samples/sec-- Loss:0.19 -- Error1:5.62
Train_Loss = 0.19044444891611734, Train_Err = 5.62999999593099
Phase:val -- LR: 0.0040 -- MU:0.3588 -- Batch_idx:50/79-- 11518.44 samples/sec-- Loss:0.21 -- Error1:6.28
Val_Loss = 0.17474994716644288, Val_Err = 5.1
Epoch: [19 | 200]
Phase:train -- LR: 0.0046 -- MU:0.4151 -- Batch_idx:50/59-- 24771.81 samples/sec-- Loss:0.19 -- Error1:5.41
Train_Loss = 0.18424866127967834, Train_Err = 5.44166670328776
Phase:val -- LR: 0.0026 -- MU:0.2380 -- Batch_idx:50/79-- 10890.30 samples/sec-- Loss:0.20 -- Error1:6.05
Val_Loss = 0.16938370261192323, Val_Err = 4.95
Epoch: [20 | 200]
Phase:train -- LR: 0.0044 -- MU:0.3985 -- Batch_idx:50/59-- 22949.27 samples/sec-- Loss:0.18 -- Error1:5.17
Train_Loss = 0.17872633593877157, Train_Err = 5.2316666585286455
Phase:val -- LR: 0.0050 -- MU:0.4469 -- Batch_idx:50/79-- 11061.38 samples/sec-- Loss:0.20 -- Error1:5.97
Val_Loss = 0.1651937128543854, Val_Err = 4.76
Epoch: [21 | 200]
Phase:train -- LR: 0.0021 -- MU:0.1870 -- Batch_idx:50/59-- 22495.44 samples/sec-- Loss:0.17 -- Error1:5.10
Train_Loss = 0.17327650396029154, Train_Err = 5.10166670328776
Phase:val -- LR: 0.0032 -- MU:0.2916 -- Batch_idx:50/79-- 11900.01 samples/sec-- Loss:0.19 -- Error1:5.77
Val_Loss = 0.1587691852092743, Val_Err = 4.68
Epoch: [22 | 200]
Phase:train -- LR: 0.0060 -- MU:0.5419 -- Batch_idx:50/59-- 24247.49 samples/sec-- Loss:0.17 -- Error1:4.97
Train_Loss = 0.16799863243897756, Train_Err = 4.945000040690104
Phase:val -- LR: 0.0035 -- MU:0.3112 -- Batch_idx:50/79-- 11956.56 samples/sec-- Loss:0.19 -- Error1:5.62
Val_Loss = 0.1565411102294922, Val_Err = 4.5
Epoch: [23 | 200]
Phase:train -- LR: 0.0045 -- MU:0.4021 -- Batch_idx:50/59-- 25678.91 samples/sec-- Loss:0.16 -- Error1:4.74
Train_Loss = 0.1639436223745346, Train_Err = 4.7650000122070315
Phase:val -- LR: 0.0044 -- MU:0.4000 -- Batch_idx:50/79-- 11039.77 samples/sec-- Loss:0.18 -- Error1:5.62
Val_Loss = 0.1495415585041046, Val_Err = 4.51
Epoch: [24 | 200]
Phase:train -- LR: 0.0030 -- MU:0.2664 -- Batch_idx:50/59-- 22444.14 samples/sec-- Loss:0.16 -- Error1:4.70
Train_Loss = 0.1598957367261251, Train_Err = 4.715000036621094
Phase:val -- LR: 0.0068 -- MU:0.6088 -- Batch_idx:50/79-- 11499.24 samples/sec-- Loss:0.18 -- Error1:5.41
Val_Loss = 0.1458670570373535, Val_Err = 4.37
Epoch: [25 | 200]
Phase:train -- LR: 0.0072 -- MU:0.6523 -- Batch_idx:50/59-- 22495.80 samples/sec-- Loss:0.15 -- Error1:4.59
Train_Loss = 0.1557369184891383, Train_Err = 4.6099999755859375
Phase:val -- LR: 0.0049 -- MU:0.4425 -- Batch_idx:50/79-- 11359.09 samples/sec-- Loss:0.17 -- Error1:5.38
Val_Loss = 0.14201646041870117, Val_Err = 4.23
Epoch: [26 | 200]
Phase:train -- LR: 0.0030 -- MU:0.2690 -- Batch_idx:50/59-- 24696.79 samples/sec-- Loss:0.15 -- Error1:4.45
Train_Loss = 0.15120748884677887, Train_Err = 4.468333317057292
Phase:val -- LR: 0.0069 -- MU:0.6237 -- Batch_idx:50/79-- 11366.63 samples/sec-- Loss:0.17 -- Error1:5.28
Val_Loss = 0.1370055015563965, Val_Err = 4.21
Epoch: [27 | 200]
Phase:train -- LR: 0.0051 -- MU:0.4576 -- Batch_idx:50/59-- 24254.90 samples/sec-- Loss:0.15 -- Error1:4.39
Train_Loss = 0.1476716125090917, Train_Err = 4.363333365885417
Phase:val -- LR: 0.0052 -- MU:0.4693 -- Batch_idx:50/79-- 11129.68 samples/sec-- Loss:0.17 -- Error1:5.17
Val_Loss = 0.1362545696258545, Val_Err = 4.07
Epoch: [28 | 200]
Phase:train -- LR: 0.0059 -- MU:0.5341 -- Batch_idx:50/59-- 22205.18 samples/sec-- Loss:0.14 -- Error1:4.27
Train_Loss = 0.14398161058425904, Train_Err = 4.263333345540365
Phase:val -- LR: 0.0024 -- MU:0.2175 -- Batch_idx:50/79-- 11365.97 samples/sec-- Loss:0.16 -- Error1:4.92
Val_Loss = 0.13436302423477173, Val_Err = 3.94
Epoch: [29 | 200]
Phase:train -- LR: 0.0038 -- MU:0.3395 -- Batch_idx:50/59-- 22353.11 samples/sec-- Loss:0.14 -- Error1:4.16
Train_Loss = 0.141659871729215, Train_Err = 4.174999971516927
Phase:val -- LR: 0.0063 -- MU:0.5658 -- Batch_idx:50/79-- 11694.43 samples/sec-- Loss:0.16 -- Error1:4.91
Val_Loss = 0.1294556785106659, Val_Err = 3.84
Epoch: [30 | 200]
Phase:train -- LR: 0.0031 -- MU:0.2812 -- Batch_idx:50/59-- 26025.15 samples/sec-- Loss:0.14 -- Error1:4.04
Train_Loss = 0.13803387668132783, Train_Err = 4.105000020345052
Phase:val -- LR: 0.0078 -- MU:0.7013 -- Batch_idx:50/79-- 11745.51 samples/sec-- Loss:0.15 -- Error1:4.73
Val_Loss = 0.12606374554634095, Val_Err = 3.79
Epoch: [31 | 200]
Phase:train -- LR: 0.0043 -- MU:0.3899 -- Batch_idx:50/59-- 23493.73 samples/sec-- Loss:0.13 -- Error1:4.03
Train_Loss = 0.13514576177597046, Train_Err = 4.0199999918619795
Phase:val -- LR: 0.0065 -- MU:0.5805 -- Batch_idx:50/79-- 11792.22 samples/sec-- Loss:0.15 -- Error1:4.72
Val_Loss = 0.1230708342552185, Val_Err = 3.75
Epoch: [32 | 200]
Phase:train -- LR: 0.0048 -- MU:0.4331 -- Batch_idx:50/59-- 23116.25 samples/sec-- Loss:0.13 -- Error1:3.93
Train_Loss = 0.13242192458311716, Train_Err = 3.909999979654948
Phase:val -- LR: 0.0048 -- MU:0.4311 -- Batch_idx:50/79-- 10809.60 samples/sec-- Loss:0.15 -- Error1:4.58
Val_Loss = 0.11989810991287231, Val_Err = 3.65
Epoch: [33 | 200]
Phase:train -- LR: 0.0080 -- MU:0.7222 -- Batch_idx:50/59-- 21944.26 samples/sec-- Loss:0.13 -- Error1:3.83
Train_Loss = 0.129806956632932, Train_Err = 3.868333349609375
Phase:val -- LR: 0.0049 -- MU:0.4397 -- Batch_idx:50/79-- 11340.40 samples/sec-- Loss:0.14 -- Error1:4.44
Val_Loss = 0.11667130579948426, Val_Err = 3.5
Epoch: [34 | 200]
Phase:train -- LR: 0.0079 -- MU:0.7119 -- Batch_idx:50/59-- 27568.53 samples/sec-- Loss:0.13 -- Error1:3.88
Train_Loss = 0.12864426228602727, Train_Err = 3.891666650390625
Phase:val -- LR: 0.0039 -- MU:0.3491 -- Batch_idx:50/79-- 11466.55 samples/sec-- Loss:0.14 -- Error1:4.47
Val_Loss = 0.11559316182136535, Val_Err = 3.53
Epoch: [35 | 200]
Phase:train -- LR: 0.0040 -- MU:0.3640 -- Batch_idx:50/59-- 22365.63 samples/sec-- Loss:0.13 -- Error1:3.73
Train_Loss = 0.12509015206893284, Train_Err = 3.72166669921875
Phase:val -- LR: 0.0035 -- MU:0.3175 -- Batch_idx:50/79-- 11347.49 samples/sec-- Loss:0.14 -- Error1:4.20
Val_Loss = 0.11248988423347474, Val_Err = 3.33
Epoch: [36 | 200]
Phase:train -- LR: 0.0020 -- MU:0.1765 -- Batch_idx:50/59-- 22569.10 samples/sec-- Loss:0.12 -- Error1:3.69
Train_Loss = 0.1226664633512497, Train_Err = 3.6800000040690106
Phase:val -- LR: 0.0025 -- MU:0.2228 -- Batch_idx:50/79-- 10945.09 samples/sec-- Loss:0.14 -- Error1:4.17
Val_Loss = 0.1111622151851654, Val_Err = 3.27
Epoch: [37 | 200]
Phase:train -- LR: 0.0042 -- MU:0.3779 -- Batch_idx:50/59-- 22465.30 samples/sec-- Loss:0.12 -- Error1:3.65
Train_Loss = 0.1205670004606247, Train_Err = 3.654999971516927
Phase:val -- LR: 0.0037 -- MU:0.3292 -- Batch_idx:50/79-- 11424.51 samples/sec-- Loss:0.13 -- Error1:4.12
Val_Loss = 0.10835761642456054, Val_Err = 3.25
Epoch: [38 | 200]
Phase:train -- LR: 0.0039 -- MU:0.3546 -- Batch_idx:50/59-- 30471.00 samples/sec-- Loss:0.12 -- Error1:3.55
Train_Loss = 0.11810148150523504, Train_Err = 3.5750000244140625
Phase:val -- LR: 0.0058 -- MU:0.5232 -- Batch_idx:50/79-- 11877.81 samples/sec-- Loss:0.13 -- Error1:4.02
Val_Loss = 0.10713919892311097, Val_Err = 3.17
Epoch: [39 | 200]
Phase:train -- LR: 0.0019 -- MU:0.1682 -- Batch_idx:50/59-- 21960.20 samples/sec-- Loss:0.12 -- Error1:3.51
Train_Loss = 0.11688818136850992, Train_Err = 3.5299999755859375
Phase:val -- LR: 0.0051 -- MU:0.4573 -- Batch_idx:50/79-- 11306.59 samples/sec-- Loss:0.13 -- Error1:3.97
Val_Loss = 0.10457650628089905, Val_Err = 3.14
Epoch: [40 | 200]
Phase:train -- LR: 0.0037 -- MU:0.3362 -- Batch_idx:50/59-- 22729.60 samples/sec-- Loss:0.11 -- Error1:3.46
Train_Loss = 0.11432679455280303, Train_Err = 3.481666650390625
Phase:val -- LR: 0.0073 -- MU:0.6543 -- Batch_idx:50/79-- 11769.29 samples/sec-- Loss:0.13 -- Error1:4.08
Val_Loss = 0.10515095605850219, Val_Err = 3.18
Epoch: [41 | 200]
Phase:train -- LR: 0.0030 -- MU:0.2728 -- Batch_idx:50/59-- 21525.23 samples/sec-- Loss:0.11 -- Error1:3.39
Train_Loss = 0.11247552165190379, Train_Err = 3.4083333251953123
Phase:val -- LR: 0.0035 -- MU:0.3172 -- Batch_idx:50/79-- 11343.99 samples/sec-- Loss:0.12 -- Error1:3.80
Val_Loss = 0.10171481766700745, Val_Err = 2.99
Epoch: [42 | 200]
Phase:train -- LR: 0.0075 -- MU:0.6775 -- Batch_idx:50/59-- 29641.77 samples/sec-- Loss:0.11 -- Error1:3.36
Train_Loss = 0.11101192815303802, Train_Err = 3.3666666625976562
Phase:val -- LR: 0.0039 -- MU:0.3518 -- Batch_idx:50/79-- 11542.15 samples/sec-- Loss:0.13 -- Error1:3.81
Val_Loss = 0.10205318446159363, Val_Err = 3.05
Epoch: [43 | 200]
Phase:train -- LR: 0.0011 -- MU:0.1026 -- Batch_idx:50/59-- 21583.30 samples/sec-- Loss:0.11 -- Error1:3.32
Train_Loss = 0.10910973895788192, Train_Err = 3.316666691080729
Phase:val -- LR: 0.0037 -- MU:0.3306 -- Batch_idx:50/79-- 11116.85 samples/sec-- Loss:0.12 -- Error1:3.73
Val_Loss = 0.09988703670501708, Val_Err = 2.9
Epoch: [44 | 200]
Phase:train -- LR: 0.0045 -- MU:0.4007 -- Batch_idx:50/59-- 22260.51 samples/sec-- Loss:0.11 -- Error1:3.31
Train_Loss = 0.10770922231674195, Train_Err = 3.281666682942708
Phase:val -- LR: 0.0060 -- MU:0.5364 -- Batch_idx:50/79-- 11304.30 samples/sec-- Loss:0.12 -- Error1:3.61
Val_Loss = 0.09665718669891357, Val_Err = 2.85
Epoch: [45 | 200]
Phase:train -- LR: 0.0047 -- MU:0.4189 -- Batch_idx:50/59-- 22832.95 samples/sec-- Loss:0.11 -- Error1:3.19
Train_Loss = 0.1056498790383339, Train_Err = 3.2199999918619793
Phase:val -- LR: 0.0072 -- MU:0.6489 -- Batch_idx:50/79-- 11991.01 samples/sec-- Loss:0.12 -- Error1:3.62
Val_Loss = 0.09530222311019898, Val_Err = 2.83
Epoch: [46 | 200]
Phase:train -- LR: 0.0031 -- MU:0.2805 -- Batch_idx:50/59-- 29124.61 samples/sec-- Loss:0.10 -- Error1:3.16
Train_Loss = 0.10407846158742905, Train_Err = 3.156666642252604
Phase:val -- LR: 0.0058 -- MU:0.5175 -- Batch_idx:50/79-- 12139.31 samples/sec-- Loss:0.11 -- Error1:3.53
Val_Loss = 0.09306466093063355, Val_Err = 2.75
Epoch: [47 | 200]
Phase:train -- LR: 0.0055 -- MU:0.4910 -- Batch_idx:50/59-- 21907.74 samples/sec-- Loss:0.10 -- Error1:3.16
Train_Loss = 0.10264510485728581, Train_Err = 3.1433333089192708
Phase:val -- LR: 0.0063 -- MU:0.5656 -- Batch_idx:50/79-- 11075.80 samples/sec-- Loss:0.11 -- Error1:3.52
Val_Loss = 0.09268522610664368, Val_Err = 2.8
Epoch: [48 | 200]
Phase:train -- LR: 0.0044 -- MU:0.4005 -- Batch_idx:50/59-- 22269.59 samples/sec-- Loss:0.10 -- Error1:3.08
Train_Loss = 0.10114490176836649, Train_Err = 3.085000008138021
Phase:val -- LR: 0.0063 -- MU:0.5693 -- Batch_idx:50/79-- 11654.60 samples/sec-- Loss:0.11 -- Error1:3.42
Val_Loss = 0.09178729305267334, Val_Err = 2.74
Epoch: [49 | 200]
Phase:train -- LR: 0.0061 -- MU:0.5445 -- Batch_idx:50/59-- 22688.09 samples/sec-- Loss:0.10 -- Error1:3.09
Train_Loss = 0.10004655367533366, Train_Err = 3.0833333658854167
Phase:val -- LR: 0.0048 -- MU:0.4281 -- Batch_idx:50/79-- 11814.74 samples/sec-- Loss:0.11 -- Error1:3.44
Val_Loss = 0.09033287506103516, Val_Err = 2.68
Epoch: [50 | 200]
Phase:train -- LR: 0.0047 -- MU:0.4257 -- Batch_idx:50/59-- 29135.22 samples/sec-- Loss:0.10 -- Error1:3.05
Train_Loss = 0.09888505268891652, Train_Err = 3.0450000203450522
Phase:val -- LR: 0.0021 -- MU:0.1929 -- Batch_idx:50/79-- 11125.99 samples/sec-- Loss:0.11 -- Error1:3.31
Val_Loss = 0.08844659008979798, Val_Err = 2.65
Epoch: [51 | 200]
Phase:train -- LR: 0.0065 -- MU:0.5858 -- Batch_idx:50/59-- 21904.93 samples/sec-- Loss:0.10 -- Error1:3.01
Train_Loss = 0.09727140097618103, Train_Err = 3.000000028483073
Phase:val -- LR: 0.0025 -- MU:0.2238 -- Batch_idx:50/79-- 11213.58 samples/sec-- Loss:0.11 -- Error1:3.20
Val_Loss = 0.08710273451805114, Val_Err = 2.54
Epoch: [52 | 200]
Phase:train -- LR: 0.0078 -- MU:0.7064 -- Batch_idx:50/59-- 21612.45 samples/sec-- Loss:0.10 -- Error1:2.97
Train_Loss = 0.09606563329696655, Train_Err = 2.948333361816406
Phase:val -- LR: 0.0048 -- MU:0.4305 -- Batch_idx:50/79-- 10929.34 samples/sec-- Loss:0.11 -- Error1:3.23
Val_Loss = 0.08706616559028625, Val_Err = 2.65
Epoch: [53 | 200]
Phase:train -- LR: 0.0044 -- MU:0.3947 -- Batch_idx:50/59-- 22407.35 samples/sec-- Loss:0.10 -- Error1:2.94
Train_Loss = 0.09537201306422552, Train_Err = 2.928333349609375
Phase:val -- LR: 0.0038 -- MU:0.3381 -- Batch_idx:50/79-- 11696.36 samples/sec-- Loss:0.11 -- Error1:3.14
Val_Loss = 0.08562146334648132, Val_Err = 2.48
Epoch: [54 | 200]
Phase:train -- LR: 0.0034 -- MU:0.3055 -- Batch_idx:50/59-- 28939.77 samples/sec-- Loss:0.09 -- Error1:2.90
Train_Loss = 0.09358962909380594, Train_Err = 2.8816666748046873
Phase:val -- LR: 0.0056 -- MU:0.5020 -- Batch_idx:50/79-- 10593.76 samples/sec-- Loss:0.11 -- Error1:3.25
Val_Loss = 0.08533116455078125, Val_Err = 2.59
Epoch: [55 | 200]
Phase:train -- LR: 0.0067 -- MU:0.6031 -- Batch_idx:50/59-- 23099.70 samples/sec-- Loss:0.09 -- Error1:2.85
Train_Loss = 0.09289680507977803, Train_Err = 2.8166666951497397
Phase:val -- LR: 0.0036 -- MU:0.3267 -- Batch_idx:50/79-- 11835.24 samples/sec-- Loss:0.10 -- Error1:3.08
Val_Loss = 0.08354804539680481, Val_Err = 2.45
Epoch: [56 | 200]
Phase:train -- LR: 0.0009 -- MU:0.0812 -- Batch_idx:50/59-- 21580.79 samples/sec-- Loss:0.09 -- Error1:2.81
Train_Loss = 0.09197978190978368, Train_Err = 2.810000028483073
Phase:val -- LR: 0.0036 -- MU:0.3205 -- Batch_idx:50/79-- 11302.47 samples/sec-- Loss:0.10 -- Error1:3.09
Val_Loss = 0.0830426917552948, Val_Err = 2.46
Epoch: [57 | 200]
Phase:train -- LR: 0.0056 -- MU:0.5060 -- Batch_idx:50/59-- 24259.21 samples/sec-- Loss:0.09 -- Error1:2.78
Train_Loss = 0.09062426964441936, Train_Err = 2.7783333455403647
Phase:val -- LR: 0.0043 -- MU:0.3867 -- Batch_idx:50/79-- 12717.41 samples/sec-- Loss:0.10 -- Error1:3.03
Val_Loss = 0.0813950822353363, Val_Err = 2.4
Epoch: [58 | 200]
Phase:train -- LR: 0.0060 -- MU:0.5373 -- Batch_idx:50/59-- 24220.67 samples/sec-- Loss:0.09 -- Error1:2.75
Train_Loss = 0.09039761353731156, Train_Err = 2.775000020345052
Phase:val -- LR: 0.0049 -- MU:0.4427 -- Batch_idx:50/79-- 10852.81 samples/sec-- Loss:0.10 -- Error1:2.95
Val_Loss = 0.08124681305885315, Val_Err = 2.39
Epoch: [59 | 200]
Phase:train -- LR: 0.0074 -- MU:0.6622 -- Batch_idx:50/59-- 21465.33 samples/sec-- Loss:0.09 -- Error1:2.66
Train_Loss = 0.08869308817783991, Train_Err = 2.7250000244140624
Phase:val -- LR: 0.0044 -- MU:0.3962 -- Batch_idx:50/79-- 10700.01 samples/sec-- Loss:0.10 -- Error1:2.95
Val_Loss = 0.07980188307762145, Val_Err = 2.37
Epoch: [60 | 200]
Phase:train -- LR: 0.0053 -- MU:0.4749 -- Batch_idx:50/59-- 21494.56 samples/sec-- Loss:0.09 -- Error1:2.79
Train_Loss = 0.08814354498386383, Train_Err = 2.758333378092448
Phase:val -- LR: 0.0023 -- MU:0.2102 -- Batch_idx:50/79-- 11508.84 samples/sec-- Loss:0.10 -- Error1:2.92
Val_Loss = 0.07890705852508545, Val_Err = 2.33
Epoch: [61 | 200]
Phase:train -- LR: 0.0022 -- MU:0.1984 -- Batch_idx:50/59-- 26914.50 samples/sec-- Loss:0.09 -- Error1:2.64
Train_Loss = 0.0868464744925499, Train_Err = 2.6883333170572916
Phase:val -- LR: 0.0045 -- MU:0.4042 -- Batch_idx:50/79-- 13270.04 samples/sec-- Loss:0.10 -- Error1:2.94
Val_Loss = 0.07862443132400512, Val_Err = 2.37
Epoch: [62 | 200]
Phase:train -- LR: 0.0028 -- MU:0.2503 -- Batch_idx:50/59-- 21988.36 samples/sec-- Loss:0.09 -- Error1:2.64
Train_Loss = 0.08601837542851766, Train_Err = 2.65666669921875
Phase:val -- LR: 0.0033 -- MU:0.2935 -- Batch_idx:50/79-- 11418.99 samples/sec-- Loss:0.10 -- Error1:2.78
Val_Loss = 0.07814140667915344, Val_Err = 2.21
Epoch: [63 | 200]
Phase:train -- LR: 0.0051 -- MU:0.4586 -- Batch_idx:50/59-- 22077.43 samples/sec-- Loss:0.09 -- Error1:2.64
Train_Loss = 0.0853547965725263, Train_Err = 2.6433333170572917
Phase:val -- LR: 0.0047 -- MU:0.4188 -- Batch_idx:50/79-- 10823.29 samples/sec-- Loss:0.10 -- Error1:2.86
Val_Loss = 0.07684404172897338, Val_Err = 2.28
Epoch: [64 | 200]
Phase:train -- LR: 0.0064 -- MU:0.5726 -- Batch_idx:50/59-- 22633.72 samples/sec-- Loss:0.08 -- Error1:2.61
Train_Loss = 0.08370276912053426, Train_Err = 2.5850000284830728
Phase:val -- LR: 0.0078 -- MU:0.7056 -- Batch_idx:50/79-- 11530.36 samples/sec-- Loss:0.10 -- Error1:2.83
Val_Loss = 0.07736288828849792, Val_Err = 2.31
Epoch: [65 | 200]
Phase:train -- LR: 0.0046 -- MU:0.4107 -- Batch_idx:50/59-- 27282.70 samples/sec-- Loss:0.08 -- Error1:2.56
Train_Loss = 0.08296796330213546, Train_Err = 2.5400000447591147
Phase:val -- LR: 0.0066 -- MU:0.5897 -- Batch_idx:50/79-- 12200.31 samples/sec-- Loss:0.09 -- Error1:2.84
Val_Loss = 0.07563093390464783, Val_Err = 2.25
Epoch: [66 | 200]
Phase:train -- LR: 0.0094 -- MU:0.8498 -- Batch_idx:50/59-- 22102.13 samples/sec-- Loss:0.08 -- Error1:2.57
Train_Loss = 0.08985386555194855, Train_Err = 2.8166666870117187
Phase:val -- LR: 0.0002 -- MU:0.0143 -- Batch_idx:50/79-- 11594.30 samples/sec-- Loss:0.23 -- Error1:7.80
Val_Loss = 0.19693726797103883, Val_Err = 6.74
Epoch: [67 | 200]
Phase:train -- LR: 0.0051 -- MU:0.4616 -- Batch_idx:50/59-- 21722.60 samples/sec-- Loss:0.53 -- Error1:9.54
Train_Loss = 0.47334114290078483, Train_Err = 8.643333365885416
Phase:val -- LR: 0.0065 -- MU:0.5841 -- Batch_idx:50/79-- 11354.66 samples/sec-- Loss:0.14 -- Error1:4.14
Val_Loss = 0.11113946802616119, Val_Err = 3.26
Epoch: [68 | 200]
Phase:train -- LR: 0.0054 -- MU:0.4903 -- Batch_idx:50/59-- 22368.29 samples/sec-- Loss:0.11 -- Error1:3.20
Train_Loss = 0.11170723952452341, Train_Err = 3.1800000406901043
Phase:val -- LR: 0.0054 -- MU:0.4837 -- Batch_idx:50/79-- 12216.92 samples/sec-- Loss:0.12 -- Error1:3.75
Val_Loss = 0.09829211621284485, Val_Err = 2.9
Epoch: [69 | 200]
Phase:train -- LR: 0.0065 -- MU:0.5828 -- Batch_idx:50/59-- 25935.23 samples/sec-- Loss:0.10 -- Error1:3.01
Train_Loss = 0.1013429354985555, Train_Err = 2.955000008138021
Phase:val -- LR: 0.0049 -- MU:0.4383 -- Batch_idx:50/79-- 11665.16 samples/sec-- Loss:0.11 -- Error1:3.44
Val_Loss = 0.09044150409698486, Val_Err = 2.68
Epoch: [70 | 200]
Phase:train -- LR: 0.0048 -- MU:0.4289 -- Batch_idx:50/59-- 21211.91 samples/sec-- Loss:0.10 -- Error1:2.84
Train_Loss = 0.09579227092266082, Train_Err = 2.8116666829427084
Phase:val -- LR: 0.0072 -- MU:0.6436 -- Batch_idx:50/79-- 11800.50 samples/sec-- Loss:0.11 -- Error1:3.39
Val_Loss = 0.08567424383163452, Val_Err = 2.67
Epoch: [71 | 200]
Phase:train -- LR: 0.0035 -- MU:0.3173 -- Batch_idx:50/59-- 21758.79 samples/sec-- Loss:0.09 -- Error1:2.68
Train_Loss = 0.09158094746669133, Train_Err = 2.728333378092448
Phase:val -- LR: 0.0039 -- MU:0.3523 -- Batch_idx:50/79-- 11634.71 samples/sec-- Loss:0.10 -- Error1:3.25
Val_Loss = 0.081463911819458, Val_Err = 2.55
Epoch: [72 | 200]
Phase:train -- LR: 0.0049 -- MU:0.4414 -- Batch_idx:50/59-- 24751.64 samples/sec-- Loss:0.09 -- Error1:2.64
Train_Loss = 0.08834540210962295, Train_Err = 2.6316666870117187
Phase:val -- LR: 0.0054 -- MU:0.4826 -- Batch_idx:50/79-- 12338.27 samples/sec-- Loss:0.10 -- Error1:3.16
Val_Loss = 0.07959473567008972, Val_Err = 2.47
Epoch: [73 | 200]
Phase:train -- LR: 0.0036 -- MU:0.3262 -- Batch_idx:50/59-- 26684.39 samples/sec-- Loss:0.09 -- Error1:2.56
Train_Loss = 0.08604390226999918, Train_Err = 2.583333341471354
Phase:val -- LR: 0.0048 -- MU:0.4312 -- Batch_idx:50/79-- 11729.50 samples/sec-- Loss:0.10 -- Error1:3.05
Val_Loss = 0.07703925790786743, Val_Err = 2.38
Epoch: [74 | 200]
Phase:train -- LR: 0.0047 -- MU:0.4251 -- Batch_idx:50/59-- 21693.69 samples/sec-- Loss:0.09 -- Error1:2.56
Train_Loss = 0.08410551731785139, Train_Err = 2.5383333374023436
Phase:val -- LR: 0.0057 -- MU:0.5147 -- Batch_idx:50/79-- 11386.07 samples/sec-- Loss:0.09 -- Error1:2.94
Val_Loss = 0.07575246067047119, Val_Err = 2.32
Epoch: [75 | 200]
Phase:train -- LR: 0.0076 -- MU:0.6806 -- Batch_idx:50/59-- 23195.15 samples/sec-- Loss:0.08 -- Error1:2.50
Train_Loss = 0.0823493642171224, Train_Err = 2.4633333170572915
Phase:val -- LR: 0.0037 -- MU:0.3373 -- Batch_idx:50/79-- 11425.09 samples/sec-- Loss:0.09 -- Error1:2.86
Val_Loss = 0.07348454461097717, Val_Err = 2.24
Epoch: [76 | 200]
Phase:train -- LR: 0.0021 -- MU:0.1890 -- Batch_idx:50/59-- 26469.88 samples/sec-- Loss:0.08 -- Error1:2.41
Train_Loss = 0.08086854576269785, Train_Err = 2.4550000162760415
Phase:val -- LR: 0.0052 -- MU:0.4637 -- Batch_idx:50/79-- 12305.14 samples/sec-- Loss:0.09 -- Error1:2.84
Val_Loss = 0.07240187230110169, Val_Err = 2.2
Epoch: [77 | 200]
Phase:train -- LR: 0.0052 -- MU:0.4721 -- Batch_idx:50/59-- 22011.05 samples/sec-- Loss:0.08 -- Error1:2.39
Train_Loss = 0.07958080228964488, Train_Err = 2.398333361816406
Phase:val -- LR: 0.0043 -- MU:0.3865 -- Batch_idx:50/79-- 11151.67 samples/sec-- Loss:0.09 -- Error1:2.81
Val_Loss = 0.07145655403137208, Val_Err = 2.18
Epoch: [78 | 200]
Phase:train -- LR: 0.0051 -- MU:0.4633 -- Batch_idx:50/59-- 22410.69 samples/sec-- Loss:0.08 -- Error1:2.33
Train_Loss = 0.07851228214502334, Train_Err = 2.363333361816406
Phase:val -- LR: 0.0049 -- MU:0.4368 -- Batch_idx:50/79-- 11833.85 samples/sec-- Loss:0.09 -- Error1:2.69
Val_Loss = 0.07018490581512452, Val_Err = 2.1
Epoch: [79 | 200]
Phase:train -- LR: 0.0054 -- MU:0.4860 -- Batch_idx:50/59-- 23723.18 samples/sec-- Loss:0.08 -- Error1:2.33
Train_Loss = 0.0774580115199089, Train_Err = 2.3333333170572916
Phase:val -- LR: 0.0044 -- MU:0.3950 -- Batch_idx:50/79-- 12789.80 samples/sec-- Loss:0.09 -- Error1:2.77
Val_Loss = 0.06980844950675964, Val_Err = 2.14
Epoch: [80 | 200]
Phase:train -- LR: 0.0058 -- MU:0.5198 -- Batch_idx:50/59-- 25881.54 samples/sec-- Loss:0.08 -- Error1:2.31
Train_Loss = 0.0762681498448054, Train_Err = 2.296666642252604
Phase:val -- LR: 0.0057 -- MU:0.5173 -- Batch_idx:50/79-- 10928.59 samples/sec-- Loss:0.08 -- Error1:2.61
Val_Loss = 0.06820410494804383, Val_Err = 2.03
Epoch: [81 | 200]
Phase:train -- LR: 0.0057 -- MU:0.5157 -- Batch_idx:50/59-- 21457.63 samples/sec-- Loss:0.07 -- Error1:2.26
Train_Loss = 0.07523680123885472, Train_Err = 2.258333361816406
Phase:val -- LR: 0.0043 -- MU:0.3901 -- Batch_idx:50/79-- 11683.39 samples/sec-- Loss:0.08 -- Error1:2.67
Val_Loss = 0.06859754819869995, Val_Err = 2.09
Epoch: [82 | 200]
Phase:train -- LR: 0.0054 -- MU:0.4837 -- Batch_idx:50/59-- 23954.71 samples/sec-- Loss:0.07 -- Error1:2.27
Train_Loss = 0.07452854726314545, Train_Err = 2.258333361816406
Phase:val -- LR: 0.0051 -- MU:0.4577 -- Batch_idx:50/79-- 11062.09 samples/sec-- Loss:0.08 -- Error1:2.55
Val_Loss = 0.0667986427783966, Val_Err = 1.97
Epoch: [83 | 200]
Phase:train -- LR: 0.0076 -- MU:0.6796 -- Batch_idx:50/59-- 26632.66 samples/sec-- Loss:0.07 -- Error1:2.23
Train_Loss = 0.07346523458560308, Train_Err = 2.2283333618164063
Phase:val -- LR: 0.0035 -- MU:0.3171 -- Batch_idx:50/79-- 11955.57 samples/sec-- Loss:0.08 -- Error1:2.53
Val_Loss = 0.06643772354125976, Val_Err = 1.99
Epoch: [84 | 200]
Phase:train -- LR: 0.0074 -- MU:0.6697 -- Batch_idx:50/59-- 21744.42 samples/sec-- Loss:0.07 -- Error1:2.20
Train_Loss = 0.0727754062751929, Train_Err = 2.2050000122070315
Phase:val -- LR: 0.0023 -- MU:0.2054 -- Batch_idx:50/79-- 11193.24 samples/sec-- Loss:0.08 -- Error1:2.53
Val_Loss = 0.06556573944091797, Val_Err = 1.99
Epoch: [85 | 200]
Phase:train -- LR: 0.0045 -- MU:0.4093 -- Batch_idx:50/59-- 22159.59 samples/sec-- Loss:0.07 -- Error1:2.21
Train_Loss = 0.07166858301957449, Train_Err = 2.165000028483073
Phase:val -- LR: 0.0052 -- MU:0.4657 -- Batch_idx:50/79-- 11838.30 samples/sec-- Loss:0.08 -- Error1:2.48
Val_Loss = 0.06440978126525879, Val_Err = 1.92
Epoch: [86 | 200]
Phase:train -- LR: 0.0031 -- MU:0.2757 -- Batch_idx:50/59-- 26014.91 samples/sec-- Loss:0.07 -- Error1:2.12
Train_Loss = 0.0709740981400013, Train_Err = 2.141666687011719
Phase:val -- LR: 0.0057 -- MU:0.5151 -- Batch_idx:50/79-- 10999.24 samples/sec-- Loss:0.08 -- Error1:2.41
Val_Loss = 0.06368621621131897, Val_Err = 1.89
Epoch: [87 | 200]
Phase:train -- LR: 0.0029 -- MU:0.2632 -- Batch_idx:50/59-- 25438.92 samples/sec-- Loss:0.07 -- Error1:2.14
Train_Loss = 0.07015421955982844, Train_Err = 2.1383333455403646
Phase:val -- LR: 0.0032 -- MU:0.2890 -- Batch_idx:50/79-- 10916.95 samples/sec-- Loss:0.08 -- Error1:2.52
Val_Loss = 0.06367754039764405, Val_Err = 1.89
Epoch: [88 | 200]
Phase:train -- LR: 0.0054 -- MU:0.4893 -- Batch_idx:50/59-- 22278.37 samples/sec-- Loss:0.07 -- Error1:2.12
Train_Loss = 0.06943893525600434, Train_Err = 2.1116666870117187
Phase:val -- LR: 0.0046 -- MU:0.4170 -- Batch_idx:50/79-- 11742.34 samples/sec-- Loss:0.08 -- Error1:2.39
Val_Loss = 0.06243311643600464, Val_Err = 1.86
Epoch: [89 | 200]
Phase:train -- LR: 0.0039 -- MU:0.3538 -- Batch_idx:50/59-- 24942.97 samples/sec-- Loss:0.07 -- Error1:2.13
Train_Loss = 0.06863363746404648, Train_Err = 2.1200000447591147
Phase:val -- LR: 0.0014 -- MU:0.1271 -- Batch_idx:50/79-- 12157.29 samples/sec-- Loss:0.08 -- Error1:2.53
Val_Loss = 0.06457085804939271, Val_Err = 1.97
Epoch: [90 | 200]
Phase:train -- LR: 0.0047 -- MU:0.4205 -- Batch_idx:50/59-- 24487.82 samples/sec-- Loss:0.07 -- Error1:2.07
Train_Loss = 0.06810280795892079, Train_Err = 2.0833333618164063
Phase:val -- LR: 0.0053 -- MU:0.4746 -- Batch_idx:50/79-- 12047.57 samples/sec-- Loss:0.08 -- Error1:2.45
Val_Loss = 0.0621903883934021, Val_Err = 1.92
Epoch: [91 | 200]
Phase:train -- LR: 0.0046 -- MU:0.4127 -- Batch_idx:50/59-- 22044.84 samples/sec-- Loss:0.07 -- Error1:2.05
Train_Loss = 0.0674238262017568, Train_Err = 2.0450000366210936
Phase:val -- LR: 0.0055 -- MU:0.4954 -- Batch_idx:50/79-- 11588.91 samples/sec-- Loss:0.08 -- Error1:2.31
Val_Loss = 0.060447133255004885, Val_Err = 1.82
Epoch: [92 | 200]
Phase:train -- LR: 0.0040 -- MU:0.3610 -- Batch_idx:50/59-- 20588.01 samples/sec-- Loss:0.07 -- Error1:2.04
Train_Loss = 0.0668605317791303, Train_Err = 2.0449999959309895
Phase:val -- LR: 0.0032 -- MU:0.2879 -- Batch_idx:50/79-- 10770.77 samples/sec-- Loss:0.07 -- Error1:2.38
Val_Loss = 0.06021514754295349, Val_Err = 1.82
Epoch: [93 | 200]
Phase:train -- LR: 0.0018 -- MU:0.1586 -- Batch_idx:50/59-- 23904.94 samples/sec-- Loss:0.07 -- Error1:2.01
Train_Loss = 0.06634584448337555, Train_Err = 2.030000028483073
Phase:val -- LR: 0.0020 -- MU:0.1807 -- Batch_idx:50/79-- 12369.13 samples/sec-- Loss:0.07 -- Error1:2.34
Val_Loss = 0.060212343645095825, Val_Err = 1.82
Epoch: [94 | 200]
Phase:train -- LR: 0.0019 -- MU:0.1754 -- Batch_idx:50/59-- 26349.07 samples/sec-- Loss:0.07 -- Error1:2.01
Train_Loss = 0.06571146419644355, Train_Err = 2.023333337402344
Phase:val -- LR: 0.0067 -- MU:0.6046 -- Batch_idx:50/79-- 10552.16 samples/sec-- Loss:0.07 -- Error1:2.36
Val_Loss = 0.060256188678741454, Val_Err = 1.83
Epoch: [95 | 200]
Phase:train -- LR: 0.0071 -- MU:0.6425 -- Batch_idx:50/59-- 22617.40 samples/sec-- Loss:0.07 -- Error1:2.04
Train_Loss = 0.06520886009931565, Train_Err = 2.0066666870117187
Phase:val -- LR: 0.0029 -- MU:0.2647 -- Batch_idx:50/79-- 11513.73 samples/sec-- Loss:0.07 -- Error1:2.28
Val_Loss = 0.05935767426490784, Val_Err = 1.75
Epoch: [96 | 200]
Phase:train -- LR: 0.0059 -- MU:0.5352 -- Batch_idx:50/59-- 25344.00 samples/sec-- Loss:0.06 -- Error1:1.95
Train_Loss = 0.06468611110051473, Train_Err = 1.9633333170572917
Phase:val -- LR: 0.0047 -- MU:0.4227 -- Batch_idx:50/79-- 12705.69 samples/sec-- Loss:0.07 -- Error1:2.30
Val_Loss = 0.05938911647796631, Val_Err = 1.78
Epoch: [97 | 200]
Phase:train -- LR: 0.0032 -- MU:0.2900 -- Batch_idx:50/59-- 25048.15 samples/sec-- Loss:0.06 -- Error1:1.94
Train_Loss = 0.06406733816663424, Train_Err = 1.9450000284830729
Phase:val -- LR: 0.0045 -- MU:0.4034 -- Batch_idx:50/79-- 12219.83 samples/sec-- Loss:0.07 -- Error1:2.31
Val_Loss = 0.058381121349334715, Val_Err = 1.79
Epoch: [98 | 200]
Phase:train -- LR: 0.0028 -- MU:0.2520 -- Batch_idx:50/59-- 22235.95 samples/sec-- Loss:0.06 -- Error1:1.93
Train_Loss = 0.06352119154930115, Train_Err = 1.9483333455403646
Phase:val -- LR: 0.0054 -- MU:0.4885 -- Batch_idx:50/79-- 11425.63 samples/sec-- Loss:0.07 -- Error1:2.31
Val_Loss = 0.058466057443618775, Val_Err = 1.78
Epoch: [99 | 200]
Phase:train -- LR: 0.0063 -- MU:0.5639 -- Batch_idx:50/59-- 25245.54 samples/sec-- Loss:0.06 -- Error1:1.88
Train_Loss = 0.06280011077324549, Train_Err = 1.9333333618164064
Phase:val -- LR: 0.0042 -- MU:0.3804 -- Batch_idx:50/79-- 12331.45 samples/sec-- Loss:0.07 -- Error1:2.28
Val_Loss = 0.05729252877235413, Val_Err = 1.75
Epoch: [100 | 200]
Phase:train -- LR: 0.0037 -- MU:0.3365 -- Batch_idx:50/59-- 21931.63 samples/sec-- Loss:0.06 -- Error1:1.84
Train_Loss = 0.062312467497587204, Train_Err = 1.8699999877929687
Phase:val -- LR: 0.0022 -- MU:0.2009 -- Batch_idx:50/79-- 10726.18 samples/sec-- Loss:0.07 -- Error1:2.27
Val_Loss = 0.05684595801830292, Val_Err = 1.75
Epoch: [101 | 200]
Phase:train -- LR: 0.0046 -- MU:0.4143 -- Batch_idx:50/59-- 26144.55 samples/sec-- Loss:0.06 -- Error1:1.88
Train_Loss = 0.061774060559272766, Train_Err = 1.9050000162760417
Phase:val -- LR: 0.0071 -- MU:0.6390 -- Batch_idx:50/79-- 11460.63 samples/sec-- Loss:0.07 -- Error1:2.22
Val_Loss = 0.05806912460327148, Val_Err = 1.72
Epoch: [102 | 200]
Phase:train -- LR: 0.0031 -- MU:0.2809 -- Batch_idx:50/59-- 24731.58 samples/sec-- Loss:0.06 -- Error1:1.88
Train_Loss = 0.06127357840935389, Train_Err = 1.8616666544596354
Phase:val -- LR: 0.0032 -- MU:0.2912 -- Batch_idx:50/79-- 11594.38 samples/sec-- Loss:0.07 -- Error1:2.22
Val_Loss = 0.0552983259677887, Val_Err = 1.71
Epoch: [103 | 200]
Phase:train -- LR: 0.0051 -- MU:0.4545 -- Batch_idx:50/59-- 22711.06 samples/sec-- Loss:0.06 -- Error1:1.89
Train_Loss = 0.06100015140771866, Train_Err = 1.8883333536783855
Phase:val -- LR: 0.0046 -- MU:0.4101 -- Batch_idx:50/79-- 11514.99 samples/sec-- Loss:0.07 -- Error1:2.20
Val_Loss = 0.055383673858642575, Val_Err = 1.73
Epoch: [104 | 200]
Phase:train -- LR: 0.0050 -- MU:0.4466 -- Batch_idx:50/59-- 26494.10 samples/sec-- Loss:0.06 -- Error1:1.85
Train_Loss = 0.06033366071979205, Train_Err = 1.8316666870117186
Phase:val -- LR: 0.0059 -- MU:0.5278 -- Batch_idx:50/79-- 11601.24 samples/sec-- Loss:0.07 -- Error1:2.12
Val_Loss = 0.05658560299873352, Val_Err = 1.65
Epoch: [105 | 200]
Phase:train -- LR: 0.0064 -- MU:0.5771 -- Batch_idx:50/59-- 21140.94 samples/sec-- Loss:0.06 -- Error1:1.84
Train_Loss = 0.060028907640775044, Train_Err = 1.828333321126302
Phase:val -- LR: 0.0029 -- MU:0.2606 -- Batch_idx:50/79-- 10805.31 samples/sec-- Loss:0.07 -- Error1:2.16
Val_Loss = 0.05556487731933594, Val_Err = 1.69
Epoch: [106 | 200]
Phase:train -- LR: 0.0062 -- MU:0.5565 -- Batch_idx:50/59-- 25412.94 samples/sec-- Loss:0.06 -- Error1:1.83
Train_Loss = 0.05939962786237399, Train_Err = 1.8300000040690103
Phase:val -- LR: 0.0040 -- MU:0.3637 -- Batch_idx:50/79-- 11209.62 samples/sec-- Loss:0.07 -- Error1:2.11
Val_Loss = 0.05508156042098999, Val_Err = 1.64
Epoch: [107 | 200]
Phase:train -- LR: 0.0074 -- MU:0.6630 -- Batch_idx:50/59-- 22325.55 samples/sec-- Loss:0.06 -- Error1:1.78
Train_Loss = 0.05888449691534042, Train_Err = 1.7999999837239584
Phase:val -- LR: 0.0061 -- MU:0.5472 -- Batch_idx:50/79-- 11491.21 samples/sec-- Loss:0.07 -- Error1:2.08
Val_Loss = 0.05414980299472809, Val_Err = 1.6
Epoch: [108 | 200]
Phase:train -- LR: 0.0069 -- MU:0.6184 -- Batch_idx:50/59-- 26352.69 samples/sec-- Loss:0.06 -- Error1:1.78
Train_Loss = 0.058560081672668456, Train_Err = 1.8050000122070313
Phase:val -- LR: 0.0046 -- MU:0.4181 -- Batch_idx:50/79-- 11911.72 samples/sec-- Loss:0.07 -- Error1:2.00
Val_Loss = 0.05381405839920044, Val_Err = 1.54
Epoch: [109 | 200]
Phase:train -- LR: 0.0032 -- MU:0.2923 -- Batch_idx:50/59-- 25780.84 samples/sec-- Loss:0.06 -- Error1:1.83
Train_Loss = 0.05842339346408844, Train_Err = 1.7783333618164063
Phase:val -- LR: 0.0074 -- MU:0.6636 -- Batch_idx:50/79-- 11936.74 samples/sec-- Loss:0.07 -- Error1:2.12
Val_Loss = 0.05417945139408112, Val_Err = 1.62
Epoch: [110 | 200]
Phase:train -- LR: 0.0031 -- MU:0.2784 -- Batch_idx:50/59-- 21334.19 samples/sec-- Loss:0.06 -- Error1:1.76
Train_Loss = 0.05794586229324341, Train_Err = 1.755000020345052
Phase:val -- LR: 0.0023 -- MU:0.2100 -- Batch_idx:50/79-- 11364.40 samples/sec-- Loss:0.07 -- Error1:1.94
Val_Loss = 0.05283252983093262, Val_Err = 1.5
Epoch: [111 | 200]
Phase:train -- LR: 0.0049 -- MU:0.4399 -- Batch_idx:50/59-- 25565.91 samples/sec-- Loss:0.06 -- Error1:1.76
Train_Loss = 0.0571862576842308, Train_Err = 1.7366666381835938
Phase:val -- LR: 0.0044 -- MU:0.3955 -- Batch_idx:50/79-- 12009.04 samples/sec-- Loss:0.07 -- Error1:2.14
Val_Loss = 0.0536626205444336, Val_Err = 1.63
Epoch: [112 | 200]
Phase:train -- LR: 0.0048 -- MU:0.4297 -- Batch_idx:50/59-- 25343.11 samples/sec-- Loss:0.06 -- Error1:1.72
Train_Loss = 0.05700449105501175, Train_Err = 1.7266666870117187
Phase:val -- LR: 0.0038 -- MU:0.3437 -- Batch_idx:50/79-- 11978.93 samples/sec-- Loss:0.07 -- Error1:2.09
Val_Loss = 0.052690645909309386, Val_Err = 1.61
Epoch: [113 | 200]
Phase:train -- LR: 0.0059 -- MU:0.5336 -- Batch_idx:50/59-- 22284.12 samples/sec-- Loss:0.06 -- Error1:1.69
Train_Loss = 0.056676818497975665, Train_Err = 1.7233333251953125
Phase:val -- LR: 0.0033 -- MU:0.2971 -- Batch_idx:50/79-- 11194.10 samples/sec-- Loss:0.06 -- Error1:1.95
Val_Loss = 0.05203911757469177, Val_Err = 1.5
Epoch: [114 | 200]
Phase:train -- LR: 0.0073 -- MU:0.6544 -- Batch_idx:50/59-- 22815.30 samples/sec-- Loss:0.06 -- Error1:1.71
Train_Loss = 0.05617109758257866, Train_Err = 1.710000020345052
Phase:val -- LR: 0.0042 -- MU:0.3791 -- Batch_idx:50/79-- 10669.37 samples/sec-- Loss:0.07 -- Error1:2.00
Val_Loss = 0.052171472692489625, Val_Err = 1.54
Epoch: [115 | 200]
Phase:train -- LR: 0.0069 -- MU:0.6233 -- Batch_idx:50/59-- 27824.81 samples/sec-- Loss:0.05 -- Error1:1.67
Train_Loss = 0.05584199072122574, Train_Err = 1.6966667114257812
Phase:val -- LR: 0.0062 -- MU:0.5552 -- Batch_idx:50/79-- 10958.24 samples/sec-- Loss:0.07 -- Error1:2.09
Val_Loss = 0.05254485862255096, Val_Err = 1.61
Epoch: [116 | 200]
Phase:train -- LR: 0.0036 -- MU:0.3260 -- Batch_idx:50/59-- 24401.31 samples/sec-- Loss:0.06 -- Error1:1.69
Train_Loss = 0.05548789171179136, Train_Err = 1.6999999877929688
Phase:val -- LR: 0.0063 -- MU:0.5697 -- Batch_idx:50/79-- 11157.77 samples/sec-- Loss:0.06 -- Error1:1.91
Val_Loss = 0.05168618574142456, Val_Err = 1.49
Epoch: [117 | 200]
Phase:train -- LR: 0.0084 -- MU:0.7539 -- Batch_idx:50/59-- 21488.73 samples/sec-- Loss:0.05 -- Error1:1.67
Train_Loss = 0.055073617599407834, Train_Err = 1.6716666625976562
Phase:val -- LR: 0.0045 -- MU:0.4005 -- Batch_idx:50/79-- 10715.91 samples/sec-- Loss:0.06 -- Error1:2.02
Val_Loss = 0.0511250834941864, Val_Err = 1.54
Epoch: [118 | 200]
Phase:train -- LR: 0.0045 -- MU:0.4025 -- Batch_idx:50/59-- 24353.75 samples/sec-- Loss:0.05 -- Error1:1.69
Train_Loss = 0.054687327895561855, Train_Err = 1.6900000406901041
Phase:val -- LR: 0.0028 -- MU:0.2550 -- Batch_idx:50/79-- 12478.90 samples/sec-- Loss:0.06 -- Error1:1.98
Val_Loss = 0.051287907457351685, Val_Err = 1.51
Epoch: [119 | 200]
Phase:train -- LR: 0.0048 -- MU:0.4330 -- Batch_idx:50/59-- 26408.58 samples/sec-- Loss:0.05 -- Error1:1.66
Train_Loss = 0.054277193466822304, Train_Err = 1.6766666829427084
Phase:val -- LR: 0.0038 -- MU:0.3387 -- Batch_idx:50/79-- 11049.10 samples/sec-- Loss:0.06 -- Error1:1.95
Val_Loss = 0.051827413511276246, Val_Err = 1.56
Epoch: [120 | 200]
Phase:train -- LR: 0.0041 -- MU:0.3649 -- Batch_idx:50/59-- 22624.89 samples/sec-- Loss:0.05 -- Error1:1.64
Train_Loss = 0.053998263005415596, Train_Err = 1.6583333780924479
Phase:val -- LR: 0.0059 -- MU:0.5273 -- Batch_idx:50/79-- 10605.18 samples/sec-- Loss:0.06 -- Error1:1.97
Val_Loss = 0.0510315761089325, Val_Err = 1.53
Epoch: [121 | 200]
Phase:train -- LR: 0.0017 -- MU:0.1515 -- Batch_idx:50/59-- 23616.25 samples/sec-- Loss:0.05 -- Error1:1.65
Train_Loss = 0.05364501981933912, Train_Err = 1.6199999959309896
Phase:val -- LR: 0.0042 -- MU:0.3814 -- Batch_idx:50/79-- 11641.85 samples/sec-- Loss:0.06 -- Error1:1.86
Val_Loss = 0.04976831433773041, Val_Err = 1.43
Epoch: [122 | 200]
Phase:train -- LR: 0.0032 -- MU:0.2854 -- Batch_idx:50/59-- 26629.57 samples/sec-- Loss:0.05 -- Error1:1.60
Train_Loss = 0.053144366931915286, Train_Err = 1.6233333048502605
Phase:val -- LR: 0.0045 -- MU:0.4068 -- Batch_idx:50/79-- 11937.39 samples/sec-- Loss:0.06 -- Error1:1.83
Val_Loss = 0.050072856974601745, Val_Err = 1.43
Epoch: [123 | 200]
Phase:train -- LR: 0.0059 -- MU:0.5296 -- Batch_idx:50/59-- 22344.13 samples/sec-- Loss:0.05 -- Error1:1.60
Train_Loss = 0.05267349081635475, Train_Err = 1.6083333048502604
Phase:val -- LR: 0.0059 -- MU:0.5321 -- Batch_idx:50/79-- 11080.18 samples/sec-- Loss:0.06 -- Error1:1.92
Val_Loss = 0.04952330751419067, Val_Err = 1.47
Epoch: [124 | 200]
Phase:train -- LR: 0.0044 -- MU:0.3970 -- Batch_idx:50/59-- 21758.03 samples/sec-- Loss:0.05 -- Error1:1.65
Train_Loss = 0.05247501770655314, Train_Err = 1.6283333374023437
Phase:val -- LR: 0.0061 -- MU:0.5474 -- Batch_idx:50/79-- 11330.78 samples/sec-- Loss:0.06 -- Error1:1.83
Val_Loss = 0.04921391434669495, Val_Err = 1.41
Epoch: [125 | 200]
Phase:train -- LR: 0.0073 -- MU:0.6531 -- Batch_idx:50/59-- 30029.21 samples/sec-- Loss:0.05 -- Error1:1.61
Train_Loss = 0.052300573484102886, Train_Err = 1.6033333374023437
Phase:val -- LR: 0.0052 -- MU:0.4673 -- Batch_idx:50/79-- 13166.91 samples/sec-- Loss:0.06 -- Error1:1.77
Val_Loss = 0.04915080568790436, Val_Err = 1.37
Epoch: [126 | 200]
Phase:train -- LR: 0.0060 -- MU:0.5436 -- Batch_idx:50/59-- 22238.00 samples/sec-- Loss:0.05 -- Error1:1.58
Train_Loss = 0.05176162375807762, Train_Err = 1.6000000203450522
Phase:val -- LR: 0.0058 -- MU:0.5222 -- Batch_idx:50/79-- 11502.71 samples/sec-- Loss:0.06 -- Error1:1.83
Val_Loss = 0.04955331332683563, Val_Err = 1.41
Epoch: [127 | 200]
Phase:train -- LR: 0.0036 -- MU:0.3222 -- Batch_idx:50/59-- 23475.06 samples/sec-- Loss:0.05 -- Error1:1.53
Train_Loss = 0.05147064921458562, Train_Err = 1.5700000203450521
Phase:val -- LR: 0.0047 -- MU:0.4253 -- Batch_idx:50/79-- 11129.19 samples/sec-- Loss:0.06 -- Error1:1.83
Val_Loss = 0.049230226826667785, Val_Err = 1.42
Epoch: [128 | 200]
Phase:train -- LR: 0.0051 -- MU:0.4569 -- Batch_idx:50/59-- 25374.31 samples/sec-- Loss:0.05 -- Error1:1.59
Train_Loss = 0.05123241656223933, Train_Err = 1.5749999796549479
Phase:val -- LR: 0.0067 -- MU:0.6034 -- Batch_idx:50/79-- 11562.32 samples/sec-- Loss:0.06 -- Error1:1.83
Val_Loss = 0.04979064371585846, Val_Err = 1.44
Epoch: [129 | 200]
Phase:train -- LR: 0.0047 -- MU:0.4234 -- Batch_idx:50/59-- 25387.58 samples/sec-- Loss:0.05 -- Error1:1.57
Train_Loss = 0.05087825310031573, Train_Err = 1.568333329264323
Phase:val -- LR: 0.0053 -- MU:0.4793 -- Batch_idx:50/79-- 11376.30 samples/sec-- Loss:0.06 -- Error1:1.81
Val_Loss = 0.04954094033241272, Val_Err = 1.43
Epoch: [130 | 200]
Phase:train -- LR: 0.0057 -- MU:0.5140 -- Batch_idx:50/59-- 22495.62 samples/sec-- Loss:0.05 -- Error1:1.55
Train_Loss = 0.05047892220616341, Train_Err = 1.5383333211263022
Phase:val -- LR: 0.0034 -- MU:0.3079 -- Batch_idx:50/79-- 10933.54 samples/sec-- Loss:0.06 -- Error1:1.80
Val_Loss = 0.04809570767879486, Val_Err = 1.37
Epoch: [131 | 200]
Phase:train -- LR: 0.0048 -- MU:0.4364 -- Batch_idx:50/59-- 23056.94 samples/sec-- Loss:0.05 -- Error1:1.54
Train_Loss = 0.050228048131863275, Train_Err = 1.5383333374023438
Phase:val -- LR: 0.0063 -- MU:0.5666 -- Batch_idx:50/79-- 11666.48 samples/sec-- Loss:0.06 -- Error1:1.89
Val_Loss = 0.048701598381996156, Val_Err = 1.44
Epoch: [132 | 200]
Phase:train -- LR: 0.0058 -- MU:0.5213 -- Batch_idx:50/59-- 29973.31 samples/sec-- Loss:0.05 -- Error1:1.53
Train_Loss = 0.05014317949016889, Train_Err = 1.5416666544596354
Phase:val -- LR: 0.0026 -- MU:0.2340 -- Batch_idx:50/79-- 12852.95 samples/sec-- Loss:0.06 -- Error1:1.78
Val_Loss = 0.048590385079383853, Val_Err = 1.37
Epoch: [133 | 200]
Phase:train -- LR: 0.0067 -- MU:0.6012 -- Batch_idx:50/59-- 21156.95 samples/sec-- Loss:0.05 -- Error1:1.54
Train_Loss = 0.04977255838016669, Train_Err = 1.5166666910807292
Phase:val -- LR: 0.0041 -- MU:0.3698 -- Batch_idx:50/79-- 11288.19 samples/sec-- Loss:0.06 -- Error1:1.84
Val_Loss = 0.04878260014057159, Val_Err = 1.42
Epoch: [134 | 200]
Phase:train -- LR: 0.0062 -- MU:0.5584 -- Batch_idx:50/59-- 22127.38 samples/sec-- Loss:0.05 -- Error1:1.54
Train_Loss = 0.04939846231341362, Train_Err = 1.5000000406901042
Phase:val -- LR: 0.0035 -- MU:0.3134 -- Batch_idx:50/79-- 11195.75 samples/sec-- Loss:0.06 -- Error1:1.77
Val_Loss = 0.048571407747268674, Val_Err = 1.39
Epoch: [135 | 200]
Phase:train -- LR: 0.0048 -- MU:0.4331 -- Batch_idx:50/59-- 25868.37 samples/sec-- Loss:0.05 -- Error1:1.50
Train_Loss = 0.049108182980616887, Train_Err = 1.5216666788736979
Phase:val -- LR: 0.0066 -- MU:0.5966 -- Batch_idx:50/79-- 13108.54 samples/sec-- Loss:0.06 -- Error1:1.78
Val_Loss = 0.047428896689414975, Val_Err = 1.36
Epoch: [136 | 200]
Phase:train -- LR: 0.0057 -- MU:0.5169 -- Batch_idx:50/59-- 22614.16 samples/sec-- Loss:0.05 -- Error1:1.50
Train_Loss = 0.04898604261875152, Train_Err = 1.4966667032877605
Phase:val -- LR: 0.0039 -- MU:0.3493 -- Batch_idx:50/79-- 10520.63 samples/sec-- Loss:0.06 -- Error1:1.69
Val_Loss = 0.04711074094772339, Val_Err = 1.3
Epoch: [137 | 200]
Phase:train -- LR: 0.0037 -- MU:0.3301 -- Batch_idx:50/59-- 20387.98 samples/sec-- Loss:0.05 -- Error1:1.48
Train_Loss = 0.04852472220460574, Train_Err = 1.4850000040690103
Phase:val -- LR: 0.0042 -- MU:0.3776 -- Batch_idx:50/79-- 11322.65 samples/sec-- Loss:0.06 -- Error1:1.69
Val_Loss = 0.04663201940059662, Val_Err = 1.28
Epoch: [138 | 200]
Phase:train -- LR: 0.0055 -- MU:0.4989 -- Batch_idx:50/59-- 22837.62 samples/sec-- Loss:0.05 -- Error1:1.49
Train_Loss = 0.04847333179513613, Train_Err = 1.500000020345052
Phase:val -- LR: 0.0065 -- MU:0.5810 -- Batch_idx:50/79-- 11514.91 samples/sec-- Loss:0.06 -- Error1:1.80
Val_Loss = 0.047819745922088625, Val_Err = 1.39
Epoch: [139 | 200]
Phase:train -- LR: 0.0043 -- MU:0.3847 -- Batch_idx:50/59-- 30933.09 samples/sec-- Loss:0.05 -- Error1:1.45
Train_Loss = 0.04784069005052249, Train_Err = 1.4633333129882813
Phase:val -- LR: 0.0040 -- MU:0.3591 -- Batch_idx:50/79-- 12252.60 samples/sec-- Loss:0.06 -- Error1:1.67
Val_Loss = 0.04744007444381714, Val_Err = 1.3
Epoch: [140 | 200]
Phase:train -- LR: 0.0053 -- MU:0.4751 -- Batch_idx:50/59-- 21323.52 samples/sec-- Loss:0.05 -- Error1:1.46
Train_Loss = 0.04778087967038155, Train_Err = 1.483333321126302
Phase:val -- LR: 0.0067 -- MU:0.6028 -- Batch_idx:50/79-- 11353.09 samples/sec-- Loss:0.06 -- Error1:1.73
Val_Loss = 0.04764125401973724, Val_Err = 1.34
Epoch: [141 | 200]
Phase:train -- LR: 0.0062 -- MU:0.5536 -- Batch_idx:50/59-- 21632.74 samples/sec-- Loss:0.05 -- Error1:1.47
Train_Loss = 0.04748928942481677, Train_Err = 1.4566666463216147
Phase:val -- LR: 0.0054 -- MU:0.4821 -- Batch_idx:50/79-- 10898.51 samples/sec-- Loss:0.06 -- Error1:1.69
Val_Loss = 0.04637599449157715, Val_Err = 1.28
Epoch: [142 | 200]
Phase:train -- LR: 0.0037 -- MU:0.3328 -- Batch_idx:50/59-- 27961.58 samples/sec-- Loss:0.05 -- Error1:1.45
Train_Loss = 0.04706304248770078, Train_Err = 1.446666678873698
Phase:val -- LR: 0.0068 -- MU:0.6151 -- Batch_idx:50/79-- 13827.15 samples/sec-- Loss:0.06 -- Error1:1.67
Val_Loss = 0.046028192234039304, Val_Err = 1.28
Epoch: [143 | 200]
Phase:train -- LR: 0.0049 -- MU:0.4432 -- Batch_idx:50/59-- 22555.94 samples/sec-- Loss:0.05 -- Error1:1.42
Train_Loss = 0.046795467187960946, Train_Err = 1.443333329264323
Phase:val -- LR: 0.0046 -- MU:0.4133 -- Batch_idx:50/79-- 10730.75 samples/sec-- Loss:0.06 -- Error1:1.69
Val_Loss = 0.04762283217906952, Val_Err = 1.33
Epoch: [144 | 200]
Phase:train -- LR: 0.0042 -- MU:0.3735 -- Batch_idx:50/59-- 22565.67 samples/sec-- Loss:0.05 -- Error1:1.47
Train_Loss = 0.04667838861942291, Train_Err = 1.4566666625976563
Phase:val -- LR: 0.0063 -- MU:0.5689 -- Batch_idx:50/79-- 11117.23 samples/sec-- Loss:0.06 -- Error1:1.66
Val_Loss = 0.046293307852745054, Val_Err = 1.26
Epoch: [145 | 200]
Phase:train -- LR: 0.0025 -- MU:0.2262 -- Batch_idx:50/59-- 24334.65 samples/sec-- Loss:0.05 -- Error1:1.41
Train_Loss = 0.04650370421409607, Train_Err = 1.434999979654948
Phase:val -- LR: 0.0036 -- MU:0.3274 -- Batch_idx:50/79-- 11050.44 samples/sec-- Loss:0.06 -- Error1:1.69
Val_Loss = 0.04603653621673584, Val_Err = 1.29
Epoch: [146 | 200]
Phase:train -- LR: 0.0036 -- MU:0.3238 -- Batch_idx:50/59-- 27441.38 samples/sec-- Loss:0.05 -- Error1:1.46
Train_Loss = 0.046248537560304004, Train_Err = 1.4383333129882812
Phase:val -- LR: 0.0037 -- MU:0.3372 -- Batch_idx:50/79-- 11689.80 samples/sec-- Loss:0.06 -- Error1:1.70
Val_Loss = 0.04568333122730255, Val_Err = 1.31
Epoch: [147 | 200]
Phase:train -- LR: 0.0046 -- MU:0.4154 -- Batch_idx:50/59-- 22233.81 samples/sec-- Loss:0.05 -- Error1:1.44
Train_Loss = 0.04586469787061215, Train_Err = 1.4266666463216147
Phase:val -- LR: 0.0065 -- MU:0.5862 -- Batch_idx:50/79-- 11083.12 samples/sec-- Loss:0.06 -- Error1:1.62
Val_Loss = 0.04549835290908814, Val_Err = 1.27
Epoch: [148 | 200]
Phase:train -- LR: 0.0057 -- MU:0.5165 -- Batch_idx:50/59-- 21418.69 samples/sec-- Loss:0.05 -- Error1:1.42
Train_Loss = 0.04557307029366493, Train_Err = 1.4149999959309896
Phase:val -- LR: 0.0028 -- MU:0.2485 -- Batch_idx:50/79-- 10750.55 samples/sec-- Loss:0.06 -- Error1:1.62
Val_Loss = 0.04486135292053223, Val_Err = 1.25
Epoch: [149 | 200]
Phase:train -- LR: 0.0051 -- MU:0.4553 -- Batch_idx:50/59-- 30325.37 samples/sec-- Loss:0.05 -- Error1:1.42
Train_Loss = 0.04550799202521642, Train_Err = 1.424999979654948
Phase:val -- LR: 0.0061 -- MU:0.5449 -- Batch_idx:50/79-- 12791.25 samples/sec-- Loss:0.06 -- Error1:1.61
Val_Loss = 0.04491483473777771, Val_Err = 1.26
Epoch: [150 | 200]
Phase:train -- LR: 0.0046 -- MU:0.4170 -- Batch_idx:50/59-- 21912.44 samples/sec-- Loss:0.04 -- Error1:1.38
Train_Loss = 0.04492691111763318, Train_Err = 1.3883333536783855
Phase:val -- LR: 0.0030 -- MU:0.2684 -- Batch_idx:50/79-- 11260.95 samples/sec-- Loss:0.06 -- Error1:1.78
Val_Loss = 0.046035856437683105, Val_Err = 1.35
Epoch: [151 | 200]
Phase:train -- LR: 0.0047 -- MU:0.4248 -- Batch_idx:50/59-- 21873.16 samples/sec-- Loss:0.04 -- Error1:1.38
Train_Loss = 0.044977760215600335, Train_Err = 1.3950000122070312
Phase:val -- LR: 0.0052 -- MU:0.4655 -- Batch_idx:50/79-- 11865.71 samples/sec-- Loss:0.06 -- Error1:1.69
Val_Loss = 0.044673400950431826, Val_Err = 1.29
Epoch: [152 | 200]
Phase:train -- LR: 0.0047 -- MU:0.4260 -- Batch_idx:50/59-- 27163.46 samples/sec-- Loss:0.04 -- Error1:1.35
Train_Loss = 0.04453456103006999, Train_Err = 1.3766666951497395
Phase:val -- LR: 0.0058 -- MU:0.5213 -- Batch_idx:50/79-- 13153.85 samples/sec-- Loss:0.06 -- Error1:1.69
Val_Loss = 0.04626372721195221, Val_Err = 1.31
Epoch: [153 | 200]
Phase:train -- LR: 0.0050 -- MU:0.4534 -- Batch_idx:50/59-- 23346.93 samples/sec-- Loss:0.04 -- Error1:1.34
Train_Loss = 0.04437828195492426, Train_Err = 1.3749999877929688
Phase:val -- LR: 0.0059 -- MU:0.5314 -- Batch_idx:50/79-- 11592.38 samples/sec-- Loss:0.06 -- Error1:1.55
Val_Loss = 0.04427077639102936, Val_Err = 1.22
Epoch: [154 | 200]
Phase:train -- LR: 0.0065 -- MU:0.5850 -- Batch_idx:50/59-- 20330.26 samples/sec-- Loss:0.04 -- Error1:1.34
Train_Loss = 0.04407343715230624, Train_Err = 1.3783333374023437
Phase:val -- LR: 0.0039 -- MU:0.3517 -- Batch_idx:50/79-- 11098.23 samples/sec-- Loss:0.06 -- Error1:1.66
Val_Loss = 0.04414480891227722, Val_Err = 1.28
Epoch: [155 | 200]
Phase:train -- LR: 0.0061 -- MU:0.5477 -- Batch_idx:50/59-- 27008.35 samples/sec-- Loss:0.04 -- Error1:1.37
Train_Loss = 0.04379285667737325, Train_Err = 1.3566666788736979
Phase:val -- LR: 0.0039 -- MU:0.3533 -- Batch_idx:50/79-- 12210.33 samples/sec-- Loss:0.06 -- Error1:1.61
Val_Loss = 0.04488918602466583, Val_Err = 1.25
Epoch: [156 | 200]
Phase:train -- LR: 0.0036 -- MU:0.3258 -- Batch_idx:50/59-- 26960.90 samples/sec-- Loss:0.04 -- Error1:1.35
Train_Loss = 0.043646196273962656, Train_Err = 1.3516667073567707
Phase:val -- LR: 0.0016 -- MU:0.1452 -- Batch_idx:50/79-- 10918.52 samples/sec-- Loss:0.06 -- Error1:1.53
Val_Loss = 0.043749027729034426, Val_Err = 1.18
Epoch: [157 | 200]
Phase:train -- LR: 0.0067 -- MU:0.6016 -- Batch_idx:50/59-- 21509.07 samples/sec-- Loss:0.04 -- Error1:1.30
Train_Loss = 0.04360867548386256, Train_Err = 1.3183333455403645
Phase:val -- LR: 0.0037 -- MU:0.3320 -- Batch_idx:50/79-- 11172.04 samples/sec-- Loss:0.06 -- Error1:1.56
Val_Loss = 0.043802336263656615, Val_Err = 1.22
Epoch: [158 | 200]
Phase:train -- LR: 0.0056 -- MU:0.5052 -- Batch_idx:50/59-- 24513.77 samples/sec-- Loss:0.04 -- Error1:1.37
Train_Loss = 0.04315959048072497, Train_Err = 1.3333333374023437
Phase:val -- LR: 0.0059 -- MU:0.5286 -- Batch_idx:50/79-- 12338.30 samples/sec-- Loss:0.06 -- Error1:1.66
Val_Loss = 0.04445515081882477, Val_Err = 1.28
Epoch: [159 | 200]
Phase:train -- LR: 0.0034 -- MU:0.3018 -- Batch_idx:50/59-- 33071.18 samples/sec-- Loss:0.04 -- Error1:1.32
Train_Loss = 0.04314921095172564, Train_Err = 1.338333321126302
Phase:val -- LR: 0.0045 -- MU:0.4014 -- Batch_idx:50/79-- 11679.95 samples/sec-- Loss:0.06 -- Error1:1.62
Val_Loss = 0.0444432107925415, Val_Err = 1.24
Epoch: [160 | 200]
Phase:train -- LR: 0.0031 -- MU:0.2834 -- Batch_idx:50/59-- 22402.20 samples/sec-- Loss:0.04 -- Error1:1.33
Train_Loss = 0.04279369538227717, Train_Err = 1.295000040690104
Phase:val -- LR: 0.0042 -- MU:0.3762 -- Batch_idx:50/79-- 9382.53 samples/sec-- Loss:0.05 -- Error1:1.56
Val_Loss = 0.04342928986549378, Val_Err = 1.19
Epoch: [161 | 200]
Phase:train -- LR: 0.0018 -- MU:0.1630 -- Batch_idx:50/59-- 22781.67 samples/sec-- Loss:0.04 -- Error1:1.33
Train_Loss = 0.04266882518927256, Train_Err = 1.3116666625976563
Phase:val -- LR: 0.0047 -- MU:0.4249 -- Batch_idx:50/79-- 11564.24 samples/sec-- Loss:0.05 -- Error1:1.56
Val_Loss = 0.04336132659912109, Val_Err = 1.21
Epoch: [162 | 200]
Phase:train -- LR: 0.0039 -- MU:0.3480 -- Batch_idx:50/59-- 28769.14 samples/sec-- Loss:0.04 -- Error1:1.32
Train_Loss = 0.04237335567673047, Train_Err = 1.3166666381835936
Phase:val -- LR: 0.0042 -- MU:0.3803 -- Batch_idx:50/79-- 12678.50 samples/sec-- Loss:0.05 -- Error1:1.52
Val_Loss = 0.042932346367836, Val_Err = 1.18
Epoch: [163 | 200]
Phase:train -- LR: 0.0051 -- MU:0.4605 -- Batch_idx:50/59-- 21845.96 samples/sec-- Loss:0.04 -- Error1:1.30
Train_Loss = 0.04216786096890767, Train_Err = 1.3199999959309896
Phase:val -- LR: 0.0067 -- MU:0.5999 -- Batch_idx:50/79-- 11294.24 samples/sec-- Loss:0.05 -- Error1:1.56
Val_Loss = 0.04348254089355469, Val_Err = 1.2
Epoch: [164 | 200]
Phase:train -- LR: 0.0057 -- MU:0.5170 -- Batch_idx:50/59-- 22619.59 samples/sec-- Loss:0.04 -- Error1:1.32
Train_Loss = 0.04191008613705635, Train_Err = 1.2933333374023437
Phase:val -- LR: 0.0061 -- MU:0.5476 -- Batch_idx:50/79-- 11472.39 samples/sec-- Loss:0.05 -- Error1:1.55
Val_Loss = 0.04321279284954071, Val_Err = 1.2
Epoch: [165 | 200]
Phase:train -- LR: 0.0032 -- MU:0.2913 -- Batch_idx:50/59-- 28313.61 samples/sec-- Loss:0.04 -- Error1:1.32
Train_Loss = 0.04189186028639476, Train_Err = 1.3083333129882813
Phase:val -- LR: 0.0034 -- MU:0.3034 -- Batch_idx:50/79-- 12830.85 samples/sec-- Loss:0.05 -- Error1:1.48
Val_Loss = 0.04260826570987702, Val_Err = 1.17
Epoch: [166 | 200]
Phase:train -- LR: 0.0025 -- MU:0.2264 -- Batch_idx:50/59-- 25393.59 samples/sec-- Loss:0.04 -- Error1:1.30
Train_Loss = 0.04180845305522283, Train_Err = 1.3083333740234375
Phase:val -- LR: 0.0065 -- MU:0.5811 -- Batch_idx:50/79-- 11464.49 samples/sec-- Loss:0.05 -- Error1:1.56
Val_Loss = 0.04268700075149536, Val_Err = 1.19
Epoch: [167 | 200]
Phase:train -- LR: 0.0052 -- MU:0.4723 -- Batch_idx:50/59-- 22432.87 samples/sec-- Loss:0.04 -- Error1:1.29
Train_Loss = 0.041377446860074996, Train_Err = 1.299999979654948
Phase:val -- LR: 0.0065 -- MU:0.5861 -- Batch_idx:50/79-- 10729.65 samples/sec-- Loss:0.05 -- Error1:1.56
Val_Loss = 0.04261197648048401, Val_Err = 1.22
Epoch: [168 | 200]
Phase:train -- LR: 0.0059 -- MU:0.5318 -- Batch_idx:50/59-- 24719.09 samples/sec-- Loss:0.04 -- Error1:1.28
Train_Loss = 0.04095527723034223, Train_Err = 1.2316666463216146
Phase:val -- LR: 0.0039 -- MU:0.3544 -- Batch_idx:50/79-- 12328.52 samples/sec-- Loss:0.05 -- Error1:1.58
Val_Loss = 0.04291733503341675, Val_Err = 1.22
Epoch: [169 | 200]
Phase:train -- LR: 0.0051 -- MU:0.4620 -- Batch_idx:50/59-- 25539.11 samples/sec-- Loss:0.04 -- Error1:1.23
Train_Loss = 0.04090278487006823, Train_Err = 1.249999971516927
Phase:val -- LR: 0.0040 -- MU:0.3556 -- Batch_idx:50/79-- 11862.41 samples/sec-- Loss:0.05 -- Error1:1.52
Val_Loss = 0.04272159101963043, Val_Err = 1.19
Epoch: [170 | 200]
Phase:train -- LR: 0.0049 -- MU:0.4380 -- Batch_idx:50/59-- 21864.05 samples/sec-- Loss:0.04 -- Error1:1.26
Train_Loss = 0.04066304489970207, Train_Err = 1.2466666463216145
Phase:val -- LR: 0.0053 -- MU:0.4742 -- Batch_idx:50/79-- 11393.39 samples/sec-- Loss:0.05 -- Error1:1.59
Val_Loss = 0.043245583128929135, Val_Err = 1.22
Epoch: [171 | 200]
Phase:train -- LR: 0.0039 -- MU:0.3523 -- Batch_idx:50/59-- 25138.52 samples/sec-- Loss:0.04 -- Error1:1.22
Train_Loss = 0.04043089716037115, Train_Err = 1.2350000406901043
Phase:val -- LR: 0.0030 -- MU:0.2696 -- Batch_idx:50/79-- 11831.10 samples/sec-- Loss:0.05 -- Error1:1.55
Val_Loss = 0.042307115411758425, Val_Err = 1.21
Epoch: [172 | 200]
Phase:train -- LR: 0.0048 -- MU:0.4298 -- Batch_idx:50/59-- 26990.89 samples/sec-- Loss:0.04 -- Error1:1.29
Train_Loss = 0.04053194339871406, Train_Err = 1.2616666544596353
Phase:val -- LR: 0.0029 -- MU:0.2584 -- Batch_idx:50/79-- 11841.26 samples/sec-- Loss:0.05 -- Error1:1.52
Val_Loss = 0.04199186301231384, Val_Err = 1.18
Epoch: [173 | 200]
Phase:train -- LR: 0.0023 -- MU:0.2053 -- Batch_idx:50/59-- 22095.11 samples/sec-- Loss:0.04 -- Error1:1.19
Train_Loss = 0.04006466525395711, Train_Err = 1.2316667032877604
Phase:val -- LR: 0.0018 -- MU:0.1656 -- Batch_idx:50/79-- 11310.93 samples/sec-- Loss:0.05 -- Error1:1.55
Val_Loss = 0.042153002381324765, Val_Err = 1.19
Epoch: [174 | 200]
Phase:train -- LR: 0.0035 -- MU:0.3128 -- Batch_idx:50/59-- 25045.86 samples/sec-- Loss:0.04 -- Error1:1.26
Train_Loss = 0.04006063634554545, Train_Err = 1.2583333455403647
Phase:val -- LR: 0.0064 -- MU:0.5799 -- Batch_idx:50/79-- 11530.48 samples/sec-- Loss:0.05 -- Error1:1.55
Val_Loss = 0.042093973541259766, Val_Err = 1.2
Epoch: [175 | 200]
Phase:train -- LR: 0.0067 -- MU:0.6073 -- Batch_idx:50/59-- 25262.78 samples/sec-- Loss:0.04 -- Error1:1.22
Train_Loss = 0.03983380349675814, Train_Err = 1.2099999715169272
Phase:val -- LR: 0.0044 -- MU:0.3977 -- Batch_idx:50/79-- 11837.13 samples/sec-- Loss:0.05 -- Error1:1.56
Val_Loss = 0.04158186602592468, Val_Err = 1.19
Epoch: [176 | 200]
Phase:train -- LR: 0.0065 -- MU:0.5877 -- Batch_idx:50/59-- 21925.19 samples/sec-- Loss:0.04 -- Error1:1.22
Train_Loss = 0.03952840270400047, Train_Err = 1.2249999959309896
Phase:val -- LR: 0.0047 -- MU:0.4274 -- Batch_idx:50/79-- 10713.23 samples/sec-- Loss:0.05 -- Error1:1.53
Val_Loss = 0.04116567320823669, Val_Err = 1.2
Epoch: [177 | 200]
Phase:train -- LR: 0.0058 -- MU:0.5246 -- Batch_idx:50/59-- 24678.26 samples/sec-- Loss:0.04 -- Error1:1.27
Train_Loss = 0.03942473057707151, Train_Err = 1.2250000325520833
Phase:val -- LR: 0.0052 -- MU:0.4650 -- Batch_idx:50/79-- 11804.74 samples/sec-- Loss:0.05 -- Error1:1.56
Val_Loss = 0.0416278427362442, Val_Err = 1.2
Epoch: [178 | 200]
Phase:train -- LR: 0.0035 -- MU:0.3106 -- Batch_idx:50/59-- 25521.38 samples/sec-- Loss:0.04 -- Error1:1.20
Train_Loss = 0.03925786648790042, Train_Err = 1.1899999959309895
Phase:val -- LR: 0.0053 -- MU:0.4774 -- Batch_idx:50/79-- 12059.75 samples/sec-- Loss:0.05 -- Error1:1.56
Val_Loss = 0.04278798933029175, Val_Err = 1.19
Epoch: [179 | 200]
Phase:train -- LR: 0.0044 -- MU:0.3989 -- Batch_idx:50/59-- 22376.29 samples/sec-- Loss:0.04 -- Error1:1.20
Train_Loss = 0.03938430245320002, Train_Err = 1.1983333129882812
Phase:val -- LR: 0.0071 -- MU:0.6356 -- Batch_idx:50/79-- 10984.27 samples/sec-- Loss:0.06 -- Error1:1.66
Val_Loss = 0.04406798210144043, Val_Err = 1.28
Epoch: [180 | 200]
Phase:train -- LR: 0.0045 -- MU:0.4053 -- Batch_idx:50/59-- 23828.77 samples/sec-- Loss:0.04 -- Error1:1.18
Train_Loss = 0.03881655437350273, Train_Err = 1.1783333048502604
Phase:val -- LR: 0.0029 -- MU:0.2577 -- Batch_idx:50/79-- 11999.02 samples/sec-- Loss:0.05 -- Error1:1.56
Val_Loss = 0.041995644974708556, Val_Err = 1.22
Epoch: [181 | 200]
Phase:train -- LR: 0.0030 -- MU:0.2744 -- Batch_idx:50/59-- 25745.99 samples/sec-- Loss:0.04 -- Error1:1.19
Train_Loss = 0.03869819115400314, Train_Err = 1.1833333048502603
Phase:val -- LR: 0.0045 -- MU:0.4091 -- Batch_idx:50/79-- 11598.62 samples/sec-- Loss:0.05 -- Error1:1.55
Val_Loss = 0.041069224214553834, Val_Err = 1.19
Epoch: [182 | 200]
Phase:train -- LR: 0.0051 -- MU:0.4569 -- Batch_idx:50/59-- 22037.38 samples/sec-- Loss:0.04 -- Error1:1.19
Train_Loss = 0.03838365994691849, Train_Err = 1.1816666625976562
Phase:val -- LR: 0.0046 -- MU:0.4122 -- Batch_idx:50/79-- 11034.74 samples/sec-- Loss:0.05 -- Error1:1.56
Val_Loss = 0.04181536684036255, Val_Err = 1.18
Epoch: [183 | 200]
Phase:train -- LR: 0.0026 -- MU:0.2339 -- Batch_idx:50/59-- 26460.98 samples/sec-- Loss:0.04 -- Error1:1.18
Train_Loss = 0.038241621388991676, Train_Err = 1.1650000162760417
Phase:val -- LR: 0.0034 -- MU:0.3083 -- Batch_idx:50/79-- 11682.73 samples/sec-- Loss:0.05 -- Error1:1.56
Val_Loss = 0.04119449737071991, Val_Err = 1.23
Epoch: [184 | 200]
Phase:train -- LR: 0.0024 -- MU:0.2143 -- Batch_idx:50/59-- 24812.82 samples/sec-- Loss:0.04 -- Error1:1.16
Train_Loss = 0.03813396163781484, Train_Err = 1.1666666951497395
Phase:val -- LR: 0.0012 -- MU:0.1124 -- Batch_idx:50/79-- 11706.46 samples/sec-- Loss:0.05 -- Error1:1.53
Val_Loss = 0.0409148668050766, Val_Err = 1.19
Epoch: [185 | 200]
Phase:train -- LR: 0.0027 -- MU:0.2420 -- Batch_idx:50/59-- 21934.55 samples/sec-- Loss:0.04 -- Error1:1.17
Train_Loss = 0.03801409965157509, Train_Err = 1.180000020345052
Phase:val -- LR: 0.0046 -- MU:0.4123 -- Batch_idx:50/79-- 10517.69 samples/sec-- Loss:0.05 -- Error1:1.58
Val_Loss = 0.04111534767150879, Val_Err = 1.23
Epoch: [186 | 200]
Phase:train -- LR: 0.0041 -- MU:0.3672 -- Batch_idx:50/59-- 24996.18 samples/sec-- Loss:0.04 -- Error1:1.14
Train_Loss = 0.03760507448414961, Train_Err = 1.148333349609375
Phase:val -- LR: 0.0044 -- MU:0.3983 -- Batch_idx:50/79-- 11634.66 samples/sec-- Loss:0.05 -- Error1:1.52
Val_Loss = 0.04111089468002319, Val_Err = 1.18
Epoch: [187 | 200]
Phase:train -- LR: 0.0064 -- MU:0.5758 -- Batch_idx:50/59-- 25789.73 samples/sec-- Loss:0.04 -- Error1:1.15
Train_Loss = 0.03766354388892651, Train_Err = 1.150000040690104
Phase:val -- LR: 0.0050 -- MU:0.4483 -- Batch_idx:50/79-- 11930.04 samples/sec-- Loss:0.05 -- Error1:1.55
Val_Loss = 0.041437237334251406, Val_Err = 1.19
Epoch: [188 | 200]
Phase:train -- LR: 0.0047 -- MU:0.4203 -- Batch_idx:50/59-- 22325.22 samples/sec-- Loss:0.04 -- Error1:1.16
Train_Loss = 0.03725464066068331, Train_Err = 1.146666707356771
Phase:val -- LR: 0.0034 -- MU:0.3037 -- Batch_idx:50/79-- 10956.71 samples/sec-- Loss:0.05 -- Error1:1.47
Val_Loss = 0.040336414909362794, Val_Err = 1.15
Epoch: [189 | 200]
Phase:train -- LR: 0.0055 -- MU:0.4936 -- Batch_idx:50/59-- 25696.21 samples/sec-- Loss:0.04 -- Error1:1.16
Train_Loss = 0.03726596842805545, Train_Err = 1.1600000244140625
Phase:val -- LR: 0.0060 -- MU:0.5374 -- Batch_idx:50/79-- 11802.96 samples/sec-- Loss:0.05 -- Error1:1.53
Val_Loss = 0.040291837215423586, Val_Err = 1.21
Epoch: [190 | 200]
Phase:train -- LR: 0.0026 -- MU:0.2297 -- Batch_idx:50/59-- 25543.18 samples/sec-- Loss:0.04 -- Error1:1.12
Train_Loss = 0.03692556242346764, Train_Err = 1.1266666381835937
Phase:val -- LR: 0.0058 -- MU:0.5218 -- Batch_idx:50/79-- 12145.44 samples/sec-- Loss:0.05 -- Error1:1.55
Val_Loss = 0.04105707767009735, Val_Err = 1.22
Epoch: [191 | 200]
Phase:train -- LR: 0.0054 -- MU:0.4895 -- Batch_idx:50/59-- 22799.15 samples/sec-- Loss:0.04 -- Error1:1.10
Train_Loss = 0.03705440114835898, Train_Err = 1.1333333658854168
Phase:val -- LR: 0.0024 -- MU:0.2156 -- Batch_idx:50/79-- 11052.44 samples/sec-- Loss:0.05 -- Error1:1.53
Val_Loss = 0.04048359830379486, Val_Err = 1.2
Epoch: [192 | 200]
Phase:train -- LR: 0.0058 -- MU:0.5248 -- Batch_idx:50/59-- 25850.69 samples/sec-- Loss:0.04 -- Error1:1.13
Train_Loss = 0.03664186241030693, Train_Err = 1.140000040690104
Phase:val -- LR: 0.0037 -- MU:0.3337 -- Batch_idx:50/79-- 11683.93 samples/sec-- Loss:0.05 -- Error1:1.56
Val_Loss = 0.04094336829185486, Val_Err = 1.22
Epoch: [193 | 200]
Phase:train -- LR: 0.0037 -- MU:0.3315 -- Batch_idx:50/59-- 29174.72 samples/sec-- Loss:0.04 -- Error1:1.14
Train_Loss = 0.036744277705748875, Train_Err = 1.1399999959309897
Phase:val -- LR: 0.0079 -- MU:0.7068 -- Batch_idx:50/79-- 12235.53 samples/sec-- Loss:0.05 -- Error1:1.55
Val_Loss = 0.04021088123321533, Val_Err = 1.2
Epoch: [194 | 200]
Phase:train -- LR: 0.0062 -- MU:0.5609 -- Batch_idx:50/59-- 21956.41 samples/sec-- Loss:0.04 -- Error1:1.08
Train_Loss = 0.03648018850386143, Train_Err = 1.0783333048502604
Phase:val -- LR: 0.0052 -- MU:0.4659 -- Batch_idx:50/79-- 11131.62 samples/sec-- Loss:0.05 -- Error1:1.47
Val_Loss = 0.03994098582267761, Val_Err = 1.15
Epoch: [195 | 200]
Phase:train -- LR: 0.0066 -- MU:0.5948 -- Batch_idx:50/59-- 25864.09 samples/sec-- Loss:0.04 -- Error1:1.12
Train_Loss = 0.036330010503530505, Train_Err = 1.1200000122070313
Phase:val -- LR: 0.0065 -- MU:0.5823 -- Batch_idx:50/79-- 11487.93 samples/sec-- Loss:0.05 -- Error1:1.55
Val_Loss = 0.04023434541225433, Val_Err = 1.19
Epoch: [196 | 200]
Phase:train -- LR: 0.0044 -- MU:0.3956 -- Batch_idx:50/59-- 26640.68 samples/sec-- Loss:0.04 -- Error1:1.13
Train_Loss = 0.03596879053314527, Train_Err = 1.1183333740234376
Phase:val -- LR: 0.0043 -- MU:0.3857 -- Batch_idx:50/79-- 11925.90 samples/sec-- Loss:0.05 -- Error1:1.55
Val_Loss = 0.04039820532798767, Val_Err = 1.18
Epoch: [197 | 200]
Phase:train -- LR: 0.0028 -- MU:0.2559 -- Batch_idx:50/59-- 22665.07 samples/sec-- Loss:0.04 -- Error1:1.07
Train_Loss = 0.03591272853215535, Train_Err = 1.078333321126302
Phase:val -- LR: 0.0017 -- MU:0.1515 -- Batch_idx:50/79-- 11116.13 samples/sec-- Loss:0.05 -- Error1:1.52
Val_Loss = 0.04077077250480652, Val_Err = 1.19
Epoch: [198 | 200]
Phase:train -- LR: 0.0056 -- MU:0.5010 -- Batch_idx:50/59-- 24918.80 samples/sec-- Loss:0.04 -- Error1:1.05
Train_Loss = 0.03568879131277402, Train_Err = 1.069999979654948
Phase:val -- LR: 0.0046 -- MU:0.4120 -- Batch_idx:50/79-- 11632.71 samples/sec-- Loss:0.05 -- Error1:1.47
Val_Loss = 0.04030932509899139, Val_Err = 1.15
Epoch: [199 | 200]
Phase:train -- LR: 0.0059 -- MU:0.5317 -- Batch_idx:50/59-- 26242.99 samples/sec-- Loss:0.04 -- Error1:1.03
Train_Loss = 0.035508200398087504, Train_Err = 1.0733333740234374
Phase:val -- LR: 0.0056 -- MU:0.5072 -- Batch_idx:50/79-- 11047.91 samples/sec-- Loss:0.05 -- Error1:1.48
Val_Loss = 0.04009222986698151, Val_Err = 1.14
