Namespace(bs=1024, cp_dir='./checkpoints/mnist/sgd_0.01_0.9_1024_0.0/run0', data_dir='./data/mnist', dir='.', dtype='mnist', ep=200, lr=0.01, m=0.9, ms=5, n='mnist/sgd_0.01_0.9_1024_0.0', num_classes=10, opt='sgd', print_freq=50, use_cuda=True, wd=0.0)
Epoch: [0 | 200]
Phase:train -- LR: 0.0100 -- MU:0.9000 -- Batch_idx:50/59-- 21212.88 samples/sec-- Loss:2.28 -- Error1:75.51
Train_Loss = 2.2737213338216145, Train_Err = 71.41333334147136
Phase:val -- LR: 0.0100 -- MU:0.9000 -- Batch_idx:50/79-- 11317.04 samples/sec-- Loss:2.17 -- Error1:49.97
Val_Loss = 2.163226125717163, Val_Err = 49.04
Epoch: [1 | 200]
Phase:train -- LR: 0.0100 -- MU:0.9000 -- Batch_idx:50/59-- 21393.32 samples/sec-- Loss:1.14 -- Error1:28.39
Train_Loss = 1.0355876631895702, Train_Err = 26.106666678873697
Phase:val -- LR: 0.0100 -- MU:0.9000 -- Batch_idx:50/79-- 10275.03 samples/sec-- Loss:0.42 -- Error1:12.19
Val_Loss = 0.3586222971439362, Val_Err = 10.47
Epoch: [2 | 200]
Phase:train -- LR: 0.0100 -- MU:0.9000 -- Batch_idx:50/59-- 21943.95 samples/sec-- Loss:0.28 -- Error1:8.49
Train_Loss = 0.27093551812171934, Train_Err = 8.193333374023437
Phase:val -- LR: 0.0100 -- MU:0.9000 -- Batch_idx:50/79-- 10897.92 samples/sec-- Loss:0.22 -- Error1:6.70
Val_Loss = 0.1893281334400177, Val_Err = 5.67
Epoch: [3 | 200]
Phase:train -- LR: 0.0100 -- MU:0.9000 -- Batch_idx:50/59-- 20764.52 samples/sec-- Loss:0.18 -- Error1:5.36
Train_Loss = 0.17712414524952572, Train_Err = 5.278333349609375
Phase:val -- LR: 0.0100 -- MU:0.9000 -- Batch_idx:50/79-- 11941.08 samples/sec-- Loss:0.17 -- Error1:5.41
Val_Loss = 0.13738929920196533, Val_Err = 4.29
Epoch: [4 | 200]
Phase:train -- LR: 0.0100 -- MU:0.9000 -- Batch_idx:50/59-- 21345.63 samples/sec-- Loss:0.14 -- Error1:4.17
Train_Loss = 0.13699677225351334, Train_Err = 4.125000024414063
Phase:val -- LR: 0.0100 -- MU:0.9000 -- Batch_idx:50/79-- 12286.97 samples/sec-- Loss:0.13 -- Error1:4.17
Val_Loss = 0.11042363619804382, Val_Err = 3.37
Epoch: [5 | 200]
Phase:train -- LR: 0.0100 -- MU:0.9000 -- Batch_idx:50/59-- 21298.58 samples/sec-- Loss:0.11 -- Error1:3.48
Train_Loss = 0.11322781001726787, Train_Err = 3.4433333740234375
Phase:val -- LR: 0.0100 -- MU:0.9000 -- Batch_idx:50/79-- 11127.49 samples/sec-- Loss:0.11 -- Error1:3.69
Val_Loss = 0.09353898258209228, Val_Err = 2.93
Epoch: [6 | 200]
Phase:train -- LR: 0.0100 -- MU:0.9000 -- Batch_idx:50/59-- 20863.22 samples/sec-- Loss:0.10 -- Error1:3.01
Train_Loss = 0.09782409217755, Train_Err = 2.9983333089192707
Phase:val -- LR: 0.0100 -- MU:0.9000 -- Batch_idx:50/79-- 15020.07 samples/sec-- Loss:0.10 -- Error1:3.08
Val_Loss = 0.08414203691482544, Val_Err = 2.54
Epoch: [7 | 200]
Phase:train -- LR: 0.0100 -- MU:0.9000 -- Batch_idx:50/59-- 21522.75 samples/sec-- Loss:0.09 -- Error1:2.83
Train_Loss = 0.08958843994935353, Train_Err = 2.751666711425781
Phase:val -- LR: 0.0100 -- MU:0.9000 -- Batch_idx:50/79-- 11200.60 samples/sec-- Loss:0.09 -- Error1:2.70
Val_Loss = 0.07308796591758727, Val_Err = 2.16
Epoch: [8 | 200]
Phase:train -- LR: 0.0100 -- MU:0.9000 -- Batch_idx:50/59-- 21756.22 samples/sec-- Loss:0.08 -- Error1:2.55
Train_Loss = 0.08073565474351248, Train_Err = 2.5316666870117186
Phase:val -- LR: 0.0100 -- MU:0.9000 -- Batch_idx:50/79-- 11849.15 samples/sec-- Loss:0.08 -- Error1:2.53
Val_Loss = 0.06720361595153809, Val_Err = 2.02
Epoch: [9 | 200]
Phase:train -- LR: 0.0100 -- MU:0.9000 -- Batch_idx:50/59-- 21255.83 samples/sec-- Loss:0.07 -- Error1:2.27
Train_Loss = 0.07331698780854543, Train_Err = 2.2566666951497396
Phase:val -- LR: 0.0100 -- MU:0.9000 -- Batch_idx:50/79-- 12160.46 samples/sec-- Loss:0.07 -- Error1:2.20
Val_Loss = 0.05988138885498047, Val_Err = 1.73
Epoch: [10 | 200]
Phase:train -- LR: 0.0100 -- MU:0.9000 -- Batch_idx:50/59-- 20117.75 samples/sec-- Loss:0.07 -- Error1:2.04
Train_Loss = 0.06650656778812408, Train_Err = 2.056666678873698
Phase:val -- LR: 0.0100 -- MU:0.9000 -- Batch_idx:50/79-- 11578.61 samples/sec-- Loss:0.08 -- Error1:2.50
Val_Loss = 0.06188053753376007, Val_Err = 1.93
Epoch: [11 | 200]
Phase:train -- LR: 0.0100 -- MU:0.9000 -- Batch_idx:50/59-- 20624.64 samples/sec-- Loss:0.06 -- Error1:1.92
Train_Loss = 0.06406235084931056, Train_Err = 1.9283333618164062
Phase:val -- LR: 0.0100 -- MU:0.9000 -- Batch_idx:50/79-- 12200.64 samples/sec-- Loss:0.07 -- Error1:2.34
Val_Loss = 0.055906947875022886, Val_Err = 1.76
Epoch: [12 | 200]
Phase:train -- LR: 0.0100 -- MU:0.9000 -- Batch_idx:50/59-- 21837.41 samples/sec-- Loss:0.06 -- Error1:1.93
Train_Loss = 0.06100686757763227, Train_Err = 1.9283333536783853
Phase:val -- LR: 0.0100 -- MU:0.9000 -- Batch_idx:50/79-- 10956.04 samples/sec-- Loss:0.06 -- Error1:1.92
Val_Loss = 0.04772400140762329, Val_Err = 1.48
Epoch: [13 | 200]
Phase:train -- LR: 0.0100 -- MU:0.9000 -- Batch_idx:50/59-- 21492.68 samples/sec-- Loss:0.05 -- Error1:1.74
Train_Loss = 0.054325922882556915, Train_Err = 1.7183333618164063
Phase:val -- LR: 0.0100 -- MU:0.9000 -- Batch_idx:50/79-- 11679.99 samples/sec-- Loss:0.06 -- Error1:2.14
Val_Loss = 0.050586025047302245, Val_Err = 1.63
Epoch: [14 | 200]
Phase:train -- LR: 0.0100 -- MU:0.9000 -- Batch_idx:50/59-- 21541.15 samples/sec-- Loss:0.05 -- Error1:1.57
Train_Loss = 0.05118375062942505, Train_Err = 1.5700000366210938
Phase:val -- LR: 0.0100 -- MU:0.9000 -- Batch_idx:50/79-- 12091.91 samples/sec-- Loss:0.06 -- Error1:2.02
Val_Loss = 0.049322732448577884, Val_Err = 1.58
Epoch: [15 | 200]
Phase:train -- LR: 0.0100 -- MU:0.9000 -- Batch_idx:50/59-- 21923.23 samples/sec-- Loss:0.05 -- Error1:1.56
Train_Loss = 0.04946986724535624, Train_Err = 1.563333321126302
Phase:val -- LR: 0.0100 -- MU:0.9000 -- Batch_idx:50/79-- 10549.20 samples/sec-- Loss:0.06 -- Error1:1.78
Val_Loss = 0.044959383749961855, Val_Err = 1.37
Epoch: [16 | 200]
Phase:train -- LR: 0.0100 -- MU:0.9000 -- Batch_idx:50/59-- 21977.24 samples/sec-- Loss:0.05 -- Error1:1.49
Train_Loss = 0.04836848866939545, Train_Err = 1.5200000122070312
Phase:val -- LR: 0.0100 -- MU:0.9000 -- Batch_idx:50/79-- 13321.94 samples/sec-- Loss:0.06 -- Error1:1.88
Val_Loss = 0.04730963654518128, Val_Err = 1.43
Epoch: [17 | 200]
Phase:train -- LR: 0.0100 -- MU:0.9000 -- Batch_idx:50/59-- 20586.34 samples/sec-- Loss:0.04 -- Error1:1.32
Train_Loss = 0.043953075089057284, Train_Err = 1.3383333048502604
Phase:val -- LR: 0.0100 -- MU:0.9000 -- Batch_idx:50/79-- 10986.61 samples/sec-- Loss:0.06 -- Error1:1.80
Val_Loss = 0.04592816917896271, Val_Err = 1.39
Epoch: [18 | 200]
Phase:train -- LR: 0.0100 -- MU:0.9000 -- Batch_idx:50/59-- 21173.57 samples/sec-- Loss:0.04 -- Error1:1.29
Train_Loss = 0.04251664007703463, Train_Err = 1.328333329264323
Phase:val -- LR: 0.0100 -- MU:0.9000 -- Batch_idx:50/79-- 11526.24 samples/sec-- Loss:0.05 -- Error1:1.62
Val_Loss = 0.04295555171966553, Val_Err = 1.24
Epoch: [19 | 200]
Phase:train -- LR: 0.0100 -- MU:0.9000 -- Batch_idx:50/59-- 20984.88 samples/sec-- Loss:0.04 -- Error1:1.29
Train_Loss = 0.04086586988568306, Train_Err = 1.2900000040690105
Phase:val -- LR: 0.0100 -- MU:0.9000 -- Batch_idx:50/79-- 12318.09 samples/sec-- Loss:0.05 -- Error1:1.44
Val_Loss = 0.04087212026119232, Val_Err = 1.11
Epoch: [20 | 200]
Phase:train -- LR: 0.0100 -- MU:0.9000 -- Batch_idx:50/59-- 22054.81 samples/sec-- Loss:0.04 -- Error1:1.23
Train_Loss = 0.03879005180398623, Train_Err = 1.2033333374023438
Phase:val -- LR: 0.0100 -- MU:0.9000 -- Batch_idx:50/79-- 11514.96 samples/sec-- Loss:0.05 -- Error1:1.50
Val_Loss = 0.03830803165435791, Val_Err = 1.18
Epoch: [21 | 200]
Phase:train -- LR: 0.0100 -- MU:0.9000 -- Batch_idx:50/59-- 21601.10 samples/sec-- Loss:0.04 -- Error1:1.20
Train_Loss = 0.03806329080065091, Train_Err = 1.1900000406901041
Phase:val -- LR: 0.0100 -- MU:0.9000 -- Batch_idx:50/79-- 11757.55 samples/sec-- Loss:0.06 -- Error1:1.59
Val_Loss = 0.044907079982757565, Val_Err = 1.31
Epoch: [22 | 200]
Phase:train -- LR: 0.0100 -- MU:0.9000 -- Batch_idx:50/59-- 19564.67 samples/sec-- Loss:0.04 -- Error1:1.19
Train_Loss = 0.03709378658731778, Train_Err = 1.2000000162760416
Phase:val -- LR: 0.0100 -- MU:0.9000 -- Batch_idx:50/79-- 11031.38 samples/sec-- Loss:0.05 -- Error1:1.53
Val_Loss = 0.04050720019340515, Val_Err = 1.19
Epoch: [23 | 200]
Phase:train -- LR: 0.0100 -- MU:0.9000 -- Batch_idx:50/59-- 18826.17 samples/sec-- Loss:0.03 -- Error1:1.05
Train_Loss = 0.034594624515374504, Train_Err = 1.081666670735677
Phase:val -- LR: 0.0100 -- MU:0.9000 -- Batch_idx:50/79-- 8676.59 samples/sec-- Loss:0.05 -- Error1:1.50
Val_Loss = 0.037388923811912535, Val_Err = 1.22
Epoch: [24 | 200]
Phase:train -- LR: 0.0100 -- MU:0.9000 -- Batch_idx:50/59-- 19114.89 samples/sec-- Loss:0.03 -- Error1:1.02
Train_Loss = 0.03369755248228709, Train_Err = 1.0416666463216147
Phase:val -- LR: 0.0100 -- MU:0.9000 -- Batch_idx:50/79-- 11107.73 samples/sec-- Loss:0.05 -- Error1:1.64
Val_Loss = 0.039055421304702756, Val_Err = 1.28
Epoch: [25 | 200]
Phase:train -- LR: 0.0100 -- MU:0.9000 -- Batch_idx:50/59-- 18588.10 samples/sec-- Loss:0.03 -- Error1:1.07
Train_Loss = 0.033509357591470085, Train_Err = 1.059999971516927
Phase:val -- LR: 0.0100 -- MU:0.9000 -- Batch_idx:50/79-- 11063.82 samples/sec-- Loss:0.05 -- Error1:1.53
Val_Loss = 0.03773497231006622, Val_Err = 1.22
Epoch: [26 | 200]
Phase:train -- LR: 0.0100 -- MU:0.9000 -- Batch_idx:50/59-- 18538.74 samples/sec-- Loss:0.03 -- Error1:0.98
Train_Loss = 0.032373188698291776, Train_Err = 1.0083333374023438
Phase:val -- LR: 0.0100 -- MU:0.9000 -- Batch_idx:50/79-- 10375.42 samples/sec-- Loss:0.05 -- Error1:1.48
Val_Loss = 0.037652575588226316, Val_Err = 1.2
Epoch: [27 | 200]
Phase:train -- LR: 0.0100 -- MU:0.9000 -- Batch_idx:50/59-- 18778.97 samples/sec-- Loss:0.03 -- Error1:0.94
Train_Loss = 0.030467154161135355, Train_Err = 0.9316666463216146
Phase:val -- LR: 0.0100 -- MU:0.9000 -- Batch_idx:50/79-- 10246.93 samples/sec-- Loss:0.05 -- Error1:1.55
Val_Loss = 0.036900070762634275, Val_Err = 1.18
Epoch: [28 | 200]
Phase:train -- LR: 0.0100 -- MU:0.9000 -- Batch_idx:50/59-- 18462.69 samples/sec-- Loss:0.03 -- Error1:0.93
Train_Loss = 0.029897752604881922, Train_Err = 0.9300000406901041
Phase:val -- LR: 0.0100 -- MU:0.9000 -- Batch_idx:50/79-- 10347.75 samples/sec-- Loss:0.05 -- Error1:1.52
Val_Loss = 0.03566847233772278, Val_Err = 1.21
Epoch: [29 | 200]
Phase:train -- LR: 0.0100 -- MU:0.9000 -- Batch_idx:50/59-- 17643.36 samples/sec-- Loss:0.03 -- Error1:0.85
Train_Loss = 0.028199584037065507, Train_Err = 0.8533333048502604
Phase:val -- LR: 0.0100 -- MU:0.9000 -- Batch_idx:50/79-- 9484.67 samples/sec-- Loss:0.05 -- Error1:1.55
Val_Loss = 0.03969940710067749, Val_Err = 1.22
Epoch: [30 | 200]
Phase:train -- LR: 0.0100 -- MU:0.9000 -- Batch_idx:50/59-- 19424.69 samples/sec-- Loss:0.03 -- Error1:0.83
Train_Loss = 0.0270049694220225, Train_Err = 0.8449999877929687
Phase:val -- LR: 0.0100 -- MU:0.9000 -- Batch_idx:50/79-- 11615.58 samples/sec-- Loss:0.05 -- Error1:1.42
Val_Loss = 0.03564083535671234, Val_Err = 1.11
Epoch: [31 | 200]
Phase:train -- LR: 0.0100 -- MU:0.9000 -- Batch_idx:50/59-- 18596.83 samples/sec-- Loss:0.03 -- Error1:0.86
Train_Loss = 0.02706385122636954, Train_Err = 0.8533333577473958
Phase:val -- LR: 0.0100 -- MU:0.9000 -- Batch_idx:50/79-- 10422.64 samples/sec-- Loss:0.05 -- Error1:1.41
Val_Loss = 0.03610128269195557, Val_Err = 1.09
Epoch: [32 | 200]
Phase:train -- LR: 0.0100 -- MU:0.9000 -- Batch_idx:50/59-- 18908.25 samples/sec-- Loss:0.03 -- Error1:0.79
Train_Loss = 0.0253615464647611, Train_Err = 0.7666667073567708
Phase:val -- LR: 0.0100 -- MU:0.9000 -- Batch_idx:50/79-- 10903.94 samples/sec-- Loss:0.05 -- Error1:1.34
Val_Loss = 0.03638503484725952, Val_Err = 1.04
Epoch: [33 | 200]
Phase:train -- LR: 0.0100 -- MU:0.9000 -- Batch_idx:50/59-- 18720.77 samples/sec-- Loss:0.02 -- Error1:0.74
Train_Loss = 0.024212732406457264, Train_Err = 0.7466666829427083
Phase:val -- LR: 0.0100 -- MU:0.9000 -- Batch_idx:50/79-- 11113.59 samples/sec-- Loss:0.04 -- Error1:1.33
Val_Loss = 0.03475301530361175, Val_Err = 1.03
Epoch: [34 | 200]
Phase:train -- LR: 0.0100 -- MU:0.9000 -- Batch_idx:50/59-- 18866.20 samples/sec-- Loss:0.02 -- Error1:0.72
Train_Loss = 0.023650658323367435, Train_Err = 0.7249999715169271
Phase:val -- LR: 0.0100 -- MU:0.9000 -- Batch_idx:50/79-- 10869.40 samples/sec-- Loss:0.05 -- Error1:1.44
Val_Loss = 0.037789537000656126, Val_Err = 1.21
Epoch: [35 | 200]
Phase:train -- LR: 0.0100 -- MU:0.9000 -- Batch_idx:50/59-- 18442.14 samples/sec-- Loss:0.02 -- Error1:0.75
Train_Loss = 0.023654326670368514, Train_Err = 0.743333349609375
Phase:val -- LR: 0.0100 -- MU:0.9000 -- Batch_idx:50/79-- 11067.10 samples/sec-- Loss:0.04 -- Error1:1.38
Val_Loss = 0.034585779237747194, Val_Err = 1.06
Epoch: [36 | 200]
Phase:train -- LR: 0.0100 -- MU:0.9000 -- Batch_idx:50/59-- 18798.87 samples/sec-- Loss:0.02 -- Error1:0.73
Train_Loss = 0.022569562283158304, Train_Err = 0.7216667073567709
Phase:val -- LR: 0.0100 -- MU:0.9000 -- Batch_idx:50/79-- 11061.84 samples/sec-- Loss:0.05 -- Error1:1.47
Val_Loss = 0.038286857891082764, Val_Err = 1.14
Epoch: [37 | 200]
Phase:train -- LR: 0.0100 -- MU:0.9000 -- Batch_idx:50/59-- 18808.56 samples/sec-- Loss:0.02 -- Error1:0.64
Train_Loss = 0.02172663292090098, Train_Err = 0.6449999715169271
Phase:val -- LR: 0.0100 -- MU:0.9000 -- Batch_idx:50/79-- 10010.93 samples/sec-- Loss:0.04 -- Error1:1.31
Val_Loss = 0.0330495014667511, Val_Err = 1.02
Epoch: [38 | 200]
Phase:train -- LR: 0.0100 -- MU:0.9000 -- Batch_idx:50/59-- 18628.47 samples/sec-- Loss:0.02 -- Error1:0.58
Train_Loss = 0.02005021499991417, Train_Err = 0.5950000406901041
Phase:val -- LR: 0.0100 -- MU:0.9000 -- Batch_idx:50/79-- 10960.75 samples/sec-- Loss:0.04 -- Error1:1.44
Val_Loss = 0.035763865375518795, Val_Err = 1.15
Epoch: [39 | 200]
Phase:train -- LR: 0.0100 -- MU:0.9000 -- Batch_idx:50/59-- 17873.38 samples/sec-- Loss:0.02 -- Error1:0.62
Train_Loss = 0.02034631957610448, Train_Err = 0.6216666748046875
Phase:val -- LR: 0.0100 -- MU:0.9000 -- Batch_idx:50/79-- 9940.18 samples/sec-- Loss:0.04 -- Error1:1.34
Val_Loss = 0.034821146488189694, Val_Err = 1.03
Epoch: [40 | 200]
Phase:train -- LR: 0.0100 -- MU:0.9000 -- Batch_idx:50/59-- 18940.00 samples/sec-- Loss:0.02 -- Error1:0.57
Train_Loss = 0.019033859712382157, Train_Err = 0.5683333577473958
Phase:val -- LR: 0.0100 -- MU:0.9000 -- Batch_idx:50/79-- 11641.26 samples/sec-- Loss:0.04 -- Error1:1.44
Val_Loss = 0.035358289456367493, Val_Err = 1.14
Epoch: [41 | 200]
Phase:train -- LR: 0.0100 -- MU:0.9000 -- Batch_idx:50/59-- 18695.71 samples/sec-- Loss:0.02 -- Error1:0.63
Train_Loss = 0.019620459857583046, Train_Err = 0.6050000244140625
Phase:val -- LR: 0.0100 -- MU:0.9000 -- Batch_idx:50/79-- 11639.63 samples/sec-- Loss:0.05 -- Error1:1.44
Val_Loss = 0.03644965047836304, Val_Err = 1.08
Epoch: [42 | 200]
Phase:train -- LR: 0.0100 -- MU:0.9000 -- Batch_idx:50/59-- 18117.97 samples/sec-- Loss:0.02 -- Error1:0.54
Train_Loss = 0.01800038553973039, Train_Err = 0.5533333129882813
Phase:val -- LR: 0.0100 -- MU:0.9000 -- Batch_idx:50/79-- 9833.53 samples/sec-- Loss:0.05 -- Error1:1.50
Val_Loss = 0.037780212020874025, Val_Err = 1.1
Epoch: [43 | 200]
Phase:train -- LR: 0.0100 -- MU:0.9000 -- Batch_idx:50/59-- 18602.35 samples/sec-- Loss:0.02 -- Error1:0.56
Train_Loss = 0.018463354403773943, Train_Err = 0.5883333658854166
Phase:val -- LR: 0.0100 -- MU:0.9000 -- Batch_idx:50/79-- 8211.02 samples/sec-- Loss:0.05 -- Error1:1.55
Val_Loss = 0.03686754336357117, Val_Err = 1.14
Epoch: [44 | 200]
Phase:train -- LR: 0.0100 -- MU:0.9000 -- Batch_idx:50/59-- 19017.89 samples/sec-- Loss:0.02 -- Error1:0.59
Train_Loss = 0.018820910128951072, Train_Err = 0.5949999715169271
Phase:val -- LR: 0.0100 -- MU:0.9000 -- Batch_idx:50/79-- 10333.92 samples/sec-- Loss:0.05 -- Error1:1.44
Val_Loss = 0.03718989014625549, Val_Err = 1.14
Epoch: [45 | 200]
Phase:train -- LR: 0.0100 -- MU:0.9000 -- Batch_idx:50/59-- 18895.03 samples/sec-- Loss:0.02 -- Error1:0.44
Train_Loss = 0.016600334640343984, Train_Err = 0.47666670735677086
Phase:val -- LR: 0.0100 -- MU:0.9000 -- Batch_idx:50/79-- 10317.32 samples/sec-- Loss:0.05 -- Error1:1.33
Val_Loss = 0.03614493622779846, Val_Err = 1.05
Epoch: [46 | 200]
Phase:train -- LR: 0.0100 -- MU:0.9000 -- Batch_idx:50/59-- 18861.63 samples/sec-- Loss:0.02 -- Error1:0.62
Train_Loss = 0.018197722548246385, Train_Err = 0.5933333577473958
Phase:val -- LR: 0.0100 -- MU:0.9000 -- Batch_idx:50/79-- 11681.42 samples/sec-- Loss:0.04 -- Error1:1.31
Val_Loss = 0.03465399899482727, Val_Err = 1.01
Epoch: [47 | 200]
Phase:train -- LR: 0.0100 -- MU:0.9000 -- Batch_idx:50/59-- 18703.78 samples/sec-- Loss:0.02 -- Error1:0.51
Train_Loss = 0.0167927181104819, Train_Err = 0.49333336588541665
Phase:val -- LR: 0.0100 -- MU:0.9000 -- Batch_idx:50/79-- 10496.29 samples/sec-- Loss:0.05 -- Error1:1.53
Val_Loss = 0.03671357927322388, Val_Err = 1.21
Epoch: [48 | 200]
Phase:train -- LR: 0.0100 -- MU:0.9000 -- Batch_idx:50/59-- 18281.59 samples/sec-- Loss:0.02 -- Error1:0.52
Train_Loss = 0.015890561691423256, Train_Err = 0.5050000244140626
Phase:val -- LR: 0.0100 -- MU:0.9000 -- Batch_idx:50/79-- 9525.65 samples/sec-- Loss:0.05 -- Error1:1.31
Val_Loss = 0.03597890286445617, Val_Err = 1.02
Epoch: [49 | 200]
Phase:train -- LR: 0.0100 -- MU:0.9000 -- Batch_idx:50/59-- 18241.44 samples/sec-- Loss:0.01 -- Error1:0.43
Train_Loss = 0.014952564405401547, Train_Err = 0.4399999715169271
Phase:val -- LR: 0.0100 -- MU:0.9000 -- Batch_idx:50/79-- 11804.06 samples/sec-- Loss:0.05 -- Error1:1.47
Val_Loss = 0.037020426225662234, Val_Err = 1.13
Epoch: [50 | 200]
Phase:train -- LR: 0.0100 -- MU:0.9000 -- Batch_idx:50/59-- 18779.39 samples/sec-- Loss:0.02 -- Error1:0.46
Train_Loss = 0.014599445327123007, Train_Err = 0.44833335774739586
Phase:val -- LR: 0.0100 -- MU:0.9000 -- Batch_idx:50/79-- 11312.94 samples/sec-- Loss:0.04 -- Error1:1.20
Val_Loss = 0.03351879768371582, Val_Err = 0.96
Epoch: [51 | 200]
Phase:train -- LR: 0.0100 -- MU:0.9000 -- Batch_idx:50/59-- 19197.92 samples/sec-- Loss:0.01 -- Error1:0.41
Train_Loss = 0.013824110247194767, Train_Err = 0.41333333333333333
Phase:val -- LR: 0.0100 -- MU:0.9000 -- Batch_idx:50/79-- 11120.99 samples/sec-- Loss:0.04 -- Error1:1.30
Val_Loss = 0.03424687526226044, Val_Err = 1.01
Epoch: [52 | 200]
Phase:train -- LR: 0.0100 -- MU:0.9000 -- Batch_idx:50/59-- 18460.59 samples/sec-- Loss:0.01 -- Error1:0.42
Train_Loss = 0.014288684070110321, Train_Err = 0.4350000162760417
Phase:val -- LR: 0.0100 -- MU:0.9000 -- Batch_idx:50/79-- 10814.39 samples/sec-- Loss:0.05 -- Error1:1.45
Val_Loss = 0.03858187408447265, Val_Err = 1.14
Epoch: [53 | 200]
Phase:train -- LR: 0.0100 -- MU:0.9000 -- Batch_idx:50/59-- 19195.73 samples/sec-- Loss:0.01 -- Error1:0.42
Train_Loss = 0.01401576787730058, Train_Err = 0.4116666381835937
Phase:val -- LR: 0.0100 -- MU:0.9000 -- Batch_idx:50/79-- 10761.87 samples/sec-- Loss:0.04 -- Error1:1.34
Val_Loss = 0.03372896537780762, Val_Err = 1.04
Epoch: [54 | 200]
Phase:train -- LR: 0.0100 -- MU:0.9000 -- Batch_idx:50/59-- 18927.34 samples/sec-- Loss:0.01 -- Error1:0.36
Train_Loss = 0.012387099095682303, Train_Err = 0.34666668294270836
Phase:val -- LR: 0.0100 -- MU:0.9000 -- Batch_idx:50/79-- 10969.57 samples/sec-- Loss:0.05 -- Error1:1.28
Val_Loss = 0.03533589291572571, Val_Err = 1.01
Epoch: [55 | 200]
Phase:train -- LR: 0.0100 -- MU:0.9000 -- Batch_idx:50/59-- 18950.98 samples/sec-- Loss:0.01 -- Error1:0.31
Train_Loss = 0.011836613329251608, Train_Err = 0.3333333414713542
Phase:val -- LR: 0.0100 -- MU:0.9000 -- Batch_idx:50/79-- 9686.04 samples/sec-- Loss:0.05 -- Error1:1.66
Val_Loss = 0.04236020550727844, Val_Err = 1.24
Epoch: [56 | 200]
Phase:train -- LR: 0.0100 -- MU:0.9000 -- Batch_idx:50/59-- 18438.67 samples/sec-- Loss:0.01 -- Error1:0.40
Train_Loss = 0.012964999040961265, Train_Err = 0.41000001627604166
Phase:val -- LR: 0.0100 -- MU:0.9000 -- Batch_idx:50/79-- 11244.37 samples/sec-- Loss:0.05 -- Error1:1.42
Val_Loss = 0.03540511002540588, Val_Err = 1.09
Epoch: [57 | 200]
Phase:train -- LR: 0.0100 -- MU:0.9000 -- Batch_idx:50/59-- 18873.99 samples/sec-- Loss:0.01 -- Error1:0.36
Train_Loss = 0.012525862305859725, Train_Err = 0.358333349609375
Phase:val -- LR: 0.0100 -- MU:0.9000 -- Batch_idx:50/79-- 10803.30 samples/sec-- Loss:0.05 -- Error1:1.42
Val_Loss = 0.03640630016326904, Val_Err = 1.1
Epoch: [58 | 200]
Phase:train -- LR: 0.0100 -- MU:0.9000 -- Batch_idx:50/59-- 19048.46 samples/sec-- Loss:0.01 -- Error1:0.32
Train_Loss = 0.011305428151786328, Train_Err = 0.3416666748046875
Phase:val -- LR: 0.0100 -- MU:0.9000 -- Batch_idx:50/79-- 11176.64 samples/sec-- Loss:0.05 -- Error1:1.36
Val_Loss = 0.03600250616073608, Val_Err = 1.07
Epoch: [59 | 200]
Phase:train -- LR: 0.0100 -- MU:0.9000 -- Batch_idx:50/59-- 18140.97 samples/sec-- Loss:0.01 -- Error1:0.27
Train_Loss = 0.011135958847900232, Train_Err = 0.3200000325520833
Phase:val -- LR: 0.0100 -- MU:0.9000 -- Batch_idx:50/79-- 10984.19 samples/sec-- Loss:0.05 -- Error1:1.50
Val_Loss = 0.040385846424102784, Val_Err = 1.17
Epoch: [60 | 200]
Phase:train -- LR: 0.0100 -- MU:0.9000 -- Batch_idx:50/59-- 19539.54 samples/sec-- Loss:0.01 -- Error1:0.31
Train_Loss = 0.010854052794973056, Train_Err = 0.31833335774739585
Phase:val -- LR: 0.0100 -- MU:0.9000 -- Batch_idx:50/79-- 11393.74 samples/sec-- Loss:0.05 -- Error1:1.27
Val_Loss = 0.03501157989501953, Val_Err = 0.99
Epoch: [61 | 200]
Phase:train -- LR: 0.0100 -- MU:0.9000 -- Batch_idx:50/59-- 19032.43 samples/sec-- Loss:0.01 -- Error1:0.31
Train_Loss = 0.010646066478888194, Train_Err = 0.3050000162760417
Phase:val -- LR: 0.0100 -- MU:0.9000 -- Batch_idx:50/79-- 10139.44 samples/sec-- Loss:0.05 -- Error1:1.36
Val_Loss = 0.03499866304397583, Val_Err = 1.02
Epoch: [62 | 200]
Phase:train -- LR: 0.0100 -- MU:0.9000 -- Batch_idx:50/59-- 18135.18 samples/sec-- Loss:0.01 -- Error1:0.27
Train_Loss = 0.009860116677482923, Train_Err = 0.27166668294270835
Phase:val -- LR: 0.0100 -- MU:0.9000 -- Batch_idx:50/79-- 10679.88 samples/sec-- Loss:0.05 -- Error1:1.38
Val_Loss = 0.037370997285842894, Val_Err = 1.1
Epoch: [63 | 200]
Phase:train -- LR: 0.0100 -- MU:0.9000 -- Batch_idx:50/59-- 19572.65 samples/sec-- Loss:0.01 -- Error1:0.29
Train_Loss = 0.010389506642023722, Train_Err = 0.29000004069010415
Phase:val -- LR: 0.0100 -- MU:0.9000 -- Batch_idx:50/79-- 9645.87 samples/sec-- Loss:0.05 -- Error1:1.42
Val_Loss = 0.03740418801307678, Val_Err = 1.07
Epoch: [64 | 200]
Phase:train -- LR: 0.0100 -- MU:0.9000 -- Batch_idx:50/59-- 19067.70 samples/sec-- Loss:0.01 -- Error1:0.26
Train_Loss = 0.009601132751256227, Train_Err = 0.2683333414713542
Phase:val -- LR: 0.0100 -- MU:0.9000 -- Batch_idx:50/79-- 11512.99 samples/sec-- Loss:0.05 -- Error1:1.33
Val_Loss = 0.03571674900054932, Val_Err = 1.01
Epoch: [65 | 200]
Phase:train -- LR: 0.0100 -- MU:0.9000 -- Batch_idx:50/59-- 18469.89 samples/sec-- Loss:0.01 -- Error1:0.23
Train_Loss = 0.009042382471263408, Train_Err = 0.23500001627604167
Phase:val -- LR: 0.0100 -- MU:0.9000 -- Batch_idx:50/79-- 11222.14 samples/sec-- Loss:0.05 -- Error1:1.36
Val_Loss = 0.03740395383834839, Val_Err = 1.1
Epoch: [66 | 200]
Phase:train -- LR: 0.0100 -- MU:0.9000 -- Batch_idx:50/59-- 18266.02 samples/sec-- Loss:0.01 -- Error1:0.26
Train_Loss = 0.009276544939478238, Train_Err = 0.2633333414713542
Phase:val -- LR: 0.0100 -- MU:0.9000 -- Batch_idx:50/79-- 11450.65 samples/sec-- Loss:0.05 -- Error1:1.66
Val_Loss = 0.04041364026069641, Val_Err = 1.24
Epoch: [67 | 200]
Phase:train -- LR: 0.0100 -- MU:0.9000 -- Batch_idx:50/59-- 18980.56 samples/sec-- Loss:0.01 -- Error1:0.18
Train_Loss = 0.008324402347703775, Train_Err = 0.20333334147135418
Phase:val -- LR: 0.0100 -- MU:0.9000 -- Batch_idx:50/79-- 10103.08 samples/sec-- Loss:0.05 -- Error1:1.36
Val_Loss = 0.03768075714111328, Val_Err = 1.08
Epoch: [68 | 200]
Phase:train -- LR: 0.0100 -- MU:0.9000 -- Batch_idx:50/59-- 18408.97 samples/sec-- Loss:0.01 -- Error1:0.19
Train_Loss = 0.007859300780296325, Train_Err = 0.19500001627604166
Phase:val -- LR: 0.0100 -- MU:0.9000 -- Batch_idx:50/79-- 10879.23 samples/sec-- Loss:0.05 -- Error1:1.44
Val_Loss = 0.03914716577529907, Val_Err = 1.11
Epoch: [69 | 200]
Phase:train -- LR: 0.0100 -- MU:0.9000 -- Batch_idx:50/59-- 18553.19 samples/sec-- Loss:0.01 -- Error1:0.21
Train_Loss = 0.008485945034523806, Train_Err = 0.22500000813802085
Phase:val -- LR: 0.0100 -- MU:0.9000 -- Batch_idx:50/79-- 11059.52 samples/sec-- Loss:0.05 -- Error1:1.38
Val_Loss = 0.03623305997848511, Val_Err = 1.08
Epoch: [70 | 200]
Phase:train -- LR: 0.0100 -- MU:0.9000 -- Batch_idx:50/59-- 18937.49 samples/sec-- Loss:0.01 -- Error1:0.23
Train_Loss = 0.008542767150700093, Train_Err = 0.24333334147135416
Phase:val -- LR: 0.0100 -- MU:0.9000 -- Batch_idx:50/79-- 10705.18 samples/sec-- Loss:0.05 -- Error1:1.33
Val_Loss = 0.0379155059337616, Val_Err = 1.08
Epoch: [71 | 200]
Phase:train -- LR: 0.0100 -- MU:0.9000 -- Batch_idx:50/59-- 18788.92 samples/sec-- Loss:0.01 -- Error1:0.18
Train_Loss = 0.007367055563131968, Train_Err = 0.18500001627604168
Phase:val -- LR: 0.0100 -- MU:0.9000 -- Batch_idx:50/79-- 10068.08 samples/sec-- Loss:0.05 -- Error1:1.28
Val_Loss = 0.037516952896118165, Val_Err = 1.02
Epoch: [72 | 200]
Phase:train -- LR: 0.0100 -- MU:0.9000 -- Batch_idx:50/59-- 18991.80 samples/sec-- Loss:0.01 -- Error1:0.13
Train_Loss = 0.006619212017456691, Train_Err = 0.13833333333333334
Phase:val -- LR: 0.0100 -- MU:0.9000 -- Batch_idx:50/79-- 9998.33 samples/sec-- Loss:0.05 -- Error1:1.33
Val_Loss = 0.03788785271644592, Val_Err = 1.0
Epoch: [73 | 200]
Phase:train -- LR: 0.0100 -- MU:0.9000 -- Batch_idx:50/59-- 19285.31 samples/sec-- Loss:0.01 -- Error1:0.14
Train_Loss = 0.0064739708423614505, Train_Err = 0.14500000813802083
Phase:val -- LR: 0.0100 -- MU:0.9000 -- Batch_idx:50/79-- 11314.50 samples/sec-- Loss:0.05 -- Error1:1.56
Val_Loss = 0.03943850073814392, Val_Err = 1.19
Epoch: [74 | 200]
Phase:train -- LR: 0.0100 -- MU:0.9000 -- Batch_idx:50/59-- 18468.53 samples/sec-- Loss:0.01 -- Error1:0.16
Train_Loss = 0.006805086985230446, Train_Err = 0.16833333333333333
Phase:val -- LR: 0.0100 -- MU:0.9000 -- Batch_idx:50/79-- 10986.10 samples/sec-- Loss:0.05 -- Error1:1.36
Val_Loss = 0.036308373641967776, Val_Err = 1.05
Epoch: [75 | 200]
Phase:train -- LR: 0.0100 -- MU:0.9000 -- Batch_idx:50/59-- 18444.33 samples/sec-- Loss:0.01 -- Error1:0.16
Train_Loss = 0.006810311927149693, Train_Err = 0.16500000813802082
Phase:val -- LR: 0.0100 -- MU:0.9000 -- Batch_idx:50/79-- 10501.93 samples/sec-- Loss:0.05 -- Error1:1.28
Val_Loss = 0.03828097534179688, Val_Err = 1.01
Epoch: [76 | 200]
Phase:train -- LR: 0.0100 -- MU:0.9000 -- Batch_idx:50/59-- 18998.54 samples/sec-- Loss:0.01 -- Error1:0.16
Train_Loss = 0.0062725022482375305, Train_Err = 0.16166666666666665
Phase:val -- LR: 0.0100 -- MU:0.9000 -- Batch_idx:50/79-- 12824.89 samples/sec-- Loss:0.05 -- Error1:1.38
Val_Loss = 0.0381206741809845, Val_Err = 1.08
Epoch: [77 | 200]
Phase:train -- LR: 0.0100 -- MU:0.9000 -- Batch_idx:50/59-- 18693.56 samples/sec-- Loss:0.01 -- Error1:0.14
Train_Loss = 0.005842018254349629, Train_Err = 0.12666666666666668
Phase:val -- LR: 0.0100 -- MU:0.9000 -- Batch_idx:50/79-- 11173.15 samples/sec-- Loss:0.05 -- Error1:1.38
Val_Loss = 0.03947028193473816, Val_Err = 1.07
Epoch: [78 | 200]
Phase:train -- LR: 0.0100 -- MU:0.9000 -- Batch_idx:50/59-- 18671.06 samples/sec-- Loss:0.01 -- Error1:0.15
Train_Loss = 0.006395182927201192, Train_Err = 0.15500000813802084
Phase:val -- LR: 0.0100 -- MU:0.9000 -- Batch_idx:50/79-- 11915.02 samples/sec-- Loss:0.05 -- Error1:1.39
Val_Loss = 0.03779027624130249, Val_Err = 1.05
Epoch: [79 | 200]
Phase:train -- LR: 0.0100 -- MU:0.9000 -- Batch_idx:50/59-- 21227.45 samples/sec-- Loss:0.01 -- Error1:0.14
Train_Loss = 0.005980038273831209, Train_Err = 0.13333335774739583
Phase:val -- LR: 0.0100 -- MU:0.9000 -- Batch_idx:50/79-- 13083.72 samples/sec-- Loss:0.05 -- Error1:1.36
Val_Loss = 0.037817935657501224, Val_Err = 1.05
Epoch: [80 | 200]
Phase:train -- LR: 0.0100 -- MU:0.9000 -- Batch_idx:50/59-- 21073.31 samples/sec-- Loss:0.01 -- Error1:0.11
Train_Loss = 0.005315125563244025, Train_Err = 0.10666668294270833
Phase:val -- LR: 0.0100 -- MU:0.9000 -- Batch_idx:50/79-- 11708.00 samples/sec-- Loss:0.05 -- Error1:1.30
Val_Loss = 0.03974682593345642, Val_Err = 1.02
Epoch: [81 | 200]
Phase:train -- LR: 0.0100 -- MU:0.9000 -- Batch_idx:50/59-- 21252.61 samples/sec-- Loss:0.01 -- Error1:0.12
Train_Loss = 0.005349488559861978, Train_Err = 0.12000000813802084
Phase:val -- LR: 0.0100 -- MU:0.9000 -- Batch_idx:50/79-- 11963.59 samples/sec-- Loss:0.05 -- Error1:1.25
Val_Loss = 0.03726635637283325, Val_Err = 0.99
Epoch: [82 | 200]
Phase:train -- LR: 0.0100 -- MU:0.9000 -- Batch_idx:50/59-- 20527.15 samples/sec-- Loss:0.00 -- Error1:0.11
Train_Loss = 0.005187353627756238, Train_Err = 0.12166666666666667
Phase:val -- LR: 0.0100 -- MU:0.9000 -- Batch_idx:50/79-- 11160.13 samples/sec-- Loss:0.05 -- Error1:1.41
Val_Loss = 0.03970448703765869, Val_Err = 1.05
Epoch: [83 | 200]
Phase:train -- LR: 0.0100 -- MU:0.9000 -- Batch_idx:50/59-- 21436.76 samples/sec-- Loss:0.01 -- Error1:0.10
Train_Loss = 0.004790041654184461, Train_Err = 0.085
Phase:val -- LR: 0.0100 -- MU:0.9000 -- Batch_idx:50/79-- 12263.04 samples/sec-- Loss:0.05 -- Error1:1.53
Val_Loss = 0.04013718485832214, Val_Err = 1.15
Epoch: [84 | 200]
Phase:train -- LR: 0.0100 -- MU:0.9000 -- Batch_idx:50/59-- 21153.64 samples/sec-- Loss:0.01 -- Error1:0.13
Train_Loss = 0.004946582483500242, Train_Err = 0.12333334147135416
Phase:val -- LR: 0.0100 -- MU:0.9000 -- Batch_idx:50/79-- 11050.07 samples/sec-- Loss:0.05 -- Error1:1.33
Val_Loss = 0.03812961525917053, Val_Err = 1.03
Epoch: [85 | 200]
Phase:train -- LR: 0.0100 -- MU:0.9000 -- Batch_idx:50/59-- 21488.64 samples/sec-- Loss:0.00 -- Error1:0.10
Train_Loss = 0.004469567488133907, Train_Err = 0.10166668294270834
Phase:val -- LR: 0.0100 -- MU:0.9000 -- Batch_idx:50/79-- 11629.25 samples/sec-- Loss:0.05 -- Error1:1.31
Val_Loss = 0.038889629077911374, Val_Err = 0.99
Epoch: [86 | 200]
Phase:train -- LR: 0.0100 -- MU:0.9000 -- Batch_idx:50/59-- 20792.41 samples/sec-- Loss:0.00 -- Error1:0.10
Train_Loss = 0.004756366935993234, Train_Err = 0.1
Phase:val -- LR: 0.0100 -- MU:0.9000 -- Batch_idx:50/79-- 11351.59 samples/sec-- Loss:0.05 -- Error1:1.38
Val_Loss = 0.0387740170955658, Val_Err = 1.06
Epoch: [87 | 200]
Phase:train -- LR: 0.0100 -- MU:0.9000 -- Batch_idx:50/59-- 21523.19 samples/sec-- Loss:0.00 -- Error1:0.06
Train_Loss = 0.0039995816150680185, Train_Err = 0.06333333333333334
Phase:val -- LR: 0.0100 -- MU:0.9000 -- Batch_idx:50/79-- 11597.26 samples/sec-- Loss:0.05 -- Error1:1.44
Val_Loss = 0.04003873233795166, Val_Err = 1.11
Epoch: [88 | 200]
Phase:train -- LR: 0.0100 -- MU:0.9000 -- Batch_idx:50/59-- 21206.38 samples/sec-- Loss:0.00 -- Error1:0.06
Train_Loss = 0.003865198653067152, Train_Err = 0.06666666666666667
Phase:val -- LR: 0.0100 -- MU:0.9000 -- Batch_idx:50/79-- 10706.83 samples/sec-- Loss:0.05 -- Error1:1.34
Val_Loss = 0.03908953399658203, Val_Err = 1.04
Epoch: [89 | 200]
Phase:train -- LR: 0.0100 -- MU:0.9000 -- Batch_idx:50/59-- 22891.47 samples/sec-- Loss:0.00 -- Error1:0.07
Train_Loss = 0.003877684540549914, Train_Err = 0.078333349609375
Phase:val -- LR: 0.0100 -- MU:0.9000 -- Batch_idx:50/79-- 12770.30 samples/sec-- Loss:0.05 -- Error1:1.36
Val_Loss = 0.039498885679245, Val_Err = 1.05
Epoch: [90 | 200]
Phase:train -- LR: 0.0100 -- MU:0.9000 -- Batch_idx:50/59-- 21750.12 samples/sec-- Loss:0.00 -- Error1:0.06
Train_Loss = 0.00379189293384552, Train_Err = 0.0716666748046875
Phase:val -- LR: 0.0100 -- MU:0.9000 -- Batch_idx:50/79-- 11937.00 samples/sec-- Loss:0.05 -- Error1:1.41
Val_Loss = 0.040924952554702757, Val_Err = 1.08
Epoch: [91 | 200]
Phase:train -- LR: 0.0100 -- MU:0.9000 -- Batch_idx:50/59-- 21125.92 samples/sec-- Loss:0.00 -- Error1:0.10
Train_Loss = 0.004923519493142764, Train_Err = 0.11500000813802083
Phase:val -- LR: 0.0100 -- MU:0.9000 -- Batch_idx:50/79-- 11587.87 samples/sec-- Loss:0.05 -- Error1:1.34
Val_Loss = 0.04246120910644531, Val_Err = 1.06
Epoch: [92 | 200]
Phase:train -- LR: 0.0100 -- MU:0.9000 -- Batch_idx:50/59-- 21770.59 samples/sec-- Loss:0.00 -- Error1:0.08
Train_Loss = 0.0039559709466372925, Train_Err = 0.08333333333333333
Phase:val -- LR: 0.0100 -- MU:0.9000 -- Batch_idx:50/79-- 11135.29 samples/sec-- Loss:0.05 -- Error1:1.39
Val_Loss = 0.041343011331558224, Val_Err = 1.07
Epoch: [93 | 200]
Phase:train -- LR: 0.0100 -- MU:0.9000 -- Batch_idx:50/59-- 21090.48 samples/sec-- Loss:0.00 -- Error1:0.03
Train_Loss = 0.003178065639734268, Train_Err = 0.043333349609375
Phase:val -- LR: 0.0100 -- MU:0.9000 -- Batch_idx:50/79-- 11695.17 samples/sec-- Loss:0.05 -- Error1:1.38
Val_Loss = 0.04066384797096252, Val_Err = 1.05
Epoch: [94 | 200]
Phase:train -- LR: 0.0100 -- MU:0.9000 -- Batch_idx:50/59-- 21096.37 samples/sec-- Loss:0.00 -- Error1:0.06
Train_Loss = 0.00337101513321201, Train_Err = 0.0666666748046875
Phase:val -- LR: 0.0100 -- MU:0.9000 -- Batch_idx:50/79-- 11272.39 samples/sec-- Loss:0.05 -- Error1:1.31
Val_Loss = 0.03938654327392578, Val_Err = 0.99
Epoch: [95 | 200]
Phase:train -- LR: 0.0100 -- MU:0.9000 -- Batch_idx:50/59-- 21422.03 samples/sec-- Loss:0.00 -- Error1:0.04
Train_Loss = 0.003230363722642263, Train_Err = 0.0466666748046875
Phase:val -- LR: 0.0100 -- MU:0.9000 -- Batch_idx:50/79-- 11402.05 samples/sec-- Loss:0.05 -- Error1:1.34
Val_Loss = 0.04077059326171875, Val_Err = 1.04
Epoch: [96 | 200]
Phase:train -- LR: 0.0100 -- MU:0.9000 -- Batch_idx:50/59-- 21944.59 samples/sec-- Loss:0.00 -- Error1:0.06
Train_Loss = 0.003488243579616149, Train_Err = 0.065
Phase:val -- LR: 0.0100 -- MU:0.9000 -- Batch_idx:50/79-- 11803.72 samples/sec-- Loss:0.06 -- Error1:1.45
Val_Loss = 0.04443018698692322, Val_Err = 1.14
Epoch: [97 | 200]
Phase:train -- LR: 0.0100 -- MU:0.9000 -- Batch_idx:50/59-- 21562.19 samples/sec-- Loss:0.00 -- Error1:0.04
Train_Loss = 0.003048234891767303, Train_Err = 0.045
Phase:val -- LR: 0.0100 -- MU:0.9000 -- Batch_idx:50/79-- 11642.95 samples/sec-- Loss:0.05 -- Error1:1.42
Val_Loss = 0.04158981313705444, Val_Err = 1.08
Epoch: [98 | 200]
Phase:train -- LR: 0.0100 -- MU:0.9000 -- Batch_idx:50/59-- 21041.30 samples/sec-- Loss:0.00 -- Error1:0.04
Train_Loss = 0.002699513401587804, Train_Err = 0.04500000813802083
Phase:val -- LR: 0.0100 -- MU:0.9000 -- Batch_idx:50/79-- 12439.13 samples/sec-- Loss:0.06 -- Error1:1.45
Val_Loss = 0.04252622117996216, Val_Err = 1.11
Epoch: [99 | 200]
Phase:train -- LR: 0.0100 -- MU:0.9000 -- Batch_idx:50/59-- 21848.74 samples/sec-- Loss:0.00 -- Error1:0.03
Train_Loss = 0.002697684184089303, Train_Err = 0.03666666666666667
Phase:val -- LR: 0.0100 -- MU:0.9000 -- Batch_idx:50/79-- 11910.40 samples/sec-- Loss:0.05 -- Error1:1.38
Val_Loss = 0.039860867500305174, Val_Err = 1.06
Epoch: [100 | 200]
Phase:train -- LR: 0.0100 -- MU:0.9000 -- Batch_idx:50/59-- 20350.13 samples/sec-- Loss:0.00 -- Error1:0.04
Train_Loss = 0.002570368647699555, Train_Err = 0.04
Phase:val -- LR: 0.0100 -- MU:0.9000 -- Batch_idx:50/79-- 9880.73 samples/sec-- Loss:0.05 -- Error1:1.36
Val_Loss = 0.043101241207122803, Val_Err = 1.07
Epoch: [101 | 200]
Phase:train -- LR: 0.0100 -- MU:0.9000 -- Batch_idx:50/59-- 20966.84 samples/sec-- Loss:0.00 -- Error1:0.03
Train_Loss = 0.002693568117916584, Train_Err = 0.04166668294270833
Phase:val -- LR: 0.0100 -- MU:0.9000 -- Batch_idx:50/79-- 11029.38 samples/sec-- Loss:0.05 -- Error1:1.34
Val_Loss = 0.04171720376014709, Val_Err = 1.04
Epoch: [102 | 200]
Phase:train -- LR: 0.0100 -- MU:0.9000 -- Batch_idx:50/59-- 20926.77 samples/sec-- Loss:0.00 -- Error1:0.05
Train_Loss = 0.0029612335830926893, Train_Err = 0.05333334147135416
Phase:val -- LR: 0.0100 -- MU:0.9000 -- Batch_idx:50/79-- 10711.87 samples/sec-- Loss:0.05 -- Error1:1.34
Val_Loss = 0.04212220277786255, Val_Err = 1.08
Epoch: [103 | 200]
Phase:train -- LR: 0.0100 -- MU:0.9000 -- Batch_idx:50/59-- 20815.96 samples/sec-- Loss:0.00 -- Error1:0.04
Train_Loss = 0.0025226334972307087, Train_Err = 0.03833333333333333
Phase:val -- LR: 0.0100 -- MU:0.9000 -- Batch_idx:50/79-- 10642.35 samples/sec-- Loss:0.05 -- Error1:1.41
Val_Loss = 0.04224417223930359, Val_Err = 1.07
Epoch: [104 | 200]
Phase:train -- LR: 0.0100 -- MU:0.9000 -- Batch_idx:50/59-- 21237.96 samples/sec-- Loss:0.00 -- Error1:0.04
Train_Loss = 0.002488791989286741, Train_Err = 0.03666666666666667
Phase:val -- LR: 0.0100 -- MU:0.9000 -- Batch_idx:50/79-- 11179.32 samples/sec-- Loss:0.06 -- Error1:1.31
Val_Loss = 0.04273974289894104, Val_Err = 1.03
Epoch: [105 | 200]
Phase:train -- LR: 0.0100 -- MU:0.9000 -- Batch_idx:50/59-- 21024.00 samples/sec-- Loss:0.00 -- Error1:0.03
Train_Loss = 0.002182955344207585, Train_Err = 0.028333333333333332
Phase:val -- LR: 0.0100 -- MU:0.9000 -- Batch_idx:50/79-- 14297.33 samples/sec-- Loss:0.06 -- Error1:1.45
Val_Loss = 0.04413508310317993, Val_Err = 1.13
Epoch: [106 | 200]
Phase:train -- LR: 0.0100 -- MU:0.9000 -- Batch_idx:50/59-- 20722.82 samples/sec-- Loss:0.00 -- Error1:0.07
Train_Loss = 0.0032093656780819097, Train_Err = 0.07166666666666667
Phase:val -- LR: 0.0100 -- MU:0.9000 -- Batch_idx:50/79-- 11643.78 samples/sec-- Loss:0.06 -- Error1:1.33
Val_Loss = 0.044857555866241454, Val_Err = 1.07
Epoch: [107 | 200]
Phase:train -- LR: 0.0100 -- MU:0.9000 -- Batch_idx:50/59-- 21036.79 samples/sec-- Loss:0.00 -- Error1:0.06
Train_Loss = 0.0028093967030445735, Train_Err = 0.058333349609375
Phase:val -- LR: 0.0100 -- MU:0.9000 -- Batch_idx:50/79-- 10996.68 samples/sec-- Loss:0.05 -- Error1:1.31
Val_Loss = 0.040800294208526613, Val_Err = 1.04
Epoch: [108 | 200]
Phase:train -- LR: 0.0100 -- MU:0.9000 -- Batch_idx:50/59-- 21653.14 samples/sec-- Loss:0.00 -- Error1:0.04
Train_Loss = 0.002323793537542224, Train_Err = 0.04
Phase:val -- LR: 0.0100 -- MU:0.9000 -- Batch_idx:50/79-- 12419.17 samples/sec-- Loss:0.06 -- Error1:1.44
Val_Loss = 0.04276436123847961, Val_Err = 1.09
Epoch: [109 | 200]
Phase:train -- LR: 0.0100 -- MU:0.9000 -- Batch_idx:50/59-- 21396.15 samples/sec-- Loss:0.00 -- Error1:0.03
Train_Loss = 0.002114480759948492, Train_Err = 0.028333341471354166
Phase:val -- LR: 0.0100 -- MU:0.9000 -- Batch_idx:50/79-- 12476.61 samples/sec-- Loss:0.05 -- Error1:1.31
Val_Loss = 0.04177333822250366, Val_Err = 1.01
Epoch: [110 | 200]
Phase:train -- LR: 0.0100 -- MU:0.9000 -- Batch_idx:50/59-- 21109.64 samples/sec-- Loss:0.00 -- Error1:0.03
Train_Loss = 0.001879456933028996, Train_Err = 0.028333333333333332
Phase:val -- LR: 0.0100 -- MU:0.9000 -- Batch_idx:50/79-- 11011.44 samples/sec-- Loss:0.06 -- Error1:1.34
Val_Loss = 0.04262563533782959, Val_Err = 1.05
Epoch: [111 | 200]
Phase:train -- LR: 0.0100 -- MU:0.9000 -- Batch_idx:50/59-- 21092.37 samples/sec-- Loss:0.00 -- Error1:0.03
Train_Loss = 0.001846403678568701, Train_Err = 0.03
Phase:val -- LR: 0.0100 -- MU:0.9000 -- Batch_idx:50/79-- 11122.44 samples/sec-- Loss:0.06 -- Error1:1.45
Val_Loss = 0.04559149651527405, Val_Err = 1.12
Epoch: [112 | 200]
Phase:train -- LR: 0.0100 -- MU:0.9000 -- Batch_idx:50/59-- 20421.52 samples/sec-- Loss:0.00 -- Error1:0.03
Train_Loss = 0.0017874306039263805, Train_Err = 0.02666666666666667
Phase:val -- LR: 0.0100 -- MU:0.9000 -- Batch_idx:50/79-- 10725.39 samples/sec-- Loss:0.06 -- Error1:1.38
Val_Loss = 0.042941170167922975, Val_Err = 1.06
Epoch: [113 | 200]
Phase:train -- LR: 0.0100 -- MU:0.9000 -- Batch_idx:50/59-- 21119.81 samples/sec-- Loss:0.00 -- Error1:0.03
Train_Loss = 0.0018192722355326017, Train_Err = 0.033333349609375
Phase:val -- LR: 0.0100 -- MU:0.9000 -- Batch_idx:50/79-- 11123.95 samples/sec-- Loss:0.06 -- Error1:1.41
Val_Loss = 0.046326334190368655, Val_Err = 1.08
Epoch: [114 | 200]
Phase:train -- LR: 0.0100 -- MU:0.9000 -- Batch_idx:50/59-- 21815.30 samples/sec-- Loss:0.00 -- Error1:0.07
Train_Loss = 0.003068947341541449, Train_Err = 0.07000000813802083
Phase:val -- LR: 0.0100 -- MU:0.9000 -- Batch_idx:50/79-- 11093.67 samples/sec-- Loss:0.06 -- Error1:1.39
Val_Loss = 0.04623707342147827, Val_Err = 1.09
Epoch: [115 | 200]
Phase:train -- LR: 0.0100 -- MU:0.9000 -- Batch_idx:50/59-- 22411.41 samples/sec-- Loss:0.00 -- Error1:0.03
Train_Loss = 0.0020651354822019737, Train_Err = 0.03
Phase:val -- LR: 0.0100 -- MU:0.9000 -- Batch_idx:50/79-- 11388.54 samples/sec-- Loss:0.06 -- Error1:1.42
Val_Loss = 0.044809877729415894, Val_Err = 1.09
Epoch: [116 | 200]
Phase:train -- LR: 0.0100 -- MU:0.9000 -- Batch_idx:50/59-- 21589.32 samples/sec-- Loss:0.00 -- Error1:0.04
Train_Loss = 0.001798744201598068, Train_Err = 0.03
Phase:val -- LR: 0.0100 -- MU:0.9000 -- Batch_idx:50/79-- 10547.99 samples/sec-- Loss:0.06 -- Error1:1.38
Val_Loss = 0.04464994010925293, Val_Err = 1.03
Epoch: [117 | 200]
Phase:train -- LR: 0.0100 -- MU:0.9000 -- Batch_idx:50/59-- 21320.44 samples/sec-- Loss:0.00 -- Error1:0.02
Train_Loss = 0.0015662524103497466, Train_Err = 0.023333333333333334
Phase:val -- LR: 0.0100 -- MU:0.9000 -- Batch_idx:50/79-- 11779.01 samples/sec-- Loss:0.06 -- Error1:1.30
Val_Loss = 0.04454348754882813, Val_Err = 1.01
Epoch: [118 | 200]
Phase:train -- LR: 0.0100 -- MU:0.9000 -- Batch_idx:50/59-- 21991.15 samples/sec-- Loss:0.00 -- Error1:0.04
Train_Loss = 0.0020892371652026973, Train_Err = 0.04666666666666667
Phase:val -- LR: 0.0100 -- MU:0.9000 -- Batch_idx:50/79-- 11339.47 samples/sec-- Loss:0.06 -- Error1:1.44
Val_Loss = 0.04802353482246399, Val_Err = 1.11
Epoch: [119 | 200]
Phase:train -- LR: 0.0100 -- MU:0.9000 -- Batch_idx:50/59-- 20822.55 samples/sec-- Loss:0.00 -- Error1:0.02
Train_Loss = 0.0015239944020907085, Train_Err = 0.023333357747395832
Phase:val -- LR: 0.0100 -- MU:0.9000 -- Batch_idx:50/79-- 10754.91 samples/sec-- Loss:0.06 -- Error1:1.44
Val_Loss = 0.045801714515686036, Val_Err = 1.1
Epoch: [120 | 200]
Phase:train -- LR: 0.0100 -- MU:0.9000 -- Batch_idx:50/59-- 21914.68 samples/sec-- Loss:0.00 -- Error1:0.03
Train_Loss = 0.0017078008536249398, Train_Err = 0.030000008138020832
Phase:val -- LR: 0.0100 -- MU:0.9000 -- Batch_idx:50/79-- 10845.75 samples/sec-- Loss:0.06 -- Error1:1.44
Val_Loss = 0.04742405819892883, Val_Err = 1.09
Epoch: [121 | 200]
Phase:train -- LR: 0.0100 -- MU:0.9000 -- Batch_idx:50/59-- 22415.92 samples/sec-- Loss:0.00 -- Error1:0.03
Train_Loss = 0.0015226596511589985, Train_Err = 0.021666666666666667
Phase:val -- LR: 0.0100 -- MU:0.9000 -- Batch_idx:50/79-- 11214.87 samples/sec-- Loss:0.06 -- Error1:1.42
Val_Loss = 0.04410971326828003, Val_Err = 1.08
Epoch: [122 | 200]
Phase:train -- LR: 0.0100 -- MU:0.9000 -- Batch_idx:50/59-- 21016.99 samples/sec-- Loss:0.00 -- Error1:0.02
Train_Loss = 0.0014674943924571078, Train_Err = 0.021666666666666667
Phase:val -- LR: 0.0100 -- MU:0.9000 -- Batch_idx:50/79-- 12066.94 samples/sec-- Loss:0.06 -- Error1:1.41
Val_Loss = 0.045982971000671384, Val_Err = 1.09
Epoch: [123 | 200]
Phase:train -- LR: 0.0100 -- MU:0.9000 -- Batch_idx:50/59-- 20254.08 samples/sec-- Loss:0.00 -- Error1:0.01
Train_Loss = 0.0013909081817604601, Train_Err = 0.02
Phase:val -- LR: 0.0100 -- MU:0.9000 -- Batch_idx:50/79-- 11690.83 samples/sec-- Loss:0.06 -- Error1:1.36
Val_Loss = 0.045584834337234495, Val_Err = 1.05
Epoch: [124 | 200]
Phase:train -- LR: 0.0100 -- MU:0.9000 -- Batch_idx:50/59-- 21768.26 samples/sec-- Loss:0.00 -- Error1:0.02
Train_Loss = 0.0015568172292783856, Train_Err = 0.018333333333333333
Phase:val -- LR: 0.0100 -- MU:0.9000 -- Batch_idx:50/79-- 11137.00 samples/sec-- Loss:0.06 -- Error1:1.45
Val_Loss = 0.04689295320510864, Val_Err = 1.1
Epoch: [125 | 200]
Phase:train -- LR: 0.0100 -- MU:0.9000 -- Batch_idx:50/59-- 21317.16 samples/sec-- Loss:0.00 -- Error1:0.02
Train_Loss = 0.0012454328812969227, Train_Err = 0.018333333333333333
Phase:val -- LR: 0.0100 -- MU:0.9000 -- Batch_idx:50/79-- 11160.42 samples/sec-- Loss:0.06 -- Error1:1.42
Val_Loss = 0.04555042343139649, Val_Err = 1.1
Epoch: [126 | 200]
Phase:train -- LR: 0.0100 -- MU:0.9000 -- Batch_idx:50/59-- 21310.57 samples/sec-- Loss:0.00 -- Error1:0.01
Train_Loss = 0.001291225055543085, Train_Err = 0.013333333333333334
Phase:val -- LR: 0.0100 -- MU:0.9000 -- Batch_idx:50/79-- 10608.65 samples/sec-- Loss:0.06 -- Error1:1.44
Val_Loss = 0.046527656936645505, Val_Err = 1.09
Epoch: [127 | 200]
Phase:train -- LR: 0.0100 -- MU:0.9000 -- Batch_idx:50/59-- 20790.61 samples/sec-- Loss:0.00 -- Error1:0.01
Train_Loss = 0.0011110175617039203, Train_Err = 0.011666666666666667
Phase:val -- LR: 0.0100 -- MU:0.9000 -- Batch_idx:50/79-- 14070.48 samples/sec-- Loss:0.06 -- Error1:1.36
Val_Loss = 0.04552167634963989, Val_Err = 1.04
Epoch: [128 | 200]
Phase:train -- LR: 0.0100 -- MU:0.9000 -- Batch_idx:50/59-- 19893.17 samples/sec-- Loss:0.00 -- Error1:0.02
Train_Loss = 0.0011254970393143593, Train_Err = 0.015
Phase:val -- LR: 0.0100 -- MU:0.9000 -- Batch_idx:50/79-- 11440.92 samples/sec-- Loss:0.06 -- Error1:1.38
Val_Loss = 0.045695023441314694, Val_Err = 1.07
Epoch: [129 | 200]
Phase:train -- LR: 0.0100 -- MU:0.9000 -- Batch_idx:50/59-- 21287.63 samples/sec-- Loss:0.00 -- Error1:0.01
Train_Loss = 0.0010538920367136597, Train_Err = 0.011666666666666667
Phase:val -- LR: 0.0100 -- MU:0.9000 -- Batch_idx:50/79-- 11316.46 samples/sec-- Loss:0.06 -- Error1:1.38
Val_Loss = 0.04639635648727417, Val_Err = 1.1
Epoch: [130 | 200]
Phase:train -- LR: 0.0100 -- MU:0.9000 -- Batch_idx:50/59-- 21801.10 samples/sec-- Loss:0.00 -- Error1:0.01
Train_Loss = 0.001075924348582824, Train_Err = 0.011666666666666667
Phase:val -- LR: 0.0100 -- MU:0.9000 -- Batch_idx:50/79-- 13654.70 samples/sec-- Loss:0.06 -- Error1:1.44
Val_Loss = 0.04655081653594971, Val_Err = 1.12
Epoch: [131 | 200]
Phase:train -- LR: 0.0100 -- MU:0.9000 -- Batch_idx:50/59-- 22469.73 samples/sec-- Loss:0.00 -- Error1:0.01
Train_Loss = 0.0009666737435385584, Train_Err = 0.008333333333333333
Phase:val -- LR: 0.0100 -- MU:0.9000 -- Batch_idx:50/79-- 12406.59 samples/sec-- Loss:0.06 -- Error1:1.38
Val_Loss = 0.046807037115097046, Val_Err = 1.07
Epoch: [132 | 200]
Phase:train -- LR: 0.0100 -- MU:0.9000 -- Batch_idx:50/59-- 21530.31 samples/sec-- Loss:0.00 -- Error1:0.00
Train_Loss = 0.0008786670566536486, Train_Err = 0.0033333333333333335
Phase:val -- LR: 0.0100 -- MU:0.9000 -- Batch_idx:50/79-- 11113.04 samples/sec-- Loss:0.06 -- Error1:1.39
Val_Loss = 0.04717195172309876, Val_Err = 1.07
Epoch: [133 | 200]
Phase:train -- LR: 0.0100 -- MU:0.9000 -- Batch_idx:50/59-- 20282.37 samples/sec-- Loss:0.00 -- Error1:0.01
Train_Loss = 0.0008683919510183235, Train_Err = 0.008333333333333333
Phase:val -- LR: 0.0100 -- MU:0.9000 -- Batch_idx:50/79-- 12038.53 samples/sec-- Loss:0.06 -- Error1:1.38
Val_Loss = 0.04799579930305481, Val_Err = 1.08
Epoch: [134 | 200]
Phase:train -- LR: 0.0100 -- MU:0.9000 -- Batch_idx:50/59-- 22157.25 samples/sec-- Loss:0.00 -- Error1:0.01
Train_Loss = 0.0008732458353508264, Train_Err = 0.006666666666666667
Phase:val -- LR: 0.0100 -- MU:0.9000 -- Batch_idx:50/79-- 11720.78 samples/sec-- Loss:0.06 -- Error1:1.38
Val_Loss = 0.04696662044525147, Val_Err = 1.06
Epoch: [135 | 200]
Phase:train -- LR: 0.0100 -- MU:0.9000 -- Batch_idx:50/59-- 21543.13 samples/sec-- Loss:0.00 -- Error1:0.01
Train_Loss = 0.0008687418620102107, Train_Err = 0.01
Phase:val -- LR: 0.0100 -- MU:0.9000 -- Batch_idx:50/79-- 11688.52 samples/sec-- Loss:0.06 -- Error1:1.47
Val_Loss = 0.04865353794097901, Val_Err = 1.13
Epoch: [136 | 200]
Phase:train -- LR: 0.0100 -- MU:0.9000 -- Batch_idx:50/59-- 20661.17 samples/sec-- Loss:0.00 -- Error1:0.00
Train_Loss = 0.0008702319825688998, Train_Err = 0.006666666666666667
Phase:val -- LR: 0.0100 -- MU:0.9000 -- Batch_idx:50/79-- 11681.49 samples/sec-- Loss:0.06 -- Error1:1.41
Val_Loss = 0.04836173944473267, Val_Err = 1.09
Epoch: [137 | 200]
Phase:train -- LR: 0.0100 -- MU:0.9000 -- Batch_idx:50/59-- 22200.12 samples/sec-- Loss:0.00 -- Error1:0.00
Train_Loss = 0.0008483384211392452, Train_Err = 0.0033333333333333335
Phase:val -- LR: 0.0100 -- MU:0.9000 -- Batch_idx:50/79-- 10842.32 samples/sec-- Loss:0.06 -- Error1:1.34
Val_Loss = 0.04752882642745972, Val_Err = 1.04
Epoch: [138 | 200]
Phase:train -- LR: 0.0100 -- MU:0.9000 -- Batch_idx:50/59-- 21453.90 samples/sec-- Loss:0.00 -- Error1:0.01
Train_Loss = 0.0008785799267080923, Train_Err = 0.006666666666666667
Phase:val -- LR: 0.0100 -- MU:0.9000 -- Batch_idx:50/79-- 10834.69 samples/sec-- Loss:0.06 -- Error1:1.36
Val_Loss = 0.04854557695388794, Val_Err = 1.08
Epoch: [139 | 200]
Phase:train -- LR: 0.0100 -- MU:0.9000 -- Batch_idx:50/59-- 21046.83 samples/sec-- Loss:0.00 -- Error1:0.01
Train_Loss = 0.0008202817916870117, Train_Err = 0.008333333333333333
Phase:val -- LR: 0.0100 -- MU:0.9000 -- Batch_idx:50/79-- 12692.48 samples/sec-- Loss:0.06 -- Error1:1.39
Val_Loss = 0.04780755000114441, Val_Err = 1.09
Epoch: [140 | 200]
Phase:train -- LR: 0.0100 -- MU:0.9000 -- Batch_idx:50/59-- 21182.72 samples/sec-- Loss:0.00 -- Error1:0.01
Train_Loss = 0.0007629328332220515, Train_Err = 0.008333333333333333
Phase:val -- LR: 0.0100 -- MU:0.9000 -- Batch_idx:50/79-- 11160.42 samples/sec-- Loss:0.06 -- Error1:1.41
Val_Loss = 0.048652355909347536, Val_Err = 1.09
Epoch: [141 | 200]
Phase:train -- LR: 0.0100 -- MU:0.9000 -- Batch_idx:50/59-- 21096.54 samples/sec-- Loss:0.00 -- Error1:0.01
Train_Loss = 0.000780270163094004, Train_Err = 0.006666666666666667
Phase:val -- LR: 0.0100 -- MU:0.9000 -- Batch_idx:50/79-- 10967.13 samples/sec-- Loss:0.06 -- Error1:1.38
Val_Loss = 0.04805062260627747, Val_Err = 1.05
Epoch: [142 | 200]
Phase:train -- LR: 0.0100 -- MU:0.9000 -- Batch_idx:50/59-- 21307.62 samples/sec-- Loss:0.00 -- Error1:0.00
Train_Loss = 0.0007088747027330101, Train_Err = 0.0033333333333333335
Phase:val -- LR: 0.0100 -- MU:0.9000 -- Batch_idx:50/79-- 10401.64 samples/sec-- Loss:0.06 -- Error1:1.39
Val_Loss = 0.04862021865844727, Val_Err = 1.08
Epoch: [143 | 200]
Phase:train -- LR: 0.0100 -- MU:0.9000 -- Batch_idx:50/59-- 21870.79 samples/sec-- Loss:0.00 -- Error1:0.00
Train_Loss = 0.0006670887469003597, Train_Err = 0.0016666666666666668
Phase:val -- LR: 0.0100 -- MU:0.9000 -- Batch_idx:50/79-- 10884.74 samples/sec-- Loss:0.06 -- Error1:1.48
Val_Loss = 0.04882900938987732, Val_Err = 1.11
Epoch: [144 | 200]
Phase:train -- LR: 0.0100 -- MU:0.9000 -- Batch_idx:50/59-- 21326.59 samples/sec-- Loss:0.00 -- Error1:0.01
Train_Loss = 0.000680683279192696, Train_Err = 0.005
Phase:val -- LR: 0.0100 -- MU:0.9000 -- Batch_idx:50/79-- 11603.14 samples/sec-- Loss:0.06 -- Error1:1.42
Val_Loss = 0.049351545763015744, Val_Err = 1.1
Epoch: [145 | 200]
Phase:train -- LR: 0.0100 -- MU:0.9000 -- Batch_idx:50/59-- 20743.04 samples/sec-- Loss:0.00 -- Error1:0.00
Train_Loss = 0.0006584806045672546, Train_Err = 0.0016666666666666668
Phase:val -- LR: 0.0100 -- MU:0.9000 -- Batch_idx:50/79-- 11296.41 samples/sec-- Loss:0.06 -- Error1:1.41
Val_Loss = 0.04873160743713379, Val_Err = 1.08
Epoch: [146 | 200]
Phase:train -- LR: 0.0100 -- MU:0.9000 -- Batch_idx:50/59-- 21786.75 samples/sec-- Loss:0.00 -- Error1:0.00
Train_Loss = 0.0006485779842051367, Train_Err = 0.0033333333333333335
Phase:val -- LR: 0.0100 -- MU:0.9000 -- Batch_idx:50/79-- 11821.84 samples/sec-- Loss:0.06 -- Error1:1.39
Val_Loss = 0.04952988615036011, Val_Err = 1.06
Epoch: [147 | 200]
Phase:train -- LR: 0.0100 -- MU:0.9000 -- Batch_idx:50/59-- 21684.29 samples/sec-- Loss:0.00 -- Error1:0.00
Train_Loss = 0.000624426611357679, Train_Err = 0.0
Phase:val -- LR: 0.0100 -- MU:0.9000 -- Batch_idx:50/79-- 10570.21 samples/sec-- Loss:0.06 -- Error1:1.34
Val_Loss = 0.04932436590194702, Val_Err = 1.04
Epoch: [148 | 200]
Phase:train -- LR: 0.0100 -- MU:0.9000 -- Batch_idx:50/59-- 21071.49 samples/sec-- Loss:0.00 -- Error1:0.00
Train_Loss = 0.0006316539445271094, Train_Err = 0.0
Phase:val -- LR: 0.0100 -- MU:0.9000 -- Batch_idx:50/79-- 11208.17 samples/sec-- Loss:0.06 -- Error1:1.45
Val_Loss = 0.04895211229324341, Val_Err = 1.12
Epoch: [149 | 200]
Phase:train -- LR: 0.0100 -- MU:0.9000 -- Batch_idx:50/59-- 22431.79 samples/sec-- Loss:0.00 -- Error1:0.00
Train_Loss = 0.0005745612065463017, Train_Err = 0.0033333333333333335
Phase:val -- LR: 0.0100 -- MU:0.9000 -- Batch_idx:50/79-- 11658.21 samples/sec-- Loss:0.06 -- Error1:1.41
Val_Loss = 0.0497436502456665, Val_Err = 1.09
Epoch: [150 | 200]
Phase:train -- LR: 0.0100 -- MU:0.9000 -- Batch_idx:50/59-- 21451.66 samples/sec-- Loss:0.00 -- Error1:0.01
Train_Loss = 0.0006080111264251172, Train_Err = 0.005
Phase:val -- LR: 0.0100 -- MU:0.9000 -- Batch_idx:50/79-- 11019.29 samples/sec-- Loss:0.06 -- Error1:1.42
Val_Loss = 0.04947777247428894, Val_Err = 1.09
Epoch: [151 | 200]
Phase:train -- LR: 0.0100 -- MU:0.9000 -- Batch_idx:50/59-- 22090.08 samples/sec-- Loss:0.00 -- Error1:0.00
Train_Loss = 0.0005678182917957504, Train_Err = 0.0
Phase:val -- LR: 0.0100 -- MU:0.9000 -- Batch_idx:50/79-- 11566.09 samples/sec-- Loss:0.06 -- Error1:1.41
Val_Loss = 0.04949798822402954, Val_Err = 1.07
Epoch: [152 | 200]
Phase:train -- LR: 0.0100 -- MU:0.9000 -- Batch_idx:50/59-- 21875.81 samples/sec-- Loss:0.00 -- Error1:0.00
Train_Loss = 0.0005359810826679071, Train_Err = 0.0
Phase:val -- LR: 0.0100 -- MU:0.9000 -- Batch_idx:50/79-- 11311.08 samples/sec-- Loss:0.06 -- Error1:1.38
Val_Loss = 0.04963740963935852, Val_Err = 1.06
Epoch: [153 | 200]
Phase:train -- LR: 0.0100 -- MU:0.9000 -- Batch_idx:50/59-- 20238.93 samples/sec-- Loss:0.00 -- Error1:0.00
Train_Loss = 0.0005295012156634281, Train_Err = 0.0
Phase:val -- LR: 0.0100 -- MU:0.9000 -- Batch_idx:50/79-- 11719.66 samples/sec-- Loss:0.07 -- Error1:1.41
Val_Loss = 0.05003410515785217, Val_Err = 1.08
Epoch: [154 | 200]
Phase:train -- LR: 0.0100 -- MU:0.9000 -- Batch_idx:50/59-- 20850.66 samples/sec-- Loss:0.00 -- Error1:0.00
Train_Loss = 0.0005170637448473523, Train_Err = 0.0
Phase:val -- LR: 0.0100 -- MU:0.9000 -- Batch_idx:50/79-- 10932.23 samples/sec-- Loss:0.06 -- Error1:1.39
Val_Loss = 0.04965708608627319, Val_Err = 1.09
Epoch: [155 | 200]
Phase:train -- LR: 0.0100 -- MU:0.9000 -- Batch_idx:50/59-- 20957.43 samples/sec-- Loss:0.00 -- Error1:0.00
Train_Loss = 0.0005114689271897078, Train_Err = 0.0
Phase:val -- LR: 0.0100 -- MU:0.9000 -- Batch_idx:50/79-- 14346.33 samples/sec-- Loss:0.07 -- Error1:1.48
Val_Loss = 0.05134352288246155, Val_Err = 1.13
Epoch: [156 | 200]
Phase:train -- LR: 0.0100 -- MU:0.9000 -- Batch_idx:50/59-- 21519.80 samples/sec-- Loss:0.00 -- Error1:0.00
Train_Loss = 0.0006155105112741391, Train_Err = 0.0033333333333333335
Phase:val -- LR: 0.0100 -- MU:0.9000 -- Batch_idx:50/79-- 10636.42 samples/sec-- Loss:0.07 -- Error1:1.42
Val_Loss = 0.05007317485809326, Val_Err = 1.1
Epoch: [157 | 200]
Phase:train -- LR: 0.0100 -- MU:0.9000 -- Batch_idx:50/59-- 20513.69 samples/sec-- Loss:0.00 -- Error1:0.00
Train_Loss = 0.0005191096067428589, Train_Err = 0.0
Phase:val -- LR: 0.0100 -- MU:0.9000 -- Batch_idx:50/79-- 11213.68 samples/sec-- Loss:0.07 -- Error1:1.42
Val_Loss = 0.05014454202651977, Val_Err = 1.09
Epoch: [158 | 200]
Phase:train -- LR: 0.0100 -- MU:0.9000 -- Batch_idx:50/59-- 21980.91 samples/sec-- Loss:0.00 -- Error1:0.00
Train_Loss = 0.0005212306180347999, Train_Err = 0.0
Phase:val -- LR: 0.0100 -- MU:0.9000 -- Batch_idx:50/79-- 10310.22 samples/sec-- Loss:0.07 -- Error1:1.47
Val_Loss = 0.05003162794113159, Val_Err = 1.14
Epoch: [159 | 200]
Phase:train -- LR: 0.0100 -- MU:0.9000 -- Batch_idx:50/59-- 22043.76 samples/sec-- Loss:0.00 -- Error1:0.00
Train_Loss = 0.00046398767630259196, Train_Err = 0.0
Phase:val -- LR: 0.0100 -- MU:0.9000 -- Batch_idx:50/79-- 11398.36 samples/sec-- Loss:0.07 -- Error1:1.41
Val_Loss = 0.050342469692230225, Val_Err = 1.09
Epoch: [160 | 200]
Phase:train -- LR: 0.0100 -- MU:0.9000 -- Batch_idx:50/59-- 21431.76 samples/sec-- Loss:0.00 -- Error1:0.00
Train_Loss = 0.0004628729501894365, Train_Err = 0.0
Phase:val -- LR: 0.0100 -- MU:0.9000 -- Batch_idx:50/79-- 11360.57 samples/sec-- Loss:0.07 -- Error1:1.44
Val_Loss = 0.05070813360214233, Val_Err = 1.1
Epoch: [161 | 200]
Phase:train -- LR: 0.0100 -- MU:0.9000 -- Batch_idx:50/59-- 20293.23 samples/sec-- Loss:0.00 -- Error1:0.00
Train_Loss = 0.0004393539588432759, Train_Err = 0.0
Phase:val -- LR: 0.0100 -- MU:0.9000 -- Batch_idx:50/79-- 8831.55 samples/sec-- Loss:0.07 -- Error1:1.41
Val_Loss = 0.050899686241149905, Val_Err = 1.09
Epoch: [162 | 200]
Phase:train -- LR: 0.0100 -- MU:0.9000 -- Batch_idx:50/59-- 21585.35 samples/sec-- Loss:0.00 -- Error1:0.00
Train_Loss = 0.0004447047080223759, Train_Err = 0.0
Phase:val -- LR: 0.0100 -- MU:0.9000 -- Batch_idx:50/79-- 11119.55 samples/sec-- Loss:0.07 -- Error1:1.42
Val_Loss = 0.05117840585708618, Val_Err = 1.09
Epoch: [163 | 200]
Phase:train -- LR: 0.0100 -- MU:0.9000 -- Batch_idx:50/59-- 20159.05 samples/sec-- Loss:0.00 -- Error1:0.00
Train_Loss = 0.0004734821558153878, Train_Err = 0.0
Phase:val -- LR: 0.0100 -- MU:0.9000 -- Batch_idx:50/79-- 10696.91 samples/sec-- Loss:0.07 -- Error1:1.41
Val_Loss = 0.050824131202697756, Val_Err = 1.08
Epoch: [164 | 200]
Phase:train -- LR: 0.0100 -- MU:0.9000 -- Batch_idx:50/59-- 21366.66 samples/sec-- Loss:0.00 -- Error1:0.00
Train_Loss = 0.0004726436854650577, Train_Err = 0.0
Phase:val -- LR: 0.0100 -- MU:0.9000 -- Batch_idx:50/79-- 11331.40 samples/sec-- Loss:0.07 -- Error1:1.48
Val_Loss = 0.05207234010696411, Val_Err = 1.13
Epoch: [165 | 200]
Phase:train -- LR: 0.0100 -- MU:0.9000 -- Batch_idx:50/59-- 21878.16 samples/sec-- Loss:0.00 -- Error1:0.00
Train_Loss = 0.00046695659946029383, Train_Err = 0.0033333333333333335
Phase:val -- LR: 0.0100 -- MU:0.9000 -- Batch_idx:50/79-- 10684.16 samples/sec-- Loss:0.07 -- Error1:1.39
Val_Loss = 0.05125707874298096, Val_Err = 1.07
Epoch: [166 | 200]
Phase:train -- LR: 0.0100 -- MU:0.9000 -- Batch_idx:50/59-- 21284.02 samples/sec-- Loss:0.00 -- Error1:0.00
Train_Loss = 0.00043413631125974157, Train_Err = 0.0016666666666666668
Phase:val -- LR: 0.0100 -- MU:0.9000 -- Batch_idx:50/79-- 11031.25 samples/sec-- Loss:0.07 -- Error1:1.42
Val_Loss = 0.05155111198425293, Val_Err = 1.08
Epoch: [167 | 200]
Phase:train -- LR: 0.0100 -- MU:0.9000 -- Batch_idx:50/59-- 20941.72 samples/sec-- Loss:0.00 -- Error1:0.00
Train_Loss = 0.0004060162622792025, Train_Err = 0.0
Phase:val -- LR: 0.0100 -- MU:0.9000 -- Batch_idx:50/79-- 9857.94 samples/sec-- Loss:0.07 -- Error1:1.41
Val_Loss = 0.05122684473991394, Val_Err = 1.07
Epoch: [168 | 200]
Phase:train -- LR: 0.0100 -- MU:0.9000 -- Batch_idx:50/59-- 22666.46 samples/sec-- Loss:0.00 -- Error1:0.00
Train_Loss = 0.0003926711798645556, Train_Err = 0.0
Phase:val -- LR: 0.0100 -- MU:0.9000 -- Batch_idx:50/79-- 10791.61 samples/sec-- Loss:0.07 -- Error1:1.39
Val_Loss = 0.0513799295425415, Val_Err = 1.07
Epoch: [169 | 200]
Phase:train -- LR: 0.0100 -- MU:0.9000 -- Batch_idx:50/59-- 21374.46 samples/sec-- Loss:0.00 -- Error1:0.00
Train_Loss = 0.00040838387006272874, Train_Err = 0.0
Phase:val -- LR: 0.0100 -- MU:0.9000 -- Batch_idx:50/79-- 11232.84 samples/sec-- Loss:0.07 -- Error1:1.39
Val_Loss = 0.05127511806488037, Val_Err = 1.07
Epoch: [170 | 200]
Phase:train -- LR: 0.0100 -- MU:0.9000 -- Batch_idx:50/59-- 21149.54 samples/sec-- Loss:0.00 -- Error1:0.00
Train_Loss = 0.000403113826084882, Train_Err = 0.0016666666666666668
Phase:val -- LR: 0.0100 -- MU:0.9000 -- Batch_idx:50/79-- 9790.76 samples/sec-- Loss:0.07 -- Error1:1.39
Val_Loss = 0.05194107403755188, Val_Err = 1.06
Epoch: [171 | 200]
Phase:train -- LR: 0.0100 -- MU:0.9000 -- Batch_idx:50/59-- 22665.18 samples/sec-- Loss:0.00 -- Error1:0.00
Train_Loss = 0.0003771324320385853, Train_Err = 0.0
Phase:val -- LR: 0.0100 -- MU:0.9000 -- Batch_idx:50/79-- 11878.54 samples/sec-- Loss:0.07 -- Error1:1.38
Val_Loss = 0.051775962257385254, Val_Err = 1.06
Epoch: [172 | 200]
Phase:train -- LR: 0.0100 -- MU:0.9000 -- Batch_idx:50/59-- 21038.86 samples/sec-- Loss:0.00 -- Error1:0.00
Train_Loss = 0.0004206144968047738, Train_Err = 0.0016666666666666668
Phase:val -- LR: 0.0100 -- MU:0.9000 -- Batch_idx:50/79-- 11322.14 samples/sec-- Loss:0.07 -- Error1:1.44
Val_Loss = 0.05245312948226929, Val_Err = 1.08
Epoch: [173 | 200]
Phase:train -- LR: 0.0100 -- MU:0.9000 -- Batch_idx:50/59-- 20971.26 samples/sec-- Loss:0.00 -- Error1:0.00
Train_Loss = 0.00037579365577548743, Train_Err = 0.0
Phase:val -- LR: 0.0100 -- MU:0.9000 -- Batch_idx:50/79-- 14047.03 samples/sec-- Loss:0.07 -- Error1:1.41
Val_Loss = 0.05256794424057007, Val_Err = 1.08
Epoch: [174 | 200]
Phase:train -- LR: 0.0100 -- MU:0.9000 -- Batch_idx:50/59-- 22821.88 samples/sec-- Loss:0.00 -- Error1:0.00
Train_Loss = 0.00039330040607601403, Train_Err = 0.0
Phase:val -- LR: 0.0100 -- MU:0.9000 -- Batch_idx:50/79-- 11158.71 samples/sec-- Loss:0.07 -- Error1:1.44
Val_Loss = 0.05298038601875305, Val_Err = 1.1
Epoch: [175 | 200]
Phase:train -- LR: 0.0100 -- MU:0.9000 -- Batch_idx:50/59-- 21039.58 samples/sec-- Loss:0.00 -- Error1:0.00
Train_Loss = 0.00036181843276135623, Train_Err = 0.0
Phase:val -- LR: 0.0100 -- MU:0.9000 -- Batch_idx:50/79-- 11229.75 samples/sec-- Loss:0.07 -- Error1:1.42
Val_Loss = 0.05185636596679687, Val_Err = 1.1
Epoch: [176 | 200]
Phase:train -- LR: 0.0100 -- MU:0.9000 -- Batch_idx:50/59-- 21201.13 samples/sec-- Loss:0.00 -- Error1:0.00
Train_Loss = 0.0003642313162330538, Train_Err = 0.0
Phase:val -- LR: 0.0100 -- MU:0.9000 -- Batch_idx:50/79-- 10248.46 samples/sec-- Loss:0.07 -- Error1:1.44
Val_Loss = 0.05200544810295105, Val_Err = 1.11
Epoch: [177 | 200]
Phase:train -- LR: 0.0100 -- MU:0.9000 -- Batch_idx:50/59-- 22386.95 samples/sec-- Loss:0.00 -- Error1:0.00
Train_Loss = 0.0003563378253175567, Train_Err = 0.0
Phase:val -- LR: 0.0100 -- MU:0.9000 -- Batch_idx:50/79-- 11365.43 samples/sec-- Loss:0.07 -- Error1:1.45
Val_Loss = 0.05224901809692383, Val_Err = 1.1
Epoch: [178 | 200]
Phase:train -- LR: 0.0100 -- MU:0.9000 -- Batch_idx:50/59-- 20253.58 samples/sec-- Loss:0.00 -- Error1:0.00
Train_Loss = 0.00034687115338941413, Train_Err = 0.0
Phase:val -- LR: 0.0100 -- MU:0.9000 -- Batch_idx:50/79-- 11014.17 samples/sec-- Loss:0.07 -- Error1:1.42
Val_Loss = 0.05235955514907837, Val_Err = 1.11
Epoch: [179 | 200]
Phase:train -- LR: 0.0100 -- MU:0.9000 -- Batch_idx:50/59-- 21346.56 samples/sec-- Loss:0.00 -- Error1:0.00
Train_Loss = 0.00034735782934197537, Train_Err = 0.0
Phase:val -- LR: 0.0100 -- MU:0.9000 -- Batch_idx:50/79-- 8440.00 samples/sec-- Loss:0.07 -- Error1:1.48
Val_Loss = 0.053123380708694455, Val_Err = 1.14
Epoch: [180 | 200]
Phase:train -- LR: 0.0100 -- MU:0.9000 -- Batch_idx:50/59-- 22797.99 samples/sec-- Loss:0.00 -- Error1:0.00
Train_Loss = 0.0003525123119354248, Train_Err = 0.0
Phase:val -- LR: 0.0100 -- MU:0.9000 -- Batch_idx:50/79-- 11305.74 samples/sec-- Loss:0.07 -- Error1:1.48
Val_Loss = 0.052887789535522464, Val_Err = 1.11
Epoch: [181 | 200]
Phase:train -- LR: 0.0100 -- MU:0.9000 -- Batch_idx:50/59-- 21491.63 samples/sec-- Loss:0.00 -- Error1:0.00
Train_Loss = 0.0003755433957868566, Train_Err = 0.0
Phase:val -- LR: 0.0100 -- MU:0.9000 -- Batch_idx:50/79-- 10858.56 samples/sec-- Loss:0.07 -- Error1:1.42
Val_Loss = 0.05259161787033081, Val_Err = 1.09
Epoch: [182 | 200]
Phase:train -- LR: 0.0100 -- MU:0.9000 -- Batch_idx:50/59-- 21268.47 samples/sec-- Loss:0.00 -- Error1:0.00
Train_Loss = 0.0003286454995628446, Train_Err = 0.0
Phase:val -- LR: 0.0100 -- MU:0.9000 -- Batch_idx:50/79-- 8995.04 samples/sec-- Loss:0.07 -- Error1:1.38
Val_Loss = 0.05192254476547241, Val_Err = 1.07
Epoch: [183 | 200]
Phase:train -- LR: 0.0100 -- MU:0.9000 -- Batch_idx:50/59-- 22753.68 samples/sec-- Loss:0.00 -- Error1:0.00
Train_Loss = 0.00031887362003326416, Train_Err = 0.0
Phase:val -- LR: 0.0100 -- MU:0.9000 -- Batch_idx:50/79-- 11146.00 samples/sec-- Loss:0.07 -- Error1:1.41
Val_Loss = 0.05289943199157715, Val_Err = 1.08
Epoch: [184 | 200]
Phase:train -- LR: 0.0100 -- MU:0.9000 -- Batch_idx:50/59-- 21173.50 samples/sec-- Loss:0.00 -- Error1:0.00
Train_Loss = 0.00031474436923551065, Train_Err = 0.0
Phase:val -- LR: 0.0100 -- MU:0.9000 -- Batch_idx:50/79-- 11033.23 samples/sec-- Loss:0.07 -- Error1:1.38
Val_Loss = 0.05337594299316406, Val_Err = 1.06
Epoch: [185 | 200]
Phase:train -- LR: 0.0100 -- MU:0.9000 -- Batch_idx:50/59-- 20616.87 samples/sec-- Loss:0.00 -- Error1:0.00
Train_Loss = 0.0003152661086370548, Train_Err = 0.0
Phase:val -- LR: 0.0100 -- MU:0.9000 -- Batch_idx:50/79-- 9367.51 samples/sec-- Loss:0.07 -- Error1:1.41
Val_Loss = 0.05261958351135254, Val_Err = 1.09
Epoch: [186 | 200]
Phase:train -- LR: 0.0100 -- MU:0.9000 -- Batch_idx:50/59-- 22926.88 samples/sec-- Loss:0.00 -- Error1:0.00
Train_Loss = 0.0003090049346986537, Train_Err = 0.0
Phase:val -- LR: 0.0100 -- MU:0.9000 -- Batch_idx:50/79-- 11669.65 samples/sec-- Loss:0.07 -- Error1:1.41
Val_Loss = 0.0531251410484314, Val_Err = 1.07
Epoch: [187 | 200]
Phase:train -- LR: 0.0100 -- MU:0.9000 -- Batch_idx:50/59-- 21060.74 samples/sec-- Loss:0.00 -- Error1:0.00
Train_Loss = 0.0003149024644944196, Train_Err = 0.0
Phase:val -- LR: 0.0100 -- MU:0.9000 -- Batch_idx:50/79-- 11492.81 samples/sec-- Loss:0.07 -- Error1:1.36
Val_Loss = 0.05303524408340454, Val_Err = 1.07
Epoch: [188 | 200]
Phase:train -- LR: 0.0100 -- MU:0.9000 -- Batch_idx:50/59-- 21056.12 samples/sec-- Loss:0.00 -- Error1:0.00
Train_Loss = 0.0002971551974459241, Train_Err = 0.0
Phase:val -- LR: 0.0100 -- MU:0.9000 -- Batch_idx:50/79-- 13051.62 samples/sec-- Loss:0.07 -- Error1:1.44
Val_Loss = 0.05346440029144287, Val_Err = 1.09
Epoch: [189 | 200]
Phase:train -- LR: 0.0100 -- MU:0.9000 -- Batch_idx:50/59-- 22890.98 samples/sec-- Loss:0.00 -- Error1:0.00
Train_Loss = 0.00028632532752429445, Train_Err = 0.0
Phase:val -- LR: 0.0100 -- MU:0.9000 -- Batch_idx:50/79-- 11527.03 samples/sec-- Loss:0.07 -- Error1:1.45
Val_Loss = 0.05378835353851318, Val_Err = 1.12
Epoch: [190 | 200]
Phase:train -- LR: 0.0100 -- MU:0.9000 -- Batch_idx:50/59-- 20292.73 samples/sec-- Loss:0.00 -- Error1:0.00
Train_Loss = 0.00029369121392567953, Train_Err = 0.0
Phase:val -- LR: 0.0100 -- MU:0.9000 -- Batch_idx:50/79-- 11072.21 samples/sec-- Loss:0.07 -- Error1:1.42
Val_Loss = 0.05323718657493591, Val_Err = 1.11
Epoch: [191 | 200]
Phase:train -- LR: 0.0100 -- MU:0.9000 -- Batch_idx:50/59-- 21432.82 samples/sec-- Loss:0.00 -- Error1:0.00
Train_Loss = 0.0002878383715947469, Train_Err = 0.0
Phase:val -- LR: 0.0100 -- MU:0.9000 -- Batch_idx:50/79-- 13061.71 samples/sec-- Loss:0.07 -- Error1:1.38
Val_Loss = 0.05378119592666626, Val_Err = 1.08
Epoch: [192 | 200]
Phase:train -- LR: 0.0100 -- MU:0.9000 -- Batch_idx:50/59-- 23125.08 samples/sec-- Loss:0.00 -- Error1:0.00
Train_Loss = 0.0002902820824490239, Train_Err = 0.0
Phase:val -- LR: 0.0100 -- MU:0.9000 -- Batch_idx:50/79-- 12443.26 samples/sec-- Loss:0.07 -- Error1:1.44
Val_Loss = 0.05348502969741821, Val_Err = 1.08
Epoch: [193 | 200]
Phase:train -- LR: 0.0100 -- MU:0.9000 -- Batch_idx:50/59-- 21087.11 samples/sec-- Loss:0.00 -- Error1:0.00
Train_Loss = 0.0002772258917645862, Train_Err = 0.0
Phase:val -- LR: 0.0100 -- MU:0.9000 -- Batch_idx:50/79-- 10970.72 samples/sec-- Loss:0.07 -- Error1:1.36
Val_Loss = 0.05362726049423218, Val_Err = 1.07
Epoch: [194 | 200]
Phase:train -- LR: 0.0100 -- MU:0.9000 -- Batch_idx:50/59-- 20889.25 samples/sec-- Loss:0.00 -- Error1:0.00
Train_Loss = 0.0002899201710630829, Train_Err = 0.0
Phase:val -- LR: 0.0100 -- MU:0.9000 -- Batch_idx:50/79-- 9954.38 samples/sec-- Loss:0.07 -- Error1:1.45
Val_Loss = 0.053395686626434326, Val_Err = 1.1
Epoch: [195 | 200]
Phase:train -- LR: 0.0100 -- MU:0.9000 -- Batch_idx:50/59-- 21813.08 samples/sec-- Loss:0.00 -- Error1:0.00
Train_Loss = 0.00027810791325755415, Train_Err = 0.0
Phase:val -- LR: 0.0100 -- MU:0.9000 -- Batch_idx:50/79-- 9120.40 samples/sec-- Loss:0.07 -- Error1:1.44
Val_Loss = 0.053947769737243655, Val_Err = 1.12
Epoch: [196 | 200]
Phase:train -- LR: 0.0100 -- MU:0.9000 -- Batch_idx:50/59-- 21503.78 samples/sec-- Loss:0.00 -- Error1:0.00
Train_Loss = 0.00027181502184830605, Train_Err = 0.0
Phase:val -- LR: 0.0100 -- MU:0.9000 -- Batch_idx:50/79-- 11502.21 samples/sec-- Loss:0.07 -- Error1:1.38
Val_Loss = 0.05365391845703125, Val_Err = 1.05
Epoch: [197 | 200]
Phase:train -- LR: 0.0100 -- MU:0.9000 -- Batch_idx:50/59-- 21665.55 samples/sec-- Loss:0.00 -- Error1:0.00
Train_Loss = 0.0002587106545688584, Train_Err = 0.0
Phase:val -- LR: 0.0100 -- MU:0.9000 -- Batch_idx:50/79-- 11000.16 samples/sec-- Loss:0.07 -- Error1:1.44
Val_Loss = 0.054372459602355955, Val_Err = 1.1
Epoch: [198 | 200]
Phase:train -- LR: 0.0100 -- MU:0.9000 -- Batch_idx:50/59-- 24525.38 samples/sec-- Loss:0.00 -- Error1:0.00
Train_Loss = 0.00026215131292119624, Train_Err = 0.0
Phase:val -- LR: 0.0100 -- MU:0.9000 -- Batch_idx:50/79-- 11931.83 samples/sec-- Loss:0.07 -- Error1:1.38
Val_Loss = 0.05389457473754883, Val_Err = 1.06
Epoch: [199 | 200]
Phase:train -- LR: 0.0100 -- MU:0.9000 -- Batch_idx:50/59-- 21785.01 samples/sec-- Loss:0.00 -- Error1:0.00
Train_Loss = 0.00026122335586696864, Train_Err = 0.0
Phase:val -- LR: 0.0100 -- MU:0.9000 -- Batch_idx:50/79-- 11895.72 samples/sec-- Loss:0.07 -- Error1:1.42
Val_Loss = 0.05454575967788696, Val_Err = 1.1
