Namespace(bs=1024, cp_dir='./checkpoints/mnist/amsgd_0.05_0.995_1024_0.0/run0', data_dir='./data/mnist', dir='.', dtype='mnist', ep=200, lr=0.05, m=0.995, ms=5, n='mnist/amsgd_0.05_0.995_1024_0.0', num_classes=10, opt='amsgd', print_freq=50, use_cuda=True, wd=0.0)
Epoch: [0 | 200]
Phase:train -- LR: 0.0177 -- MU:0.3527 -- Batch_idx:50/59-- 36770.69 samples/sec-- Loss:1.69 -- Error1:51.17
Train_Loss = 1.6371413835525512, Train_Err = 49.05166666056315
Phase:val -- LR: 0.0431 -- MU:0.8580 -- Batch_idx:50/79-- 15082.36 samples/sec-- Loss:1.84 -- Error1:68.30
Val_Loss = 1.8343858098983765, Val_Err = 68.23
Epoch: [1 | 200]
Phase:train -- LR: 0.0258 -- MU:0.5143 -- Batch_idx:50/59-- 27953.90 samples/sec-- Loss:0.81 -- Error1:23.80
Train_Loss = 0.738883671204249, Train_Err = 21.728333345540364
Phase:val -- LR: 0.0325 -- MU:0.6469 -- Batch_idx:50/79-- 11602.38 samples/sec-- Loss:0.32 -- Error1:9.62
Val_Loss = 0.2736033041954041, Val_Err = 8.06
Epoch: [2 | 200]
Phase:train -- LR: 0.0292 -- MU:0.5806 -- Batch_idx:50/59-- 21560.80 samples/sec-- Loss:0.41 -- Error1:11.64
Train_Loss = 0.3812914562225342, Train_Err = 10.991666670735677
Phase:val -- LR: 0.0306 -- MU:0.6094 -- Batch_idx:50/79-- 12757.01 samples/sec-- Loss:0.25 -- Error1:7.78
Val_Loss = 0.2096146412372589, Val_Err = 6.47
Epoch: [3 | 200]
Phase:train -- LR: 0.0195 -- MU:0.3885 -- Batch_idx:50/59-- 21428.54 samples/sec-- Loss:0.20 -- Error1:6.13
Train_Loss = 0.1989369428873062, Train_Err = 6.02500000406901
Phase:val -- LR: 0.0229 -- MU:0.4552 -- Batch_idx:50/79-- 12056.99 samples/sec-- Loss:0.20 -- Error1:6.50
Val_Loss = 0.1635622841835022, Val_Err = 5.16
Epoch: [4 | 200]
Phase:train -- LR: 0.0254 -- MU:0.5048 -- Batch_idx:50/59-- 21643.49 samples/sec-- Loss:0.17 -- Error1:5.00
Train_Loss = 0.1652140351931254, Train_Err = 4.93166669921875
Phase:val -- LR: 0.0256 -- MU:0.5099 -- Batch_idx:50/79-- 13986.51 samples/sec-- Loss:0.17 -- Error1:5.52
Val_Loss = 0.14020630531311035, Val_Err = 4.44
Epoch: [5 | 200]
Phase:train -- LR: 0.0294 -- MU:0.5859 -- Batch_idx:50/59-- 28099.56 samples/sec-- Loss:0.15 -- Error1:4.31
Train_Loss = 0.1443762215455373, Train_Err = 4.291666670735677
Phase:val -- LR: 0.0354 -- MU:0.7053 -- Batch_idx:50/79-- 14786.83 samples/sec-- Loss:0.15 -- Error1:4.95
Val_Loss = 0.12703796215057372, Val_Err = 3.93
Epoch: [6 | 200]
Phase:train -- LR: 0.0391 -- MU:0.7781 -- Batch_idx:50/59-- 30442.12 samples/sec-- Loss:0.43 -- Error1:10.65
Train_Loss = 0.4020009107748667, Train_Err = 10.026666711425781
Phase:val -- LR: 0.0311 -- MU:0.6181 -- Batch_idx:50/79-- 14255.39 samples/sec-- Loss:0.21 -- Error1:6.62
Val_Loss = 0.17838095865249634, Val_Err = 5.4
Epoch: [7 | 200]
Phase:train -- LR: 0.0222 -- MU:0.4421 -- Batch_idx:50/59-- 27816.61 samples/sec-- Loss:0.16 -- Error1:4.75
Train_Loss = 0.15469568157196045, Train_Err = 4.593333329264323
Phase:val -- LR: 0.0266 -- MU:0.5286 -- Batch_idx:50/79-- 13510.72 samples/sec-- Loss:0.15 -- Error1:4.98
Val_Loss = 0.1233094658613205, Val_Err = 3.95
Epoch: [8 | 200]
Phase:train -- LR: 0.0309 -- MU:0.6144 -- Batch_idx:50/59-- 21487.11 samples/sec-- Loss:0.13 -- Error1:3.80
Train_Loss = 0.12321781746943791, Train_Err = 3.7316666829427083
Phase:val -- LR: 0.0096 -- MU:0.1909 -- Batch_idx:50/79-- 12812.65 samples/sec-- Loss:0.13 -- Error1:4.34
Val_Loss = 0.10816449723243714, Val_Err = 3.39
Epoch: [9 | 200]
Phase:train -- LR: 0.0280 -- MU:0.5575 -- Batch_idx:50/59-- 20876.84 samples/sec-- Loss:0.11 -- Error1:3.24
Train_Loss = 0.10847101808786393, Train_Err = 3.2533333414713543
Phase:val -- LR: 0.0277 -- MU:0.5521 -- Batch_idx:50/79-- 12400.66 samples/sec-- Loss:0.11 -- Error1:3.58
Val_Loss = 0.09298109171390534, Val_Err = 2.86
Epoch: [10 | 200]
Phase:train -- LR: 0.0177 -- MU:0.3516 -- Batch_idx:50/59-- 21302.32 samples/sec-- Loss:0.10 -- Error1:2.91
Train_Loss = 0.09872006670633952, Train_Err = 2.9500000162760416
Phase:val -- LR: 0.0255 -- MU:0.5068 -- Batch_idx:50/79-- 13108.33 samples/sec-- Loss:0.10 -- Error1:3.19
Val_Loss = 0.08523879623413086, Val_Err = 2.53
Epoch: [11 | 200]
Phase:train -- LR: 0.0150 -- MU:0.2992 -- Batch_idx:50/59-- 26103.11 samples/sec-- Loss:0.09 -- Error1:2.84
Train_Loss = 0.09213182795445124, Train_Err = 2.8100000366210938
Phase:val -- LR: 0.0211 -- MU:0.4194 -- Batch_idx:50/79-- 13277.78 samples/sec-- Loss:0.10 -- Error1:3.06
Val_Loss = 0.07818188972473145, Val_Err = 2.41
Epoch: [12 | 200]
Phase:train -- LR: 0.0230 -- MU:0.4584 -- Batch_idx:50/59-- 28722.07 samples/sec-- Loss:0.09 -- Error1:2.70
Train_Loss = 0.08580534855922063, Train_Err = 2.6583333374023437
Phase:val -- LR: 0.0226 -- MU:0.4490 -- Batch_idx:50/79-- 14054.23 samples/sec-- Loss:0.09 -- Error1:2.95
Val_Loss = 0.07341438391208649, Val_Err = 2.29
Epoch: [13 | 200]
Phase:train -- LR: 0.0118 -- MU:0.2341 -- Batch_idx:50/59-- 31391.45 samples/sec-- Loss:0.08 -- Error1:2.52
Train_Loss = 0.08088916759093602, Train_Err = 2.4900000162760416
Phase:val -- LR: 0.0173 -- MU:0.3441 -- Batch_idx:50/79-- 13877.25 samples/sec-- Loss:0.08 -- Error1:2.73
Val_Loss = 0.06915108227729798, Val_Err = 2.12
Epoch: [14 | 200]
Phase:train -- LR: 0.0222 -- MU:0.4423 -- Batch_idx:50/59-- 22712.78 samples/sec-- Loss:0.08 -- Error1:2.40
Train_Loss = 0.07640047295490901, Train_Err = 2.3466667032877604
Phase:val -- LR: 0.0269 -- MU:0.5361 -- Batch_idx:50/79-- 12811.67 samples/sec-- Loss:0.08 -- Error1:2.53
Val_Loss = 0.0657912763595581, Val_Err = 2.01
Epoch: [15 | 200]
Phase:train -- LR: 0.0291 -- MU:0.5784 -- Batch_idx:50/59-- 21011.76 samples/sec-- Loss:0.07 -- Error1:2.17
Train_Loss = 0.07269885301589966, Train_Err = 2.2100000122070314
Phase:val -- LR: 0.0169 -- MU:0.3354 -- Batch_idx:50/79-- 12771.18 samples/sec-- Loss:0.08 -- Error1:2.44
Val_Loss = 0.06225141541957855, Val_Err = 1.92
Epoch: [16 | 200]
Phase:train -- LR: 0.0185 -- MU:0.3686 -- Batch_idx:50/59-- 20672.88 samples/sec-- Loss:0.07 -- Error1:2.11
Train_Loss = 0.0687723079999288, Train_Err = 2.111666642252604
Phase:val -- LR: 0.0268 -- MU:0.5337 -- Batch_idx:50/79-- 12386.91 samples/sec-- Loss:0.07 -- Error1:2.30
Val_Loss = 0.059869068837165834, Val_Err = 1.81
Epoch: [17 | 200]
Phase:train -- LR: 0.0195 -- MU:0.3884 -- Batch_idx:50/59-- 24877.43 samples/sec-- Loss:0.07 -- Error1:2.04
Train_Loss = 0.06589666978915533, Train_Err = 2.02999999593099
Phase:val -- LR: 0.0277 -- MU:0.5520 -- Batch_idx:50/79-- 13889.01 samples/sec-- Loss:0.07 -- Error1:2.36
Val_Loss = 0.0594993702173233, Val_Err = 1.84
Epoch: [18 | 200]
Phase:train -- LR: 0.0171 -- MU:0.3404 -- Batch_idx:50/59-- 30848.09 samples/sec-- Loss:0.06 -- Error1:1.95
Train_Loss = 0.06352909733454386, Train_Err = 1.958333308919271
Phase:val -- LR: 0.0338 -- MU:0.6726 -- Batch_idx:50/79-- 15005.06 samples/sec-- Loss:0.07 -- Error1:2.34
Val_Loss = 0.0578650294303894, Val_Err = 1.81
Epoch: [19 | 200]
Phase:train -- LR: 0.0335 -- MU:0.6672 -- Batch_idx:50/59-- 30712.34 samples/sec-- Loss:0.06 -- Error1:1.88
Train_Loss = 0.061277382866541545, Train_Err = 1.8833333455403647
Phase:val -- LR: 0.0282 -- MU:0.5608 -- Batch_idx:50/79-- 13633.49 samples/sec-- Loss:0.07 -- Error1:2.23
Val_Loss = 0.054992807364463804, Val_Err = 1.73
Epoch: [20 | 200]
Phase:train -- LR: 0.0240 -- MU:0.4779 -- Batch_idx:50/59-- 25305.65 samples/sec-- Loss:0.06 -- Error1:1.82
Train_Loss = 0.05890285362005234, Train_Err = 1.7950000447591146
Phase:val -- LR: 0.0314 -- MU:0.6252 -- Batch_idx:50/79-- 12292.14 samples/sec-- Loss:0.07 -- Error1:2.19
Val_Loss = 0.05421264975070953, Val_Err = 1.71
Epoch: [21 | 200]
Phase:train -- LR: 0.0290 -- MU:0.5773 -- Batch_idx:50/59-- 21407.98 samples/sec-- Loss:0.06 -- Error1:1.71
Train_Loss = 0.05675949222445488, Train_Err = 1.704999971516927
Phase:val -- LR: 0.0212 -- MU:0.4217 -- Batch_idx:50/79-- 12610.72 samples/sec-- Loss:0.06 -- Error1:1.98
Val_Loss = 0.05097640705108643, Val_Err = 1.52
Epoch: [22 | 200]
Phase:train -- LR: 0.0265 -- MU:0.5276 -- Batch_idx:50/59-- 21019.88 samples/sec-- Loss:0.05 -- Error1:1.72
Train_Loss = 0.05482799662152926, Train_Err = 1.70666669921875
Phase:val -- LR: 0.0197 -- MU:0.3917 -- Batch_idx:50/79-- 12359.45 samples/sec-- Loss:0.06 -- Error1:2.05
Val_Loss = 0.05032532124519348, Val_Err = 1.56
Epoch: [23 | 200]
Phase:train -- LR: 0.0304 -- MU:0.6043 -- Batch_idx:50/59-- 23612.07 samples/sec-- Loss:0.05 -- Error1:1.63
Train_Loss = 0.05299543495575587, Train_Err = 1.6433333536783854
Phase:val -- LR: 0.0199 -- MU:0.3955 -- Batch_idx:50/79-- 13621.68 samples/sec-- Loss:0.06 -- Error1:1.98
Val_Loss = 0.048895846271514894, Val_Err = 1.52
Epoch: [24 | 200]
Phase:train -- LR: 0.0194 -- MU:0.3859 -- Batch_idx:50/59-- 30717.41 samples/sec-- Loss:0.05 -- Error1:1.60
Train_Loss = 0.05175878261526426, Train_Err = 1.583333321126302
Phase:val -- LR: 0.0256 -- MU:0.5091 -- Batch_idx:50/79-- 13960.35 samples/sec-- Loss:0.06 -- Error1:1.98
Val_Loss = 0.05005800323486328, Val_Err = 1.55
Epoch: [25 | 200]
Phase:train -- LR: 0.0260 -- MU:0.5172 -- Batch_idx:50/59-- 31027.25 samples/sec-- Loss:0.05 -- Error1:1.52
Train_Loss = 0.05018340556224187, Train_Err = 1.5333333618164062
Phase:val -- LR: 0.0225 -- MU:0.4482 -- Batch_idx:50/79-- 13320.82 samples/sec-- Loss:0.06 -- Error1:1.88
Val_Loss = 0.047442554593086245, Val_Err = 1.43
Epoch: [26 | 200]
Phase:train -- LR: 0.0313 -- MU:0.6227 -- Batch_idx:50/59-- 23292.66 samples/sec-- Loss:0.05 -- Error1:1.50
Train_Loss = 0.04864256148537, Train_Err = 1.4933333618164062
Phase:val -- LR: 0.0355 -- MU:0.7065 -- Batch_idx:50/79-- 12856.47 samples/sec-- Loss:0.06 -- Error1:1.81
Val_Loss = 0.04692921545505524, Val_Err = 1.4
Epoch: [27 | 200]
Phase:train -- LR: 0.0135 -- MU:0.2687 -- Batch_idx:50/59-- 20947.11 samples/sec-- Loss:0.05 -- Error1:1.45
Train_Loss = 0.04760352085431417, Train_Err = 1.4550000122070312
Phase:val -- LR: 0.0204 -- MU:0.4069 -- Batch_idx:50/79-- 12308.18 samples/sec-- Loss:0.06 -- Error1:1.91
Val_Loss = 0.045730060505867004, Val_Err = 1.46
Epoch: [28 | 200]
Phase:train -- LR: 0.0162 -- MU:0.3228 -- Batch_idx:50/59-- 21411.36 samples/sec-- Loss:0.05 -- Error1:1.43
Train_Loss = 0.04583360934058825, Train_Err = 1.408333329264323
Phase:val -- LR: 0.0203 -- MU:0.4049 -- Batch_idx:50/79-- 12684.36 samples/sec-- Loss:0.06 -- Error1:1.81
Val_Loss = 0.04601397452354431, Val_Err = 1.43
Epoch: [29 | 200]
Phase:train -- LR: 0.0210 -- MU:0.4189 -- Batch_idx:50/59-- 24069.81 samples/sec-- Loss:0.05 -- Error1:1.42
Train_Loss = 0.04495452802975972, Train_Err = 1.384999979654948
Phase:val -- LR: 0.0248 -- MU:0.4939 -- Batch_idx:50/79-- 14152.11 samples/sec-- Loss:0.06 -- Error1:1.77
Val_Loss = 0.04443060307502746, Val_Err = 1.36
Epoch: [30 | 200]
Phase:train -- LR: 0.0140 -- MU:0.2782 -- Batch_idx:50/59-- 28845.64 samples/sec-- Loss:0.04 -- Error1:1.31
Train_Loss = 0.04353462975223859, Train_Err = 1.3299999959309896
Phase:val -- LR: 0.0221 -- MU:0.4399 -- Batch_idx:50/79-- 15250.83 samples/sec-- Loss:0.06 -- Error1:1.80
Val_Loss = 0.044672268342971805, Val_Err = 1.35
Epoch: [31 | 200]
Phase:train -- LR: 0.0124 -- MU:0.2462 -- Batch_idx:50/59-- 31857.27 samples/sec-- Loss:0.04 -- Error1:1.32
Train_Loss = 0.04270532559255759, Train_Err = 1.321666691080729
Phase:val -- LR: 0.0191 -- MU:0.3805 -- Batch_idx:50/79-- 14665.25 samples/sec-- Loss:0.05 -- Error1:1.77
Val_Loss = 0.043734121680259704, Val_Err = 1.34
Epoch: [32 | 200]
Phase:train -- LR: 0.0173 -- MU:0.3440 -- Batch_idx:50/59-- 23328.76 samples/sec-- Loss:0.04 -- Error1:1.30
Train_Loss = 0.04167809724410375, Train_Err = 1.2749999959309897
Phase:val -- LR: 0.0187 -- MU:0.3715 -- Batch_idx:50/79-- 12355.66 samples/sec-- Loss:0.05 -- Error1:1.81
Val_Loss = 0.042857652997970584, Val_Err = 1.36
Epoch: [33 | 200]
Phase:train -- LR: 0.0289 -- MU:0.5746 -- Batch_idx:50/59-- 21718.19 samples/sec-- Loss:0.04 -- Error1:1.22
Train_Loss = 0.040575755316019056, Train_Err = 1.234999971516927
Phase:val -- LR: 0.0216 -- MU:0.4296 -- Batch_idx:50/79-- 11656.57 samples/sec-- Loss:0.06 -- Error1:1.77
Val_Loss = 0.044255426144599916, Val_Err = 1.34
Epoch: [34 | 200]
Phase:train -- LR: 0.0256 -- MU:0.5091 -- Batch_idx:50/59-- 21253.63 samples/sec-- Loss:0.04 -- Error1:1.23
Train_Loss = 0.040592036745945616, Train_Err = 1.2050000406901042
Phase:val -- LR: 0.0256 -- MU:0.5087 -- Batch_idx:50/79-- 11562.84 samples/sec-- Loss:0.05 -- Error1:1.73
Val_Loss = 0.04173593997955322, Val_Err = 1.3
Epoch: [35 | 200]
Phase:train -- LR: 0.0212 -- MU:0.4229 -- Batch_idx:50/59-- 27087.75 samples/sec-- Loss:0.04 -- Error1:1.19
Train_Loss = 0.03934772868752479, Train_Err = 1.1833333658854166
Phase:val -- LR: 0.0129 -- MU:0.2576 -- Batch_idx:50/79-- 13965.66 samples/sec-- Loss:0.05 -- Error1:1.73
Val_Loss = 0.04169511957168579, Val_Err = 1.31
Epoch: [36 | 200]
Phase:train -- LR: 0.0095 -- MU:0.1887 -- Batch_idx:50/59-- 30170.89 samples/sec-- Loss:0.04 -- Error1:1.16
Train_Loss = 0.038626782687505086, Train_Err = 1.1566666544596353
Phase:val -- LR: 0.0274 -- MU:0.5448 -- Batch_idx:50/79-- 14357.47 samples/sec-- Loss:0.05 -- Error1:1.78
Val_Loss = 0.043110286569595334, Val_Err = 1.36
Epoch: [37 | 200]
Phase:train -- LR: 0.0284 -- MU:0.5647 -- Batch_idx:50/59-- 30506.91 samples/sec-- Loss:0.04 -- Error1:1.14
Train_Loss = 0.0378402267118295, Train_Err = 1.1333333129882812
Phase:val -- LR: 0.0253 -- MU:0.5044 -- Batch_idx:50/79-- 13221.57 samples/sec-- Loss:0.05 -- Error1:1.62
Val_Loss = 0.040699924778938294, Val_Err = 1.25
Epoch: [38 | 200]
Phase:train -- LR: 0.0205 -- MU:0.4079 -- Batch_idx:50/59-- 21570.04 samples/sec-- Loss:0.04 -- Error1:1.09
Train_Loss = 0.036290932434797286, Train_Err = 1.0916666381835938
Phase:val -- LR: 0.0299 -- MU:0.5959 -- Batch_idx:50/79-- 12638.58 samples/sec-- Loss:0.05 -- Error1:1.67
Val_Loss = 0.04103752481937408, Val_Err = 1.3
Epoch: [39 | 200]
Phase:train -- LR: 0.0217 -- MU:0.4328 -- Batch_idx:50/59-- 20842.38 samples/sec-- Loss:0.04 -- Error1:1.07
Train_Loss = 0.03569214161833127, Train_Err = 1.0783333048502604
Phase:val -- LR: 0.0255 -- MU:0.5076 -- Batch_idx:50/79-- 11563.73 samples/sec-- Loss:0.05 -- Error1:1.73
Val_Loss = 0.03920988094806671, Val_Err = 1.29
Epoch: [40 | 200]
Phase:train -- LR: 0.0173 -- MU:0.3446 -- Batch_idx:50/59-- 21368.03 samples/sec-- Loss:0.04 -- Error1:1.08
Train_Loss = 0.03581378625929356, Train_Err = 1.0666667073567708
Phase:val -- LR: 0.0270 -- MU:0.5367 -- Batch_idx:50/79-- 12765.97 samples/sec-- Loss:0.05 -- Error1:1.67
Val_Loss = 0.039704920744895934, Val_Err = 1.28
Epoch: [41 | 200]
Phase:train -- LR: 0.0227 -- MU:0.4523 -- Batch_idx:50/59-- 26363.41 samples/sec-- Loss:0.04 -- Error1:1.05
Train_Loss = 0.03428265801270803, Train_Err = 1.0266666381835938
Phase:val -- LR: 0.0239 -- MU:0.4747 -- Batch_idx:50/79-- 13290.92 samples/sec-- Loss:0.05 -- Error1:1.58
Val_Loss = 0.041206635093688965, Val_Err = 1.21
Epoch: [42 | 200]
Phase:train -- LR: 0.0234 -- MU:0.4648 -- Batch_idx:50/59-- 29357.43 samples/sec-- Loss:0.03 -- Error1:1.02
Train_Loss = 0.03369009981751442, Train_Err = 1.025000020345052
Phase:val -- LR: 0.0283 -- MU:0.5623 -- Batch_idx:50/79-- 14813.04 samples/sec-- Loss:0.05 -- Error1:1.70
Val_Loss = 0.04037427270412445, Val_Err = 1.29
Epoch: [43 | 200]
Phase:train -- LR: 0.0118 -- MU:0.2340 -- Batch_idx:50/59-- 31597.72 samples/sec-- Loss:0.03 -- Error1:0.98
Train_Loss = 0.033362272134423256, Train_Err = 0.9999999715169271
Phase:val -- LR: 0.0321 -- MU:0.6386 -- Batch_idx:50/79-- 13309.47 samples/sec-- Loss:0.05 -- Error1:1.69
Val_Loss = 0.04292343757152557, Val_Err = 1.27
Epoch: [44 | 200]
Phase:train -- LR: 0.0189 -- MU:0.3765 -- Batch_idx:50/59-- 20898.58 samples/sec-- Loss:0.03 -- Error1:0.98
Train_Loss = 0.03295620939731598, Train_Err = 0.9849999715169271
Phase:val -- LR: 0.0256 -- MU:0.5100 -- Batch_idx:50/79-- 12322.42 samples/sec-- Loss:0.05 -- Error1:1.45
Val_Loss = 0.037716324186325076, Val_Err = 1.13
Epoch: [45 | 200]
Phase:train -- LR: 0.0302 -- MU:0.6012 -- Batch_idx:50/59-- 21098.08 samples/sec-- Loss:0.03 -- Error1:0.88
Train_Loss = 0.03157400723894437, Train_Err = 0.9316666625976563
Phase:val -- LR: 0.0337 -- MU:0.6711 -- Batch_idx:50/79-- 12620.15 samples/sec-- Loss:0.05 -- Error1:1.58
Val_Loss = 0.03743148126602173, Val_Err = 1.2
Epoch: [46 | 200]
Phase:train -- LR: 0.0281 -- MU:0.5591 -- Batch_idx:50/59-- 21115.18 samples/sec-- Loss:0.03 -- Error1:0.91
Train_Loss = 0.03137720809876919, Train_Err = 0.9050000244140625
Phase:val -- LR: 0.0297 -- MU:0.5912 -- Batch_idx:50/79-- 12532.50 samples/sec-- Loss:0.05 -- Error1:1.50
Val_Loss = 0.037657602739334106, Val_Err = 1.12
Epoch: [47 | 200]
Phase:train -- LR: 0.0230 -- MU:0.4569 -- Batch_idx:50/59-- 29144.29 samples/sec-- Loss:0.03 -- Error1:0.88
Train_Loss = 0.030700701900323233, Train_Err = 0.8883333129882812
Phase:val -- LR: 0.0277 -- MU:0.5517 -- Batch_idx:50/79-- 13152.69 samples/sec-- Loss:0.05 -- Error1:1.55
Val_Loss = 0.036967986845970156, Val_Err = 1.19
Epoch: [48 | 200]
Phase:train -- LR: 0.0202 -- MU:0.4016 -- Batch_idx:50/59-- 29291.91 samples/sec-- Loss:0.03 -- Error1:0.90
Train_Loss = 0.02999104343255361, Train_Err = 0.8766667073567709
Phase:val -- LR: 0.0201 -- MU:0.4005 -- Batch_idx:50/79-- 13415.10 samples/sec-- Loss:0.05 -- Error1:1.52
Val_Loss = 0.03753042902946472, Val_Err = 1.12
Epoch: [49 | 200]
Phase:train -- LR: 0.0263 -- MU:0.5237 -- Batch_idx:50/59-- 30608.93 samples/sec-- Loss:0.03 -- Error1:0.84
Train_Loss = 0.029752351748943327, Train_Err = 0.8533333048502604
Phase:val -- LR: 0.0156 -- MU:0.3103 -- Batch_idx:50/79-- 13953.00 samples/sec-- Loss:0.05 -- Error1:1.53
Val_Loss = 0.03810397751331329, Val_Err = 1.15
Epoch: [50 | 200]
Phase:train -- LR: 0.0250 -- MU:0.4977 -- Batch_idx:50/59-- 20853.70 samples/sec-- Loss:0.03 -- Error1:0.87
Train_Loss = 0.02910256084998449, Train_Err = 0.8499999877929687
Phase:val -- LR: 0.0147 -- MU:0.2926 -- Batch_idx:50/79-- 12650.26 samples/sec-- Loss:0.05 -- Error1:1.45
Val_Loss = 0.03675022804737091, Val_Err = 1.1
Epoch: [51 | 200]
Phase:train -- LR: 0.0175 -- MU:0.3489 -- Batch_idx:50/59-- 21154.93 samples/sec-- Loss:0.03 -- Error1:0.84
Train_Loss = 0.028468739559253057, Train_Err = 0.8316666463216146
Phase:val -- LR: 0.0225 -- MU:0.4478 -- Batch_idx:50/79-- 12553.94 samples/sec-- Loss:0.05 -- Error1:1.50
Val_Loss = 0.036797340178489686, Val_Err = 1.12
Epoch: [52 | 200]
Phase:train -- LR: 0.0238 -- MU:0.4729 -- Batch_idx:50/59-- 21420.20 samples/sec-- Loss:0.03 -- Error1:0.80
Train_Loss = 0.027894262313842774, Train_Err = 0.8016666910807292
Phase:val -- LR: 0.0181 -- MU:0.3595 -- Batch_idx:50/79-- 12235.44 samples/sec-- Loss:0.05 -- Error1:1.53
Val_Loss = 0.03670413489341736, Val_Err = 1.15
Epoch: [53 | 200]
Phase:train -- LR: 0.0181 -- MU:0.3599 -- Batch_idx:50/59-- 30467.91 samples/sec-- Loss:0.03 -- Error1:0.78
Train_Loss = 0.027460553189118702, Train_Err = 0.7833333292643229
Phase:val -- LR: 0.0245 -- MU:0.4876 -- Batch_idx:50/79-- 13139.12 samples/sec-- Loss:0.05 -- Error1:1.55
Val_Loss = 0.03688432908058167, Val_Err = 1.15
Epoch: [54 | 200]
Phase:train -- LR: 0.0302 -- MU:0.6010 -- Batch_idx:50/59-- 29627.48 samples/sec-- Loss:0.03 -- Error1:0.77
Train_Loss = 0.026888182922204337, Train_Err = 0.7600000325520834
Phase:val -- LR: 0.0221 -- MU:0.4406 -- Batch_idx:50/79-- 13121.82 samples/sec-- Loss:0.05 -- Error1:1.50
Val_Loss = 0.03602560887336731, Val_Err = 1.15
Epoch: [55 | 200]
Phase:train -- LR: 0.0255 -- MU:0.5081 -- Batch_idx:50/59-- 22410.29 samples/sec-- Loss:0.03 -- Error1:0.76
Train_Loss = 0.026621698963145413, Train_Err = 0.7516666829427083
Phase:val -- LR: 0.0290 -- MU:0.5772 -- Batch_idx:50/79-- 12853.99 samples/sec-- Loss:0.05 -- Error1:1.48
Val_Loss = 0.036550732350349426, Val_Err = 1.1
Epoch: [56 | 200]
Phase:train -- LR: 0.0299 -- MU:0.5950 -- Batch_idx:50/59-- 21337.48 samples/sec-- Loss:0.03 -- Error1:0.76
Train_Loss = 0.026385042080283166, Train_Err = 0.7616666910807292
Phase:val -- LR: 0.0211 -- MU:0.4192 -- Batch_idx:50/79-- 12384.31 samples/sec-- Loss:0.05 -- Error1:1.45
Val_Loss = 0.03604852516651154, Val_Err = 1.07
Epoch: [57 | 200]
Phase:train -- LR: 0.0291 -- MU:0.5788 -- Batch_idx:50/59-- 21046.30 samples/sec-- Loss:0.03 -- Error1:0.72
Train_Loss = 0.025586829663316407, Train_Err = 0.7266666910807291
Phase:val -- LR: 0.0186 -- MU:0.3705 -- Batch_idx:50/79-- 12575.91 samples/sec-- Loss:0.05 -- Error1:1.42
Val_Loss = 0.035830934762954715, Val_Err = 1.06
Epoch: [58 | 200]
Phase:train -- LR: 0.0336 -- MU:0.6690 -- Batch_idx:50/59-- 26197.46 samples/sec-- Loss:0.02 -- Error1:0.70
Train_Loss = 0.025112160783012708, Train_Err = 0.7150000325520833
Phase:val -- LR: 0.0202 -- MU:0.4026 -- Batch_idx:50/79-- 14802.11 samples/sec-- Loss:0.05 -- Error1:1.47
Val_Loss = 0.03583838477134704, Val_Err = 1.11
Epoch: [59 | 200]
Phase:train -- LR: 0.0193 -- MU:0.3849 -- Batch_idx:50/59-- 32733.41 samples/sec-- Loss:0.02 -- Error1:0.71
Train_Loss = 0.024993105175097785, Train_Err = 0.7283333740234375
Phase:val -- LR: 0.0308 -- MU:0.6126 -- Batch_idx:50/79-- 14743.47 samples/sec-- Loss:0.05 -- Error1:1.47
Val_Loss = 0.035665247201919555, Val_Err = 1.13
Epoch: [60 | 200]
Phase:train -- LR: 0.0188 -- MU:0.3750 -- Batch_idx:50/59-- 33470.92 samples/sec-- Loss:0.02 -- Error1:0.67
Train_Loss = 0.02426293449997902, Train_Err = 0.6816667073567708
Phase:val -- LR: 0.0215 -- MU:0.4276 -- Batch_idx:50/79-- 14305.93 samples/sec-- Loss:0.05 -- Error1:1.39
Val_Loss = 0.035231951117515564, Val_Err = 1.06
Epoch: [61 | 200]
Phase:train -- LR: 0.0227 -- MU:0.4526 -- Batch_idx:50/59-- 20995.16 samples/sec-- Loss:0.02 -- Error1:0.69
Train_Loss = 0.02410548634628455, Train_Err = 0.6833333577473958
Phase:val -- LR: 0.0162 -- MU:0.3226 -- Batch_idx:50/79-- 12750.18 samples/sec-- Loss:0.05 -- Error1:1.47
Val_Loss = 0.03539072413444519, Val_Err = 1.1
Epoch: [62 | 200]
Phase:train -- LR: 0.0225 -- MU:0.4481 -- Batch_idx:50/59-- 20604.36 samples/sec-- Loss:0.02 -- Error1:0.68
Train_Loss = 0.02362275435725848, Train_Err = 0.6816666625976563
Phase:val -- LR: 0.0180 -- MU:0.3588 -- Batch_idx:50/79-- 12239.88 samples/sec-- Loss:0.05 -- Error1:1.52
Val_Loss = 0.03794142665863037, Val_Err = 1.15
Epoch: [63 | 200]
Phase:train -- LR: 0.0227 -- MU:0.4508 -- Batch_idx:50/59-- 21015.85 samples/sec-- Loss:0.02 -- Error1:0.69
Train_Loss = 0.02358940080503623, Train_Err = 0.6933333658854167
Phase:val -- LR: 0.0193 -- MU:0.3848 -- Batch_idx:50/79-- 12759.47 samples/sec-- Loss:0.05 -- Error1:1.47
Val_Loss = 0.037833493852615356, Val_Err = 1.15
Epoch: [64 | 200]
Phase:train -- LR: 0.0181 -- MU:0.3596 -- Batch_idx:50/59-- 29526.57 samples/sec-- Loss:0.02 -- Error1:0.62
Train_Loss = 0.022789376231034598, Train_Err = 0.6450000406901042
Phase:val -- LR: 0.0250 -- MU:0.4981 -- Batch_idx:50/79-- 15290.41 samples/sec-- Loss:0.05 -- Error1:1.42
Val_Loss = 0.035386902618408204, Val_Err = 1.05
Epoch: [65 | 200]
Phase:train -- LR: 0.0261 -- MU:0.5189 -- Batch_idx:50/59-- 32096.57 samples/sec-- Loss:0.02 -- Error1:0.66
Train_Loss = 0.02209061224361261, Train_Err = 0.64166669921875
Phase:val -- LR: 0.0274 -- MU:0.5459 -- Batch_idx:50/79-- 14041.88 samples/sec-- Loss:0.04 -- Error1:1.50
Val_Loss = 0.03473355689048767, Val_Err = 1.12
Epoch: [66 | 200]
Phase:train -- LR: 0.0257 -- MU:0.5104 -- Batch_idx:50/59-- 32331.98 samples/sec-- Loss:0.02 -- Error1:0.62
Train_Loss = 0.022114112151662507, Train_Err = 0.6233333658854167
Phase:val -- LR: 0.0274 -- MU:0.5457 -- Batch_idx:50/79-- 12602.04 samples/sec-- Loss:0.05 -- Error1:1.50
Val_Loss = 0.03509753725528717, Val_Err = 1.12
Epoch: [67 | 200]
Phase:train -- LR: 0.0299 -- MU:0.5956 -- Batch_idx:50/59-- 21095.29 samples/sec-- Loss:0.02 -- Error1:0.61
Train_Loss = 0.02168117218365272, Train_Err = 0.6183333414713542
Phase:val -- LR: 0.0362 -- MU:0.7205 -- Batch_idx:50/79-- 12950.22 samples/sec-- Loss:0.05 -- Error1:1.50
Val_Loss = 0.035620872497558596, Val_Err = 1.11
Epoch: [68 | 200]
Phase:train -- LR: 0.0288 -- MU:0.5733 -- Batch_idx:50/59-- 21073.88 samples/sec-- Loss:0.02 -- Error1:0.64
Train_Loss = 0.021479112484057743, Train_Err = 0.6216666544596354
Phase:val -- LR: 0.0341 -- MU:0.6794 -- Batch_idx:50/79-- 11893.97 samples/sec-- Loss:0.05 -- Error1:1.58
Val_Loss = 0.03867830367088318, Val_Err = 1.24
Epoch: [69 | 200]
Phase:train -- LR: 0.0346 -- MU:0.6876 -- Batch_idx:50/59-- 22992.17 samples/sec-- Loss:0.02 -- Error1:0.62
Train_Loss = 0.021062133242189883, Train_Err = 0.6033333414713542
Phase:val -- LR: 0.0214 -- MU:0.4249 -- Batch_idx:50/79-- 14054.30 samples/sec-- Loss:0.04 -- Error1:1.33
Val_Loss = 0.03436673798561096, Val_Err = 1.0
Epoch: [70 | 200]
Phase:train -- LR: 0.0260 -- MU:0.5174 -- Batch_idx:50/59-- 29250.63 samples/sec-- Loss:0.02 -- Error1:0.62
Train_Loss = 0.020676649670799574, Train_Err = 0.5966666910807291
Phase:val -- LR: 0.0286 -- MU:0.5698 -- Batch_idx:50/79-- 14058.03 samples/sec-- Loss:0.04 -- Error1:1.44
Val_Loss = 0.035285449957847596, Val_Err = 1.1
Epoch: [71 | 200]
Phase:train -- LR: 0.0105 -- MU:0.2086 -- Batch_idx:50/59-- 31305.77 samples/sec-- Loss:0.02 -- Error1:0.59
Train_Loss = 0.02052839295665423, Train_Err = 0.59166669921875
Phase:val -- LR: 0.0201 -- MU:0.4003 -- Batch_idx:50/79-- 14805.20 samples/sec-- Loss:0.05 -- Error1:1.42
Val_Loss = 0.03529067511558533, Val_Err = 1.08
Epoch: [72 | 200]
Phase:train -- LR: 0.0236 -- MU:0.4692 -- Batch_idx:50/59-- 22126.11 samples/sec-- Loss:0.02 -- Error1:0.56
Train_Loss = 0.019899791143337887, Train_Err = 0.5583333740234375
Phase:val -- LR: 0.0160 -- MU:0.3177 -- Batch_idx:50/79-- 12362.20 samples/sec-- Loss:0.04 -- Error1:1.38
Val_Loss = 0.03454109575748444, Val_Err = 1.03
Epoch: [73 | 200]
Phase:train -- LR: 0.0233 -- MU:0.4632 -- Batch_idx:50/59-- 21800.25 samples/sec-- Loss:0.02 -- Error1:0.56
Train_Loss = 0.019613856309652327, Train_Err = 0.5583333048502604
Phase:val -- LR: 0.0316 -- MU:0.6295 -- Batch_idx:50/79-- 12275.44 samples/sec-- Loss:0.05 -- Error1:1.53
Val_Loss = 0.03633609709739685, Val_Err = 1.16
Epoch: [74 | 200]
Phase:train -- LR: 0.0225 -- MU:0.4479 -- Batch_idx:50/59-- 21594.39 samples/sec-- Loss:0.02 -- Error1:0.56
Train_Loss = 0.019525178155799707, Train_Err = 0.5433333414713541
Phase:val -- LR: 0.0175 -- MU:0.3474 -- Batch_idx:50/79-- 12740.34 samples/sec-- Loss:0.04 -- Error1:1.42
Val_Loss = 0.03449108245372772, Val_Err = 1.09
Epoch: [75 | 200]
Phase:train -- LR: 0.0229 -- MU:0.4557 -- Batch_idx:50/59-- 26309.31 samples/sec-- Loss:0.02 -- Error1:0.54
Train_Loss = 0.018688640782237052, Train_Err = 0.5250000325520834
Phase:val -- LR: 0.0180 -- MU:0.3588 -- Batch_idx:50/79-- 13196.67 samples/sec-- Loss:0.04 -- Error1:1.38
Val_Loss = 0.03520535225868225, Val_Err = 1.05
Epoch: [76 | 200]
Phase:train -- LR: 0.0143 -- MU:0.2844 -- Batch_idx:50/59-- 29344.85 samples/sec-- Loss:0.02 -- Error1:0.54
Train_Loss = 0.01884508668233951, Train_Err = 0.5466666829427084
Phase:val -- LR: 0.0225 -- MU:0.4473 -- Batch_idx:50/79-- 14289.50 samples/sec-- Loss:0.04 -- Error1:1.41
Val_Loss = 0.033963897442817685, Val_Err = 1.05
Epoch: [77 | 200]
Phase:train -- LR: 0.0256 -- MU:0.5088 -- Batch_idx:50/59-- 30795.06 samples/sec-- Loss:0.02 -- Error1:0.51
Train_Loss = 0.018187380138536293, Train_Err = 0.5116666829427083
Phase:val -- LR: 0.0283 -- MU:0.5622 -- Batch_idx:50/79-- 14198.35 samples/sec-- Loss:0.04 -- Error1:1.41
Val_Loss = 0.03401080038547516, Val_Err = 1.06
Epoch: [78 | 200]
Phase:train -- LR: 0.0257 -- MU:0.5122 -- Batch_idx:50/59-- 20889.95 samples/sec-- Loss:0.02 -- Error1:0.54
Train_Loss = 0.01881876135269801, Train_Err = 0.5300000081380208
Phase:val -- LR: 0.0156 -- MU:0.3101 -- Batch_idx:50/79-- 12426.37 samples/sec-- Loss:0.04 -- Error1:1.44
Val_Loss = 0.03472924718856812, Val_Err = 1.1
Epoch: [79 | 200]
Phase:train -- LR: 0.0317 -- MU:0.6303 -- Batch_idx:50/59-- 20808.85 samples/sec-- Loss:0.02 -- Error1:0.49
Train_Loss = 0.01774278724292914, Train_Err = 0.4833333740234375
Phase:val -- LR: 0.0139 -- MU:0.2774 -- Batch_idx:50/79-- 12178.90 samples/sec-- Loss:0.04 -- Error1:1.33
Val_Loss = 0.03420243358612061, Val_Err = 1.01
Epoch: [80 | 200]
Phase:train -- LR: 0.0217 -- MU:0.4322 -- Batch_idx:50/59-- 21379.47 samples/sec-- Loss:0.02 -- Error1:0.49
Train_Loss = 0.017486257168650626, Train_Err = 0.49333335774739584
Phase:val -- LR: 0.0150 -- MU:0.2990 -- Batch_idx:50/79-- 13737.40 samples/sec-- Loss:0.04 -- Error1:1.34
Val_Loss = 0.03432447760105133, Val_Err = 1.03
Epoch: [81 | 200]
Phase:train -- LR: 0.0235 -- MU:0.4668 -- Batch_idx:50/59-- 32421.44 samples/sec-- Loss:0.02 -- Error1:0.51
Train_Loss = 0.017316385243336358, Train_Err = 0.49333335774739584
Phase:val -- LR: 0.0293 -- MU:0.5834 -- Batch_idx:50/79-- 13913.14 samples/sec-- Loss:0.04 -- Error1:1.38
Val_Loss = 0.03455735430717468, Val_Err = 1.04
Epoch: [82 | 200]
Phase:train -- LR: 0.0130 -- MU:0.2583 -- Batch_idx:50/59-- 32555.86 samples/sec-- Loss:0.02 -- Error1:0.46
Train_Loss = 0.016817049439748127, Train_Err = 0.46666668294270836
Phase:val -- LR: 0.0173 -- MU:0.3444 -- Batch_idx:50/79-- 13661.28 samples/sec-- Loss:0.04 -- Error1:1.36
Val_Loss = 0.03419722456932068, Val_Err = 1.04
Epoch: [83 | 200]
Phase:train -- LR: 0.0348 -- MU:0.6924 -- Batch_idx:50/59-- 29953.27 samples/sec-- Loss:0.02 -- Error1:0.48
Train_Loss = 0.016679545125365257, Train_Err = 0.4683333658854167
Phase:val -- LR: 0.0287 -- MU:0.5702 -- Batch_idx:50/79-- 12140.43 samples/sec-- Loss:0.04 -- Error1:1.41
Val_Loss = 0.034602799105644226, Val_Err = 1.07
Epoch: [84 | 200]
Phase:train -- LR: 0.0217 -- MU:0.4325 -- Batch_idx:50/59-- 22497.25 samples/sec-- Loss:0.02 -- Error1:0.46
Train_Loss = 0.016360325173536937, Train_Err = 0.4500000162760417
Phase:val -- LR: 0.0167 -- MU:0.3318 -- Batch_idx:50/79-- 12433.50 samples/sec-- Loss:0.04 -- Error1:1.34
Val_Loss = 0.03422460780143738, Val_Err = 1.03
Epoch: [85 | 200]
Phase:train -- LR: 0.0216 -- MU:0.4303 -- Batch_idx:50/59-- 22035.38 samples/sec-- Loss:0.02 -- Error1:0.49
Train_Loss = 0.016044841375450293, Train_Err = 0.4783333577473958
Phase:val -- LR: 0.0281 -- MU:0.5599 -- Batch_idx:50/79-- 12436.55 samples/sec-- Loss:0.04 -- Error1:1.34
Val_Loss = 0.0346051274061203, Val_Err = 1.02
Epoch: [86 | 200]
Phase:train -- LR: 0.0163 -- MU:0.3240 -- Batch_idx:50/59-- 26756.46 samples/sec-- Loss:0.02 -- Error1:0.43
Train_Loss = 0.015653002993017435, Train_Err = 0.42
Phase:val -- LR: 0.0256 -- MU:0.5101 -- Batch_idx:50/79-- 14131.26 samples/sec-- Loss:0.04 -- Error1:1.34
Val_Loss = 0.03409583842754364, Val_Err = 1.03
Epoch: [87 | 200]
Phase:train -- LR: 0.0168 -- MU:0.3340 -- Batch_idx:50/59-- 31603.53 samples/sec-- Loss:0.02 -- Error1:0.43
Train_Loss = 0.015595202792684237, Train_Err = 0.4416666748046875
Phase:val -- LR: 0.0217 -- MU:0.4314 -- Batch_idx:50/79-- 14334.32 samples/sec-- Loss:0.05 -- Error1:1.44
Val_Loss = 0.034972213697433474, Val_Err = 1.07
Epoch: [88 | 200]
Phase:train -- LR: 0.0210 -- MU:0.4182 -- Batch_idx:50/59-- 32257.29 samples/sec-- Loss:0.02 -- Error1:0.44
Train_Loss = 0.015280464588602384, Train_Err = 0.43166666666666664
Phase:val -- LR: 0.0311 -- MU:0.6187 -- Batch_idx:50/79-- 13852.95 samples/sec-- Loss:0.05 -- Error1:1.53
Val_Loss = 0.03610303585529327, Val_Err = 1.15
Epoch: [89 | 200]
Phase:train -- LR: 0.0220 -- MU:0.4379 -- Batch_idx:50/59-- 21189.29 samples/sec-- Loss:0.01 -- Error1:0.42
Train_Loss = 0.014921002304553985, Train_Err = 0.42333336588541665
Phase:val -- LR: 0.0211 -- MU:0.4207 -- Batch_idx:50/79-- 12246.39 samples/sec-- Loss:0.05 -- Error1:1.42
Val_Loss = 0.03675135052204132, Val_Err = 1.07
Epoch: [90 | 200]
Phase:train -- LR: 0.0140 -- MU:0.2784 -- Batch_idx:50/59-- 21407.25 samples/sec-- Loss:0.01 -- Error1:0.42
Train_Loss = 0.014779866098364194, Train_Err = 0.42833335774739584
Phase:val -- LR: 0.0232 -- MU:0.4611 -- Batch_idx:50/79-- 11965.81 samples/sec-- Loss:0.05 -- Error1:1.38
Val_Loss = 0.03499891872406006, Val_Err = 1.07
Epoch: [91 | 200]
Phase:train -- LR: 0.0208 -- MU:0.4147 -- Batch_idx:50/59-- 22456.08 samples/sec-- Loss:0.01 -- Error1:0.40
Train_Loss = 0.014574369930227598, Train_Err = 0.40500001627604165
Phase:val -- LR: 0.0203 -- MU:0.4039 -- Batch_idx:50/79-- 12999.98 samples/sec-- Loss:0.05 -- Error1:1.31
Val_Loss = 0.03457800846099854, Val_Err = 1.01
Epoch: [92 | 200]
Phase:train -- LR: 0.0210 -- MU:0.4187 -- Batch_idx:50/59-- 30264.54 samples/sec-- Loss:0.01 -- Error1:0.37
Train_Loss = 0.014036807989080746, Train_Err = 0.3933333577473958
Phase:val -- LR: 0.0220 -- MU:0.4372 -- Batch_idx:50/79-- 14154.39 samples/sec-- Loss:0.05 -- Error1:1.33
Val_Loss = 0.03511072673797607, Val_Err = 1.01
Epoch: [93 | 200]
Phase:train -- LR: 0.0262 -- MU:0.5220 -- Batch_idx:50/59-- 32009.45 samples/sec-- Loss:0.01 -- Error1:0.35
Train_Loss = 0.013950835303465525, Train_Err = 0.3849999796549479
Phase:val -- LR: 0.0285 -- MU:0.5671 -- Batch_idx:50/79-- 14377.65 samples/sec-- Loss:0.05 -- Error1:1.30
Val_Loss = 0.035440940618515014, Val_Err = 1.0
Epoch: [94 | 200]
Phase:train -- LR: 0.0197 -- MU:0.3915 -- Batch_idx:50/59-- 26497.69 samples/sec-- Loss:0.01 -- Error1:0.37
Train_Loss = 0.013942272067070008, Train_Err = 0.39500001627604164
Phase:val -- LR: 0.0338 -- MU:0.6729 -- Batch_idx:50/79-- 11940.31 samples/sec-- Loss:0.05 -- Error1:1.52
Val_Loss = 0.03734549734592438, Val_Err = 1.15
Epoch: [95 | 200]
Phase:train -- LR: 0.0329 -- MU:0.6538 -- Batch_idx:50/59-- 21416.80 samples/sec-- Loss:0.01 -- Error1:0.39
Train_Loss = 0.014143256600697835, Train_Err = 0.3966666748046875
Phase:val -- LR: 0.0149 -- MU:0.2971 -- Batch_idx:50/79-- 12596.43 samples/sec-- Loss:0.05 -- Error1:1.39
Val_Loss = 0.03463020625114441, Val_Err = 1.06
Epoch: [96 | 200]
Phase:train -- LR: 0.0252 -- MU:0.5019 -- Batch_idx:50/59-- 21061.98 samples/sec-- Loss:0.01 -- Error1:0.40
Train_Loss = 0.013776277582347392, Train_Err = 0.3850000081380208
Phase:val -- LR: 0.0291 -- MU:0.5784 -- Batch_idx:50/79-- 12299.50 samples/sec-- Loss:0.05 -- Error1:1.38
Val_Loss = 0.03686802039146423, Val_Err = 1.05
Epoch: [97 | 200]
Phase:train -- LR: 0.0210 -- MU:0.4182 -- Batch_idx:50/59-- 27236.90 samples/sec-- Loss:0.01 -- Error1:0.34
Train_Loss = 0.013165093802412351, Train_Err = 0.3516666910807292
Phase:val -- LR: 0.0318 -- MU:0.6328 -- Batch_idx:50/79-- 13813.95 samples/sec-- Loss:0.05 -- Error1:1.39
Val_Loss = 0.03671229074001312, Val_Err = 1.05
Epoch: [98 | 200]
Phase:train -- LR: 0.0295 -- MU:0.5874 -- Batch_idx:50/59-- 29991.13 samples/sec-- Loss:0.01 -- Error1:0.36
Train_Loss = 0.013208558328946431, Train_Err = 0.3550000244140625
Phase:val -- LR: 0.0316 -- MU:0.6288 -- Batch_idx:50/79-- 14356.66 samples/sec-- Loss:0.05 -- Error1:1.42
Val_Loss = 0.03825627744197845, Val_Err = 1.1
Epoch: [99 | 200]
Phase:train -- LR: 0.0285 -- MU:0.5675 -- Batch_idx:50/59-- 30250.94 samples/sec-- Loss:0.01 -- Error1:0.34
Train_Loss = 0.012921654306848844, Train_Err = 0.36833335774739584
Phase:val -- LR: 0.0247 -- MU:0.4912 -- Batch_idx:50/79-- 12569.19 samples/sec-- Loss:0.05 -- Error1:1.39
Val_Loss = 0.036093974685668946, Val_Err = 1.05
Epoch: [100 | 200]
Phase:train -- LR: 0.0147 -- MU:0.2935 -- Batch_idx:50/59-- 21890.81 samples/sec-- Loss:0.01 -- Error1:0.32
Train_Loss = 0.0123693317313989, Train_Err = 0.32666668294270834
Phase:val -- LR: 0.0163 -- MU:0.3237 -- Batch_idx:50/79-- 12392.27 samples/sec-- Loss:0.05 -- Error1:1.33
Val_Loss = 0.03506961402893066, Val_Err = 1.01
Epoch: [101 | 200]
Phase:train -- LR: 0.0214 -- MU:0.4252 -- Batch_idx:50/59-- 21750.41 samples/sec-- Loss:0.01 -- Error1:0.29
Train_Loss = 0.011942516488830249, Train_Err = 0.30166669921875
Phase:val -- LR: 0.0357 -- MU:0.7106 -- Batch_idx:50/79-- 11956.21 samples/sec-- Loss:0.05 -- Error1:1.47
Val_Loss = 0.03885572609901428, Val_Err = 1.13
Epoch: [102 | 200]
Phase:train -- LR: 0.0205 -- MU:0.4078 -- Batch_idx:50/59-- 27341.98 samples/sec-- Loss:0.01 -- Error1:0.32
Train_Loss = 0.01213056861460209, Train_Err = 0.32666669108072915
Phase:val -- LR: 0.0189 -- MU:0.3765 -- Batch_idx:50/79-- 14436.30 samples/sec-- Loss:0.05 -- Error1:1.28
Val_Loss = 0.03517464337348938, Val_Err = 0.99
Epoch: [103 | 200]
Phase:train -- LR: 0.0199 -- MU:0.3953 -- Batch_idx:50/59-- 30966.59 samples/sec-- Loss:0.01 -- Error1:0.37
Train_Loss = 0.012643495837847392, Train_Err = 0.36000000813802085
Phase:val -- LR: 0.0290 -- MU:0.5762 -- Batch_idx:50/79-- 14073.89 samples/sec-- Loss:0.05 -- Error1:1.50
Val_Loss = 0.036405117225646974, Val_Err = 1.14
Epoch: [104 | 200]
Phase:train -- LR: 0.0209 -- MU:0.4151 -- Batch_idx:50/59-- 31729.93 samples/sec-- Loss:0.01 -- Error1:0.30
Train_Loss = 0.011845920844376088, Train_Err = 0.29000001627604166
Phase:val -- LR: 0.0157 -- MU:0.3119 -- Batch_idx:50/79-- 13191.76 samples/sec-- Loss:0.05 -- Error1:1.42
Val_Loss = 0.03581350779533386, Val_Err = 1.08
Epoch: [105 | 200]
Phase:train -- LR: 0.0229 -- MU:0.4560 -- Batch_idx:50/59-- 20855.01 samples/sec-- Loss:0.01 -- Error1:0.30
Train_Loss = 0.011621282791594665, Train_Err = 0.2833333414713542
Phase:val -- LR: 0.0277 -- MU:0.5516 -- Batch_idx:50/79-- 11590.97 samples/sec-- Loss:0.05 -- Error1:1.44
Val_Loss = 0.036340581011772156, Val_Err = 1.09
Epoch: [106 | 200]
Phase:train -- LR: 0.0248 -- MU:0.4930 -- Batch_idx:50/59-- 21383.58 samples/sec-- Loss:0.01 -- Error1:0.30
Train_Loss = 0.011527473239103954, Train_Err = 0.3016666829427083
Phase:val -- LR: 0.0192 -- MU:0.3816 -- Batch_idx:50/79-- 11467.78 samples/sec-- Loss:0.05 -- Error1:1.34
Val_Loss = 0.035416924977302554, Val_Err = 1.02
Epoch: [107 | 200]
Phase:train -- LR: 0.0287 -- MU:0.5707 -- Batch_idx:50/59-- 22882.96 samples/sec-- Loss:0.01 -- Error1:0.27
Train_Loss = 0.011081329137086869, Train_Err = 0.28666670735677086
Phase:val -- LR: 0.0182 -- MU:0.3628 -- Batch_idx:50/79-- 12924.61 samples/sec-- Loss:0.05 -- Error1:1.30
Val_Loss = 0.035383558535575864, Val_Err = 1.0
Epoch: [108 | 200]
Phase:train -- LR: 0.0290 -- MU:0.5773 -- Batch_idx:50/59-- 30330.21 samples/sec-- Loss:0.01 -- Error1:0.29
Train_Loss = 0.011273268977801005, Train_Err = 0.3050000162760417
Phase:val -- LR: 0.0242 -- MU:0.4824 -- Batch_idx:50/79-- 14864.90 samples/sec-- Loss:0.05 -- Error1:1.28
Val_Loss = 0.03506406602859497, Val_Err = 0.96
Epoch: [109 | 200]
Phase:train -- LR: 0.0283 -- MU:0.5634 -- Batch_idx:50/59-- 30645.52 samples/sec-- Loss:0.01 -- Error1:0.28
Train_Loss = 0.01081464951535066, Train_Err = 0.28166669108072917
Phase:val -- LR: 0.0245 -- MU:0.4869 -- Batch_idx:50/79-- 14545.00 samples/sec-- Loss:0.05 -- Error1:1.42
Val_Loss = 0.036077906775474546, Val_Err = 1.05
Epoch: [110 | 200]
Phase:train -- LR: 0.0112 -- MU:0.2227 -- Batch_idx:50/59-- 24447.36 samples/sec-- Loss:0.01 -- Error1:0.25
Train_Loss = 0.010335710611442724, Train_Err = 0.258333349609375
Phase:val -- LR: 0.0176 -- MU:0.3511 -- Batch_idx:50/79-- 11559.81 samples/sec-- Loss:0.05 -- Error1:1.36
Val_Loss = 0.036028504467010496, Val_Err = 1.01
Epoch: [111 | 200]
Phase:train -- LR: 0.0251 -- MU:0.5004 -- Batch_idx:50/59-- 21405.05 samples/sec-- Loss:0.01 -- Error1:0.26
Train_Loss = 0.010245191240559021, Train_Err = 0.2516666748046875
Phase:val -- LR: 0.0279 -- MU:0.5554 -- Batch_idx:50/79-- 11254.72 samples/sec-- Loss:0.05 -- Error1:1.36
Val_Loss = 0.036527002239227294, Val_Err = 1.01
Epoch: [112 | 200]
Phase:train -- LR: 0.0211 -- MU:0.4207 -- Batch_idx:50/59-- 21210.87 samples/sec-- Loss:0.01 -- Error1:0.26
Train_Loss = 0.010260944564143816, Train_Err = 0.2600000244140625
Phase:val -- LR: 0.0237 -- MU:0.4709 -- Batch_idx:50/79-- 12188.92 samples/sec-- Loss:0.05 -- Error1:1.36
Val_Loss = 0.03602989246845245, Val_Err = 1.03
Epoch: [113 | 200]
Phase:train -- LR: 0.0261 -- MU:0.5185 -- Batch_idx:50/59-- 30876.45 samples/sec-- Loss:0.01 -- Error1:0.23
Train_Loss = 0.009939590835571289, Train_Err = 0.25666669921875
Phase:val -- LR: 0.0266 -- MU:0.5291 -- Batch_idx:50/79-- 14622.28 samples/sec-- Loss:0.05 -- Error1:1.42
Val_Loss = 0.03707586667537689, Val_Err = 1.09
Epoch: [114 | 200]
Phase:train -- LR: 0.0319 -- MU:0.6347 -- Batch_idx:50/59-- 30127.82 samples/sec-- Loss:0.01 -- Error1:0.23
Train_Loss = 0.009876622044543426, Train_Err = 0.23500000813802083
Phase:val -- LR: 0.0295 -- MU:0.5866 -- Batch_idx:50/79-- 14287.34 samples/sec-- Loss:0.05 -- Error1:1.30
Val_Loss = 0.03672828063964844, Val_Err = 1.03
Epoch: [115 | 200]
Phase:train -- LR: 0.0281 -- MU:0.5586 -- Batch_idx:50/59-- 26008.33 samples/sec-- Loss:0.01 -- Error1:0.22
Train_Loss = 0.009786735594769318, Train_Err = 0.23000000813802082
Phase:val -- LR: 0.0201 -- MU:0.3999 -- Batch_idx:50/79-- 12558.35 samples/sec-- Loss:0.05 -- Error1:1.39
Val_Loss = 0.03600622639656067, Val_Err = 1.06
Epoch: [116 | 200]
Phase:train -- LR: 0.0260 -- MU:0.5175 -- Batch_idx:50/59-- 20943.00 samples/sec-- Loss:0.01 -- Error1:0.24
Train_Loss = 0.009845513884723187, Train_Err = 0.24166669108072916
Phase:val -- LR: 0.0251 -- MU:0.5000 -- Batch_idx:50/79-- 12324.14 samples/sec-- Loss:0.05 -- Error1:1.45
Val_Loss = 0.03696605739593506, Val_Err = 1.1
Epoch: [117 | 200]
Phase:train -- LR: 0.0264 -- MU:0.5258 -- Batch_idx:50/59-- 20799.01 samples/sec-- Loss:0.01 -- Error1:0.19
Train_Loss = 0.00941065608014663, Train_Err = 0.20500001627604167
Phase:val -- LR: 0.0218 -- MU:0.4330 -- Batch_idx:50/79-- 12358.21 samples/sec-- Loss:0.05 -- Error1:1.45
Val_Loss = 0.035931898927688596, Val_Err = 1.1
Epoch: [118 | 200]
Phase:train -- LR: 0.0192 -- MU:0.3814 -- Batch_idx:50/59-- 29820.64 samples/sec-- Loss:0.01 -- Error1:0.21
Train_Loss = 0.009259150098760922, Train_Err = 0.2116666748046875
Phase:val -- LR: 0.0268 -- MU:0.5324 -- Batch_idx:50/79-- 14177.57 samples/sec-- Loss:0.05 -- Error1:1.33
Val_Loss = 0.03646125354766846, Val_Err = 1.01
Epoch: [119 | 200]
Phase:train -- LR: 0.0307 -- MU:0.6109 -- Batch_idx:50/59-- 29751.84 samples/sec-- Loss:0.01 -- Error1:0.19
Train_Loss = 0.009007716072599092, Train_Err = 0.1950000244140625
Phase:val -- LR: 0.0198 -- MU:0.3941 -- Batch_idx:50/79-- 14394.09 samples/sec-- Loss:0.05 -- Error1:1.47
Val_Loss = 0.036977998757362365, Val_Err = 1.13
Epoch: [120 | 200]
Phase:train -- LR: 0.0187 -- MU:0.3713 -- Batch_idx:50/59-- 31944.70 samples/sec-- Loss:0.01 -- Error1:0.23
Train_Loss = 0.009286654117206732, Train_Err = 0.2266666748046875
Phase:val -- LR: 0.0352 -- MU:0.7010 -- Batch_idx:50/79-- 13121.56 samples/sec-- Loss:0.05 -- Error1:1.39
Val_Loss = 0.03739218521118164, Val_Err = 1.08
Epoch: [121 | 200]
Phase:train -- LR: 0.0198 -- MU:0.3942 -- Batch_idx:50/59-- 20963.46 samples/sec-- Loss:0.01 -- Error1:0.23
Train_Loss = 0.008839858190839489, Train_Err = 0.21666666666666667
Phase:val -- LR: 0.0289 -- MU:0.5753 -- Batch_idx:50/79-- 12359.41 samples/sec-- Loss:0.05 -- Error1:1.38
Val_Loss = 0.03722525057792664, Val_Err = 1.05
Epoch: [122 | 200]
Phase:train -- LR: 0.0283 -- MU:0.5625 -- Batch_idx:50/59-- 21439.35 samples/sec-- Loss:0.01 -- Error1:0.18
Train_Loss = 0.008553238932788372, Train_Err = 0.18333334147135416
Phase:val -- LR: 0.0263 -- MU:0.5243 -- Batch_idx:50/79-- 12238.94 samples/sec-- Loss:0.05 -- Error1:1.45
Val_Loss = 0.037091541409492494, Val_Err = 1.12
Epoch: [123 | 200]
Phase:train -- LR: 0.0288 -- MU:0.5740 -- Batch_idx:50/59-- 26150.17 samples/sec-- Loss:0.01 -- Error1:0.16
Train_Loss = 0.008779078652213017, Train_Err = 0.20333334147135418
Phase:val -- LR: 0.0075 -- MU:0.1486 -- Batch_idx:50/79-- 14450.45 samples/sec-- Loss:0.05 -- Error1:1.34
Val_Loss = 0.03876545917987823, Val_Err = 1.03
Epoch: [124 | 200]
Phase:train -- LR: 0.0224 -- MU:0.4452 -- Batch_idx:50/59-- 29732.57 samples/sec-- Loss:0.01 -- Error1:0.19
Train_Loss = 0.008299831068515777, Train_Err = 0.18666668294270833
Phase:val -- LR: 0.0231 -- MU:0.4607 -- Batch_idx:50/79-- 13889.01 samples/sec-- Loss:0.05 -- Error1:1.36
Val_Loss = 0.03614539008140564, Val_Err = 1.05
Epoch: [125 | 200]
Phase:train -- LR: 0.0307 -- MU:0.6111 -- Batch_idx:50/59-- 29682.46 samples/sec-- Loss:0.01 -- Error1:0.16
Train_Loss = 0.008060664120068152, Train_Err = 0.16333334147135417
Phase:val -- LR: 0.0301 -- MU:0.5985 -- Batch_idx:50/79-- 13127.73 samples/sec-- Loss:0.05 -- Error1:1.38
Val_Loss = 0.037007110738754276, Val_Err = 1.09
Epoch: [126 | 200]
Phase:train -- LR: 0.0321 -- MU:0.6382 -- Batch_idx:50/59-- 21269.24 samples/sec-- Loss:0.01 -- Error1:0.20
Train_Loss = 0.008181760891278585, Train_Err = 0.18833334147135417
Phase:val -- LR: 0.0263 -- MU:0.5239 -- Batch_idx:50/79-- 12371.64 samples/sec-- Loss:0.05 -- Error1:1.44
Val_Loss = 0.03910820293426514, Val_Err = 1.09
Epoch: [127 | 200]
Phase:train -- LR: 0.0180 -- MU:0.3587 -- Batch_idx:50/59-- 21013.88 samples/sec-- Loss:0.01 -- Error1:0.16
Train_Loss = 0.008103949970006942, Train_Err = 0.17166669108072916
Phase:val -- LR: 0.0207 -- MU:0.4122 -- Batch_idx:50/79-- 11770.97 samples/sec-- Loss:0.05 -- Error1:1.34
Val_Loss = 0.03774394826889038, Val_Err = 1.04
Epoch: [128 | 200]
Phase:train -- LR: 0.0297 -- MU:0.5906 -- Batch_idx:50/59-- 28371.84 samples/sec-- Loss:0.01 -- Error1:0.17
Train_Loss = 0.007781792514026165, Train_Err = 0.16
Phase:val -- LR: 0.0287 -- MU:0.5711 -- Batch_idx:50/79-- 14598.09 samples/sec-- Loss:0.05 -- Error1:1.28
Val_Loss = 0.03623732006549835, Val_Err = 0.98
Epoch: [129 | 200]
Phase:train -- LR: 0.0259 -- MU:0.5149 -- Batch_idx:50/59-- 32163.50 samples/sec-- Loss:0.01 -- Error1:0.15
Train_Loss = 0.007569031419605017, Train_Err = 0.15
Phase:val -- LR: 0.0295 -- MU:0.5874 -- Batch_idx:50/79-- 14022.01 samples/sec-- Loss:0.05 -- Error1:1.36
Val_Loss = 0.03744060883522034, Val_Err = 1.05
Epoch: [130 | 200]
Phase:train -- LR: 0.0227 -- MU:0.4523 -- Batch_idx:50/59-- 33017.06 samples/sec-- Loss:0.01 -- Error1:0.16
Train_Loss = 0.007536749869585037, Train_Err = 0.16333336588541666
Phase:val -- LR: 0.0110 -- MU:0.2196 -- Batch_idx:50/79-- 13450.07 samples/sec-- Loss:0.05 -- Error1:1.30
Val_Loss = 0.037837621831893924, Val_Err = 0.96
Epoch: [131 | 200]
Phase:train -- LR: 0.0155 -- MU:0.3086 -- Batch_idx:50/59-- 20669.96 samples/sec-- Loss:0.01 -- Error1:0.17
Train_Loss = 0.0074123537108302115, Train_Err = 0.16500001627604166
Phase:val -- LR: 0.0169 -- MU:0.3363 -- Batch_idx:50/79-- 12636.15 samples/sec-- Loss:0.05 -- Error1:1.39
Val_Loss = 0.03786285569667816, Val_Err = 1.07
Epoch: [132 | 200]
Phase:train -- LR: 0.0352 -- MU:0.7013 -- Batch_idx:50/59-- 21140.82 samples/sec-- Loss:0.01 -- Error1:0.18
Train_Loss = 0.007720332623521487, Train_Err = 0.16833333333333333
Phase:val -- LR: 0.0279 -- MU:0.5559 -- Batch_idx:50/79-- 13057.47 samples/sec-- Loss:0.05 -- Error1:1.39
Val_Loss = 0.03834202816486359, Val_Err = 1.06
Epoch: [133 | 200]
Phase:train -- LR: 0.0329 -- MU:0.6547 -- Batch_idx:50/59-- 26954.93 samples/sec-- Loss:0.01 -- Error1:0.17
Train_Loss = 0.007412865520020326, Train_Err = 0.16166666666666665
Phase:val -- LR: 0.0232 -- MU:0.4625 -- Batch_idx:50/79-- 13248.73 samples/sec-- Loss:0.05 -- Error1:1.30
Val_Loss = 0.038536892771720885, Val_Err = 0.99
Epoch: [134 | 200]
Phase:train -- LR: 0.0257 -- MU:0.5119 -- Batch_idx:50/59-- 29144.99 samples/sec-- Loss:0.01 -- Error1:0.15
Train_Loss = 0.007186208335434397, Train_Err = 0.14333333333333334
Phase:val -- LR: 0.0251 -- MU:0.5000 -- Batch_idx:50/79-- 14173.42 samples/sec-- Loss:0.05 -- Error1:1.36
Val_Loss = 0.039081571459770204, Val_Err = 1.05
Epoch: [135 | 200]
Phase:train -- LR: 0.0153 -- MU:0.3038 -- Batch_idx:50/59-- 36206.50 samples/sec-- Loss:0.01 -- Error1:0.14
Train_Loss = 0.006936427633961042, Train_Err = 0.14166666666666666
Phase:val -- LR: 0.0291 -- MU:0.5782 -- Batch_idx:50/79-- 13037.11 samples/sec-- Loss:0.05 -- Error1:1.38
Val_Loss = 0.03762408134937286, Val_Err = 1.05
Epoch: [136 | 200]
Phase:train -- LR: 0.0216 -- MU:0.4303 -- Batch_idx:50/59-- 20861.98 samples/sec-- Loss:0.01 -- Error1:0.13
Train_Loss = 0.006720803852379322, Train_Err = 0.13333334147135417
Phase:val -- LR: 0.0182 -- MU:0.3623 -- Batch_idx:50/79-- 12320.02 samples/sec-- Loss:0.05 -- Error1:1.39
Val_Loss = 0.038323971056938175, Val_Err = 1.05
Epoch: [137 | 200]
Phase:train -- LR: 0.0270 -- MU:0.5375 -- Batch_idx:50/59-- 20761.65 samples/sec-- Loss:0.01 -- Error1:0.12
Train_Loss = 0.006798719858626525, Train_Err = 0.12166666666666667
Phase:val -- LR: 0.0225 -- MU:0.4482 -- Batch_idx:50/79-- 12237.65 samples/sec-- Loss:0.05 -- Error1:1.38
Val_Loss = 0.0377389961719513, Val_Err = 1.04
Epoch: [138 | 200]
Phase:train -- LR: 0.0251 -- MU:0.5000 -- Batch_idx:50/59-- 27077.26 samples/sec-- Loss:0.01 -- Error1:0.14
Train_Loss = 0.006710988060757518, Train_Err = 0.13666666666666666
Phase:val -- LR: 0.0312 -- MU:0.6206 -- Batch_idx:50/79-- 13301.20 samples/sec-- Loss:0.05 -- Error1:1.39
Val_Loss = 0.03781077241897583, Val_Err = 1.08
Epoch: [139 | 200]
Phase:train -- LR: 0.0256 -- MU:0.5096 -- Batch_idx:50/59-- 30768.29 samples/sec-- Loss:0.01 -- Error1:0.12
Train_Loss = 0.006414175232251485, Train_Err = 0.12500000813802084
Phase:val -- LR: 0.0317 -- MU:0.6313 -- Batch_idx:50/79-- 14013.67 samples/sec-- Loss:0.05 -- Error1:1.31
Val_Loss = 0.03796974172592163, Val_Err = 1.02
Epoch: [140 | 200]
Phase:train -- LR: 0.0238 -- MU:0.4730 -- Batch_idx:50/59-- 30125.98 samples/sec-- Loss:0.01 -- Error1:0.12
Train_Loss = 0.006371085809916258, Train_Err = 0.12666668294270833
Phase:val -- LR: 0.0247 -- MU:0.4922 -- Batch_idx:50/79-- 12294.92 samples/sec-- Loss:0.05 -- Error1:1.36
Val_Loss = 0.03898538122177124, Val_Err = 1.06
Epoch: [141 | 200]
Phase:train -- LR: 0.0432 -- MU:0.8605 -- Batch_idx:50/59-- 21029.04 samples/sec-- Loss:1.32 -- Error1:13.23
Train_Loss = 1.3131799995581308, Train_Err = 17.03666671142578
Phase:val -- LR: 0.0387 -- MU:0.7697 -- Batch_idx:50/79-- 12126.02 samples/sec-- Loss:0.63 -- Error1:19.20
Val_Loss = 0.5956105572223663, Val_Err = 17.67
Epoch: [142 | 200]
Phase:train -- LR: 0.0329 -- MU:0.6537 -- Batch_idx:50/59-- 21650.74 samples/sec-- Loss:0.38 -- Error1:9.71
Train_Loss = 0.3498295836925507, Train_Err = 8.920000012207032
Phase:val -- LR: 0.0304 -- MU:0.6041 -- Batch_idx:50/79-- 11810.87 samples/sec-- Loss:0.17 -- Error1:5.11
Val_Loss = 0.14171727242469787, Val_Err = 4.26
Epoch: [143 | 200]
Phase:train -- LR: 0.0258 -- MU:0.5136 -- Batch_idx:50/59-- 30570.50 samples/sec-- Loss:0.13 -- Error1:3.78
Train_Loss = 0.12502708923021952, Train_Err = 3.723333349609375
Phase:val -- LR: 0.0276 -- MU:0.5483 -- Batch_idx:50/79-- 13413.49 samples/sec-- Loss:0.13 -- Error1:3.70
Val_Loss = 0.10673904361724854, Val_Err = 3.05
Epoch: [144 | 200]
Phase:train -- LR: 0.0207 -- MU:0.4117 -- Batch_idx:50/59-- 31432.56 samples/sec-- Loss:0.10 -- Error1:2.98
Train_Loss = 0.09969976461728414, Train_Err = 2.9649999837239585
Phase:val -- LR: 0.0265 -- MU:0.5273 -- Batch_idx:50/79-- 13767.15 samples/sec-- Loss:0.11 -- Error1:3.31
Val_Loss = 0.08886003456115722, Val_Err = 2.72
Epoch: [145 | 200]
Phase:train -- LR: 0.0178 -- MU:0.3533 -- Batch_idx:50/59-- 34715.86 samples/sec-- Loss:0.09 -- Error1:2.56
Train_Loss = 0.08614396380583446, Train_Err = 2.5583333618164064
Phase:val -- LR: 0.0272 -- MU:0.5405 -- Batch_idx:50/79-- 13263.53 samples/sec-- Loss:0.10 -- Error1:3.02
Val_Loss = 0.08075369787216187, Val_Err = 2.51
Epoch: [146 | 200]
Phase:train -- LR: 0.0162 -- MU:0.3218 -- Batch_idx:50/59-- 21271.54 samples/sec-- Loss:0.08 -- Error1:2.39
Train_Loss = 0.07719965791304906, Train_Err = 2.353333369954427
Phase:val -- LR: 0.0192 -- MU:0.3823 -- Batch_idx:50/79-- 12033.48 samples/sec-- Loss:0.09 -- Error1:2.59
Val_Loss = 0.0722414124250412, Val_Err = 2.17
Epoch: [147 | 200]
Phase:train -- LR: 0.0256 -- MU:0.5089 -- Batch_idx:50/59-- 21010.92 samples/sec-- Loss:0.07 -- Error1:2.13
Train_Loss = 0.0703764306306839, Train_Err = 2.10166669514974
Phase:val -- LR: 0.0263 -- MU:0.5231 -- Batch_idx:50/79-- 12387.57 samples/sec-- Loss:0.08 -- Error1:2.61
Val_Loss = 0.06859269142150878, Val_Err = 2.22
Epoch: [148 | 200]
Phase:train -- LR: 0.0331 -- MU:0.6585 -- Batch_idx:50/59-- 28723.68 samples/sec-- Loss:0.07 -- Error1:2.02
Train_Loss = 0.06531081467866898, Train_Err = 1.9850000203450522
Phase:val -- LR: 0.0189 -- MU:0.3761 -- Batch_idx:50/79-- 10043.46 samples/sec-- Loss:0.08 -- Error1:2.50
Val_Loss = 0.06458661198616028, Val_Err = 2.05
Epoch: [149 | 200]
Phase:train -- LR: 0.0238 -- MU:0.4741 -- Batch_idx:50/59-- 30127.22 samples/sec-- Loss:0.06 -- Error1:1.86
Train_Loss = 0.0613362710972627, Train_Err = 1.8766666625976562
Phase:val -- LR: 0.0343 -- MU:0.6816 -- Batch_idx:50/79-- 14424.58 samples/sec-- Loss:0.08 -- Error1:2.44
Val_Loss = 0.06436705369949342, Val_Err = 1.97
Epoch: [150 | 200]
Phase:train -- LR: 0.0231 -- MU:0.4595 -- Batch_idx:50/59-- 25743.60 samples/sec-- Loss:0.06 -- Error1:1.78
Train_Loss = 0.05802111580173175, Train_Err = 1.7583333374023438
Phase:val -- LR: 0.0286 -- MU:0.5690 -- Batch_idx:50/79-- 12127.33 samples/sec-- Loss:0.07 -- Error1:2.36
Val_Loss = 0.06021477067470551, Val_Err = 1.92
Epoch: [151 | 200]
Phase:train -- LR: 0.0274 -- MU:0.5451 -- Batch_idx:50/59-- 21733.43 samples/sec-- Loss:0.06 -- Error1:1.68
Train_Loss = 0.05527081204652786, Train_Err = 1.6766667114257812
Phase:val -- LR: 0.0338 -- MU:0.6736 -- Batch_idx:50/79-- 12372.77 samples/sec-- Loss:0.07 -- Error1:2.28
Val_Loss = 0.058340354990959166, Val_Err = 1.83
Epoch: [152 | 200]
Phase:train -- LR: 0.0196 -- MU:0.3903 -- Batch_idx:50/59-- 20903.13 samples/sec-- Loss:0.05 -- Error1:1.56
Train_Loss = 0.05236557141542435, Train_Err = 1.548333369954427
Phase:val -- LR: 0.0074 -- MU:0.1472 -- Batch_idx:50/79-- 12648.94 samples/sec-- Loss:0.07 -- Error1:2.17
Val_Loss = 0.05503056826591492, Val_Err = 1.75
Epoch: [153 | 200]
Phase:train -- LR: 0.0275 -- MU:0.5465 -- Batch_idx:50/59-- 30931.04 samples/sec-- Loss:0.05 -- Error1:1.52
Train_Loss = 0.04991051203807195, Train_Err = 1.5383333129882812
Phase:val -- LR: 0.0171 -- MU:0.3403 -- Batch_idx:50/79-- 14056.16 samples/sec-- Loss:0.07 -- Error1:2.08
Val_Loss = 0.05382285442352295, Val_Err = 1.71
Epoch: [154 | 200]
Phase:train -- LR: 0.0235 -- MU:0.4683 -- Batch_idx:50/59-- 32546.19 samples/sec-- Loss:0.05 -- Error1:1.38
Train_Loss = 0.04784020635286967, Train_Err = 1.4033333129882812
Phase:val -- LR: 0.0248 -- MU:0.4928 -- Batch_idx:50/79-- 13546.66 samples/sec-- Loss:0.07 -- Error1:1.94
Val_Loss = 0.053796964836120606, Val_Err = 1.56
Epoch: [155 | 200]
Phase:train -- LR: 0.0219 -- MU:0.4363 -- Batch_idx:50/59-- 22837.23 samples/sec-- Loss:0.05 -- Error1:1.42
Train_Loss = 0.046282725807030994, Train_Err = 1.4066666870117188
Phase:val -- LR: 0.0152 -- MU:0.3019 -- Batch_idx:50/79-- 10831.18 samples/sec-- Loss:0.06 -- Error1:2.02
Val_Loss = 0.05112666985988617, Val_Err = 1.61
Epoch: [156 | 200]
Phase:train -- LR: 0.0235 -- MU:0.4680 -- Batch_idx:50/59-- 20931.71 samples/sec-- Loss:0.04 -- Error1:1.29
Train_Loss = 0.04411007733146349, Train_Err = 1.293333321126302
Phase:val -- LR: 0.0230 -- MU:0.4570 -- Batch_idx:50/79-- 11812.85 samples/sec-- Loss:0.06 -- Error1:1.92
Val_Loss = 0.05000558507442474, Val_Err = 1.54
Epoch: [157 | 200]
Phase:train -- LR: 0.0270 -- MU:0.5376 -- Batch_idx:50/59-- 22341.57 samples/sec-- Loss:0.04 -- Error1:1.24
Train_Loss = 0.042623343447844186, Train_Err = 1.2633333618164062
Phase:val -- LR: 0.0219 -- MU:0.4365 -- Batch_idx:50/79-- 14153.29 samples/sec-- Loss:0.06 -- Error1:1.91
Val_Loss = 0.0485209085226059, Val_Err = 1.53
Epoch: [158 | 200]
Phase:train -- LR: 0.0201 -- MU:0.3992 -- Batch_idx:50/59-- 31055.72 samples/sec-- Loss:0.04 -- Error1:1.23
Train_Loss = 0.041011730724573134, Train_Err = 1.1899999959309895
Phase:val -- LR: 0.0184 -- MU:0.3666 -- Batch_idx:50/79-- 14072.63 samples/sec-- Loss:0.06 -- Error1:1.86
Val_Loss = 0.04856949796676636, Val_Err = 1.5
Epoch: [159 | 200]
Phase:train -- LR: 0.0164 -- MU:0.3262 -- Batch_idx:50/59-- 30944.96 samples/sec-- Loss:0.04 -- Error1:1.21
Train_Loss = 0.04018598962525527, Train_Err = 1.1983333658854167
Phase:val -- LR: 0.0198 -- MU:0.3930 -- Batch_idx:50/79-- 14145.21 samples/sec-- Loss:0.06 -- Error1:1.75
Val_Loss = 0.04788239736557007, Val_Err = 1.42
Epoch: [160 | 200]
Phase:train -- LR: 0.0236 -- MU:0.4693 -- Batch_idx:50/59-- 21207.06 samples/sec-- Loss:0.04 -- Error1:1.14
Train_Loss = 0.03877206608851751, Train_Err = 1.144999971516927
Phase:val -- LR: 0.0217 -- MU:0.4317 -- Batch_idx:50/79-- 12013.68 samples/sec-- Loss:0.06 -- Error1:1.83
Val_Loss = 0.04656380612850189, Val_Err = 1.45
Epoch: [161 | 200]
Phase:train -- LR: 0.0118 -- MU:0.2358 -- Batch_idx:50/59-- 21601.77 samples/sec-- Loss:0.04 -- Error1:1.11
Train_Loss = 0.03790522543787956, Train_Err = 1.121666670735677
Phase:val -- LR: 0.0259 -- MU:0.5153 -- Batch_idx:50/79-- 12418.87 samples/sec-- Loss:0.06 -- Error1:1.86
Val_Loss = 0.047842170763015744, Val_Err = 1.52
Epoch: [162 | 200]
Phase:train -- LR: 0.0277 -- MU:0.5512 -- Batch_idx:50/59-- 30520.26 samples/sec-- Loss:0.04 -- Error1:1.11
Train_Loss = 0.0365853765865167, Train_Err = 1.0916666463216145
Phase:val -- LR: 0.0278 -- MU:0.5540 -- Batch_idx:50/79-- 13417.30 samples/sec-- Loss:0.06 -- Error1:1.78
Val_Loss = 0.04677112538814545, Val_Err = 1.41
Epoch: [163 | 200]
Phase:train -- LR: 0.0262 -- MU:0.5217 -- Batch_idx:50/59-- 31327.02 samples/sec-- Loss:0.04 -- Error1:1.04
Train_Loss = 0.03538258805076281, Train_Err = 1.049999971516927
Phase:val -- LR: 0.0256 -- MU:0.5098 -- Batch_idx:50/79-- 13535.46 samples/sec-- Loss:0.06 -- Error1:1.83
Val_Loss = 0.04562198004722595, Val_Err = 1.48
Epoch: [164 | 200]
Phase:train -- LR: 0.0198 -- MU:0.3945 -- Batch_idx:50/59-- 36013.42 samples/sec-- Loss:0.04 -- Error1:1.06
Train_Loss = 0.03445824030439059, Train_Err = 1.0233333740234376
Phase:val -- LR: 0.0257 -- MU:0.5120 -- Batch_idx:50/79-- 10558.47 samples/sec-- Loss:0.06 -- Error1:1.69
Val_Loss = 0.04474580147266388, Val_Err = 1.38
Epoch: [165 | 200]
Phase:train -- LR: 0.0288 -- MU:0.5736 -- Batch_idx:50/59-- 21165.79 samples/sec-- Loss:0.03 -- Error1:0.99
Train_Loss = 0.03351419565975666, Train_Err = 0.9783333740234375
Phase:val -- LR: 0.0157 -- MU:0.3127 -- Batch_idx:50/79-- 11930.87 samples/sec-- Loss:0.05 -- Error1:1.66
Val_Loss = 0.0434885547876358, Val_Err = 1.33
Epoch: [166 | 200]
Phase:train -- LR: 0.0196 -- MU:0.3893 -- Batch_idx:50/59-- 19735.02 samples/sec-- Loss:0.03 -- Error1:0.97
Train_Loss = 0.03262280483444532, Train_Err = 0.9833333048502604
Phase:val -- LR: 0.0321 -- MU:0.6397 -- Batch_idx:50/79-- 12371.87 samples/sec-- Loss:0.06 -- Error1:1.77
Val_Loss = 0.04561711575984955, Val_Err = 1.41
Epoch: [167 | 200]
Phase:train -- LR: 0.0278 -- MU:0.5525 -- Batch_idx:50/59-- 31609.73 samples/sec-- Loss:0.03 -- Error1:0.93
Train_Loss = 0.03188649553457896, Train_Err = 0.9549999796549479
Phase:val -- LR: 0.0278 -- MU:0.5531 -- Batch_idx:50/79-- 13699.50 samples/sec-- Loss:0.05 -- Error1:1.69
Val_Loss = 0.043667578601837155, Val_Err = 1.36
Epoch: [168 | 200]
Phase:train -- LR: 0.0281 -- MU:0.5591 -- Batch_idx:50/59-- 30543.21 samples/sec-- Loss:0.03 -- Error1:0.94
Train_Loss = 0.030977866244316102, Train_Err = 0.9266666381835937
Phase:val -- LR: 0.0177 -- MU:0.3520 -- Batch_idx:50/79-- 14373.31 samples/sec-- Loss:0.05 -- Error1:1.64
Val_Loss = 0.0438521190404892, Val_Err = 1.31
Epoch: [169 | 200]
Phase:train -- LR: 0.0084 -- MU:0.1666 -- Batch_idx:50/59-- 26227.81 samples/sec-- Loss:0.03 -- Error1:0.93
Train_Loss = 0.030044435780247052, Train_Err = 0.9283333658854167
Phase:val -- LR: 0.0225 -- MU:0.4469 -- Batch_idx:50/79-- 12028.42 samples/sec-- Loss:0.05 -- Error1:1.66
Val_Loss = 0.04295885679721832, Val_Err = 1.31
Epoch: [170 | 200]
Phase:train -- LR: 0.0155 -- MU:0.3085 -- Batch_idx:50/59-- 20257.07 samples/sec-- Loss:0.03 -- Error1:0.90
Train_Loss = 0.02969798968533675, Train_Err = 0.90666669921875
Phase:val -- LR: 0.0198 -- MU:0.3932 -- Batch_idx:50/79-- 10881.50 samples/sec-- Loss:0.05 -- Error1:1.67
Val_Loss = 0.04377293152809143, Val_Err = 1.41
Epoch: [171 | 200]
Phase:train -- LR: 0.0277 -- MU:0.5510 -- Batch_idx:50/59-- 24183.81 samples/sec-- Loss:0.03 -- Error1:0.87
Train_Loss = 0.02869567842880885, Train_Err = 0.8766667073567709
Phase:val -- LR: 0.0206 -- MU:0.4103 -- Batch_idx:50/79-- 14474.16 samples/sec-- Loss:0.05 -- Error1:1.56
Val_Loss = 0.042727156043052675, Val_Err = 1.25
Epoch: [172 | 200]
Phase:train -- LR: 0.0225 -- MU:0.4472 -- Batch_idx:50/59-- 31076.94 samples/sec-- Loss:0.03 -- Error1:0.85
Train_Loss = 0.027980125552415847, Train_Err = 0.8483333740234374
Phase:val -- LR: 0.0222 -- MU:0.4426 -- Batch_idx:50/79-- 14352.05 samples/sec-- Loss:0.05 -- Error1:1.59
Val_Loss = 0.04096695759296417, Val_Err = 1.26
Epoch: [173 | 200]
Phase:train -- LR: 0.0156 -- MU:0.3106 -- Batch_idx:50/59-- 33746.60 samples/sec-- Loss:0.03 -- Error1:0.81
Train_Loss = 0.027221950217088065, Train_Err = 0.8316666625976562
Phase:val -- LR: 0.0181 -- MU:0.3600 -- Batch_idx:50/79-- 13934.06 samples/sec-- Loss:0.05 -- Error1:1.64
Val_Loss = 0.04158211443424225, Val_Err = 1.3
Epoch: [174 | 200]
Phase:train -- LR: 0.0261 -- MU:0.5196 -- Batch_idx:50/59-- 20526.57 samples/sec-- Loss:0.03 -- Error1:0.81
Train_Loss = 0.02656038099924723, Train_Err = 0.8033333658854167
Phase:val -- LR: 0.0188 -- MU:0.3740 -- Batch_idx:50/79-- 12130.95 samples/sec-- Loss:0.05 -- Error1:1.64
Val_Loss = 0.04083393533229828, Val_Err = 1.27
Epoch: [175 | 200]
Phase:train -- LR: 0.0261 -- MU:0.5199 -- Batch_idx:50/59-- 21287.44 samples/sec-- Loss:0.03 -- Error1:0.79
Train_Loss = 0.026122435349225998, Train_Err = 0.7750000162760416
Phase:val -- LR: 0.0157 -- MU:0.3118 -- Batch_idx:50/79-- 12227.18 samples/sec-- Loss:0.05 -- Error1:1.58
Val_Loss = 0.04155102255344391, Val_Err = 1.29
Epoch: [176 | 200]
Phase:train -- LR: 0.0271 -- MU:0.5403 -- Batch_idx:50/59-- 26920.17 samples/sec-- Loss:0.03 -- Error1:0.78
Train_Loss = 0.02535462461213271, Train_Err = 0.7683333740234375
Phase:val -- LR: 0.0241 -- MU:0.4794 -- Batch_idx:50/79-- 14028.45 samples/sec-- Loss:0.05 -- Error1:1.59
Val_Loss = 0.039925828862190246, Val_Err = 1.27
Epoch: [177 | 200]
Phase:train -- LR: 0.0268 -- MU:0.5331 -- Batch_idx:50/59-- 33787.56 samples/sec-- Loss:0.02 -- Error1:0.76
Train_Loss = 0.024672801754872003, Train_Err = 0.7399999877929687
Phase:val -- LR: 0.0278 -- MU:0.5526 -- Batch_idx:50/79-- 13042.41 samples/sec-- Loss:0.05 -- Error1:1.58
Val_Loss = 0.040612143754959106, Val_Err = 1.26
Epoch: [178 | 200]
Phase:train -- LR: 0.0177 -- MU:0.3522 -- Batch_idx:50/59-- 34009.52 samples/sec-- Loss:0.02 -- Error1:0.71
Train_Loss = 0.024285246090094248, Train_Err = 0.7266666829427083
Phase:val -- LR: 0.0229 -- MU:0.4550 -- Batch_idx:50/79-- 14046.82 samples/sec-- Loss:0.05 -- Error1:1.48
Val_Loss = 0.04064913489818573, Val_Err = 1.19
Epoch: [179 | 200]
Phase:train -- LR: 0.0347 -- MU:0.6896 -- Batch_idx:50/59-- 21477.47 samples/sec-- Loss:0.02 -- Error1:0.71
Train_Loss = 0.02388555389344692, Train_Err = 0.7100000162760417
Phase:val -- LR: 0.0287 -- MU:0.5702 -- Batch_idx:50/79-- 11605.35 samples/sec-- Loss:0.05 -- Error1:1.58
Val_Loss = 0.04152289621829987, Val_Err = 1.26
Epoch: [180 | 200]
Phase:train -- LR: 0.0223 -- MU:0.4441 -- Batch_idx:50/59-- 20172.03 samples/sec-- Loss:0.02 -- Error1:0.71
Train_Loss = 0.023174002536137897, Train_Err = 0.7033333740234375
Phase:val -- LR: 0.0156 -- MU:0.3113 -- Batch_idx:50/79-- 12491.58 samples/sec-- Loss:0.05 -- Error1:1.55
Val_Loss = 0.04055675337314606, Val_Err = 1.26
Epoch: [181 | 200]
Phase:train -- LR: 0.0257 -- MU:0.5106 -- Batch_idx:50/59-- 31124.78 samples/sec-- Loss:0.02 -- Error1:0.68
Train_Loss = 0.022825087170799573, Train_Err = 0.6783333658854167
Phase:val -- LR: 0.0289 -- MU:0.5760 -- Batch_idx:50/79-- 13301.55 samples/sec-- Loss:0.05 -- Error1:1.58
Val_Loss = 0.040415767288208004, Val_Err = 1.28
Epoch: [182 | 200]
Phase:train -- LR: 0.0148 -- MU:0.2951 -- Batch_idx:50/59-- 31239.80 samples/sec-- Loss:0.02 -- Error1:0.68
Train_Loss = 0.022074659874041874, Train_Err = 0.6633333048502604
Phase:val -- LR: 0.0255 -- MU:0.5077 -- Batch_idx:50/79-- 13943.82 samples/sec-- Loss:0.05 -- Error1:1.52
Val_Loss = 0.0400452584028244, Val_Err = 1.2
Epoch: [183 | 200]
Phase:train -- LR: 0.0262 -- MU:0.5219 -- Batch_idx:50/59-- 26131.55 samples/sec-- Loss:0.02 -- Error1:0.67
Train_Loss = 0.021500459731121857, Train_Err = 0.6650000162760417
Phase:val -- LR: 0.0179 -- MU:0.3568 -- Batch_idx:50/79-- 11356.15 samples/sec-- Loss:0.05 -- Error1:1.52
Val_Loss = 0.03903908903598785, Val_Err = 1.18
Epoch: [184 | 200]
Phase:train -- LR: 0.0205 -- MU:0.4071 -- Batch_idx:50/59-- 21047.25 samples/sec-- Loss:0.02 -- Error1:0.63
Train_Loss = 0.021149079463879266, Train_Err = 0.6299999715169271
Phase:val -- LR: 0.0242 -- MU:0.4809 -- Batch_idx:50/79-- 12154.45 samples/sec-- Loss:0.05 -- Error1:1.53
Val_Loss = 0.03907505507469177, Val_Err = 1.2
Epoch: [185 | 200]
Phase:train -- LR: 0.0172 -- MU:0.3432 -- Batch_idx:50/59-- 24284.88 samples/sec-- Loss:0.02 -- Error1:0.60
Train_Loss = 0.020910999553402265, Train_Err = 0.6083333658854166
Phase:val -- LR: 0.0309 -- MU:0.6145 -- Batch_idx:50/79-- 13905.77 samples/sec-- Loss:0.05 -- Error1:1.45
Val_Loss = 0.038868587350845335, Val_Err = 1.15
Epoch: [186 | 200]
Phase:train -- LR: 0.0162 -- MU:0.3234 -- Batch_idx:50/59-- 47652.64 samples/sec-- Loss:0.02 -- Error1:0.58
Train_Loss = 0.020303999865055083, Train_Err = 0.6000000244140625
Phase:val -- LR: 0.0323 -- MU:0.6437 -- Batch_idx:50/79-- 14141.57 samples/sec-- Loss:0.05 -- Error1:1.55
Val_Loss = 0.03989647176265716, Val_Err = 1.24
Epoch: [187 | 200]
Phase:train -- LR: 0.0205 -- MU:0.4085 -- Batch_idx:50/59-- 47580.87 samples/sec-- Loss:0.02 -- Error1:0.60
Train_Loss = 0.02006633845170339, Train_Err = 0.6133333740234375
Phase:val -- LR: 0.0276 -- MU:0.5490 -- Batch_idx:50/79-- 15844.31 samples/sec-- Loss:0.05 -- Error1:1.44
Val_Loss = 0.03890028419494629, Val_Err = 1.16
Epoch: [188 | 200]
Phase:train -- LR: 0.0262 -- MU:0.5222 -- Batch_idx:50/59-- 31679.44 samples/sec-- Loss:0.02 -- Error1:0.58
Train_Loss = 0.019310906221469245, Train_Err = 0.573333349609375
Phase:val -- LR: 0.0254 -- MU:0.5059 -- Batch_idx:50/79-- 12462.25 samples/sec-- Loss:0.05 -- Error1:1.55
Val_Loss = 0.038689055609703066, Val_Err = 1.22
Epoch: [189 | 200]
Phase:train -- LR: 0.0268 -- MU:0.5336 -- Batch_idx:50/59-- 33654.11 samples/sec-- Loss:0.02 -- Error1:0.61
Train_Loss = 0.01942312419017156, Train_Err = 0.5983333414713542
Phase:val -- LR: 0.0267 -- MU:0.5310 -- Batch_idx:50/79-- 12478.28 samples/sec-- Loss:0.05 -- Error1:1.59
Val_Loss = 0.03816847655773163, Val_Err = 1.22
Epoch: [190 | 200]
Phase:train -- LR: 0.0236 -- MU:0.4700 -- Batch_idx:50/59-- 41445.94 samples/sec-- Loss:0.02 -- Error1:0.57
Train_Loss = 0.018933534278472264, Train_Err = 0.5650000325520833
Phase:val -- LR: 0.0262 -- MU:0.5219 -- Batch_idx:50/79-- 14910.70 samples/sec-- Loss:0.05 -- Error1:1.61
Val_Loss = 0.040881241106987, Val_Err = 1.27
Epoch: [191 | 200]
Phase:train -- LR: 0.0200 -- MU:0.3977 -- Batch_idx:50/59-- 48246.33 samples/sec-- Loss:0.02 -- Error1:0.54
Train_Loss = 0.018501425525546074, Train_Err = 0.5600000244140625
Phase:val -- LR: 0.0180 -- MU:0.3575 -- Batch_idx:50/79-- 15558.24 samples/sec-- Loss:0.05 -- Error1:1.41
Val_Loss = 0.038124678874015806, Val_Err = 1.12
Epoch: [192 | 200]
Phase:train -- LR: 0.0245 -- MU:0.4881 -- Batch_idx:50/59-- 49028.19 samples/sec-- Loss:0.02 -- Error1:0.54
Train_Loss = 0.018061136799057326, Train_Err = 0.5533333414713542
Phase:val -- LR: 0.0218 -- MU:0.4344 -- Batch_idx:50/79-- 14918.49 samples/sec-- Loss:0.05 -- Error1:1.55
Val_Loss = 0.0392672028541565, Val_Err = 1.21
Epoch: [193 | 200]
Phase:train -- LR: 0.0220 -- MU:0.4378 -- Batch_idx:50/59-- 33877.85 samples/sec-- Loss:0.02 -- Error1:0.52
Train_Loss = 0.017790739785631497, Train_Err = 0.5233333414713541
Phase:val -- LR: 0.0340 -- MU:0.6766 -- Batch_idx:50/79-- 12677.24 samples/sec-- Loss:0.05 -- Error1:1.53
Val_Loss = 0.039807569813728336, Val_Err = 1.21
Epoch: [194 | 200]
Phase:train -- LR: 0.0263 -- MU:0.5231 -- Batch_idx:50/59-- 32515.40 samples/sec-- Loss:0.02 -- Error1:0.54
Train_Loss = 0.017503125928342342, Train_Err = 0.5283333577473959
Phase:val -- LR: 0.0268 -- MU:0.5341 -- Batch_idx:50/79-- 13150.28 samples/sec-- Loss:0.05 -- Error1:1.45
Val_Loss = 0.03824123146533966, Val_Err = 1.17
Epoch: [195 | 200]
Phase:train -- LR: 0.0201 -- MU:0.3995 -- Batch_idx:50/59-- 47610.13 samples/sec-- Loss:0.02 -- Error1:0.48
Train_Loss = 0.016958430159091948, Train_Err = 0.4816666910807292
Phase:val -- LR: 0.0257 -- MU:0.5116 -- Batch_idx:50/79-- 15188.51 samples/sec-- Loss:0.05 -- Error1:1.45
Val_Loss = 0.039062047266960144, Val_Err = 1.16
Epoch: [196 | 200]
Phase:train -- LR: 0.0247 -- MU:0.4913 -- Batch_idx:50/59-- 46800.58 samples/sec-- Loss:0.02 -- Error1:0.45
Train_Loss = 0.0163461909070611, Train_Err = 0.45666668294270835
Phase:val -- LR: 0.0200 -- MU:0.3970 -- Batch_idx:50/79-- 14827.58 samples/sec-- Loss:0.05 -- Error1:1.47
Val_Loss = 0.03809025218486786, Val_Err = 1.16
Epoch: [197 | 200]
Phase:train -- LR: 0.0231 -- MU:0.4596 -- Batch_idx:50/59-- 47591.15 samples/sec-- Loss:0.02 -- Error1:0.43
Train_Loss = 0.016307253974676132, Train_Err = 0.4583333048502604
Phase:val -- LR: 0.0177 -- MU:0.3518 -- Batch_idx:50/79-- 14165.50 samples/sec-- Loss:0.05 -- Error1:1.45
Val_Loss = 0.03890633556842804, Val_Err = 1.14
Epoch: [198 | 200]
Phase:train -- LR: 0.0224 -- MU:0.4465 -- Batch_idx:50/59-- 33425.97 samples/sec-- Loss:0.02 -- Error1:0.45
Train_Loss = 0.0159177318016688, Train_Err = 0.46166668294270835
Phase:val -- LR: 0.0184 -- MU:0.3668 -- Batch_idx:50/79-- 12816.04 samples/sec-- Loss:0.05 -- Error1:1.48
Val_Loss = 0.03849931623935699, Val_Err = 1.21
Epoch: [199 | 200]
Phase:train -- LR: 0.0163 -- MU:0.3237 -- Batch_idx:50/59-- 38029.41 samples/sec-- Loss:0.02 -- Error1:0.47
Train_Loss = 0.015937449873487154, Train_Err = 0.47500001627604166
Phase:val -- LR: 0.0269 -- MU:0.5352 -- Batch_idx:50/79-- 14940.29 samples/sec-- Loss:0.05 -- Error1:1.45
Val_Loss = 0.0392957085609436, Val_Err = 1.14
